[0.045s] Invoking command in '/home/wz/Desktop/ROS_ROBOT/build/moveit_ros_visualization': AMENT_PREFIX_PATH=/home/wz/Desktop/ROS_ROBOT/install/moveit_ros_planning_interface:/home/wz/Desktop/ROS_ROBOT/install/moveit_ros_move_group:/home/wz/Desktop/ROS_ROBOT/install/moveit_ros_warehouse:/home/wz/Desktop/ROS_ROBOT/install/moveit_ros_robot_interaction:/home/wz/Desktop/ROS_ROBOT/install/moveit_planners_ompl:/home/wz/Desktop/ROS_ROBOT/install/moveit_kinematics:/home/wz/Desktop/ROS_ROBOT/install/moveit_ros_planning:/home/wz/Desktop/ROS_ROBOT/install/moveit_simple_controller_manager:/home/wz/Desktop/ROS_ROBOT/install/moveit_ros_occupancy_map_monitor:/home/wz/Desktop/ROS_ROBOT/install/moveit_core:/home/wz/Desktop/ROS_ROBOT/install/moveit_configs_utils:/home/wz/Desktop/ROS_ROBOT/install/moveit_common:${AMENT_PREFIX_PATH} CMAKE_PREFIX_PATH=/home/wz/Desktop/ROS_ROBOT/install/moveit_ros_planning_interface:/home/wz/Desktop/ROS_ROBOT/install/moveit_ros_move_group:/home/wz/Desktop/ROS_ROBOT/install/moveit_ros_warehouse:/home/wz/Desktop/ROS_ROBOT/install/moveit_ros_robot_interaction:/home/wz/Desktop/ROS_ROBOT/install/moveit_planners_ompl:/home/wz/Desktop/ROS_ROBOT/install/moveit_kinematics:/home/wz/Desktop/ROS_ROBOT/install/moveit_ros_planning:/home/wz/Desktop/ROS_ROBOT/install/moveit_simple_controller_manager:/home/wz/Desktop/ROS_ROBOT/install/moveit_ros_occupancy_map_monitor:/home/wz/Desktop/ROS_ROBOT/install/moveit_core:/home/wz/Desktop/ROS_ROBOT/install/moveit_common:/opt/ros/humble LD_LIBRARY_PATH=/home/wz/Desktop/ROS_ROBOT/install/moveit_ros_planning_interface/lib:/home/wz/Desktop/ROS_ROBOT/install/moveit_ros_move_group/lib:/home/wz/Desktop/ROS_ROBOT/install/moveit_ros_warehouse/lib:/home/wz/Desktop/ROS_ROBOT/install/moveit_ros_robot_interaction/lib:/home/wz/Desktop/ROS_ROBOT/install/moveit_planners_ompl/lib:/home/wz/Desktop/ROS_ROBOT/install/moveit_kinematics/lib:/home/wz/Desktop/ROS_ROBOT/install/moveit_ros_planning/lib:/home/wz/Desktop/ROS_ROBOT/install/moveit_simple_controller_manager/lib:/home/wz/Desktop/ROS_ROBOT/install/moveit_ros_occupancy_map_monitor/lib:/home/wz/Desktop/ROS_ROBOT/install/moveit_core/lib:${LD_LIBRARY_PATH} PATH=/home/wz/Desktop/ROS_ROBOT/install/moveit_core/bin:${PATH} PYTHONPATH=/home/wz/Desktop/ROS_ROBOT/build/moveit_configs_utils:/home/wz/Desktop/ROS_ROBOT/install/moveit_configs_utils/lib/python3.10/site-packages:${PYTHONPATH} /usr/bin/cmake /home/wz/Desktop/ROS_ROBOT/src/moveit2/moveit_ros/visualization -DAMENT_CMAKE_SYMLINK_INSTALL=1 -DCMAKE_INSTALL_PREFIX=/home/wz/Desktop/ROS_ROBOT/install/moveit_ros_visualization
[0.127s] -- The C compiler identification is GNU 11.4.0
[0.204s] -- The CXX compiler identification is GNU 11.4.0
[0.218s] -- Detecting C compiler ABI info
[0.316s] -- Detecting C compiler ABI info - done
[0.328s] -- Check for working C compiler: /usr/bin/cc - skipped
[0.329s] -- Detecting C compile features
[0.330s] -- Detecting C compile features - done
[0.331s] -- Detecting CXX compiler ABI info
[0.439s] -- Detecting CXX compiler ABI info - done
[0.450s] -- Check for working CXX compiler: /usr/bin/c++ - skipped
[0.453s] -- Detecting CXX compile features
[0.453s] -- Detecting CXX compile features - done
[0.453s] -- Found moveit_common: 2.5.9 (/home/wz/Desktop/ROS_ROBOT/install/moveit_common/share/moveit_common/cmake)
[0.453s] -- Found ament_cmake: 1.3.11 (/opt/ros/humble/share/ament_cmake/cmake)
[0.643s] -- Found Python3: /usr/bin/python3 (found version "3.10.12") found components: Interpreter 
[0.729s] -- Override CMake install command with custom implementation using symlinks instead of copying resources
[0.895s] [0mmoveit_ros_visualization: You did not request a specific build type: Choosing 'Release' for maximum performance[0m
[0.896s] -- Found class_loader: 2.2.0 (/opt/ros/humble/share/class_loader/cmake)
[0.941s] -- Found geometric_shapes: 2.3.2 (/opt/ros/humble/share/geometric_shapes/cmake)
[0.962s] -- Found Boost: /usr/lib/x86_64-linux-gnu/cmake/Boost-1.74.0/BoostConfig.cmake (found version "1.74.0") found components: filesystem 
[1.053s] -- Found rosidl_generator_c: 3.1.6 (/opt/ros/humble/share/rosidl_generator_c/cmake)
[1.053s] -- Found rosidl_adapter: 3.1.6 (/opt/ros/humble/share/rosidl_adapter/cmake)
[1.062s] -- Found rosidl_generator_cpp: 3.1.6 (/opt/ros/humble/share/rosidl_generator_cpp/cmake)
[1.076s] -- Using all available rosidl_typesupport_c: rosidl_typesupport_fastrtps_c;rosidl_typesupport_introspection_c
[1.088s] -- Using all available rosidl_typesupport_cpp: rosidl_typesupport_fastrtps_cpp;rosidl_typesupport_introspection_cpp
[1.196s] -- Found rmw_implementation_cmake: 6.1.2 (/opt/ros/humble/share/rmw_implementation_cmake/cmake)
[1.199s] -- Found rmw_fastrtps_cpp: 6.2.7 (/opt/ros/humble/share/rmw_fastrtps_cpp/cmake)
[1.346s] -- Found OpenSSL: /usr/lib/x86_64-linux-gnu/libcrypto.so (found version "3.0.2")  
[1.387s] -- Found FastRTPS: /opt/ros/humble/include  
[1.463s] -- Using RMW implementation 'rmw_fastrtps_cpp' as default
[1.478s] -- Looking for pthread.h
[1.631s] -- Looking for pthread.h - found
[1.631s] -- Performing Test CMAKE_HAVE_LIBC_PTHREAD
[1.777s] -- Performing Test CMAKE_HAVE_LIBC_PTHREAD - Success
[1.781s] -- Found Threads: TRUE  
[1.957s] -- library: /usr/lib/x86_64-linux-gnu/libcurl.so
[2.025s] -- Found interactive_markers: 2.3.2 (/opt/ros/humble/share/interactive_markers/cmake)
[2.053s] -- Found moveit_ros_planning: 2.5.9 (/home/wz/Desktop/ROS_ROBOT/install/moveit_ros_planning/share/moveit_ros_planning/cmake)
[2.084s] -- Found Boost: /usr/lib/x86_64-linux-gnu/cmake/Boost-1.74.0/BoostConfig.cmake (found version "1.74.0") found components: system filesystem date_time program_options thread chrono 
[2.286s] -- Found Boost: /usr/lib/x86_64-linux-gnu/cmake/Boost-1.74.0/BoostConfig.cmake (found version "1.74.0") found components: chrono date_time filesystem iostreams program_options regex serialization system thread 
[2.352s] -- Found parameter_traits: 0.5.0 (/opt/ros/humble/share/parameter_traits/cmake)
[2.368s] -- Found rclcpp_lifecycle: 16.0.12 (/opt/ros/humble/share/rclcpp_lifecycle/cmake)
[2.403s] -- Found Eigen3: TRUE (found version "3.4.0") 
[2.403s] -- Ensuring Eigen3 include directory is part of orocos-kdl CMake target
[2.563s] -- Found moveit_ros_planning_interface: 2.5.9 (/home/wz/Desktop/ROS_ROBOT/install/moveit_ros_planning_interface/share/moveit_ros_planning_interface/cmake)
[2.570s] -- Found Boost: /usr/lib/x86_64-linux-gnu/cmake/Boost-1.74.0/BoostConfig.cmake (found version "1.74.0") found components: date_time filesystem program_options system thread 
[2.586s] -- Found Boost: /usr/lib/x86_64-linux-gnu/cmake/Boost-1.74.0/BoostConfig.cmake (found version "1.74.0") found components: thread system filesystem regex date_time program_options 
[2.611s] -- Found Boost: /usr/lib/x86_64-linux-gnu/cmake/Boost-1.74.0/BoostConfig.cmake (found version "1.74.0") found components: system filesystem date_time program_options thread 
[2.646s] -- Found moveit_ros_robot_interaction: 2.5.9 (/home/wz/Desktop/ROS_ROBOT/install/moveit_ros_robot_interaction/share/moveit_ros_robot_interaction/cmake)
[2.660s] -- Found rclpy: 3.3.16 (/opt/ros/humble/share/rclpy/cmake)
[2.665s] -- Found rviz2: 11.2.17 (/opt/ros/humble/share/rviz2/cmake)
[2.673s] -- Found rviz_common: 11.2.17 (/opt/ros/humble/share/rviz_common/cmake)
[2.763s] -- Setting assimp_DIR to: '/opt/ros/humble/share/rviz_assimp_vendor/cmake/../../../opt/rviz_assimp_vendor/lib/cmake/assimp-4.1'
[2.790s] -- Setting OGRE_DIR to: '/opt/ros/humble/share/rviz_ogre_vendor/cmake/../../../opt/rviz_ogre_vendor/lib/OGRE/cmake'
[2.798s] -- Found OGRE
[2.798s] --   static     : OFF
[2.799s] --   components : HLMS;MeshLodGenerator;Overlay;Paging;Property;RTShaderSystem;Terrain;Volume
[2.799s] --   plugins    : Plugin_BSPSceneManager;Plugin_OctreeSceneManager;Plugin_PCZSceneManager;Plugin_ParticleFX;RenderSystem_GL;RenderSystem_GL3Plus;Codec_STBI
[2.799s] --   media      : /opt/ros/humble/opt/rviz_ogre_vendor/share/OGRE/Media
[2.799s] -- OGRE_LIBRARIES: OgreHLMS;OgreMeshLodGenerator;OgreOverlay;OgrePaging;OgreProperty;OgreRTShaderSystem;OgreTerrain;OgreVolume;OgreMain
[2.799s] -- OGRE_LIBRARY_DIRS: /opt/ros/humble/opt/rviz_ogre_vendor/lib
[2.799s] -- OGRE_PLUGINS: Plugin_BSPSceneManager;Plugin_OctreeSceneManager;Plugin_PCZSceneManager;Plugin_ParticleFX;RenderSystem_GL;RenderSystem_GL3Plus;Codec_STBI
[2.799s] -- OGRE_PLUGIN_DIR: /opt/ros/humble/opt/rviz_ogre_vendor/lib/OGRE
[2.800s] -- rviz_ogre_vendor::OgreOverlay for IMPORTED_LOCATION_RELEASE: /opt/ros/humble/opt/rviz_ogre_vendor/lib/libOgreOverlay.so
[2.800s] -- rviz_ogre_vendor::OgreOverlay for IMPORTED_LOCATION_DEBUG: /opt/ros/humble/opt/rviz_ogre_vendor/lib/libOgreOverlay.so
[2.800s] -- rviz_ogre_vendor::OgreMain for IMPORTED_LOCATION_RELEASE: /opt/ros/humble/opt/rviz_ogre_vendor/lib/libOgreMain.so
[2.800s] -- rviz_ogre_vendor::OgreMain for IMPORTED_LOCATION_DEBUG: /opt/ros/humble/opt/rviz_ogre_vendor/lib/libOgreMain.so
[2.801s] -- Could not find freeimage library
[2.850s] -- Found ZLIB: /usr/lib/x86_64-linux-gnu/libz.so (found version "1.2.11") 
[2.857s] -- Found OpenGL: /usr/lib/x86_64-linux-gnu/libOpenGL.so   
[3.002s] -- Found X11: /usr/include   
[3.003s] -- Looking for XOpenDisplay in /usr/lib/x86_64-linux-gnu/libX11.so;/usr/lib/x86_64-linux-gnu/libXext.so
[3.277s] -- Looking for XOpenDisplay in /usr/lib/x86_64-linux-gnu/libX11.so;/usr/lib/x86_64-linux-gnu/libXext.so - found
[3.277s] -- Looking for gethostbyname
[3.449s] -- Looking for gethostbyname - found
[3.449s] -- Looking for connect
[3.622s] -- Looking for connect - found
[3.622s] -- Looking for remove
[3.835s] -- Looking for remove - found
[3.835s] -- Looking for shmat
[4.101s] -- Looking for shmat - found
[4.102s] -- Looking for IceConnectionNumber in ICE
[4.253s] -- Looking for IceConnectionNumber in ICE - found
[4.303s] -- Found rviz_default_plugins: 11.2.17 (/opt/ros/humble/share/rviz_default_plugins/cmake)
[4.434s] -- Found Boost: /usr/lib/x86_64-linux-gnu/cmake/Boost-1.74.0/BoostConfig.cmake (found version "1.74.0") found components: thread date_time system filesystem 
[4.472s] -- Performing Test COMPILER_HAS_HIDDEN_VISIBILITY
[4.614s] -- Performing Test COMPILER_HAS_HIDDEN_VISIBILITY - Success
[4.615s] -- Performing Test COMPILER_HAS_HIDDEN_INLINE_VISIBILITY
[4.808s] -- Performing Test COMPILER_HAS_HIDDEN_INLINE_VISIBILITY - Success
[4.809s] -- Performing Test COMPILER_HAS_DEPRECATED_ATTR
[5.001s] -- Performing Test COMPILER_HAS_DEPRECATED_ATTR - Success
[5.034s] -- Found ament_lint_auto: 0.12.12 (/opt/ros/humble/share/ament_lint_auto/cmake)
[5.105s] -- Added test 'cppcheck' to perform static code analysis on C / C++ code
[5.106s] -- Configured cppcheck include dirs: /home/wz/Desktop/ROS_ROBOT/src/moveit2/moveit_ros/visualization/rviz_plugin_render_tools/include;/home/wz/Desktop/ROS_ROBOT/src/moveit2/moveit_ros/visualization/robot_state_rviz_plugin/include;/home/wz/Desktop/ROS_ROBOT/src/moveit2/moveit_ros/visualization/planning_scene_rviz_plugin/include;/home/wz/Desktop/ROS_ROBOT/src/moveit2/moveit_ros/visualization/motion_planning_rviz_plugin/include;/home/wz/Desktop/ROS_ROBOT/src/moveit2/moveit_ros/visualization/trajectory_rviz_plugin/include
[5.106s] -- Configured cppcheck exclude dirs and/or files: 
[5.108s] -- Added test 'lint_cmake' to check CMake code style
[5.110s] -- Added test 'pep257' to check Python code against some of the docstring style conventions in PEP 257
[5.111s] -- Added test 'xmllint' to check XML markup files
[5.116s] -- Configuring done
[5.593s] -- Generating done
[5.658s] -- Build files have been written to: /home/wz/Desktop/ROS_ROBOT/build/moveit_ros_visualization
[5.710s] Invoked command in '/home/wz/Desktop/ROS_ROBOT/build/moveit_ros_visualization' returned '0': AMENT_PREFIX_PATH=/home/wz/Desktop/ROS_ROBOT/install/moveit_ros_planning_interface:/home/wz/Desktop/ROS_ROBOT/install/moveit_ros_move_group:/home/wz/Desktop/ROS_ROBOT/install/moveit_ros_warehouse:/home/wz/Desktop/ROS_ROBOT/install/moveit_ros_robot_interaction:/home/wz/Desktop/ROS_ROBOT/install/moveit_planners_ompl:/home/wz/Desktop/ROS_ROBOT/install/moveit_kinematics:/home/wz/Desktop/ROS_ROBOT/install/moveit_ros_planning:/home/wz/Desktop/ROS_ROBOT/install/moveit_simple_controller_manager:/home/wz/Desktop/ROS_ROBOT/install/moveit_ros_occupancy_map_monitor:/home/wz/Desktop/ROS_ROBOT/install/moveit_core:/home/wz/Desktop/ROS_ROBOT/install/moveit_configs_utils:/home/wz/Desktop/ROS_ROBOT/install/moveit_common:${AMENT_PREFIX_PATH} CMAKE_PREFIX_PATH=/home/wz/Desktop/ROS_ROBOT/install/moveit_ros_planning_interface:/home/wz/Desktop/ROS_ROBOT/install/moveit_ros_move_group:/home/wz/Desktop/ROS_ROBOT/install/moveit_ros_warehouse:/home/wz/Desktop/ROS_ROBOT/install/moveit_ros_robot_interaction:/home/wz/Desktop/ROS_ROBOT/install/moveit_planners_ompl:/home/wz/Desktop/ROS_ROBOT/install/moveit_kinematics:/home/wz/Desktop/ROS_ROBOT/install/moveit_ros_planning:/home/wz/Desktop/ROS_ROBOT/install/moveit_simple_controller_manager:/home/wz/Desktop/ROS_ROBOT/install/moveit_ros_occupancy_map_monitor:/home/wz/Desktop/ROS_ROBOT/install/moveit_core:/home/wz/Desktop/ROS_ROBOT/install/moveit_common:/opt/ros/humble LD_LIBRARY_PATH=/home/wz/Desktop/ROS_ROBOT/install/moveit_ros_planning_interface/lib:/home/wz/Desktop/ROS_ROBOT/install/moveit_ros_move_group/lib:/home/wz/Desktop/ROS_ROBOT/install/moveit_ros_warehouse/lib:/home/wz/Desktop/ROS_ROBOT/install/moveit_ros_robot_interaction/lib:/home/wz/Desktop/ROS_ROBOT/install/moveit_planners_ompl/lib:/home/wz/Desktop/ROS_ROBOT/install/moveit_kinematics/lib:/home/wz/Desktop/ROS_ROBOT/install/moveit_ros_planning/lib:/home/wz/Desktop/ROS_ROBOT/install/moveit_simple_controller_manager/lib:/home/wz/Desktop/ROS_ROBOT/install/moveit_ros_occupancy_map_monitor/lib:/home/wz/Desktop/ROS_ROBOT/install/moveit_core/lib:${LD_LIBRARY_PATH} PATH=/home/wz/Desktop/ROS_ROBOT/install/moveit_core/bin:${PATH} PYTHONPATH=/home/wz/Desktop/ROS_ROBOT/build/moveit_configs_utils:/home/wz/Desktop/ROS_ROBOT/install/moveit_configs_utils/lib/python3.10/site-packages:${PYTHONPATH} /usr/bin/cmake /home/wz/Desktop/ROS_ROBOT/src/moveit2/moveit_ros/visualization -DAMENT_CMAKE_SYMLINK_INSTALL=1 -DCMAKE_INSTALL_PREFIX=/home/wz/Desktop/ROS_ROBOT/install/moveit_ros_visualization
[5.711s] Invoking command in '/home/wz/Desktop/ROS_ROBOT/build/moveit_ros_visualization': AMENT_PREFIX_PATH=/home/wz/Desktop/ROS_ROBOT/install/moveit_ros_planning_interface:/home/wz/Desktop/ROS_ROBOT/install/moveit_ros_move_group:/home/wz/Desktop/ROS_ROBOT/install/moveit_ros_warehouse:/home/wz/Desktop/ROS_ROBOT/install/moveit_ros_robot_interaction:/home/wz/Desktop/ROS_ROBOT/install/moveit_planners_ompl:/home/wz/Desktop/ROS_ROBOT/install/moveit_kinematics:/home/wz/Desktop/ROS_ROBOT/install/moveit_ros_planning:/home/wz/Desktop/ROS_ROBOT/install/moveit_simple_controller_manager:/home/wz/Desktop/ROS_ROBOT/install/moveit_ros_occupancy_map_monitor:/home/wz/Desktop/ROS_ROBOT/install/moveit_core:/home/wz/Desktop/ROS_ROBOT/install/moveit_configs_utils:/home/wz/Desktop/ROS_ROBOT/install/moveit_common:${AMENT_PREFIX_PATH} CMAKE_PREFIX_PATH=/home/wz/Desktop/ROS_ROBOT/install/moveit_ros_planning_interface:/home/wz/Desktop/ROS_ROBOT/install/moveit_ros_move_group:/home/wz/Desktop/ROS_ROBOT/install/moveit_ros_warehouse:/home/wz/Desktop/ROS_ROBOT/install/moveit_ros_robot_interaction:/home/wz/Desktop/ROS_ROBOT/install/moveit_planners_ompl:/home/wz/Desktop/ROS_ROBOT/install/moveit_kinematics:/home/wz/Desktop/ROS_ROBOT/install/moveit_ros_planning:/home/wz/Desktop/ROS_ROBOT/install/moveit_simple_controller_manager:/home/wz/Desktop/ROS_ROBOT/install/moveit_ros_occupancy_map_monitor:/home/wz/Desktop/ROS_ROBOT/install/moveit_core:/home/wz/Desktop/ROS_ROBOT/install/moveit_common:/opt/ros/humble LD_LIBRARY_PATH=/home/wz/Desktop/ROS_ROBOT/install/moveit_ros_planning_interface/lib:/home/wz/Desktop/ROS_ROBOT/install/moveit_ros_move_group/lib:/home/wz/Desktop/ROS_ROBOT/install/moveit_ros_warehouse/lib:/home/wz/Desktop/ROS_ROBOT/install/moveit_ros_robot_interaction/lib:/home/wz/Desktop/ROS_ROBOT/install/moveit_planners_ompl/lib:/home/wz/Desktop/ROS_ROBOT/install/moveit_kinematics/lib:/home/wz/Desktop/ROS_ROBOT/install/moveit_ros_planning/lib:/home/wz/Desktop/ROS_ROBOT/install/moveit_simple_controller_manager/lib:/home/wz/Desktop/ROS_ROBOT/install/moveit_ros_occupancy_map_monitor/lib:/home/wz/Desktop/ROS_ROBOT/install/moveit_core/lib:${LD_LIBRARY_PATH} PATH=/home/wz/Desktop/ROS_ROBOT/install/moveit_core/bin:${PATH} PYTHONPATH=/home/wz/Desktop/ROS_ROBOT/build/moveit_configs_utils:/home/wz/Desktop/ROS_ROBOT/install/moveit_configs_utils/lib/python3.10/site-packages:${PYTHONPATH} /usr/bin/cmake --build /home/wz/Desktop/ROS_ROBOT/build/moveit_ros_visualization -- -j4 -l4
[5.813s] [  1%] [34m[1mAutomatic MOC for target moveit_rviz_plugin_render_tools[0m
[6.316s] [  1%] Built target moveit_rviz_plugin_render_tools_autogen
[6.343s] [  3%] [32mBuilding CXX object rviz_plugin_render_tools/CMakeFiles/moveit_rviz_plugin_render_tools.dir/moveit_rviz_plugin_render_tools_autogen/mocs_compilation.cpp.o[0m
[21.051s] [  5%] [32mBuilding CXX object rviz_plugin_render_tools/CMakeFiles/moveit_rviz_plugin_render_tools.dir/src/planning_scene_render.cpp.o[0m
[35.474s] [  6%] [32mBuilding CXX object rviz_plugin_render_tools/CMakeFiles/moveit_rviz_plugin_render_tools.dir/src/planning_link_updater.cpp.o[0m
[43.727s] [  8%] [32mBuilding CXX object rviz_plugin_render_tools/CMakeFiles/moveit_rviz_plugin_render_tools.dir/src/octomap_render.cpp.o[0m
[48.350s] [ 10%] [32mBuilding CXX object rviz_plugin_render_tools/CMakeFiles/moveit_rviz_plugin_render_tools.dir/src/trajectory_visualization.cpp.o[0m
[76.820s] [ 12%] [32mBuilding CXX object rviz_plugin_render_tools/CMakeFiles/moveit_rviz_plugin_render_tools.dir/src/trajectory_panel.cpp.o[0m
[81.432s] [ 13%] [32mBuilding CXX object rviz_plugin_render_tools/CMakeFiles/moveit_rviz_plugin_render_tools.dir/src/mesh_shape.cpp.o[0m
[84.257s] [ 15%] [32mBuilding CXX object rviz_plugin_render_tools/CMakeFiles/moveit_rviz_plugin_render_tools.dir/src/robot_state_visualization.cpp.o[0m
[98.099s] [ 17%] [32mBuilding CXX object rviz_plugin_render_tools/CMakeFiles/moveit_rviz_plugin_render_tools.dir/src/render_shapes.cpp.o[0m
[109.415s] [ 18%] [32m[1mLinking CXX shared library libmoveit_rviz_plugin_render_tools.so[0m
[113.094s] [ 18%] Built target moveit_rviz_plugin_render_tools
[113.128s] [ 20%] [34m[1mAutomatic MOC for target moveit_robot_state_rviz_plugin_core[0m
[113.410s] [ 20%] Built target moveit_robot_state_rviz_plugin_core_autogen
[113.465s] [ 22%] [34m[1mAutomatic MOC for target moveit_planning_scene_rviz_plugin_core[0m
[113.898s] [ 22%] Built target moveit_planning_scene_rviz_plugin_core_autogen
[113.925s] [ 24%] [32mBuilding CXX object robot_state_rviz_plugin/CMakeFiles/moveit_robot_state_rviz_plugin_core.dir/moveit_robot_state_rviz_plugin_core_autogen/mocs_compilation.cpp.o[0m
[127.799s] [ 25%] [32mBuilding CXX object robot_state_rviz_plugin/CMakeFiles/moveit_robot_state_rviz_plugin_core.dir/src/robot_state_display.cpp.o[0m
[154.371s] [ 27%] [32m[1mLinking CXX shared library libmoveit_robot_state_rviz_plugin_core.so[0m
[157.437s] [ 27%] Built target moveit_robot_state_rviz_plugin_core
[157.466s] [ 29%] [32mBuilding CXX object planning_scene_rviz_plugin/CMakeFiles/moveit_planning_scene_rviz_plugin_core.dir/moveit_planning_scene_rviz_plugin_core_autogen/mocs_compilation.cpp.o[0m
[175.125s] [ 31%] [32mBuilding CXX object planning_scene_rviz_plugin/CMakeFiles/moveit_planning_scene_rviz_plugin_core.dir/src/background_processing.cpp.o[0m
[176.650s] [ 32%] [32mBuilding CXX object planning_scene_rviz_plugin/CMakeFiles/moveit_planning_scene_rviz_plugin_core.dir/src/planning_scene_display.cpp.o[0m
[197.712s] [ 34%] [32m[1mLinking CXX shared library libmoveit_planning_scene_rviz_plugin_core.so[0m
[200.674s] [ 34%] Built target moveit_planning_scene_rviz_plugin_core
[200.719s] [ 36%] [34m[1mAutomatic MOC for target moveit_robot_state_rviz_plugin[0m
[200.754s] [ 36%] Built target moveit_robot_state_rviz_plugin_autogen
[200.784s] [ 37%] [34m[1mAutomatic MOC for target moveit_trajectory_rviz_plugin_core[0m
[201.241s] [ 37%] Built target moveit_trajectory_rviz_plugin_core_autogen
[201.265s] [ 39%] [32mBuilding CXX object robot_state_rviz_plugin/CMakeFiles/moveit_robot_state_rviz_plugin.dir/moveit_robot_state_rviz_plugin_autogen/mocs_compilation.cpp.o[0m
[201.293s] [ 41%] [32mBuilding CXX object robot_state_rviz_plugin/CMakeFiles/moveit_robot_state_rviz_plugin.dir/src/plugin_init.cpp.o[0m
[212.295s] [ 43%] [32m[1mLinking CXX shared library libmoveit_robot_state_rviz_plugin.so[0m
[213.083s] [ 43%] Built target moveit_robot_state_rviz_plugin
[213.113s] [ 44%] [32mBuilding CXX object trajectory_rviz_plugin/CMakeFiles/moveit_trajectory_rviz_plugin_core.dir/moveit_trajectory_rviz_plugin_core_autogen/mocs_compilation.cpp.o[0m
[225.041s] [ 46%] [32mBuilding CXX object trajectory_rviz_plugin/CMakeFiles/moveit_trajectory_rviz_plugin_core.dir/src/trajectory_display.cpp.o[0m
[237.899s] [ 48%] [32m[1mLinking CXX shared library libmoveit_trajectory_rviz_plugin_core.so[0m
[238.974s] [ 48%] Built target moveit_trajectory_rviz_plugin_core
[239.009s] [ 50%] [34m[1mAutomatic MOC for target moveit_planning_scene_rviz_plugin[0m
[239.038s] [ 50%] Built target moveit_planning_scene_rviz_plugin_autogen
[239.076s] [ 51%] [34m[1mAutomatic MOC for target moveit_trajectory_rviz_plugin[0m
[239.115s] [ 51%] Built target moveit_trajectory_rviz_plugin_autogen
[239.141s] [ 53%] [32mBuilding CXX object planning_scene_rviz_plugin/CMakeFiles/moveit_planning_scene_rviz_plugin.dir/moveit_planning_scene_rviz_plugin_autogen/mocs_compilation.cpp.o[0m
[239.171s] [ 55%] [32mBuilding CXX object planning_scene_rviz_plugin/CMakeFiles/moveit_planning_scene_rviz_plugin.dir/src/plugin_init.cpp.o[0m
[253.933s] [ 56%] [32m[1mLinking CXX shared library libmoveit_planning_scene_rviz_plugin.so[0m
[254.838s] [ 56%] Built target moveit_planning_scene_rviz_plugin
[254.879s] [ 58%] [32mBuilding CXX object trajectory_rviz_plugin/CMakeFiles/moveit_trajectory_rviz_plugin.dir/moveit_trajectory_rviz_plugin_autogen/mocs_compilation.cpp.o[0m
[254.917s] [ 60%] [32mBuilding CXX object trajectory_rviz_plugin/CMakeFiles/moveit_trajectory_rviz_plugin.dir/src/plugin_init.cpp.o[0m
[267.165s] [ 62%] [32m[1mLinking CXX shared library libmoveit_trajectory_rviz_plugin.so[0m
[268.023s] [ 62%] Built target moveit_trajectory_rviz_plugin
[268.064s] [ 63%] [34m[1mAutomatic MOC for target moveit_motion_planning_rviz_plugin_core[0m
[269.034s] [ 63%] Built target moveit_motion_planning_rviz_plugin_core_autogen
[269.056s] [ 65%] [34m[1mGenerating ui_motion_planning_rviz_plugin_frame_joints.h[0m
[269.114s] [ 67%] [34m[1mGenerating ui_motion_planning_rviz_plugin_frame.h[0m
[269.135s] [ 68%] [34m[1mAutomatic RCC for src/icons/icons.qrc[0m
[269.197s] [ 70%] [32mBuilding CXX object motion_planning_rviz_plugin/CMakeFiles/moveit_motion_planning_rviz_plugin_core.dir/moveit_motion_planning_rviz_plugin_core_autogen/mocs_compilation.cpp.o[0m
[287.371s] [ 72%] [32mBuilding CXX object motion_planning_rviz_plugin/CMakeFiles/moveit_motion_planning_rviz_plugin_core.dir/src/motion_planning_frame_planning.cpp.o[0m
[310.003s] [ 74%] [32mBuilding CXX object motion_planning_rviz_plugin/CMakeFiles/moveit_motion_planning_rviz_plugin_core.dir/src/motion_planning_frame_objects.cpp.o[0m
[334.976s] [ 75%] [32mBuilding CXX object motion_planning_rviz_plugin/CMakeFiles/moveit_motion_planning_rviz_plugin_core.dir/src/motion_planning_frame_scenes.cpp.o[0m
[355.046s] [ 77%] [32mBuilding CXX object motion_planning_rviz_plugin/CMakeFiles/moveit_motion_planning_rviz_plugin_core.dir/src/motion_planning_frame_states.cpp.o[0m
[374.819s] [ 79%] [32mBuilding CXX object motion_planning_rviz_plugin/CMakeFiles/moveit_motion_planning_rviz_plugin_core.dir/src/motion_planning_frame_joints_widget.cpp.o[0m
[397.196s] [ 81%] [32mBuilding CXX object motion_planning_rviz_plugin/CMakeFiles/moveit_motion_planning_rviz_plugin_core.dir/src/motion_planning_display.cpp.o[0m
[420.913s] [ 82%] [32mBuilding CXX object motion_planning_rviz_plugin/CMakeFiles/moveit_motion_planning_rviz_plugin_core.dir/src/motion_planning_frame_manipulation.cpp.o[0m
[438.263s] [ 84%] [32mBuilding CXX object motion_planning_rviz_plugin/CMakeFiles/moveit_motion_planning_rviz_plugin_core.dir/src/motion_planning_param_widget.cpp.o[0m
[446.803s] [ 86%] [32mBuilding CXX object motion_planning_rviz_plugin/CMakeFiles/moveit_motion_planning_rviz_plugin_core.dir/src/interactive_marker_display.cpp.o[0m
[453.600s] [ 87%] [32mBuilding CXX object motion_planning_rviz_plugin/CMakeFiles/moveit_motion_planning_rviz_plugin_core.dir/moveit_motion_planning_rviz_plugin_core_autogen/2OST2OT5Q2/qrc_icons.cpp.o[0m
[453.634s] [ 89%] [32mBuilding CXX object motion_planning_rviz_plugin/CMakeFiles/moveit_motion_planning_rviz_plugin_core.dir/src/motion_planning_frame_context.cpp.o[0m
[468.350s] [ 91%] [32mBuilding CXX object motion_planning_rviz_plugin/CMakeFiles/moveit_motion_planning_rviz_plugin_core.dir/src/motion_planning_frame.cpp.o[0m
[500.376s] [ 93%] [32m[1mLinking CXX shared library libmoveit_motion_planning_rviz_plugin_core.so[0m
[503.827s] [ 93%] Built target moveit_motion_planning_rviz_plugin_core
[503.844s] [ 94%] [34m[1mAutomatic MOC for target moveit_motion_planning_rviz_plugin[0m
[503.868s] [ 94%] Built target moveit_motion_planning_rviz_plugin_autogen
[503.890s] [ 96%] [32mBuilding CXX object motion_planning_rviz_plugin/CMakeFiles/moveit_motion_planning_rviz_plugin.dir/moveit_motion_planning_rviz_plugin_autogen/mocs_compilation.cpp.o[0m
[503.911s] [ 98%] [32mBuilding CXX object motion_planning_rviz_plugin/CMakeFiles/moveit_motion_planning_rviz_plugin.dir/src/plugin_init.cpp.o[0m
[516.392s] [100%] [32m[1mLinking CXX shared library libmoveit_motion_planning_rviz_plugin.so[0m
[517.040s] [100%] Built target moveit_motion_planning_rviz_plugin
[517.053s] Invoked command in '/home/wz/Desktop/ROS_ROBOT/build/moveit_ros_visualization' returned '0': AMENT_PREFIX_PATH=/home/wz/Desktop/ROS_ROBOT/install/moveit_ros_planning_interface:/home/wz/Desktop/ROS_ROBOT/install/moveit_ros_move_group:/home/wz/Desktop/ROS_ROBOT/install/moveit_ros_warehouse:/home/wz/Desktop/ROS_ROBOT/install/moveit_ros_robot_interaction:/home/wz/Desktop/ROS_ROBOT/install/moveit_planners_ompl:/home/wz/Desktop/ROS_ROBOT/install/moveit_kinematics:/home/wz/Desktop/ROS_ROBOT/install/moveit_ros_planning:/home/wz/Desktop/ROS_ROBOT/install/moveit_simple_controller_manager:/home/wz/Desktop/ROS_ROBOT/install/moveit_ros_occupancy_map_monitor:/home/wz/Desktop/ROS_ROBOT/install/moveit_core:/home/wz/Desktop/ROS_ROBOT/install/moveit_configs_utils:/home/wz/Desktop/ROS_ROBOT/install/moveit_common:${AMENT_PREFIX_PATH} CMAKE_PREFIX_PATH=/home/wz/Desktop/ROS_ROBOT/install/moveit_ros_planning_interface:/home/wz/Desktop/ROS_ROBOT/install/moveit_ros_move_group:/home/wz/Desktop/ROS_ROBOT/install/moveit_ros_warehouse:/home/wz/Desktop/ROS_ROBOT/install/moveit_ros_robot_interaction:/home/wz/Desktop/ROS_ROBOT/install/moveit_planners_ompl:/home/wz/Desktop/ROS_ROBOT/install/moveit_kinematics:/home/wz/Desktop/ROS_ROBOT/install/moveit_ros_planning:/home/wz/Desktop/ROS_ROBOT/install/moveit_simple_controller_manager:/home/wz/Desktop/ROS_ROBOT/install/moveit_ros_occupancy_map_monitor:/home/wz/Desktop/ROS_ROBOT/install/moveit_core:/home/wz/Desktop/ROS_ROBOT/install/moveit_common:/opt/ros/humble LD_LIBRARY_PATH=/home/wz/Desktop/ROS_ROBOT/install/moveit_ros_planning_interface/lib:/home/wz/Desktop/ROS_ROBOT/install/moveit_ros_move_group/lib:/home/wz/Desktop/ROS_ROBOT/install/moveit_ros_warehouse/lib:/home/wz/Desktop/ROS_ROBOT/install/moveit_ros_robot_interaction/lib:/home/wz/Desktop/ROS_ROBOT/install/moveit_planners_ompl/lib:/home/wz/Desktop/ROS_ROBOT/install/moveit_kinematics/lib:/home/wz/Desktop/ROS_ROBOT/install/moveit_ros_planning/lib:/home/wz/Desktop/ROS_ROBOT/install/moveit_simple_controller_manager/lib:/home/wz/Desktop/ROS_ROBOT/install/moveit_ros_occupancy_map_monitor/lib:/home/wz/Desktop/ROS_ROBOT/install/moveit_core/lib:${LD_LIBRARY_PATH} PATH=/home/wz/Desktop/ROS_ROBOT/install/moveit_core/bin:${PATH} PYTHONPATH=/home/wz/Desktop/ROS_ROBOT/build/moveit_configs_utils:/home/wz/Desktop/ROS_ROBOT/install/moveit_configs_utils/lib/python3.10/site-packages:${PYTHONPATH} /usr/bin/cmake --build /home/wz/Desktop/ROS_ROBOT/build/moveit_ros_visualization -- -j4 -l4
[517.055s] Invoking command in '/home/wz/Desktop/ROS_ROBOT/build/moveit_ros_visualization': AMENT_PREFIX_PATH=/home/wz/Desktop/ROS_ROBOT/install/moveit_ros_planning_interface:/home/wz/Desktop/ROS_ROBOT/install/moveit_ros_move_group:/home/wz/Desktop/ROS_ROBOT/install/moveit_ros_warehouse:/home/wz/Desktop/ROS_ROBOT/install/moveit_ros_robot_interaction:/home/wz/Desktop/ROS_ROBOT/install/moveit_planners_ompl:/home/wz/Desktop/ROS_ROBOT/install/moveit_kinematics:/home/wz/Desktop/ROS_ROBOT/install/moveit_ros_planning:/home/wz/Desktop/ROS_ROBOT/install/moveit_simple_controller_manager:/home/wz/Desktop/ROS_ROBOT/install/moveit_ros_occupancy_map_monitor:/home/wz/Desktop/ROS_ROBOT/install/moveit_core:/home/wz/Desktop/ROS_ROBOT/install/moveit_configs_utils:/home/wz/Desktop/ROS_ROBOT/install/moveit_common:${AMENT_PREFIX_PATH} CMAKE_PREFIX_PATH=/home/wz/Desktop/ROS_ROBOT/install/moveit_ros_planning_interface:/home/wz/Desktop/ROS_ROBOT/install/moveit_ros_move_group:/home/wz/Desktop/ROS_ROBOT/install/moveit_ros_warehouse:/home/wz/Desktop/ROS_ROBOT/install/moveit_ros_robot_interaction:/home/wz/Desktop/ROS_ROBOT/install/moveit_planners_ompl:/home/wz/Desktop/ROS_ROBOT/install/moveit_kinematics:/home/wz/Desktop/ROS_ROBOT/install/moveit_ros_planning:/home/wz/Desktop/ROS_ROBOT/install/moveit_simple_controller_manager:/home/wz/Desktop/ROS_ROBOT/install/moveit_ros_occupancy_map_monitor:/home/wz/Desktop/ROS_ROBOT/install/moveit_core:/home/wz/Desktop/ROS_ROBOT/install/moveit_common:/opt/ros/humble LD_LIBRARY_PATH=/home/wz/Desktop/ROS_ROBOT/install/moveit_ros_planning_interface/lib:/home/wz/Desktop/ROS_ROBOT/install/moveit_ros_move_group/lib:/home/wz/Desktop/ROS_ROBOT/install/moveit_ros_warehouse/lib:/home/wz/Desktop/ROS_ROBOT/install/moveit_ros_robot_interaction/lib:/home/wz/Desktop/ROS_ROBOT/install/moveit_planners_ompl/lib:/home/wz/Desktop/ROS_ROBOT/install/moveit_kinematics/lib:/home/wz/Desktop/ROS_ROBOT/install/moveit_ros_planning/lib:/home/wz/Desktop/ROS_ROBOT/install/moveit_simple_controller_manager/lib:/home/wz/Desktop/ROS_ROBOT/install/moveit_ros_occupancy_map_monitor/lib:/home/wz/Desktop/ROS_ROBOT/install/moveit_core/lib:${LD_LIBRARY_PATH} PATH=/home/wz/Desktop/ROS_ROBOT/install/moveit_core/bin:${PATH} PYTHONPATH=/home/wz/Desktop/ROS_ROBOT/build/moveit_configs_utils:/home/wz/Desktop/ROS_ROBOT/install/moveit_configs_utils/lib/python3.10/site-packages:${PYTHONPATH} /usr/bin/cmake --install /home/wz/Desktop/ROS_ROBOT/build/moveit_ros_visualization
[517.061s] -- Install configuration: "Release"
[517.062s] -- Execute custom install script
[517.062s] -- Symlinking: /home/wz/Desktop/ROS_ROBOT/install/moveit_ros_visualization/include/moveit/rviz_plugin_render_tools/octomap_render.h
[517.069s] -- Symlinking: /home/wz/Desktop/ROS_ROBOT/install/moveit_ros_visualization/include/moveit/rviz_plugin_render_tools/planning_link_updater.h
[517.075s] -- Symlinking: /home/wz/Desktop/ROS_ROBOT/install/moveit_ros_visualization/include/moveit/rviz_plugin_render_tools/planning_scene_render.h
[517.083s] -- Symlinking: /home/wz/Desktop/ROS_ROBOT/install/moveit_ros_visualization/include/moveit/rviz_plugin_render_tools/render_shapes.h
[517.088s] -- Symlinking: /home/wz/Desktop/ROS_ROBOT/install/moveit_ros_visualization/include/moveit/rviz_plugin_render_tools/robot_state_visualization.h
[517.094s] -- Symlinking: /home/wz/Desktop/ROS_ROBOT/install/moveit_ros_visualization/include/moveit/rviz_plugin_render_tools/trajectory_panel.h
[517.103s] -- Symlinking: /home/wz/Desktop/ROS_ROBOT/install/moveit_ros_visualization/include/moveit/rviz_plugin_render_tools/trajectory_visualization.h
[517.111s] -- Symlinking: /home/wz/Desktop/ROS_ROBOT/install/moveit_ros_visualization/include/ogre_helpers/mesh_shape.hpp
[517.120s] -- Symlinking: /home/wz/Desktop/ROS_ROBOT/install/moveit_ros_visualization/include/moveit/robot_state_rviz_plugin/robot_state_display.h
[517.127s] -- Symlinking: /home/wz/Desktop/ROS_ROBOT/install/moveit_ros_visualization/include/moveit/planning_scene_rviz_plugin/background_processing.hpp
[517.134s] -- Symlinking: /home/wz/Desktop/ROS_ROBOT/install/moveit_ros_visualization/include/moveit/planning_scene_rviz_plugin/planning_scene_display.h
[517.141s] -- Symlinking: /home/wz/Desktop/ROS_ROBOT/install/moveit_ros_visualization/include/moveit_planning_scene_rviz_plugin_core_export.h
[517.148s] -- Symlinking: /home/wz/Desktop/ROS_ROBOT/install/moveit_ros_visualization/include/moveit/motion_planning_rviz_plugin/interactive_marker_display.h
[517.154s] -- Symlinking: /home/wz/Desktop/ROS_ROBOT/install/moveit_ros_visualization/include/moveit/motion_planning_rviz_plugin/motion_planning_display.h
[517.161s] -- Symlinking: /home/wz/Desktop/ROS_ROBOT/install/moveit_ros_visualization/include/moveit/motion_planning_rviz_plugin/motion_planning_frame.h
[517.167s] -- Symlinking: /home/wz/Desktop/ROS_ROBOT/install/moveit_ros_visualization/include/moveit/motion_planning_rviz_plugin/motion_planning_frame_joints_widget.h
[517.174s] -- Symlinking: /home/wz/Desktop/ROS_ROBOT/install/moveit_ros_visualization/include/moveit/motion_planning_rviz_plugin/motion_planning_param_widget.h
[517.180s] -- Symlinking: /home/wz/Desktop/ROS_ROBOT/install/moveit_ros_visualization/include/moveit/trajectory_rviz_plugin/trajectory_display.h
[517.188s] -- Symlinking: /home/wz/Desktop/ROS_ROBOT/install/moveit_ros_visualization/share/moveit_ros_visualization/icons/classes/MotionPlanning.png
[517.198s] -- Symlinking: /home/wz/Desktop/ROS_ROBOT/install/moveit_ros_visualization/share/moveit_ros_visualization/icons/classes/PlanningScene.png
[517.204s] -- Symlinking: /home/wz/Desktop/ROS_ROBOT/install/moveit_ros_visualization/share/moveit_ros_visualization/icons/classes/RobotState.png
[517.211s] -- Symlinking: /home/wz/Desktop/ROS_ROBOT/install/moveit_ros_visualization/share/moveit_ros_visualization/icons/classes/Trajectory.png
[517.220s] -- Symlinking: /home/wz/Desktop/ROS_ROBOT/install/moveit_ros_visualization/share/moveit_ros_visualization//motion_planning_rviz_plugin_description.xml
[517.228s] -- Symlinking: /home/wz/Desktop/ROS_ROBOT/install/moveit_ros_visualization/share/moveit_ros_visualization//trajectory_rviz_plugin_description.xml
[517.236s] -- Symlinking: /home/wz/Desktop/ROS_ROBOT/install/moveit_ros_visualization/share/moveit_ros_visualization//planning_scene_rviz_plugin_description.xml
[517.242s] -- Symlinking: /home/wz/Desktop/ROS_ROBOT/install/moveit_ros_visualization/share/moveit_ros_visualization//robot_state_rviz_plugin_description.xml
[517.249s] -- Symlinking: /home/wz/Desktop/ROS_ROBOT/install/moveit_ros_visualization/share/moveit_ros_visualization/environment/library_path.sh
[517.256s] -- Symlinking: /home/wz/Desktop/ROS_ROBOT/install/moveit_ros_visualization/share/moveit_ros_visualization/environment/library_path.dsv
[517.263s] -- Symlinking: /home/wz/Desktop/ROS_ROBOT/install/moveit_ros_visualization/share/ament_index/resource_index/package_run_dependencies/moveit_ros_visualization
[517.269s] -- Symlinking: /home/wz/Desktop/ROS_ROBOT/install/moveit_ros_visualization/share/ament_index/resource_index/parent_prefix_path/moveit_ros_visualization
[517.276s] -- Symlinking: /home/wz/Desktop/ROS_ROBOT/install/moveit_ros_visualization/share/moveit_ros_visualization/environment/ament_prefix_path.sh
[517.283s] -- Symlinking: /home/wz/Desktop/ROS_ROBOT/install/moveit_ros_visualization/share/moveit_ros_visualization/environment/ament_prefix_path.dsv
[517.291s] -- Symlinking: /home/wz/Desktop/ROS_ROBOT/install/moveit_ros_visualization/share/moveit_ros_visualization/environment/path.sh
[517.299s] -- Symlinking: /home/wz/Desktop/ROS_ROBOT/install/moveit_ros_visualization/share/moveit_ros_visualization/environment/path.dsv
[517.308s] -- Symlinking: /home/wz/Desktop/ROS_ROBOT/install/moveit_ros_visualization/share/moveit_ros_visualization/local_setup.bash
[517.316s] -- Symlinking: /home/wz/Desktop/ROS_ROBOT/install/moveit_ros_visualization/share/moveit_ros_visualization/local_setup.sh
[517.325s] -- Symlinking: /home/wz/Desktop/ROS_ROBOT/install/moveit_ros_visualization/share/moveit_ros_visualization/local_setup.zsh
[517.333s] -- Symlinking: /home/wz/Desktop/ROS_ROBOT/install/moveit_ros_visualization/share/moveit_ros_visualization/local_setup.dsv
[517.339s] -- Symlinking: /home/wz/Desktop/ROS_ROBOT/install/moveit_ros_visualization/share/moveit_ros_visualization/package.dsv
[517.346s] -- Symlinking: /home/wz/Desktop/ROS_ROBOT/install/moveit_ros_visualization/share/ament_index/resource_index/packages/moveit_ros_visualization
[517.353s] -- Symlinking: /home/wz/Desktop/ROS_ROBOT/install/moveit_ros_visualization/share/ament_index/resource_index/rviz_common__pluginlib__plugin/moveit_ros_visualization
[517.359s] -- Symlinking: /home/wz/Desktop/ROS_ROBOT/install/moveit_ros_visualization/share/moveit_ros_visualization/cmake/ConfigExtras.cmake
[517.366s] -- Symlinking: /home/wz/Desktop/ROS_ROBOT/install/moveit_ros_visualization/share/moveit_ros_visualization/cmake/ament_cmake_export_targets-extras.cmake
[517.372s] -- Symlinking: /home/wz/Desktop/ROS_ROBOT/install/moveit_ros_visualization/share/moveit_ros_visualization/cmake/ament_cmake_export_dependencies-extras.cmake
[517.379s] -- Symlinking: /home/wz/Desktop/ROS_ROBOT/install/moveit_ros_visualization/share/moveit_ros_visualization/cmake/moveit_ros_visualizationConfig.cmake
[517.387s] -- Symlinking: /home/wz/Desktop/ROS_ROBOT/install/moveit_ros_visualization/share/moveit_ros_visualization/cmake/moveit_ros_visualizationConfig-version.cmake
[517.397s] -- Symlinking: /home/wz/Desktop/ROS_ROBOT/install/moveit_ros_visualization/share/moveit_ros_visualization/package.xml
[517.406s] -- Installing: /home/wz/Desktop/ROS_ROBOT/install/moveit_ros_visualization/lib/libmoveit_motion_planning_rviz_plugin.so.2.5.9
[517.406s] -- Set runtime path of "/home/wz/Desktop/ROS_ROBOT/install/moveit_ros_visualization/lib/libmoveit_motion_planning_rviz_plugin.so.2.5.9" to ""
[517.406s] -- Installing: /home/wz/Desktop/ROS_ROBOT/install/moveit_ros_visualization/lib/libmoveit_motion_planning_rviz_plugin.so
[517.406s] -- Installing: /home/wz/Desktop/ROS_ROBOT/install/moveit_ros_visualization/lib/libmoveit_motion_planning_rviz_plugin_core.so.2.5.9
[517.412s] -- Set runtime path of "/home/wz/Desktop/ROS_ROBOT/install/moveit_ros_visualization/lib/libmoveit_motion_planning_rviz_plugin_core.so.2.5.9" to ""
[517.412s] -- Installing: /home/wz/Desktop/ROS_ROBOT/install/moveit_ros_visualization/lib/libmoveit_motion_planning_rviz_plugin_core.so
[517.412s] -- Installing: /home/wz/Desktop/ROS_ROBOT/install/moveit_ros_visualization/lib/libmoveit_planning_scene_rviz_plugin.so.2.5.9
[517.412s] -- Set runtime path of "/home/wz/Desktop/ROS_ROBOT/install/moveit_ros_visualization/lib/libmoveit_planning_scene_rviz_plugin.so.2.5.9" to ""
[517.412s] -- Installing: /home/wz/Desktop/ROS_ROBOT/install/moveit_ros_visualization/lib/libmoveit_planning_scene_rviz_plugin.so
[517.412s] -- Installing: /home/wz/Desktop/ROS_ROBOT/install/moveit_ros_visualization/lib/libmoveit_planning_scene_rviz_plugin_core.so.2.5.9
[517.412s] -- Set runtime path of "/home/wz/Desktop/ROS_ROBOT/install/moveit_ros_visualization/lib/libmoveit_planning_scene_rviz_plugin_core.so.2.5.9" to ""
[517.412s] -- Installing: /home/wz/Desktop/ROS_ROBOT/install/moveit_ros_visualization/lib/libmoveit_planning_scene_rviz_plugin_core.so
[517.412s] -- Installing: /home/wz/Desktop/ROS_ROBOT/install/moveit_ros_visualization/lib/libmoveit_robot_state_rviz_plugin.so.2.5.9
[517.412s] -- Set runtime path of "/home/wz/Desktop/ROS_ROBOT/install/moveit_ros_visualization/lib/libmoveit_robot_state_rviz_plugin.so.2.5.9" to ""
[517.412s] -- Installing: /home/wz/Desktop/ROS_ROBOT/install/moveit_ros_visualization/lib/libmoveit_robot_state_rviz_plugin.so
[517.412s] -- Installing: /home/wz/Desktop/ROS_ROBOT/install/moveit_ros_visualization/lib/libmoveit_robot_state_rviz_plugin_core.so.2.5.9
[517.413s] -- Set runtime path of "/home/wz/Desktop/ROS_ROBOT/install/moveit_ros_visualization/lib/libmoveit_robot_state_rviz_plugin_core.so.2.5.9" to ""
[517.414s] -- Installing: /home/wz/Desktop/ROS_ROBOT/install/moveit_ros_visualization/lib/libmoveit_robot_state_rviz_plugin_core.so
[517.414s] -- Installing: /home/wz/Desktop/ROS_ROBOT/install/moveit_ros_visualization/lib/libmoveit_rviz_plugin_render_tools.so.2.5.9
[517.414s] -- Set runtime path of "/home/wz/Desktop/ROS_ROBOT/install/moveit_ros_visualization/lib/libmoveit_rviz_plugin_render_tools.so.2.5.9" to ""
[517.414s] -- Installing: /home/wz/Desktop/ROS_ROBOT/install/moveit_ros_visualization/lib/libmoveit_rviz_plugin_render_tools.so
[517.414s] -- Installing: /home/wz/Desktop/ROS_ROBOT/install/moveit_ros_visualization/lib/libmoveit_trajectory_rviz_plugin.so.2.5.9
[517.414s] -- Set runtime path of "/home/wz/Desktop/ROS_ROBOT/install/moveit_ros_visualization/lib/libmoveit_trajectory_rviz_plugin.so.2.5.9" to ""
[517.414s] -- Installing: /home/wz/Desktop/ROS_ROBOT/install/moveit_ros_visualization/lib/libmoveit_trajectory_rviz_plugin.so
[517.415s] -- Installing: /home/wz/Desktop/ROS_ROBOT/install/moveit_ros_visualization/lib/libmoveit_trajectory_rviz_plugin_core.so.2.5.9
[517.415s] -- Set runtime path of "/home/wz/Desktop/ROS_ROBOT/install/moveit_ros_visualization/lib/libmoveit_trajectory_rviz_plugin_core.so.2.5.9" to ""
[517.415s] -- Installing: /home/wz/Desktop/ROS_ROBOT/install/moveit_ros_visualization/lib/libmoveit_trajectory_rviz_plugin_core.so
[517.415s] -- Installing: /home/wz/Desktop/ROS_ROBOT/install/moveit_ros_visualization/share/moveit_ros_visualization/cmake/export_moveit_ros_visualizationExport.cmake
[517.415s] -- Installing: /home/wz/Desktop/ROS_ROBOT/install/moveit_ros_visualization/share/moveit_ros_visualization/cmake/export_moveit_ros_visualizationExport-release.cmake
[517.418s] Invoked command in '/home/wz/Desktop/ROS_ROBOT/build/moveit_ros_visualization' returned '0': AMENT_PREFIX_PATH=/home/wz/Desktop/ROS_ROBOT/install/moveit_ros_planning_interface:/home/wz/Desktop/ROS_ROBOT/install/moveit_ros_move_group:/home/wz/Desktop/ROS_ROBOT/install/moveit_ros_warehouse:/home/wz/Desktop/ROS_ROBOT/install/moveit_ros_robot_interaction:/home/wz/Desktop/ROS_ROBOT/install/moveit_planners_ompl:/home/wz/Desktop/ROS_ROBOT/install/moveit_kinematics:/home/wz/Desktop/ROS_ROBOT/install/moveit_ros_planning:/home/wz/Desktop/ROS_ROBOT/install/moveit_simple_controller_manager:/home/wz/Desktop/ROS_ROBOT/install/moveit_ros_occupancy_map_monitor:/home/wz/Desktop/ROS_ROBOT/install/moveit_core:/home/wz/Desktop/ROS_ROBOT/install/moveit_configs_utils:/home/wz/Desktop/ROS_ROBOT/install/moveit_common:${AMENT_PREFIX_PATH} CMAKE_PREFIX_PATH=/home/wz/Desktop/ROS_ROBOT/install/moveit_ros_planning_interface:/home/wz/Desktop/ROS_ROBOT/install/moveit_ros_move_group:/home/wz/Desktop/ROS_ROBOT/install/moveit_ros_warehouse:/home/wz/Desktop/ROS_ROBOT/install/moveit_ros_robot_interaction:/home/wz/Desktop/ROS_ROBOT/install/moveit_planners_ompl:/home/wz/Desktop/ROS_ROBOT/install/moveit_kinematics:/home/wz/Desktop/ROS_ROBOT/install/moveit_ros_planning:/home/wz/Desktop/ROS_ROBOT/install/moveit_simple_controller_manager:/home/wz/Desktop/ROS_ROBOT/install/moveit_ros_occupancy_map_monitor:/home/wz/Desktop/ROS_ROBOT/install/moveit_core:/home/wz/Desktop/ROS_ROBOT/install/moveit_common:/opt/ros/humble LD_LIBRARY_PATH=/home/wz/Desktop/ROS_ROBOT/install/moveit_ros_planning_interface/lib:/home/wz/Desktop/ROS_ROBOT/install/moveit_ros_move_group/lib:/home/wz/Desktop/ROS_ROBOT/install/moveit_ros_warehouse/lib:/home/wz/Desktop/ROS_ROBOT/install/moveit_ros_robot_interaction/lib:/home/wz/Desktop/ROS_ROBOT/install/moveit_planners_ompl/lib:/home/wz/Desktop/ROS_ROBOT/install/moveit_kinematics/lib:/home/wz/Desktop/ROS_ROBOT/install/moveit_ros_planning/lib:/home/wz/Desktop/ROS_ROBOT/install/moveit_simple_controller_manager/lib:/home/wz/Desktop/ROS_ROBOT/install/moveit_ros_occupancy_map_monitor/lib:/home/wz/Desktop/ROS_ROBOT/install/moveit_core/lib:${LD_LIBRARY_PATH} PATH=/home/wz/Desktop/ROS_ROBOT/install/moveit_core/bin:${PATH} PYTHONPATH=/home/wz/Desktop/ROS_ROBOT/build/moveit_configs_utils:/home/wz/Desktop/ROS_ROBOT/install/moveit_configs_utils/lib/python3.10/site-packages:${PYTHONPATH} /usr/bin/cmake --install /home/wz/Desktop/ROS_ROBOT/build/moveit_ros_visualization
