[0.025s] Invoking command in '/home/wz/Desktop/ROS_ROBOT/build/moveit_kinematics': AMENT_PREFIX_PATH=/home/wz/Desktop/ROS_ROBOT/install/moveit_ros_planning:/home/wz/Desktop/ROS_ROBOT/install/moveit_ros_occupancy_map_monitor:/home/wz/Desktop/ROS_ROBOT/install/moveit_core:/home/wz/Desktop/ROS_ROBOT/install/moveit_configs_utils:/home/wz/Desktop/ROS_ROBOT/install/moveit_common:${AMENT_PREFIX_PATH} CMAKE_PREFIX_PATH=/home/wz/Desktop/ROS_ROBOT/install/moveit_ros_planning:/home/wz/Desktop/ROS_ROBOT/install/moveit_ros_occupancy_map_monitor:/home/wz/Desktop/ROS_ROBOT/install/moveit_core:/home/wz/Desktop/ROS_ROBOT/install/moveit_common:/opt/ros/humble LD_LIBRARY_PATH=/home/wz/Desktop/ROS_ROBOT/install/moveit_ros_planning/lib:/home/wz/Desktop/ROS_ROBOT/install/moveit_ros_occupancy_map_monitor/lib:/home/wz/Desktop/ROS_ROBOT/install/moveit_core/lib:${LD_LIBRARY_PATH} PATH=/home/wz/Desktop/ROS_ROBOT/install/moveit_core/bin:${PATH} PYTHONPATH=/home/wz/Desktop/ROS_ROBOT/build/moveit_configs_utils:/home/wz/Desktop/ROS_ROBOT/install/moveit_configs_utils/lib/python3.10/site-packages:${PYTHONPATH} /usr/bin/cmake /home/wz/Desktop/ROS_ROBOT/src/moveit2/moveit_kinematics -DAMENT_CMAKE_SYMLINK_INSTALL=1 -DCMAKE_INSTALL_PREFIX=/home/wz/Desktop/ROS_ROBOT/install/moveit_kinematics
[0.097s] -- The C compiler identification is GNU 11.4.0
[0.156s] -- The CXX compiler identification is GNU 11.4.0
[0.163s] -- Detecting C compiler ABI info
[0.249s] -- Detecting C compiler ABI info - done
[0.256s] -- Check for working C compiler: /usr/bin/cc - skipped
[0.256s] -- Detecting C compile features
[0.256s] -- Detecting C compile features - done
[0.258s] -- Detecting CXX compiler ABI info
[0.367s] -- Detecting CXX compiler ABI info - done
[0.378s] -- Check for working CXX compiler: /usr/bin/c++ - skipped
[0.378s] -- Detecting CXX compile features
[0.378s] -- Detecting CXX compile features - done
[0.378s] -- Found moveit_common: 2.5.9 (/home/wz/Desktop/ROS_ROBOT/install/moveit_common/share/moveit_common/cmake)
[0.380s] -- Found ament_cmake: 1.3.11 (/opt/ros/humble/share/ament_cmake/cmake)
[0.558s] -- Found Python3: /usr/bin/python3 (found version "3.10.12") found components: Interpreter 
[0.650s] -- Override CMake install command with custom implementation using symlinks instead of copying resources
[0.754s] [0mmoveit_kinematics: You did not request a specific build type: Choosing 'Release' for maximum performance[0m
[0.767s] -- Found tf2_kdl: 0.25.13 (/opt/ros/humble/share/tf2_kdl/cmake)
[0.799s] -- Found rosidl_generator_c: 3.1.6 (/opt/ros/humble/share/rosidl_generator_c/cmake)
[0.803s] -- Found rosidl_adapter: 3.1.6 (/opt/ros/humble/share/rosidl_adapter/cmake)
[0.811s] -- Found rosidl_generator_cpp: 3.1.6 (/opt/ros/humble/share/rosidl_generator_cpp/cmake)
[0.827s] -- Using all available rosidl_typesupport_c: rosidl_typesupport_fastrtps_c;rosidl_typesupport_introspection_c
[0.852s] -- Using all available rosidl_typesupport_cpp: rosidl_typesupport_fastrtps_cpp;rosidl_typesupport_introspection_cpp
[0.910s] -- Found eigen3_cmake_module: 0.1.1 (/opt/ros/humble/share/eigen3_cmake_module/cmake)
[0.911s] -- Found Eigen3: TRUE (found version "3.4.0") 
[0.911s] -- Ensuring Eigen3 include directory is part of orocos-kdl CMake target
[1.011s] -- Found rmw_implementation_cmake: 6.1.2 (/opt/ros/humble/share/rmw_implementation_cmake/cmake)
[1.014s] -- Found rmw_fastrtps_cpp: 6.2.7 (/opt/ros/humble/share/rmw_fastrtps_cpp/cmake)
[1.107s] -- Found OpenSSL: /usr/lib/x86_64-linux-gnu/libcrypto.so (found version "3.0.2")  
[1.136s] -- Found FastRTPS: /opt/ros/humble/include  
[1.182s] -- Using RMW implementation 'rmw_fastrtps_cpp' as default
[1.191s] -- Looking for pthread.h
[1.308s] -- Looking for pthread.h - found
[1.309s] -- Performing Test CMAKE_HAVE_LIBC_PTHREAD
[1.437s] -- Performing Test CMAKE_HAVE_LIBC_PTHREAD - Success
[1.439s] -- Found Threads: TRUE  
[1.560s] -- Found kdl_parser: 2.6.4 (/opt/ros/humble/share/kdl_parser/cmake)
[1.564s] -- Found random_numbers: 2.0.1 (/opt/ros/humble/share/random_numbers/cmake)
[1.572s] -- Found pluginlib: 5.1.0 (/opt/ros/humble/share/pluginlib/cmake)
[1.587s] -- Found moveit_core: 2.5.9 (/home/wz/Desktop/ROS_ROBOT/install/moveit_core/share/moveit_core/cmake)
[1.620s] -- Found Boost: /usr/lib/x86_64-linux-gnu/cmake/Boost-1.74.0/BoostConfig.cmake (found version "1.74.0") found components: chrono date_time filesystem iostreams program_options regex serialization system thread 
[1.666s] -- Found parameter_traits: 0.5.0 (/opt/ros/humble/share/parameter_traits/cmake)
[1.678s] -- Found rclcpp_lifecycle: 16.0.12 (/opt/ros/humble/share/rclcpp_lifecycle/cmake)
[1.701s] -- Found Boost: /usr/lib/x86_64-linux-gnu/cmake/Boost-1.74.0/BoostConfig.cmake (found version "1.74.0") found components: filesystem 
[1.862s] -- library: /usr/lib/x86_64-linux-gnu/libcurl.so
[2.068s] -- Found moveit_ros_planning: 2.5.9 (/home/wz/Desktop/ROS_ROBOT/install/moveit_ros_planning/share/moveit_ros_planning/cmake)
[2.076s] -- Found Boost: /usr/lib/x86_64-linux-gnu/cmake/Boost-1.74.0/BoostConfig.cmake (found version "1.74.0") found components: system filesystem date_time program_options thread chrono 
[2.100s] -- Found Boost: /usr/lib/x86_64-linux-gnu/cmake/Boost-1.74.0/BoostConfig.cmake (found version "1.74.0") found components: program_options system 
[2.157s] -- Found ament_cmake_gtest: 1.3.11 (/opt/ros/humble/share/ament_cmake_gtest/cmake)
[2.159s] -- Found ros_testing: 0.4.0 (/opt/ros/humble/share/ros_testing/cmake)
[2.161s] -- Found launch_testing_ament_cmake: 1.0.9 (/opt/ros/humble/share/launch_testing_ament_cmake/cmake)
[2.164s] -- Found python_cmake_module: 0.10.0 (/opt/ros/humble/share/python_cmake_module/cmake)
[2.184s] -- Found PythonInterp: /usr/bin/python3 (found suitable version "3.10.12", minimum required is "3.6") 
[2.188s] -- Found PythonLibs: /usr/lib/x86_64-linux-gnu/libpython3.10.so (found suitable version "3.10.12", minimum required is "3.5") 
[2.188s] -- Using PYTHON_EXECUTABLE: /usr/bin/python3
[2.188s] -- Using PYTHON_INCLUDE_DIRS: /usr/include/python3.10
[2.188s] -- Using PYTHON_LIBRARIES: /usr/lib/x86_64-linux-gnu/libpython3.10.so
[2.210s] -- Found PythonExtra: .so  
[2.219s] -- Found moveit_resources_fanuc_description: 2.0.7 (/opt/ros/humble/share/moveit_resources_fanuc_description/cmake)
[2.226s] -- Found moveit_resources_fanuc_moveit_config: 2.0.7 (/opt/ros/humble/share/moveit_resources_fanuc_moveit_config/cmake)
[2.236s] -- Found moveit_resources_panda_description: 2.0.7 (/opt/ros/humble/share/moveit_resources_panda_description/cmake)
[2.236s] -- Found moveit_resources_panda_moveit_config: 2.0.7 (/opt/ros/humble/share/moveit_resources_panda_moveit_config/cmake)
[2.245s] -- Found gtest sources under '/opt/ros/humble/src/gtest_vendor': C++ tests using 'Google Test' will be built
[2.262s] -- Found ament_lint_auto: 0.12.12 (/opt/ros/humble/share/ament_lint_auto/cmake)
[2.268s] -- Found launch_testing_ament_cmake: 1.0.9 (/opt/ros/humble/share/launch_testing_ament_cmake/cmake)
[2.268s] -- Found python_cmake_module: 0.10.0 (/opt/ros/humble/share/python_cmake_module/cmake)
[2.291s] -- Using PYTHON_EXECUTABLE: /usr/bin/python3
[2.291s] -- Using PYTHON_INCLUDE_DIRS: /usr/include/python3.10
[2.291s] -- Using PYTHON_LIBRARIES: /usr/lib/x86_64-linux-gnu/libpython3.10.so
[2.344s] -- Added test 'cppcheck' to perform static code analysis on C / C++ code
[2.346s] -- Configured cppcheck include dirs: /home/wz/Desktop/ROS_ROBOT/src/moveit2/moveit_kinematics/kdl_kinematics_plugin/include;/home/wz/Desktop/ROS_ROBOT/src/moveit2/moveit_kinematics/lma_kinematics_plugin/include;/home/wz/Desktop/ROS_ROBOT/src/moveit2/moveit_kinematics/srv_kinematics_plugin/include;/home/wz/Desktop/ROS_ROBOT/src/moveit2/moveit_kinematics/cached_ik_kinematics_plugin/include
[2.346s] -- Configured cppcheck exclude dirs and/or files: 
[2.348s] -- Added test 'lint_cmake' to check CMake code style
[2.351s] -- Configuring done
[2.481s] -- Generating done
[2.573s] -- Build files have been written to: /home/wz/Desktop/ROS_ROBOT/build/moveit_kinematics
[2.596s] Invoked command in '/home/wz/Desktop/ROS_ROBOT/build/moveit_kinematics' returned '0': AMENT_PREFIX_PATH=/home/wz/Desktop/ROS_ROBOT/install/moveit_ros_planning:/home/wz/Desktop/ROS_ROBOT/install/moveit_ros_occupancy_map_monitor:/home/wz/Desktop/ROS_ROBOT/install/moveit_core:/home/wz/Desktop/ROS_ROBOT/install/moveit_configs_utils:/home/wz/Desktop/ROS_ROBOT/install/moveit_common:${AMENT_PREFIX_PATH} CMAKE_PREFIX_PATH=/home/wz/Desktop/ROS_ROBOT/install/moveit_ros_planning:/home/wz/Desktop/ROS_ROBOT/install/moveit_ros_occupancy_map_monitor:/home/wz/Desktop/ROS_ROBOT/install/moveit_core:/home/wz/Desktop/ROS_ROBOT/install/moveit_common:/opt/ros/humble LD_LIBRARY_PATH=/home/wz/Desktop/ROS_ROBOT/install/moveit_ros_planning/lib:/home/wz/Desktop/ROS_ROBOT/install/moveit_ros_occupancy_map_monitor/lib:/home/wz/Desktop/ROS_ROBOT/install/moveit_core/lib:${LD_LIBRARY_PATH} PATH=/home/wz/Desktop/ROS_ROBOT/install/moveit_core/bin:${PATH} PYTHONPATH=/home/wz/Desktop/ROS_ROBOT/build/moveit_configs_utils:/home/wz/Desktop/ROS_ROBOT/install/moveit_configs_utils/lib/python3.10/site-packages:${PYTHONPATH} /usr/bin/cmake /home/wz/Desktop/ROS_ROBOT/src/moveit2/moveit_kinematics -DAMENT_CMAKE_SYMLINK_INSTALL=1 -DCMAKE_INSTALL_PREFIX=/home/wz/Desktop/ROS_ROBOT/install/moveit_kinematics
[2.602s] Invoking command in '/home/wz/Desktop/ROS_ROBOT/build/moveit_kinematics': AMENT_PREFIX_PATH=/home/wz/Desktop/ROS_ROBOT/install/moveit_ros_planning:/home/wz/Desktop/ROS_ROBOT/install/moveit_ros_occupancy_map_monitor:/home/wz/Desktop/ROS_ROBOT/install/moveit_core:/home/wz/Desktop/ROS_ROBOT/install/moveit_configs_utils:/home/wz/Desktop/ROS_ROBOT/install/moveit_common:${AMENT_PREFIX_PATH} CMAKE_PREFIX_PATH=/home/wz/Desktop/ROS_ROBOT/install/moveit_ros_planning:/home/wz/Desktop/ROS_ROBOT/install/moveit_ros_occupancy_map_monitor:/home/wz/Desktop/ROS_ROBOT/install/moveit_core:/home/wz/Desktop/ROS_ROBOT/install/moveit_common:/opt/ros/humble LD_LIBRARY_PATH=/home/wz/Desktop/ROS_ROBOT/install/moveit_ros_planning/lib:/home/wz/Desktop/ROS_ROBOT/install/moveit_ros_occupancy_map_monitor/lib:/home/wz/Desktop/ROS_ROBOT/install/moveit_core/lib:${LD_LIBRARY_PATH} PATH=/home/wz/Desktop/ROS_ROBOT/install/moveit_core/bin:${PATH} PYTHONPATH=/home/wz/Desktop/ROS_ROBOT/build/moveit_configs_utils:/home/wz/Desktop/ROS_ROBOT/install/moveit_configs_utils/lib/python3.10/site-packages:${PYTHONPATH} /usr/bin/cmake --build /home/wz/Desktop/ROS_ROBOT/build/moveit_kinematics -- -j4 -l4
[2.691s] [ 10%] [32mBuilding CXX object cached_ik_kinematics_plugin/CMakeFiles/moveit_cached_ik_kinematics_base.dir/src/ik_cache.cpp.o[0m
[2.691s] [ 10%] [32mBuilding CXX object srv_kinematics_plugin/CMakeFiles/moveit_srv_kinematics_plugin.dir/src/srv_kinematics_plugin.cpp.o[0m
[3.748s] [ 15%] [32mBuilding CXX object lma_kinematics_plugin/CMakeFiles/moveit_lma_kinematics_plugin.dir/src/lma_kinematics_plugin.cpp.o[0m
[4.819s] [ 21%] [32mBuilding CXX object kdl_kinematics_plugin/CMakeFiles/moveit_kdl_kinematics_plugin.dir/src/kdl_kinematics_plugin.cpp.o[0m
[41.223s] [ 26%] [32m[1mLinking CXX shared library libmoveit_srv_kinematics_plugin.so[0m
[42.234s] [ 26%] Built target moveit_srv_kinematics_plugin
[43.031s] [ 31%] [32m[1mLinking CXX shared library libmoveit_cached_ik_kinematics_base.so[0m
[43.522s] [ 31%] Built target moveit_cached_ik_kinematics_base
[43.788s] [ 36%] [32m[1mLinking CXX shared library libmoveit_lma_kinematics_plugin.so[0m
[44.235s] [ 36%] Built target moveit_lma_kinematics_plugin
[45.156s] [ 42%] [32mBuilding CXX object kdl_kinematics_plugin/CMakeFiles/moveit_kdl_kinematics_plugin.dir/src/chainiksolver_vel_mimic_svd.cpp.o[0m
[56.377s] [ 47%] [32m[1mLinking CXX shared library libmoveit_kdl_kinematics_plugin.so[0m
[56.623s] [ 47%] Built target moveit_kdl_kinematics_plugin
[56.712s] [ 52%] [32mBuilding CXX object test/CMakeFiles/benchmark_ik.dir/benchmark_ik.cpp.o[0m
[70.287s] [ 57%] [32m[1mLinking CXX executable benchmark_ik[0m
[70.813s] [ 57%] Built target benchmark_ik
[70.842s] [ 63%] [32mBuilding CXX object cached_ik_kinematics_plugin/CMakeFiles/moveit_cached_ik_kinematics_plugin.dir/src/cached_ik_kinematics_plugin.cpp.o[0m
[80.989s] [ 68%] [32m[1mLinking CXX shared library libmoveit_cached_ik_kinematics_plugin.so[0m
[81.281s] [ 68%] Built target moveit_cached_ik_kinematics_plugin
[81.323s] [ 73%] [32mBuilding CXX object gtest/CMakeFiles/gtest.dir/src/gtest-all.cc.o[0m
[90.303s] [ 78%] [32m[1mLinking CXX static library libgtest.a[0m
[90.357s] [ 78%] Built target gtest
[90.390s] [ 84%] [32mBuilding CXX object gtest/CMakeFiles/gtest_main.dir/src/gtest_main.cc.o[0m
[91.487s] [ 89%] [32m[1mLinking CXX static library libgtest_main.a[0m
[91.529s] [ 89%] Built target gtest_main
[91.575s] [ 94%] [32mBuilding CXX object test/CMakeFiles/test_kinematics_plugin.dir/test_kinematics_plugin.cpp.o[0m
[117.851s] [100%] [32m[1mLinking CXX executable test_kinematics_plugin[0m
[118.321s] [100%] Built target test_kinematics_plugin
[118.383s] Invoked command in '/home/wz/Desktop/ROS_ROBOT/build/moveit_kinematics' returned '0': AMENT_PREFIX_PATH=/home/wz/Desktop/ROS_ROBOT/install/moveit_ros_planning:/home/wz/Desktop/ROS_ROBOT/install/moveit_ros_occupancy_map_monitor:/home/wz/Desktop/ROS_ROBOT/install/moveit_core:/home/wz/Desktop/ROS_ROBOT/install/moveit_configs_utils:/home/wz/Desktop/ROS_ROBOT/install/moveit_common:${AMENT_PREFIX_PATH} CMAKE_PREFIX_PATH=/home/wz/Desktop/ROS_ROBOT/install/moveit_ros_planning:/home/wz/Desktop/ROS_ROBOT/install/moveit_ros_occupancy_map_monitor:/home/wz/Desktop/ROS_ROBOT/install/moveit_core:/home/wz/Desktop/ROS_ROBOT/install/moveit_common:/opt/ros/humble LD_LIBRARY_PATH=/home/wz/Desktop/ROS_ROBOT/install/moveit_ros_planning/lib:/home/wz/Desktop/ROS_ROBOT/install/moveit_ros_occupancy_map_monitor/lib:/home/wz/Desktop/ROS_ROBOT/install/moveit_core/lib:${LD_LIBRARY_PATH} PATH=/home/wz/Desktop/ROS_ROBOT/install/moveit_core/bin:${PATH} PYTHONPATH=/home/wz/Desktop/ROS_ROBOT/build/moveit_configs_utils:/home/wz/Desktop/ROS_ROBOT/install/moveit_configs_utils/lib/python3.10/site-packages:${PYTHONPATH} /usr/bin/cmake --build /home/wz/Desktop/ROS_ROBOT/build/moveit_kinematics -- -j4 -l4
[118.385s] Invoking command in '/home/wz/Desktop/ROS_ROBOT/build/moveit_kinematics': AMENT_PREFIX_PATH=/home/wz/Desktop/ROS_ROBOT/install/moveit_ros_planning:/home/wz/Desktop/ROS_ROBOT/install/moveit_ros_occupancy_map_monitor:/home/wz/Desktop/ROS_ROBOT/install/moveit_core:/home/wz/Desktop/ROS_ROBOT/install/moveit_configs_utils:/home/wz/Desktop/ROS_ROBOT/install/moveit_common:${AMENT_PREFIX_PATH} CMAKE_PREFIX_PATH=/home/wz/Desktop/ROS_ROBOT/install/moveit_ros_planning:/home/wz/Desktop/ROS_ROBOT/install/moveit_ros_occupancy_map_monitor:/home/wz/Desktop/ROS_ROBOT/install/moveit_core:/home/wz/Desktop/ROS_ROBOT/install/moveit_common:/opt/ros/humble LD_LIBRARY_PATH=/home/wz/Desktop/ROS_ROBOT/install/moveit_ros_planning/lib:/home/wz/Desktop/ROS_ROBOT/install/moveit_ros_occupancy_map_monitor/lib:/home/wz/Desktop/ROS_ROBOT/install/moveit_core/lib:${LD_LIBRARY_PATH} PATH=/home/wz/Desktop/ROS_ROBOT/install/moveit_core/bin:${PATH} PYTHONPATH=/home/wz/Desktop/ROS_ROBOT/build/moveit_configs_utils:/home/wz/Desktop/ROS_ROBOT/install/moveit_configs_utils/lib/python3.10/site-packages:${PYTHONPATH} /usr/bin/cmake --install /home/wz/Desktop/ROS_ROBOT/build/moveit_kinematics
[118.409s] -- Install configuration: "Release"
[118.410s] -- Execute custom install script
[118.411s] -- Symlinking: /home/wz/Desktop/ROS_ROBOT/install/moveit_kinematics/share/moveit_kinematics//kdl_kinematics_plugin_description.xml
[118.428s] -- Symlinking: /home/wz/Desktop/ROS_ROBOT/install/moveit_kinematics/share/moveit_kinematics//lma_kinematics_plugin_description.xml
[118.443s] -- Symlinking: /home/wz/Desktop/ROS_ROBOT/install/moveit_kinematics/share/moveit_kinematics//srv_kinematics_plugin_description.xml
[118.456s] -- Symlinking: /home/wz/Desktop/ROS_ROBOT/install/moveit_kinematics/share/moveit_kinematics//cached_ik_kinematics_plugin_description.xml
[118.464s] -- Symlinking: /home/wz/Desktop/ROS_ROBOT/install/moveit_kinematics/include/moveit/cached_ik_kinematics_plugin/cached_ik_kinematics_plugin-inl.h
[118.474s] -- Symlinking: /home/wz/Desktop/ROS_ROBOT/install/moveit_kinematics/include/moveit/cached_ik_kinematics_plugin/cached_ik_kinematics_plugin.h
[118.502s] -- Symlinking: /home/wz/Desktop/ROS_ROBOT/install/moveit_kinematics/include/moveit/cached_ik_kinematics_plugin/detail/GreedyKCenters.h
[118.529s] -- Symlinking: /home/wz/Desktop/ROS_ROBOT/install/moveit_kinematics/include/moveit/cached_ik_kinematics_plugin/detail/NearestNeighbors.h
[118.540s] -- Symlinking: /home/wz/Desktop/ROS_ROBOT/install/moveit_kinematics/include/moveit/cached_ik_kinematics_plugin/detail/NearestNeighborsGNAT.h
[118.552s] -- Symlinking: /home/wz/Desktop/ROS_ROBOT/install/moveit_kinematics/share/moveit_kinematics/launch/measure_ik_call_cost.launch
[118.561s] -- Symlinking: /home/wz/Desktop/ROS_ROBOT/install/moveit_kinematics/lib/moveit_kinematics/auto_create_ikfast_moveit_plugin.sh
[118.568s] -- Symlinking: /home/wz/Desktop/ROS_ROBOT/install/moveit_kinematics/lib/moveit_kinematics/create_ikfast_moveit_plugin.py
[118.580s] -- Symlinking: /home/wz/Desktop/ROS_ROBOT/install/moveit_kinematics/lib/moveit_kinematics/round_collada_numbers.py
[118.590s] -- Symlinking: /home/wz/Desktop/ROS_ROBOT/install/moveit_kinematics/share/moveit_kinematics/ikfast_kinematics_plugin/templates/CMakeLists.txt
[118.609s] -- Symlinking: /home/wz/Desktop/ROS_ROBOT/install/moveit_kinematics/share/moveit_kinematics/ikfast_kinematics_plugin/templates/ikfast.h
[118.621s] -- Symlinking: /home/wz/Desktop/ROS_ROBOT/install/moveit_kinematics/share/moveit_kinematics/ikfast_kinematics_plugin/templates/ikfast61_moveit_plugin_template.cpp
[118.631s] -- Symlinking: /home/wz/Desktop/ROS_ROBOT/install/moveit_kinematics/include/moveit/kdl_kinematics_plugin/chainiksolver_vel_mimic_svd.hpp
[118.641s] -- Symlinking: /home/wz/Desktop/ROS_ROBOT/install/moveit_kinematics/include/moveit/kdl_kinematics_plugin/joint_mimic.hpp
[118.651s] -- Symlinking: /home/wz/Desktop/ROS_ROBOT/install/moveit_kinematics/include/moveit/kdl_kinematics_plugin/kdl_kinematics_plugin.h
[118.662s] -- Symlinking: /home/wz/Desktop/ROS_ROBOT/install/moveit_kinematics/include/moveit/lma_kinematics_plugin/lma_kinematics_plugin.h
[118.673s] -- Symlinking: /home/wz/Desktop/ROS_ROBOT/install/moveit_kinematics/include/moveit/srv_kinematics_plugin/srv_kinematics_plugin.h
[118.711s] -- Symlinking: /home/wz/Desktop/ROS_ROBOT/install/moveit_kinematics/share/moveit_kinematics/config/fanuc-kdl-singular-test.yaml
[118.730s] -- Symlinking: /home/wz/Desktop/ROS_ROBOT/install/moveit_kinematics/share/moveit_kinematics/config/fanuc-kdl-test.yaml
[118.741s] -- Symlinking: /home/wz/Desktop/ROS_ROBOT/install/moveit_kinematics/share/moveit_kinematics/config/fanuc-lma-singular-test.yaml
[118.755s] -- Symlinking: /home/wz/Desktop/ROS_ROBOT/install/moveit_kinematics/share/moveit_kinematics/config/fanuc-lma-test.yaml
[118.767s] -- Symlinking: /home/wz/Desktop/ROS_ROBOT/install/moveit_kinematics/share/moveit_kinematics/config/panda-kdl-singular-test.yaml
[118.791s] -- Symlinking: /home/wz/Desktop/ROS_ROBOT/install/moveit_kinematics/share/moveit_kinematics/config/panda-kdl-test.yaml
[118.814s] -- Symlinking: /home/wz/Desktop/ROS_ROBOT/install/moveit_kinematics/share/moveit_kinematics/config/panda-lma-singular-test.yaml
[118.835s] -- Symlinking: /home/wz/Desktop/ROS_ROBOT/install/moveit_kinematics/share/moveit_kinematics/config/panda-lma-test.yaml
[118.862s] -- Symlinking: /home/wz/Desktop/ROS_ROBOT/install/moveit_kinematics/share/moveit_kinematics/launch/fanuc-kdl-singular.test.py
[118.908s] -- Symlinking: /home/wz/Desktop/ROS_ROBOT/install/moveit_kinematics/share/moveit_kinematics/launch/fanuc-kdl.test.py
[118.921s] -- Symlinking: /home/wz/Desktop/ROS_ROBOT/install/moveit_kinematics/share/moveit_kinematics/launch/fanuc-lma-singular.test.py
[118.940s] -- Symlinking: /home/wz/Desktop/ROS_ROBOT/install/moveit_kinematics/share/moveit_kinematics/launch/fanuc-lma.test.py
[118.964s] -- Symlinking: /home/wz/Desktop/ROS_ROBOT/install/moveit_kinematics/share/moveit_kinematics/launch/panda-kdl-singular.test.py
[118.981s] -- Symlinking: /home/wz/Desktop/ROS_ROBOT/install/moveit_kinematics/share/moveit_kinematics/launch/panda-kdl.test.py
[118.996s] -- Symlinking: /home/wz/Desktop/ROS_ROBOT/install/moveit_kinematics/share/moveit_kinematics/launch/panda-lma-singular.test.py
[119.028s] -- Symlinking: /home/wz/Desktop/ROS_ROBOT/install/moveit_kinematics/share/moveit_kinematics/launch/panda-lma.test.py
[119.036s] -- Symlinking: /home/wz/Desktop/ROS_ROBOT/install/moveit_kinematics/lib/moveit_kinematics/benchmark_ik
[119.049s] -- Symlinking: /home/wz/Desktop/ROS_ROBOT/install/moveit_kinematics/lib/moveit_kinematics/test_kinematics_plugin
[119.055s] -- Symlinking: /home/wz/Desktop/ROS_ROBOT/install/moveit_kinematics/share/moveit_kinematics/environment/library_path.sh
[119.064s] -- Symlinking: /home/wz/Desktop/ROS_ROBOT/install/moveit_kinematics/share/moveit_kinematics/environment/library_path.dsv
[119.076s] -- Symlinking: /home/wz/Desktop/ROS_ROBOT/install/moveit_kinematics/share/ament_index/resource_index/package_run_dependencies/moveit_kinematics
[119.097s] -- Symlinking: /home/wz/Desktop/ROS_ROBOT/install/moveit_kinematics/share/ament_index/resource_index/parent_prefix_path/moveit_kinematics
[119.110s] -- Symlinking: /home/wz/Desktop/ROS_ROBOT/install/moveit_kinematics/share/moveit_kinematics/environment/ament_prefix_path.sh
[119.124s] -- Symlinking: /home/wz/Desktop/ROS_ROBOT/install/moveit_kinematics/share/moveit_kinematics/environment/ament_prefix_path.dsv
[119.135s] -- Symlinking: /home/wz/Desktop/ROS_ROBOT/install/moveit_kinematics/share/moveit_kinematics/environment/path.sh
[119.145s] -- Symlinking: /home/wz/Desktop/ROS_ROBOT/install/moveit_kinematics/share/moveit_kinematics/environment/path.dsv
[119.155s] -- Symlinking: /home/wz/Desktop/ROS_ROBOT/install/moveit_kinematics/share/moveit_kinematics/local_setup.bash
[119.165s] -- Symlinking: /home/wz/Desktop/ROS_ROBOT/install/moveit_kinematics/share/moveit_kinematics/local_setup.sh
[119.176s] -- Symlinking: /home/wz/Desktop/ROS_ROBOT/install/moveit_kinematics/share/moveit_kinematics/local_setup.zsh
[119.195s] -- Symlinking: /home/wz/Desktop/ROS_ROBOT/install/moveit_kinematics/share/moveit_kinematics/local_setup.dsv
[119.210s] -- Symlinking: /home/wz/Desktop/ROS_ROBOT/install/moveit_kinematics/share/moveit_kinematics/package.dsv
[119.220s] -- Symlinking: /home/wz/Desktop/ROS_ROBOT/install/moveit_kinematics/share/ament_index/resource_index/packages/moveit_kinematics
[119.232s] -- Symlinking: /home/wz/Desktop/ROS_ROBOT/install/moveit_kinematics/share/ament_index/resource_index/moveit_core__pluginlib__plugin/moveit_kinematics
[119.243s] -- Symlinking: /home/wz/Desktop/ROS_ROBOT/install/moveit_kinematics/share/moveit_kinematics/cmake/ConfigExtras.cmake
[119.253s] -- Symlinking: /home/wz/Desktop/ROS_ROBOT/install/moveit_kinematics/share/moveit_kinematics/cmake/ament_cmake_export_targets-extras.cmake
[119.264s] -- Symlinking: /home/wz/Desktop/ROS_ROBOT/install/moveit_kinematics/share/moveit_kinematics/cmake/ament_cmake_export_dependencies-extras.cmake
[119.270s] -- Symlinking: /home/wz/Desktop/ROS_ROBOT/install/moveit_kinematics/share/moveit_kinematics/cmake/moveit_kinematicsConfig.cmake
[119.282s] -- Symlinking: /home/wz/Desktop/ROS_ROBOT/install/moveit_kinematics/share/moveit_kinematics/cmake/moveit_kinematicsConfig-version.cmake
[119.291s] -- Symlinking: /home/wz/Desktop/ROS_ROBOT/install/moveit_kinematics/share/moveit_kinematics/package.xml
[119.303s] -- Installing: /home/wz/Desktop/ROS_ROBOT/install/moveit_kinematics/lib/libmoveit_cached_ik_kinematics_base.so.2.5.9
[119.307s] -- Set runtime path of "/home/wz/Desktop/ROS_ROBOT/install/moveit_kinematics/lib/libmoveit_cached_ik_kinematics_base.so.2.5.9" to ""
[119.307s] -- Installing: /home/wz/Desktop/ROS_ROBOT/install/moveit_kinematics/lib/libmoveit_cached_ik_kinematics_base.so
[119.307s] -- Installing: /home/wz/Desktop/ROS_ROBOT/install/moveit_kinematics/lib/libmoveit_cached_ik_kinematics_plugin.so.2.5.9
[119.307s] -- Set runtime path of "/home/wz/Desktop/ROS_ROBOT/install/moveit_kinematics/lib/libmoveit_cached_ik_kinematics_plugin.so.2.5.9" to ""
[119.307s] -- Installing: /home/wz/Desktop/ROS_ROBOT/install/moveit_kinematics/lib/libmoveit_cached_ik_kinematics_plugin.so
[119.307s] -- Installing: /home/wz/Desktop/ROS_ROBOT/install/moveit_kinematics/lib/libmoveit_kdl_kinematics_plugin.so
[119.307s] -- Set runtime path of "/home/wz/Desktop/ROS_ROBOT/install/moveit_kinematics/lib/libmoveit_kdl_kinematics_plugin.so" to ""
[119.307s] -- Installing: /home/wz/Desktop/ROS_ROBOT/install/moveit_kinematics/lib/libmoveit_lma_kinematics_plugin.so.2.5.9
[119.307s] -- Set runtime path of "/home/wz/Desktop/ROS_ROBOT/install/moveit_kinematics/lib/libmoveit_lma_kinematics_plugin.so.2.5.9" to ""
[119.309s] -- Installing: /home/wz/Desktop/ROS_ROBOT/install/moveit_kinematics/lib/libmoveit_lma_kinematics_plugin.so
[119.309s] -- Installing: /home/wz/Desktop/ROS_ROBOT/install/moveit_kinematics/lib/libmoveit_srv_kinematics_plugin.so.2.5.9
[119.311s] -- Set runtime path of "/home/wz/Desktop/ROS_ROBOT/install/moveit_kinematics/lib/libmoveit_srv_kinematics_plugin.so.2.5.9" to ""
[119.311s] -- Installing: /home/wz/Desktop/ROS_ROBOT/install/moveit_kinematics/lib/libmoveit_srv_kinematics_plugin.so
[119.311s] -- Installing: /home/wz/Desktop/ROS_ROBOT/install/moveit_kinematics/share/moveit_kinematics/cmake/export_moveit_kinematicsExport.cmake
[119.311s] -- Installing: /home/wz/Desktop/ROS_ROBOT/install/moveit_kinematics/share/moveit_kinematics/cmake/export_moveit_kinematicsExport-release.cmake
[119.317s] Invoked command in '/home/wz/Desktop/ROS_ROBOT/build/moveit_kinematics' returned '0': AMENT_PREFIX_PATH=/home/wz/Desktop/ROS_ROBOT/install/moveit_ros_planning:/home/wz/Desktop/ROS_ROBOT/install/moveit_ros_occupancy_map_monitor:/home/wz/Desktop/ROS_ROBOT/install/moveit_core:/home/wz/Desktop/ROS_ROBOT/install/moveit_configs_utils:/home/wz/Desktop/ROS_ROBOT/install/moveit_common:${AMENT_PREFIX_PATH} CMAKE_PREFIX_PATH=/home/wz/Desktop/ROS_ROBOT/install/moveit_ros_planning:/home/wz/Desktop/ROS_ROBOT/install/moveit_ros_occupancy_map_monitor:/home/wz/Desktop/ROS_ROBOT/install/moveit_core:/home/wz/Desktop/ROS_ROBOT/install/moveit_common:/opt/ros/humble LD_LIBRARY_PATH=/home/wz/Desktop/ROS_ROBOT/install/moveit_ros_planning/lib:/home/wz/Desktop/ROS_ROBOT/install/moveit_ros_occupancy_map_monitor/lib:/home/wz/Desktop/ROS_ROBOT/install/moveit_core/lib:${LD_LIBRARY_PATH} PATH=/home/wz/Desktop/ROS_ROBOT/install/moveit_core/bin:${PATH} PYTHONPATH=/home/wz/Desktop/ROS_ROBOT/build/moveit_configs_utils:/home/wz/Desktop/ROS_ROBOT/install/moveit_configs_utils/lib/python3.10/site-packages:${PYTHONPATH} /usr/bin/cmake --install /home/wz/Desktop/ROS_ROBOT/build/moveit_kinematics
