[0.025s] Invoking command in '/home/wz/Desktop/ROS_ROBOT/build/moveit_chomp_optimizer_adapter': AMENT_PREFIX_PATH=/home/wz/Desktop/ROS_ROBOT/install/chomp_motion_planner:/home/wz/Desktop/ROS_ROBOT/install/moveit_core:/home/wz/Desktop/ROS_ROBOT/install/moveit_common:${AMENT_PREFIX_PATH} CMAKE_PREFIX_PATH=/home/wz/Desktop/ROS_ROBOT/install/chomp_motion_planner:/home/wz/Desktop/ROS_ROBOT/install/moveit_core:/home/wz/Desktop/ROS_ROBOT/install/moveit_common:/opt/ros/humble LD_LIBRARY_PATH=/home/wz/Desktop/ROS_ROBOT/install/chomp_motion_planner/lib:/home/wz/Desktop/ROS_ROBOT/install/moveit_core/lib:${LD_LIBRARY_PATH} PATH=/home/wz/Desktop/ROS_ROBOT/install/moveit_core/bin:${PATH} /usr/bin/cmake /home/wz/Desktop/ROS_ROBOT/src/moveit2/moveit_planners/chomp/chomp_optimizer_adapter -DAMENT_CMAKE_SYMLINK_INSTALL=1 -DCMAKE_INSTALL_PREFIX=/home/wz/Desktop/ROS_ROBOT/install/moveit_chomp_optimizer_adapter
[0.133s] -- The C compiler identification is GNU 11.4.0
[0.255s] -- The CXX compiler identification is GNU 11.4.0
[0.265s] -- Detecting C compiler ABI info
[0.389s] -- Detecting C compiler ABI info - done
[0.399s] -- Check for working C compiler: /usr/bin/cc - skipped
[0.399s] -- Detecting C compile features
[0.399s] -- Detecting C compile features - done
[0.399s] -- Detecting CXX compiler ABI info
[0.540s] -- Detecting CXX compiler ABI info - done
[0.549s] -- Check for working CXX compiler: /usr/bin/c++ - skipped
[0.549s] -- Detecting CXX compile features
[0.552s] -- Detecting CXX compile features - done
[0.554s] -- Found moveit_common: 2.5.9 (/home/wz/Desktop/ROS_ROBOT/install/moveit_common/share/moveit_common/cmake)
[0.560s] -- Found ament_cmake: 1.3.11 (/opt/ros/humble/share/ament_cmake/cmake)
[0.908s] -- Found Python3: /usr/bin/python3 (found version "3.10.12") found components: Interpreter 
[0.983s] -- Override CMake install command with custom implementation using symlinks instead of copying resources
[1.077s] -- Found chomp_motion_planner: 2.5.9 (/home/wz/Desktop/ROS_ROBOT/install/chomp_motion_planner/share/chomp_motion_planner/cmake)
[1.077s] -- Found moveit_core: 2.5.9 (/home/wz/Desktop/ROS_ROBOT/install/moveit_core/share/moveit_core/cmake)
[1.077s] [0mmoveit_chomp_optimizer_adapter: You did not request a specific build type: Choosing 'Release' for maximum performance[0m
[1.374s] -- Found Boost: /usr/lib/x86_64-linux-gnu/cmake/Boost-1.74.0/BoostConfig.cmake (found version "1.74.0") found components: chrono date_time filesystem iostreams program_options regex serialization system thread 
[1.425s] -- Found parameter_traits: 0.5.0 (/opt/ros/humble/share/parameter_traits/cmake)
[1.463s] -- Found rosidl_generator_c: 3.1.6 (/opt/ros/humble/share/rosidl_generator_c/cmake)
[1.470s] -- Found rosidl_adapter: 3.1.6 (/opt/ros/humble/share/rosidl_adapter/cmake)
[1.483s] -- Found rosidl_generator_cpp: 3.1.6 (/opt/ros/humble/share/rosidl_generator_cpp/cmake)
[1.497s] -- Using all available rosidl_typesupport_c: rosidl_typesupport_fastrtps_c;rosidl_typesupport_introspection_c
[1.514s] -- Using all available rosidl_typesupport_cpp: rosidl_typesupport_fastrtps_cpp;rosidl_typesupport_introspection_cpp
[1.567s] -- Found rmw_implementation_cmake: 6.1.2 (/opt/ros/humble/share/rmw_implementation_cmake/cmake)
[1.567s] -- Found rmw_fastrtps_cpp: 6.2.7 (/opt/ros/humble/share/rmw_fastrtps_cpp/cmake)
[1.676s] -- Found OpenSSL: /usr/lib/x86_64-linux-gnu/libcrypto.so (found version "3.0.2")  
[1.715s] -- Found FastRTPS: /opt/ros/humble/include  
[1.786s] -- Using RMW implementation 'rmw_fastrtps_cpp' as default
[1.792s] -- Found Threads: TRUE  
[1.880s] -- Found rclcpp_lifecycle: 16.0.12 (/opt/ros/humble/share/rclcpp_lifecycle/cmake)
[1.913s] -- Found Boost: /usr/lib/x86_64-linux-gnu/cmake/Boost-1.74.0/BoostConfig.cmake (found version "1.74.0") found components: filesystem 
[2.003s] -- library: /usr/lib/x86_64-linux-gnu/libcurl.so
[2.078s] -- Found Eigen3: TRUE (found version "3.4.0") 
[2.078s] -- Ensuring Eigen3 include directory is part of orocos-kdl CMake target
[2.305s] -- Found ament_lint_auto: 0.12.12 (/opt/ros/humble/share/ament_lint_auto/cmake)
[2.320s] -- Added test 'cppcheck' to perform static code analysis on C / C++ code
[2.321s] -- Configured cppcheck include dirs: 
[2.321s] -- Configured cppcheck exclude dirs and/or files: 
[2.321s] -- Added test 'xmllint' to check XML markup files
[2.323s] -- Configuring done
[2.345s] -- Generating done
[2.354s] -- Build files have been written to: /home/wz/Desktop/ROS_ROBOT/build/moveit_chomp_optimizer_adapter
[2.367s] Invoked command in '/home/wz/Desktop/ROS_ROBOT/build/moveit_chomp_optimizer_adapter' returned '0': AMENT_PREFIX_PATH=/home/wz/Desktop/ROS_ROBOT/install/chomp_motion_planner:/home/wz/Desktop/ROS_ROBOT/install/moveit_core:/home/wz/Desktop/ROS_ROBOT/install/moveit_common:${AMENT_PREFIX_PATH} CMAKE_PREFIX_PATH=/home/wz/Desktop/ROS_ROBOT/install/chomp_motion_planner:/home/wz/Desktop/ROS_ROBOT/install/moveit_core:/home/wz/Desktop/ROS_ROBOT/install/moveit_common:/opt/ros/humble LD_LIBRARY_PATH=/home/wz/Desktop/ROS_ROBOT/install/chomp_motion_planner/lib:/home/wz/Desktop/ROS_ROBOT/install/moveit_core/lib:${LD_LIBRARY_PATH} PATH=/home/wz/Desktop/ROS_ROBOT/install/moveit_core/bin:${PATH} /usr/bin/cmake /home/wz/Desktop/ROS_ROBOT/src/moveit2/moveit_planners/chomp/chomp_optimizer_adapter -DAMENT_CMAKE_SYMLINK_INSTALL=1 -DCMAKE_INSTALL_PREFIX=/home/wz/Desktop/ROS_ROBOT/install/moveit_chomp_optimizer_adapter
[2.375s] Invoking command in '/home/wz/Desktop/ROS_ROBOT/build/moveit_chomp_optimizer_adapter': AMENT_PREFIX_PATH=/home/wz/Desktop/ROS_ROBOT/install/chomp_motion_planner:/home/wz/Desktop/ROS_ROBOT/install/moveit_core:/home/wz/Desktop/ROS_ROBOT/install/moveit_common:${AMENT_PREFIX_PATH} CMAKE_PREFIX_PATH=/home/wz/Desktop/ROS_ROBOT/install/chomp_motion_planner:/home/wz/Desktop/ROS_ROBOT/install/moveit_core:/home/wz/Desktop/ROS_ROBOT/install/moveit_common:/opt/ros/humble LD_LIBRARY_PATH=/home/wz/Desktop/ROS_ROBOT/install/chomp_motion_planner/lib:/home/wz/Desktop/ROS_ROBOT/install/moveit_core/lib:${LD_LIBRARY_PATH} PATH=/home/wz/Desktop/ROS_ROBOT/install/moveit_core/bin:${PATH} /usr/bin/cmake --build /home/wz/Desktop/ROS_ROBOT/build/moveit_chomp_optimizer_adapter -- -j4 -l4
[2.431s] [ 50%] [32mBuilding CXX object CMakeFiles/moveit_chomp_optimizer_adapter.dir/src/chomp_optimizer_adapter.cpp.o[0m
[13.537s] [100%] [32m[1mLinking CXX shared library libmoveit_chomp_optimizer_adapter.so[0m
[13.781s] [100%] Built target moveit_chomp_optimizer_adapter
[13.809s] Invoked command in '/home/wz/Desktop/ROS_ROBOT/build/moveit_chomp_optimizer_adapter' returned '0': AMENT_PREFIX_PATH=/home/wz/Desktop/ROS_ROBOT/install/chomp_motion_planner:/home/wz/Desktop/ROS_ROBOT/install/moveit_core:/home/wz/Desktop/ROS_ROBOT/install/moveit_common:${AMENT_PREFIX_PATH} CMAKE_PREFIX_PATH=/home/wz/Desktop/ROS_ROBOT/install/chomp_motion_planner:/home/wz/Desktop/ROS_ROBOT/install/moveit_core:/home/wz/Desktop/ROS_ROBOT/install/moveit_common:/opt/ros/humble LD_LIBRARY_PATH=/home/wz/Desktop/ROS_ROBOT/install/chomp_motion_planner/lib:/home/wz/Desktop/ROS_ROBOT/install/moveit_core/lib:${LD_LIBRARY_PATH} PATH=/home/wz/Desktop/ROS_ROBOT/install/moveit_core/bin:${PATH} /usr/bin/cmake --build /home/wz/Desktop/ROS_ROBOT/build/moveit_chomp_optimizer_adapter -- -j4 -l4
[13.809s] Invoking command in '/home/wz/Desktop/ROS_ROBOT/build/moveit_chomp_optimizer_adapter': AMENT_PREFIX_PATH=/home/wz/Desktop/ROS_ROBOT/install/chomp_motion_planner:/home/wz/Desktop/ROS_ROBOT/install/moveit_core:/home/wz/Desktop/ROS_ROBOT/install/moveit_common:${AMENT_PREFIX_PATH} CMAKE_PREFIX_PATH=/home/wz/Desktop/ROS_ROBOT/install/chomp_motion_planner:/home/wz/Desktop/ROS_ROBOT/install/moveit_core:/home/wz/Desktop/ROS_ROBOT/install/moveit_common:/opt/ros/humble LD_LIBRARY_PATH=/home/wz/Desktop/ROS_ROBOT/install/chomp_motion_planner/lib:/home/wz/Desktop/ROS_ROBOT/install/moveit_core/lib:${LD_LIBRARY_PATH} PATH=/home/wz/Desktop/ROS_ROBOT/install/moveit_core/bin:${PATH} /usr/bin/cmake --install /home/wz/Desktop/ROS_ROBOT/build/moveit_chomp_optimizer_adapter
[13.825s] -- Install configuration: "Release"
[13.825s] -- Execute custom install script
[13.825s] -- Symlinking: /home/wz/Desktop/ROS_ROBOT/install/moveit_chomp_optimizer_adapter/share/moveit_chomp_optimizer_adapter/environment/library_path.sh
[13.838s] -- Symlinking: /home/wz/Desktop/ROS_ROBOT/install/moveit_chomp_optimizer_adapter/share/moveit_chomp_optimizer_adapter/environment/library_path.dsv
[13.851s] -- Symlinking: /home/wz/Desktop/ROS_ROBOT/install/moveit_chomp_optimizer_adapter/share/moveit_chomp_optimizer_adapter//chomp_optimizer_adapter_plugin_description.xml
[13.860s] -- Symlinking: /home/wz/Desktop/ROS_ROBOT/install/moveit_chomp_optimizer_adapter/share/ament_index/resource_index/package_run_dependencies/moveit_chomp_optimizer_adapter
[13.869s] -- Symlinking: /home/wz/Desktop/ROS_ROBOT/install/moveit_chomp_optimizer_adapter/share/ament_index/resource_index/parent_prefix_path/moveit_chomp_optimizer_adapter
[13.877s] -- Symlinking: /home/wz/Desktop/ROS_ROBOT/install/moveit_chomp_optimizer_adapter/share/moveit_chomp_optimizer_adapter/environment/ament_prefix_path.sh
[13.884s] -- Symlinking: /home/wz/Desktop/ROS_ROBOT/install/moveit_chomp_optimizer_adapter/share/moveit_chomp_optimizer_adapter/environment/ament_prefix_path.dsv
[13.902s] -- Symlinking: /home/wz/Desktop/ROS_ROBOT/install/moveit_chomp_optimizer_adapter/share/moveit_chomp_optimizer_adapter/environment/path.sh
[13.922s] -- Symlinking: /home/wz/Desktop/ROS_ROBOT/install/moveit_chomp_optimizer_adapter/share/moveit_chomp_optimizer_adapter/environment/path.dsv
[13.931s] -- Symlinking: /home/wz/Desktop/ROS_ROBOT/install/moveit_chomp_optimizer_adapter/share/moveit_chomp_optimizer_adapter/local_setup.bash
[13.943s] -- Symlinking: /home/wz/Desktop/ROS_ROBOT/install/moveit_chomp_optimizer_adapter/share/moveit_chomp_optimizer_adapter/local_setup.sh
[13.953s] -- Symlinking: /home/wz/Desktop/ROS_ROBOT/install/moveit_chomp_optimizer_adapter/share/moveit_chomp_optimizer_adapter/local_setup.zsh
[13.965s] -- Symlinking: /home/wz/Desktop/ROS_ROBOT/install/moveit_chomp_optimizer_adapter/share/moveit_chomp_optimizer_adapter/local_setup.dsv
[13.971s] -- Symlinking: /home/wz/Desktop/ROS_ROBOT/install/moveit_chomp_optimizer_adapter/share/moveit_chomp_optimizer_adapter/package.dsv
[13.979s] -- Symlinking: /home/wz/Desktop/ROS_ROBOT/install/moveit_chomp_optimizer_adapter/share/ament_index/resource_index/packages/moveit_chomp_optimizer_adapter
[13.989s] -- Symlinking: /home/wz/Desktop/ROS_ROBOT/install/moveit_chomp_optimizer_adapter/share/ament_index/resource_index/moveit_core__pluginlib__plugin/moveit_chomp_optimizer_adapter
[13.997s] -- Symlinking: /home/wz/Desktop/ROS_ROBOT/install/moveit_chomp_optimizer_adapter/share/moveit_chomp_optimizer_adapter/cmake/ament_cmake_export_targets-extras.cmake
[14.009s] -- Symlinking: /home/wz/Desktop/ROS_ROBOT/install/moveit_chomp_optimizer_adapter/share/moveit_chomp_optimizer_adapter/cmake/moveit_chomp_optimizer_adapterConfig.cmake
[14.026s] -- Symlinking: /home/wz/Desktop/ROS_ROBOT/install/moveit_chomp_optimizer_adapter/share/moveit_chomp_optimizer_adapter/cmake/moveit_chomp_optimizer_adapterConfig-version.cmake
[14.035s] -- Symlinking: /home/wz/Desktop/ROS_ROBOT/install/moveit_chomp_optimizer_adapter/share/moveit_chomp_optimizer_adapter/package.xml
[14.043s] -- Installing: /home/wz/Desktop/ROS_ROBOT/install/moveit_chomp_optimizer_adapter/lib/libmoveit_chomp_optimizer_adapter.so.2.5.9
[14.043s] -- Set runtime path of "/home/wz/Desktop/ROS_ROBOT/install/moveit_chomp_optimizer_adapter/lib/libmoveit_chomp_optimizer_adapter.so.2.5.9" to ""
[14.044s] -- Installing: /home/wz/Desktop/ROS_ROBOT/install/moveit_chomp_optimizer_adapter/lib/libmoveit_chomp_optimizer_adapter.so
[14.044s] -- Installing: /home/wz/Desktop/ROS_ROBOT/install/moveit_chomp_optimizer_adapter/share/moveit_chomp_optimizer_adapter/cmake/moveit_chomp_optimizer_adapterTargetsExport.cmake
[14.044s] -- Installing: /home/wz/Desktop/ROS_ROBOT/install/moveit_chomp_optimizer_adapter/share/moveit_chomp_optimizer_adapter/cmake/moveit_chomp_optimizer_adapterTargetsExport-release.cmake
[14.046s] Invoked command in '/home/wz/Desktop/ROS_ROBOT/build/moveit_chomp_optimizer_adapter' returned '0': AMENT_PREFIX_PATH=/home/wz/Desktop/ROS_ROBOT/install/chomp_motion_planner:/home/wz/Desktop/ROS_ROBOT/install/moveit_core:/home/wz/Desktop/ROS_ROBOT/install/moveit_common:${AMENT_PREFIX_PATH} CMAKE_PREFIX_PATH=/home/wz/Desktop/ROS_ROBOT/install/chomp_motion_planner:/home/wz/Desktop/ROS_ROBOT/install/moveit_core:/home/wz/Desktop/ROS_ROBOT/install/moveit_common:/opt/ros/humble LD_LIBRARY_PATH=/home/wz/Desktop/ROS_ROBOT/install/chomp_motion_planner/lib:/home/wz/Desktop/ROS_ROBOT/install/moveit_core/lib:${LD_LIBRARY_PATH} PATH=/home/wz/Desktop/ROS_ROBOT/install/moveit_core/bin:${PATH} /usr/bin/cmake --install /home/wz/Desktop/ROS_ROBOT/build/moveit_chomp_optimizer_adapter
