-- The C compiler identification is GNU 11.4.0
-- The CXX compiler identification is GNU 11.4.0
-- Detecting C compiler ABI info
-- Detecting C compiler ABI info - done
-- Check for working C compiler: /usr/bin/cc - skipped
-- Detecting C compile features
-- Detecting C compile features - done
-- Detecting CXX compiler ABI info
-- Detecting CXX compiler ABI info - done
-- Check for working CXX compiler: /usr/bin/c++ - skipped
-- Detecting CXX compile features
-- Detecting CXX compile features - done
-- Found ament_cmake: 1.3.11 (/opt/ros/humble/share/ament_cmake/cmake)
-- Found Python3: /usr/bin/python3 (found version "3.10.12") found components: Interpreter 
-- Override CMake install command with custom implementation using symlinks instead of copying resources
-- Found ament_lint_auto: 0.12.12 (/opt/ros/humble/share/ament_lint_auto/cmake)
-- Added test 'copyright' to check source files copyright and LICENSE
-- Added test 'lint_cmake' to check CMake code style
-- Added test 'xmllint' to check XML markup files
-- Configuring done
-- Generating done
-- Build files have been written to: /home/wz/Desktop/ROS_ROBOT/build/moveit_plugins
-- Install configuration: ""
-- Execute custom install script
-- Symlinking: /home/wz/Desktop/ROS_ROBOT/install/moveit_plugins/share/ament_index/resource_index/package_run_dependencies/moveit_plugins
-- Symlinking: /home/wz/Desktop/ROS_ROBOT/install/moveit_plugins/share/ament_index/resource_index/parent_prefix_path/moveit_plugins
-- Symlinking: /home/wz/Desktop/ROS_ROBOT/install/moveit_plugins/share/moveit_plugins/environment/ament_prefix_path.sh
-- Symlinking: /home/wz/Desktop/ROS_ROBOT/install/moveit_plugins/share/moveit_plugins/environment/ament_prefix_path.dsv
-- Symlinking: /home/wz/Desktop/ROS_ROBOT/install/moveit_plugins/share/moveit_plugins/environment/path.sh
-- Symlinking: /home/wz/Desktop/ROS_ROBOT/install/moveit_plugins/share/moveit_plugins/environment/path.dsv
-- Symlinking: /home/wz/Desktop/ROS_ROBOT/install/moveit_plugins/share/moveit_plugins/local_setup.bash
-- Symlinking: /home/wz/Desktop/ROS_ROBOT/install/moveit_plugins/share/moveit_plugins/local_setup.sh
-- Symlinking: /home/wz/Desktop/ROS_ROBOT/install/moveit_plugins/share/moveit_plugins/local_setup.zsh
-- Symlinking: /home/wz/Desktop/ROS_ROBOT/install/moveit_plugins/share/moveit_plugins/local_setup.dsv
-- Symlinking: /home/wz/Desktop/ROS_ROBOT/install/moveit_plugins/share/moveit_plugins/package.dsv
-- Symlinking: /home/wz/Desktop/ROS_ROBOT/install/moveit_plugins/share/ament_index/resource_index/packages/moveit_plugins
-- Symlinking: /home/wz/Desktop/ROS_ROBOT/install/moveit_plugins/share/moveit_plugins/cmake/moveit_pluginsConfig.cmake
-- Symlinking: /home/wz/Desktop/ROS_ROBOT/install/moveit_plugins/share/moveit_plugins/cmake/moveit_pluginsConfig-version.cmake
-- Symlinking: /home/wz/Desktop/ROS_ROBOT/install/moveit_plugins/share/moveit_plugins/package.xml
