[0.032s] Invoking command in '/home/wz/Desktop/ROS_ROBOT/build/moveit_plugins': AMENT_PREFIX_PATH=/home/wz/Desktop/ROS_ROBOT/install/moveit_simple_controller_manager:/home/wz/Desktop/ROS_ROBOT/install/moveit_core:/home/wz/Desktop/ROS_ROBOT/install/moveit_common:${AMENT_PREFIX_PATH} CMAKE_PREFIX_PATH=/home/wz/Desktop/ROS_ROBOT/install/moveit_simple_controller_manager:/home/wz/Desktop/ROS_ROBOT/install/moveit_core:/home/wz/Desktop/ROS_ROBOT/install/moveit_common:/opt/ros/humble LD_LIBRARY_PATH=/home/wz/Desktop/ROS_ROBOT/install/moveit_simple_controller_manager/lib:/home/wz/Desktop/ROS_ROBOT/install/moveit_core/lib:${LD_LIBRARY_PATH} PATH=/home/wz/Desktop/ROS_ROBOT/install/moveit_core/bin:${PATH} /usr/bin/cmake /home/wz/Desktop/ROS_ROBOT/src/moveit2/moveit_plugins/moveit_plugins -DAMENT_CMAKE_SYMLINK_INSTALL=1 -DCMAKE_INSTALL_PREFIX=/home/wz/Desktop/ROS_ROBOT/install/moveit_plugins
[0.156s] -- The C compiler identification is GNU 11.4.0
[0.257s] -- The CXX compiler identification is GNU 11.4.0
[0.267s] -- Detecting C compiler ABI info
[0.377s] -- Detecting C compiler ABI info - done
[0.388s] -- Check for working C compiler: /usr/bin/cc - skipped
[0.389s] -- Detecting C compile features
[0.389s] -- Detecting C compile features - done
[0.392s] -- Detecting CXX compiler ABI info
[0.518s] -- Detecting CXX compiler ABI info - done
[0.540s] -- Check for working CXX compiler: /usr/bin/c++ - skipped
[0.540s] -- Detecting CXX compile features
[0.544s] -- Detecting CXX compile features - done
[0.549s] -- Found ament_cmake: 1.3.11 (/opt/ros/humble/share/ament_cmake/cmake)
[0.703s] -- Found Python3: /usr/bin/python3 (found version "3.10.12") found components: Interpreter 
[0.779s] -- Override CMake install command with custom implementation using symlinks instead of copying resources
[0.864s] -- Found ament_lint_auto: 0.12.12 (/opt/ros/humble/share/ament_lint_auto/cmake)
[1.001s] -- Added test 'copyright' to check source files copyright and LICENSE
[1.004s] -- Added test 'lint_cmake' to check CMake code style
[1.005s] -- Added test 'xmllint' to check XML markup files
[1.010s] -- Configuring done
[1.018s] -- Generating done
[1.023s] -- Build files have been written to: /home/wz/Desktop/ROS_ROBOT/build/moveit_plugins
[1.040s] Invoked command in '/home/wz/Desktop/ROS_ROBOT/build/moveit_plugins' returned '0': AMENT_PREFIX_PATH=/home/wz/Desktop/ROS_ROBOT/install/moveit_simple_controller_manager:/home/wz/Desktop/ROS_ROBOT/install/moveit_core:/home/wz/Desktop/ROS_ROBOT/install/moveit_common:${AMENT_PREFIX_PATH} CMAKE_PREFIX_PATH=/home/wz/Desktop/ROS_ROBOT/install/moveit_simple_controller_manager:/home/wz/Desktop/ROS_ROBOT/install/moveit_core:/home/wz/Desktop/ROS_ROBOT/install/moveit_common:/opt/ros/humble LD_LIBRARY_PATH=/home/wz/Desktop/ROS_ROBOT/install/moveit_simple_controller_manager/lib:/home/wz/Desktop/ROS_ROBOT/install/moveit_core/lib:${LD_LIBRARY_PATH} PATH=/home/wz/Desktop/ROS_ROBOT/install/moveit_core/bin:${PATH} /usr/bin/cmake /home/wz/Desktop/ROS_ROBOT/src/moveit2/moveit_plugins/moveit_plugins -DAMENT_CMAKE_SYMLINK_INSTALL=1 -DCMAKE_INSTALL_PREFIX=/home/wz/Desktop/ROS_ROBOT/install/moveit_plugins
[1.041s] Invoking command in '/home/wz/Desktop/ROS_ROBOT/build/moveit_plugins': AMENT_PREFIX_PATH=/home/wz/Desktop/ROS_ROBOT/install/moveit_simple_controller_manager:/home/wz/Desktop/ROS_ROBOT/install/moveit_core:/home/wz/Desktop/ROS_ROBOT/install/moveit_common:${AMENT_PREFIX_PATH} CMAKE_PREFIX_PATH=/home/wz/Desktop/ROS_ROBOT/install/moveit_simple_controller_manager:/home/wz/Desktop/ROS_ROBOT/install/moveit_core:/home/wz/Desktop/ROS_ROBOT/install/moveit_common:/opt/ros/humble LD_LIBRARY_PATH=/home/wz/Desktop/ROS_ROBOT/install/moveit_simple_controller_manager/lib:/home/wz/Desktop/ROS_ROBOT/install/moveit_core/lib:${LD_LIBRARY_PATH} PATH=/home/wz/Desktop/ROS_ROBOT/install/moveit_core/bin:${PATH} /usr/bin/cmake --build /home/wz/Desktop/ROS_ROBOT/build/moveit_plugins -- -j4 -l4
[1.089s] Invoked command in '/home/wz/Desktop/ROS_ROBOT/build/moveit_plugins' returned '0': AMENT_PREFIX_PATH=/home/wz/Desktop/ROS_ROBOT/install/moveit_simple_controller_manager:/home/wz/Desktop/ROS_ROBOT/install/moveit_core:/home/wz/Desktop/ROS_ROBOT/install/moveit_common:${AMENT_PREFIX_PATH} CMAKE_PREFIX_PATH=/home/wz/Desktop/ROS_ROBOT/install/moveit_simple_controller_manager:/home/wz/Desktop/ROS_ROBOT/install/moveit_core:/home/wz/Desktop/ROS_ROBOT/install/moveit_common:/opt/ros/humble LD_LIBRARY_PATH=/home/wz/Desktop/ROS_ROBOT/install/moveit_simple_controller_manager/lib:/home/wz/Desktop/ROS_ROBOT/install/moveit_core/lib:${LD_LIBRARY_PATH} PATH=/home/wz/Desktop/ROS_ROBOT/install/moveit_core/bin:${PATH} /usr/bin/cmake --build /home/wz/Desktop/ROS_ROBOT/build/moveit_plugins -- -j4 -l4
[1.090s] Invoking command in '/home/wz/Desktop/ROS_ROBOT/build/moveit_plugins': AMENT_PREFIX_PATH=/home/wz/Desktop/ROS_ROBOT/install/moveit_simple_controller_manager:/home/wz/Desktop/ROS_ROBOT/install/moveit_core:/home/wz/Desktop/ROS_ROBOT/install/moveit_common:${AMENT_PREFIX_PATH} CMAKE_PREFIX_PATH=/home/wz/Desktop/ROS_ROBOT/install/moveit_simple_controller_manager:/home/wz/Desktop/ROS_ROBOT/install/moveit_core:/home/wz/Desktop/ROS_ROBOT/install/moveit_common:/opt/ros/humble LD_LIBRARY_PATH=/home/wz/Desktop/ROS_ROBOT/install/moveit_simple_controller_manager/lib:/home/wz/Desktop/ROS_ROBOT/install/moveit_core/lib:${LD_LIBRARY_PATH} PATH=/home/wz/Desktop/ROS_ROBOT/install/moveit_core/bin:${PATH} /usr/bin/cmake --install /home/wz/Desktop/ROS_ROBOT/build/moveit_plugins
[1.092s] -- Install configuration: ""
[1.093s] -- Execute custom install script
[1.093s] -- Symlinking: /home/wz/Desktop/ROS_ROBOT/install/moveit_plugins/share/ament_index/resource_index/package_run_dependencies/moveit_plugins
[1.102s] -- Symlinking: /home/wz/Desktop/ROS_ROBOT/install/moveit_plugins/share/ament_index/resource_index/parent_prefix_path/moveit_plugins
[1.117s] -- Symlinking: /home/wz/Desktop/ROS_ROBOT/install/moveit_plugins/share/moveit_plugins/environment/ament_prefix_path.sh
[1.133s] -- Symlinking: /home/wz/Desktop/ROS_ROBOT/install/moveit_plugins/share/moveit_plugins/environment/ament_prefix_path.dsv
[1.146s] -- Symlinking: /home/wz/Desktop/ROS_ROBOT/install/moveit_plugins/share/moveit_plugins/environment/path.sh
[1.154s] -- Symlinking: /home/wz/Desktop/ROS_ROBOT/install/moveit_plugins/share/moveit_plugins/environment/path.dsv
[1.166s] -- Symlinking: /home/wz/Desktop/ROS_ROBOT/install/moveit_plugins/share/moveit_plugins/local_setup.bash
[1.175s] -- Symlinking: /home/wz/Desktop/ROS_ROBOT/install/moveit_plugins/share/moveit_plugins/local_setup.sh
[1.184s] -- Symlinking: /home/wz/Desktop/ROS_ROBOT/install/moveit_plugins/share/moveit_plugins/local_setup.zsh
[1.196s] -- Symlinking: /home/wz/Desktop/ROS_ROBOT/install/moveit_plugins/share/moveit_plugins/local_setup.dsv
[1.202s] -- Symlinking: /home/wz/Desktop/ROS_ROBOT/install/moveit_plugins/share/moveit_plugins/package.dsv
[1.213s] -- Symlinking: /home/wz/Desktop/ROS_ROBOT/install/moveit_plugins/share/ament_index/resource_index/packages/moveit_plugins
[1.221s] -- Symlinking: /home/wz/Desktop/ROS_ROBOT/install/moveit_plugins/share/moveit_plugins/cmake/moveit_pluginsConfig.cmake
[1.235s] -- Symlinking: /home/wz/Desktop/ROS_ROBOT/install/moveit_plugins/share/moveit_plugins/cmake/moveit_pluginsConfig-version.cmake
[1.251s] -- Symlinking: /home/wz/Desktop/ROS_ROBOT/install/moveit_plugins/share/moveit_plugins/package.xml
[1.264s] Invoked command in '/home/wz/Desktop/ROS_ROBOT/build/moveit_plugins' returned '0': AMENT_PREFIX_PATH=/home/wz/Desktop/ROS_ROBOT/install/moveit_simple_controller_manager:/home/wz/Desktop/ROS_ROBOT/install/moveit_core:/home/wz/Desktop/ROS_ROBOT/install/moveit_common:${AMENT_PREFIX_PATH} CMAKE_PREFIX_PATH=/home/wz/Desktop/ROS_ROBOT/install/moveit_simple_controller_manager:/home/wz/Desktop/ROS_ROBOT/install/moveit_core:/home/wz/Desktop/ROS_ROBOT/install/moveit_common:/opt/ros/humble LD_LIBRARY_PATH=/home/wz/Desktop/ROS_ROBOT/install/moveit_simple_controller_manager/lib:/home/wz/Desktop/ROS_ROBOT/install/moveit_core/lib:${LD_LIBRARY_PATH} PATH=/home/wz/Desktop/ROS_ROBOT/install/moveit_core/bin:${PATH} /usr/bin/cmake --install /home/wz/Desktop/ROS_ROBOT/build/moveit_plugins
