[0.023s] Invoking command in '/home/wz/Desktop/ROS_ROBOT/build/moveit_common': CMAKE_PREFIX_PATH=/opt/ros/humble /usr/bin/cmake /home/wz/Desktop/ROS_ROBOT/src/moveit2/moveit_common -DAMENT_CMAKE_SYMLINK_INSTALL=1 -DCMAKE_INSTALL_PREFIX=/home/wz/Desktop/ROS_ROBOT/install/moveit_common
[0.248s] -- Found ament_cmake: 1.3.11 (/opt/ros/humble/share/ament_cmake/cmake)
[0.269s] -- Found Python3: /usr/bin/python3 (found version "3.10.12") found components: Interpreter 
[0.353s] -- Override CMake install command with custom implementation using symlinks instead of copying resources
[0.442s] -- Found ament_lint_auto: 0.12.12 (/opt/ros/humble/share/ament_lint_auto/cmake)
[0.548s] -- Added test 'copyright' to check source files copyright and LICENSE
[0.552s] -- Added test 'lint_cmake' to check CMake code style
[0.555s] -- Added test 'xmllint' to check XML markup files
[0.562s] -- Configuring done
[0.566s] -- Generating done
[0.567s] -- Build files have been written to: /home/wz/Desktop/ROS_ROBOT/build/moveit_common
[0.573s] Invoked command in '/home/wz/Desktop/ROS_ROBOT/build/moveit_common' returned '0': CMAKE_PREFIX_PATH=/opt/ros/humble /usr/bin/cmake /home/wz/Desktop/ROS_ROBOT/src/moveit2/moveit_common -DAMENT_CMAKE_SYMLINK_INSTALL=1 -DCMAKE_INSTALL_PREFIX=/home/wz/Desktop/ROS_ROBOT/install/moveit_common
[0.573s] Invoking command in '/home/wz/Desktop/ROS_ROBOT/build/moveit_common': CMAKE_PREFIX_PATH=/opt/ros/humble /usr/bin/cmake --build /home/wz/Desktop/ROS_ROBOT/build/moveit_common -- -j4 -l4
[0.602s] Invoked command in '/home/wz/Desktop/ROS_ROBOT/build/moveit_common' returned '0': CMAKE_PREFIX_PATH=/opt/ros/humble /usr/bin/cmake --build /home/wz/Desktop/ROS_ROBOT/build/moveit_common -- -j4 -l4
[0.611s] Invoking command in '/home/wz/Desktop/ROS_ROBOT/build/moveit_common': CMAKE_PREFIX_PATH=/opt/ros/humble /usr/bin/cmake --install /home/wz/Desktop/ROS_ROBOT/build/moveit_common
[0.618s] -- Install configuration: ""
[0.618s] -- Execute custom install script
[0.618s] -- Symlinking: /home/wz/Desktop/ROS_ROBOT/install/moveit_common/share/ament_index/resource_index/package_run_dependencies/moveit_common
[0.629s] -- Symlinking: /home/wz/Desktop/ROS_ROBOT/install/moveit_common/share/ament_index/resource_index/parent_prefix_path/moveit_common
[0.652s] -- Symlinking: /home/wz/Desktop/ROS_ROBOT/install/moveit_common/share/moveit_common/environment/ament_prefix_path.sh
[0.665s] -- Symlinking: /home/wz/Desktop/ROS_ROBOT/install/moveit_common/share/moveit_common/environment/ament_prefix_path.dsv
[0.673s] -- Symlinking: /home/wz/Desktop/ROS_ROBOT/install/moveit_common/share/moveit_common/environment/path.sh
[0.680s] -- Symlinking: /home/wz/Desktop/ROS_ROBOT/install/moveit_common/share/moveit_common/environment/path.dsv
[0.690s] -- Symlinking: /home/wz/Desktop/ROS_ROBOT/install/moveit_common/share/moveit_common/local_setup.bash
[0.699s] -- Symlinking: /home/wz/Desktop/ROS_ROBOT/install/moveit_common/share/moveit_common/local_setup.sh
[0.708s] -- Symlinking: /home/wz/Desktop/ROS_ROBOT/install/moveit_common/share/moveit_common/local_setup.zsh
[0.720s] -- Symlinking: /home/wz/Desktop/ROS_ROBOT/install/moveit_common/share/moveit_common/local_setup.dsv
[0.726s] -- Symlinking: /home/wz/Desktop/ROS_ROBOT/install/moveit_common/share/moveit_common/package.dsv
[0.746s] -- Symlinking: /home/wz/Desktop/ROS_ROBOT/install/moveit_common/share/ament_index/resource_index/packages/moveit_common
[0.757s] -- Symlinking: /home/wz/Desktop/ROS_ROBOT/install/moveit_common/share/moveit_common/cmake/moveit_common-extras.cmake
[0.776s] -- Symlinking: /home/wz/Desktop/ROS_ROBOT/install/moveit_common/share/moveit_common/cmake/moveit_commonConfig.cmake
[0.791s] -- Symlinking: /home/wz/Desktop/ROS_ROBOT/install/moveit_common/share/moveit_common/cmake/moveit_commonConfig-version.cmake
[0.799s] -- Symlinking: /home/wz/Desktop/ROS_ROBOT/install/moveit_common/share/moveit_common/package.xml
[0.814s] -- Symlinking: /home/wz/Desktop/ROS_ROBOT/install/moveit_common/share/moveit_common/cmake/moveit_package.cmake
[0.828s] Invoked command in '/home/wz/Desktop/ROS_ROBOT/build/moveit_common' returned '0': CMAKE_PREFIX_PATH=/opt/ros/humble /usr/bin/cmake --install /home/wz/Desktop/ROS_ROBOT/build/moveit_common
