[0.073s] Invoking command in '/home/wz/Desktop/ROS_ROBOT/build/moveit_setup_core_plugins': AMENT_PREFIX_PATH=/home/wz/Desktop/ROS_ROBOT/install/moveit_setup_framework:/home/wz/Desktop/ROS_ROBOT/install/moveit_ros_visualization:/home/wz/Desktop/ROS_ROBOT/install/moveit_ros_planning_interface:/home/wz/Desktop/ROS_ROBOT/install/moveit_ros_move_group:/home/wz/Desktop/ROS_ROBOT/install/moveit_ros_warehouse:/home/wz/Desktop/ROS_ROBOT/install/moveit_ros_robot_interaction:/home/wz/Desktop/ROS_ROBOT/install/moveit_planners_ompl:/home/wz/Desktop/ROS_ROBOT/install/moveit_kinematics:/home/wz/Desktop/ROS_ROBOT/install/moveit_ros_planning:/home/wz/Desktop/ROS_ROBOT/install/moveit_simple_controller_manager:/home/wz/Desktop/ROS_ROBOT/install/moveit_ros_occupancy_map_monitor:/home/wz/Desktop/ROS_ROBOT/install/moveit_core:/home/wz/Desktop/ROS_ROBOT/install/moveit_configs_utils:/home/wz/Desktop/ROS_ROBOT/install/moveit_common:${AMENT_PREFIX_PATH} CMAKE_PREFIX_PATH=/home/wz/Desktop/ROS_ROBOT/install/moveit_setup_framework:/home/wz/Desktop/ROS_ROBOT/install/moveit_ros_visualization:/home/wz/Desktop/ROS_ROBOT/install/moveit_ros_planning_interface:/home/wz/Desktop/ROS_ROBOT/install/moveit_ros_move_group:/home/wz/Desktop/ROS_ROBOT/install/moveit_ros_warehouse:/home/wz/Desktop/ROS_ROBOT/install/moveit_ros_robot_interaction:/home/wz/Desktop/ROS_ROBOT/install/moveit_planners_ompl:/home/wz/Desktop/ROS_ROBOT/install/moveit_kinematics:/home/wz/Desktop/ROS_ROBOT/install/moveit_ros_planning:/home/wz/Desktop/ROS_ROBOT/install/moveit_simple_controller_manager:/home/wz/Desktop/ROS_ROBOT/install/moveit_ros_occupancy_map_monitor:/home/wz/Desktop/ROS_ROBOT/install/moveit_core:/home/wz/Desktop/ROS_ROBOT/install/moveit_common:/opt/ros/humble LD_LIBRARY_PATH=/home/wz/Desktop/ROS_ROBOT/install/moveit_setup_framework/lib:/home/wz/Desktop/ROS_ROBOT/install/moveit_ros_visualization/lib:/home/wz/Desktop/ROS_ROBOT/install/moveit_ros_planning_interface/lib:/home/wz/Desktop/ROS_ROBOT/install/moveit_ros_move_group/lib:/home/wz/Desktop/ROS_ROBOT/install/moveit_ros_warehouse/lib:/home/wz/Desktop/ROS_ROBOT/install/moveit_ros_robot_interaction/lib:/home/wz/Desktop/ROS_ROBOT/install/moveit_planners_ompl/lib:/home/wz/Desktop/ROS_ROBOT/install/moveit_kinematics/lib:/home/wz/Desktop/ROS_ROBOT/install/moveit_ros_planning/lib:/home/wz/Desktop/ROS_ROBOT/install/moveit_simple_controller_manager/lib:/home/wz/Desktop/ROS_ROBOT/install/moveit_ros_occupancy_map_monitor/lib:/home/wz/Desktop/ROS_ROBOT/install/moveit_core/lib:${LD_LIBRARY_PATH} PATH=/home/wz/Desktop/ROS_ROBOT/install/moveit_core/bin:${PATH} PYTHONPATH=/home/wz/Desktop/ROS_ROBOT/build/moveit_configs_utils:/home/wz/Desktop/ROS_ROBOT/install/moveit_configs_utils/lib/python3.10/site-packages:${PYTHONPATH} /usr/bin/cmake /home/wz/Desktop/ROS_ROBOT/src/moveit2/moveit_setup_assistant/moveit_setup_core_plugins -DAMENT_CMAKE_SYMLINK_INSTALL=1 -DCMAKE_INSTALL_PREFIX=/home/wz/Desktop/ROS_ROBOT/install/moveit_setup_core_plugins
[0.167s] -- The C compiler identification is GNU 11.4.0
[0.241s] -- The CXX compiler identification is GNU 11.4.0
[0.254s] -- Detecting C compiler ABI info
[0.343s] -- Detecting C compiler ABI info - done
[0.350s] -- Check for working C compiler: /usr/bin/cc - skipped
[0.350s] -- Detecting C compile features
[0.350s] -- Detecting C compile features - done
[0.352s] -- Detecting CXX compiler ABI info
[0.458s] -- Detecting CXX compiler ABI info - done
[0.466s] -- Check for working CXX compiler: /usr/bin/c++ - skipped
[0.466s] -- Detecting CXX compile features
[0.468s] -- Detecting CXX compile features - done
[0.469s] -- Found moveit_common: 2.5.9 (/home/wz/Desktop/ROS_ROBOT/install/moveit_common/share/moveit_common/cmake)
[0.473s] -- Found ament_cmake: 1.3.11 (/opt/ros/humble/share/ament_cmake/cmake)
[0.690s] -- Found Python3: /usr/bin/python3 (found version "3.10.12") found components: Interpreter 
[0.803s] -- Override CMake install command with custom implementation using symlinks instead of copying resources
[1.014s] -- Found ament_cmake_ros: 0.10.0 (/opt/ros/humble/share/ament_cmake_ros/cmake)
[1.014s] [0mmoveit_setup_core_plugins: You did not request a specific build type: Choosing 'Release' for maximum performance[0m
[1.034s] -- Found ament_index_cpp: 1.4.0 (/opt/ros/humble/share/ament_index_cpp/cmake)
[1.035s] -- Found moveit_ros_visualization: 2.5.9 (/home/wz/Desktop/ROS_ROBOT/install/moveit_ros_visualization/share/moveit_ros_visualization/cmake)
[1.454s] -- Found Boost: /usr/lib/x86_64-linux-gnu/cmake/Boost-1.74.0/BoostConfig.cmake (found version "1.74.0") found components: thread date_time system filesystem 
[1.485s] -- Found Boost: /usr/lib/x86_64-linux-gnu/cmake/Boost-1.74.0/BoostConfig.cmake (found version "1.74.0") found components: filesystem 
[1.561s] -- Found rosidl_generator_c: 3.1.6 (/opt/ros/humble/share/rosidl_generator_c/cmake)
[1.569s] -- Found rosidl_adapter: 3.1.6 (/opt/ros/humble/share/rosidl_adapter/cmake)
[1.578s] -- Found rosidl_generator_cpp: 3.1.6 (/opt/ros/humble/share/rosidl_generator_cpp/cmake)
[1.596s] -- Using all available rosidl_typesupport_c: rosidl_typesupport_fastrtps_c;rosidl_typesupport_introspection_c
[1.608s] -- Using all available rosidl_typesupport_cpp: rosidl_typesupport_fastrtps_cpp;rosidl_typesupport_introspection_cpp
[1.742s] -- Found rmw_implementation_cmake: 6.1.2 (/opt/ros/humble/share/rmw_implementation_cmake/cmake)
[1.742s] -- Found rmw_fastrtps_cpp: 6.2.7 (/opt/ros/humble/share/rmw_fastrtps_cpp/cmake)
[1.886s] -- Found OpenSSL: /usr/lib/x86_64-linux-gnu/libcrypto.so (found version "3.0.2")  
[1.926s] -- Found FastRTPS: /opt/ros/humble/include  
[1.979s] -- Using RMW implementation 'rmw_fastrtps_cpp' as default
[1.992s] -- Found Threads: TRUE  
[2.139s] -- library: /usr/lib/x86_64-linux-gnu/libcurl.so
[2.236s] -- Found Boost: /usr/lib/x86_64-linux-gnu/cmake/Boost-1.74.0/BoostConfig.cmake (found version "1.74.0") found components: system filesystem date_time program_options thread chrono 
[2.420s] -- Found Boost: /usr/lib/x86_64-linux-gnu/cmake/Boost-1.74.0/BoostConfig.cmake (found version "1.74.0") found components: chrono date_time filesystem iostreams program_options regex serialization system thread 
[2.458s] -- Found parameter_traits: 0.5.0 (/opt/ros/humble/share/parameter_traits/cmake)
[2.488s] -- Found rclcpp_lifecycle: 16.0.12 (/opt/ros/humble/share/rclcpp_lifecycle/cmake)
[2.531s] -- Found Eigen3: TRUE (found version "3.4.0") 
[2.532s] -- Ensuring Eigen3 include directory is part of orocos-kdl CMake target
[2.700s] -- Found Boost: /usr/lib/x86_64-linux-gnu/cmake/Boost-1.74.0/BoostConfig.cmake (found version "1.74.0") found components: date_time filesystem program_options system thread 
[2.717s] -- Found Boost: /usr/lib/x86_64-linux-gnu/cmake/Boost-1.74.0/BoostConfig.cmake (found version "1.74.0") found components: thread system filesystem regex date_time program_options 
[2.741s] -- Found Boost: /usr/lib/x86_64-linux-gnu/cmake/Boost-1.74.0/BoostConfig.cmake (found version "1.74.0") found components: system filesystem date_time program_options thread 
[2.808s] -- Setting OGRE_DIR to: '/opt/ros/humble/share/rviz_ogre_vendor/cmake/../../../opt/rviz_ogre_vendor/lib/OGRE/cmake'
[2.810s] -- Found OGRE
[2.810s] --   static     : OFF
[2.810s] --   components : HLMS;MeshLodGenerator;Overlay;Paging;Property;RTShaderSystem;Terrain;Volume
[2.810s] --   plugins    : Plugin_BSPSceneManager;Plugin_OctreeSceneManager;Plugin_PCZSceneManager;Plugin_ParticleFX;RenderSystem_GL;RenderSystem_GL3Plus;Codec_STBI
[2.810s] --   media      : /opt/ros/humble/opt/rviz_ogre_vendor/share/OGRE/Media
[2.813s] -- OGRE_LIBRARIES: OgreHLMS;OgreMeshLodGenerator;OgreOverlay;OgrePaging;OgreProperty;OgreRTShaderSystem;OgreTerrain;OgreVolume;OgreMain
[2.813s] -- OGRE_LIBRARY_DIRS: /opt/ros/humble/opt/rviz_ogre_vendor/lib
[2.813s] -- OGRE_PLUGINS: Plugin_BSPSceneManager;Plugin_OctreeSceneManager;Plugin_PCZSceneManager;Plugin_ParticleFX;RenderSystem_GL;RenderSystem_GL3Plus;Codec_STBI
[2.813s] -- OGRE_PLUGIN_DIR: /opt/ros/humble/opt/rviz_ogre_vendor/lib/OGRE
[2.813s] -- rviz_ogre_vendor::OgreOverlay for IMPORTED_LOCATION_RELEASE: /opt/ros/humble/opt/rviz_ogre_vendor/lib/libOgreOverlay.so
[2.813s] -- rviz_ogre_vendor::OgreOverlay for IMPORTED_LOCATION_DEBUG: /opt/ros/humble/opt/rviz_ogre_vendor/lib/libOgreOverlay.so
[2.813s] -- rviz_ogre_vendor::OgreMain for IMPORTED_LOCATION_RELEASE: /opt/ros/humble/opt/rviz_ogre_vendor/lib/libOgreMain.so
[2.813s] -- rviz_ogre_vendor::OgreMain for IMPORTED_LOCATION_DEBUG: /opt/ros/humble/opt/rviz_ogre_vendor/lib/libOgreMain.so
[2.813s] -- Could not find freeimage library
[2.833s] -- Found ZLIB: /usr/lib/x86_64-linux-gnu/libz.so (found version "1.2.11") 
[2.840s] -- Found OpenGL: /usr/lib/x86_64-linux-gnu/libOpenGL.so   
[2.969s] -- Found X11: /usr/include   
[2.970s] -- Looking for XOpenDisplay in /usr/lib/x86_64-linux-gnu/libX11.so;/usr/lib/x86_64-linux-gnu/libXext.so
[3.107s] -- Looking for XOpenDisplay in /usr/lib/x86_64-linux-gnu/libX11.so;/usr/lib/x86_64-linux-gnu/libXext.so - found
[3.107s] -- Looking for gethostbyname
[3.261s] -- Looking for gethostbyname - found
[3.261s] -- Looking for connect
[3.405s] -- Looking for connect - found
[3.406s] -- Looking for remove
[3.513s] -- Looking for remove - found
[3.513s] -- Looking for shmat
[3.678s] -- Looking for shmat - found
[3.681s] -- Looking for IceConnectionNumber in ICE
[3.813s] -- Looking for IceConnectionNumber in ICE - found
[3.860s] -- Setting assimp_DIR to: '/opt/ros/humble/share/rviz_assimp_vendor/cmake/../../../opt/rviz_assimp_vendor/lib/cmake/assimp-4.1'
[3.963s] -- Found moveit_setup_framework: 2.5.9 (/home/wz/Desktop/ROS_ROBOT/install/moveit_setup_framework/share/moveit_setup_framework/cmake)
[3.978s] -- Found ament_lint_auto: 0.12.12 (/opt/ros/humble/share/ament_lint_auto/cmake)
[4.002s] -- Added test 'lint_cmake' to check CMake code style
[4.003s] -- Added test 'xmllint' to check XML markup files
[4.007s] -- Configuring done
[4.085s] -- Generating done
[4.096s] -- Build files have been written to: /home/wz/Desktop/ROS_ROBOT/build/moveit_setup_core_plugins
[4.116s] Invoked command in '/home/wz/Desktop/ROS_ROBOT/build/moveit_setup_core_plugins' returned '0': AMENT_PREFIX_PATH=/home/wz/Desktop/ROS_ROBOT/install/moveit_setup_framework:/home/wz/Desktop/ROS_ROBOT/install/moveit_ros_visualization:/home/wz/Desktop/ROS_ROBOT/install/moveit_ros_planning_interface:/home/wz/Desktop/ROS_ROBOT/install/moveit_ros_move_group:/home/wz/Desktop/ROS_ROBOT/install/moveit_ros_warehouse:/home/wz/Desktop/ROS_ROBOT/install/moveit_ros_robot_interaction:/home/wz/Desktop/ROS_ROBOT/install/moveit_planners_ompl:/home/wz/Desktop/ROS_ROBOT/install/moveit_kinematics:/home/wz/Desktop/ROS_ROBOT/install/moveit_ros_planning:/home/wz/Desktop/ROS_ROBOT/install/moveit_simple_controller_manager:/home/wz/Desktop/ROS_ROBOT/install/moveit_ros_occupancy_map_monitor:/home/wz/Desktop/ROS_ROBOT/install/moveit_core:/home/wz/Desktop/ROS_ROBOT/install/moveit_configs_utils:/home/wz/Desktop/ROS_ROBOT/install/moveit_common:${AMENT_PREFIX_PATH} CMAKE_PREFIX_PATH=/home/wz/Desktop/ROS_ROBOT/install/moveit_setup_framework:/home/wz/Desktop/ROS_ROBOT/install/moveit_ros_visualization:/home/wz/Desktop/ROS_ROBOT/install/moveit_ros_planning_interface:/home/wz/Desktop/ROS_ROBOT/install/moveit_ros_move_group:/home/wz/Desktop/ROS_ROBOT/install/moveit_ros_warehouse:/home/wz/Desktop/ROS_ROBOT/install/moveit_ros_robot_interaction:/home/wz/Desktop/ROS_ROBOT/install/moveit_planners_ompl:/home/wz/Desktop/ROS_ROBOT/install/moveit_kinematics:/home/wz/Desktop/ROS_ROBOT/install/moveit_ros_planning:/home/wz/Desktop/ROS_ROBOT/install/moveit_simple_controller_manager:/home/wz/Desktop/ROS_ROBOT/install/moveit_ros_occupancy_map_monitor:/home/wz/Desktop/ROS_ROBOT/install/moveit_core:/home/wz/Desktop/ROS_ROBOT/install/moveit_common:/opt/ros/humble LD_LIBRARY_PATH=/home/wz/Desktop/ROS_ROBOT/install/moveit_setup_framework/lib:/home/wz/Desktop/ROS_ROBOT/install/moveit_ros_visualization/lib:/home/wz/Desktop/ROS_ROBOT/install/moveit_ros_planning_interface/lib:/home/wz/Desktop/ROS_ROBOT/install/moveit_ros_move_group/lib:/home/wz/Desktop/ROS_ROBOT/install/moveit_ros_warehouse/lib:/home/wz/Desktop/ROS_ROBOT/install/moveit_ros_robot_interaction/lib:/home/wz/Desktop/ROS_ROBOT/install/moveit_planners_ompl/lib:/home/wz/Desktop/ROS_ROBOT/install/moveit_kinematics/lib:/home/wz/Desktop/ROS_ROBOT/install/moveit_ros_planning/lib:/home/wz/Desktop/ROS_ROBOT/install/moveit_simple_controller_manager/lib:/home/wz/Desktop/ROS_ROBOT/install/moveit_ros_occupancy_map_monitor/lib:/home/wz/Desktop/ROS_ROBOT/install/moveit_core/lib:${LD_LIBRARY_PATH} PATH=/home/wz/Desktop/ROS_ROBOT/install/moveit_core/bin:${PATH} PYTHONPATH=/home/wz/Desktop/ROS_ROBOT/build/moveit_configs_utils:/home/wz/Desktop/ROS_ROBOT/install/moveit_configs_utils/lib/python3.10/site-packages:${PYTHONPATH} /usr/bin/cmake /home/wz/Desktop/ROS_ROBOT/src/moveit2/moveit_setup_assistant/moveit_setup_core_plugins -DAMENT_CMAKE_SYMLINK_INSTALL=1 -DCMAKE_INSTALL_PREFIX=/home/wz/Desktop/ROS_ROBOT/install/moveit_setup_core_plugins
[4.131s] Invoking command in '/home/wz/Desktop/ROS_ROBOT/build/moveit_setup_core_plugins': AMENT_PREFIX_PATH=/home/wz/Desktop/ROS_ROBOT/install/moveit_setup_framework:/home/wz/Desktop/ROS_ROBOT/install/moveit_ros_visualization:/home/wz/Desktop/ROS_ROBOT/install/moveit_ros_planning_interface:/home/wz/Desktop/ROS_ROBOT/install/moveit_ros_move_group:/home/wz/Desktop/ROS_ROBOT/install/moveit_ros_warehouse:/home/wz/Desktop/ROS_ROBOT/install/moveit_ros_robot_interaction:/home/wz/Desktop/ROS_ROBOT/install/moveit_planners_ompl:/home/wz/Desktop/ROS_ROBOT/install/moveit_kinematics:/home/wz/Desktop/ROS_ROBOT/install/moveit_ros_planning:/home/wz/Desktop/ROS_ROBOT/install/moveit_simple_controller_manager:/home/wz/Desktop/ROS_ROBOT/install/moveit_ros_occupancy_map_monitor:/home/wz/Desktop/ROS_ROBOT/install/moveit_core:/home/wz/Desktop/ROS_ROBOT/install/moveit_configs_utils:/home/wz/Desktop/ROS_ROBOT/install/moveit_common:${AMENT_PREFIX_PATH} CMAKE_PREFIX_PATH=/home/wz/Desktop/ROS_ROBOT/install/moveit_setup_framework:/home/wz/Desktop/ROS_ROBOT/install/moveit_ros_visualization:/home/wz/Desktop/ROS_ROBOT/install/moveit_ros_planning_interface:/home/wz/Desktop/ROS_ROBOT/install/moveit_ros_move_group:/home/wz/Desktop/ROS_ROBOT/install/moveit_ros_warehouse:/home/wz/Desktop/ROS_ROBOT/install/moveit_ros_robot_interaction:/home/wz/Desktop/ROS_ROBOT/install/moveit_planners_ompl:/home/wz/Desktop/ROS_ROBOT/install/moveit_kinematics:/home/wz/Desktop/ROS_ROBOT/install/moveit_ros_planning:/home/wz/Desktop/ROS_ROBOT/install/moveit_simple_controller_manager:/home/wz/Desktop/ROS_ROBOT/install/moveit_ros_occupancy_map_monitor:/home/wz/Desktop/ROS_ROBOT/install/moveit_core:/home/wz/Desktop/ROS_ROBOT/install/moveit_common:/opt/ros/humble LD_LIBRARY_PATH=/home/wz/Desktop/ROS_ROBOT/install/moveit_setup_framework/lib:/home/wz/Desktop/ROS_ROBOT/install/moveit_ros_visualization/lib:/home/wz/Desktop/ROS_ROBOT/install/moveit_ros_planning_interface/lib:/home/wz/Desktop/ROS_ROBOT/install/moveit_ros_move_group/lib:/home/wz/Desktop/ROS_ROBOT/install/moveit_ros_warehouse/lib:/home/wz/Desktop/ROS_ROBOT/install/moveit_ros_robot_interaction/lib:/home/wz/Desktop/ROS_ROBOT/install/moveit_planners_ompl/lib:/home/wz/Desktop/ROS_ROBOT/install/moveit_kinematics/lib:/home/wz/Desktop/ROS_ROBOT/install/moveit_ros_planning/lib:/home/wz/Desktop/ROS_ROBOT/install/moveit_simple_controller_manager/lib:/home/wz/Desktop/ROS_ROBOT/install/moveit_ros_occupancy_map_monitor/lib:/home/wz/Desktop/ROS_ROBOT/install/moveit_core/lib:${LD_LIBRARY_PATH} PATH=/home/wz/Desktop/ROS_ROBOT/install/moveit_core/bin:${PATH} PYTHONPATH=/home/wz/Desktop/ROS_ROBOT/build/moveit_configs_utils:/home/wz/Desktop/ROS_ROBOT/install/moveit_configs_utils/lib/python3.10/site-packages:${PYTHONPATH} /usr/bin/cmake --build /home/wz/Desktop/ROS_ROBOT/build/moveit_setup_core_plugins -- -j4 -l4
[4.281s] [  6%] [34m[1mAutomatic MOC for target moveit_setup_core_plugins[0m
[4.333s] [  6%] Built target moveit_setup_core_plugins_autogen
[4.363s] [ 13%] [34m[1mGenerating include/moveit_setup_core_plugins/moc_start_screen_widget.cpp[0m
[4.367s] [ 20%] [34m[1mGenerating include/moveit_setup_core_plugins/moc_author_information_widget.cpp[0m
[4.389s] [ 26%] [34m[1mGenerating include/moveit_setup_core_plugins/moc_configuration_files_widget.cpp[0m
[4.425s] [ 33%] [32mBuilding CXX object CMakeFiles/moveit_setup_core_plugins.dir/moveit_setup_core_plugins_autogen/mocs_compilation.cpp.o[0m
[4.426s] [ 40%] [32mBuilding CXX object CMakeFiles/moveit_setup_core_plugins.dir/src/start_screen.cpp.o[0m
[4.494s] [ 46%] [32mBuilding CXX object CMakeFiles/moveit_setup_core_plugins.dir/src/configuration_files.cpp.o[0m
[27.767s] [ 53%] [32mBuilding CXX object CMakeFiles/moveit_setup_core_plugins.dir/src/author_information.cpp.o[0m
[31.424s] [ 60%] [32mBuilding CXX object CMakeFiles/moveit_setup_core_plugins.dir/src/author_information_widget.cpp.o[0m
[46.817s] [ 66%] [32mBuilding CXX object CMakeFiles/moveit_setup_core_plugins.dir/include/moveit_setup_core_plugins/moc_start_screen_widget.cpp.o[0m
[62.805s] [ 73%] [32mBuilding CXX object CMakeFiles/moveit_setup_core_plugins.dir/include/moveit_setup_core_plugins/moc_configuration_files_widget.cpp.o[0m
[78.007s] [ 80%] [32mBuilding CXX object CMakeFiles/moveit_setup_core_plugins.dir/include/moveit_setup_core_plugins/moc_author_information_widget.cpp.o[0m
[94.249s] [ 86%] [32mBuilding CXX object CMakeFiles/moveit_setup_core_plugins.dir/src/configuration_files_widget.cpp.o[0m
[114.167s] [ 93%] [32mBuilding CXX object CMakeFiles/moveit_setup_core_plugins.dir/src/start_screen_widget.cpp.o[0m
[130.073s] [100%] [32m[1mLinking CXX shared library libmoveit_setup_core_plugins.so[0m
[130.894s] [100%] Built target moveit_setup_core_plugins
[130.915s] Invoked command in '/home/wz/Desktop/ROS_ROBOT/build/moveit_setup_core_plugins' returned '0': AMENT_PREFIX_PATH=/home/wz/Desktop/ROS_ROBOT/install/moveit_setup_framework:/home/wz/Desktop/ROS_ROBOT/install/moveit_ros_visualization:/home/wz/Desktop/ROS_ROBOT/install/moveit_ros_planning_interface:/home/wz/Desktop/ROS_ROBOT/install/moveit_ros_move_group:/home/wz/Desktop/ROS_ROBOT/install/moveit_ros_warehouse:/home/wz/Desktop/ROS_ROBOT/install/moveit_ros_robot_interaction:/home/wz/Desktop/ROS_ROBOT/install/moveit_planners_ompl:/home/wz/Desktop/ROS_ROBOT/install/moveit_kinematics:/home/wz/Desktop/ROS_ROBOT/install/moveit_ros_planning:/home/wz/Desktop/ROS_ROBOT/install/moveit_simple_controller_manager:/home/wz/Desktop/ROS_ROBOT/install/moveit_ros_occupancy_map_monitor:/home/wz/Desktop/ROS_ROBOT/install/moveit_core:/home/wz/Desktop/ROS_ROBOT/install/moveit_configs_utils:/home/wz/Desktop/ROS_ROBOT/install/moveit_common:${AMENT_PREFIX_PATH} CMAKE_PREFIX_PATH=/home/wz/Desktop/ROS_ROBOT/install/moveit_setup_framework:/home/wz/Desktop/ROS_ROBOT/install/moveit_ros_visualization:/home/wz/Desktop/ROS_ROBOT/install/moveit_ros_planning_interface:/home/wz/Desktop/ROS_ROBOT/install/moveit_ros_move_group:/home/wz/Desktop/ROS_ROBOT/install/moveit_ros_warehouse:/home/wz/Desktop/ROS_ROBOT/install/moveit_ros_robot_interaction:/home/wz/Desktop/ROS_ROBOT/install/moveit_planners_ompl:/home/wz/Desktop/ROS_ROBOT/install/moveit_kinematics:/home/wz/Desktop/ROS_ROBOT/install/moveit_ros_planning:/home/wz/Desktop/ROS_ROBOT/install/moveit_simple_controller_manager:/home/wz/Desktop/ROS_ROBOT/install/moveit_ros_occupancy_map_monitor:/home/wz/Desktop/ROS_ROBOT/install/moveit_core:/home/wz/Desktop/ROS_ROBOT/install/moveit_common:/opt/ros/humble LD_LIBRARY_PATH=/home/wz/Desktop/ROS_ROBOT/install/moveit_setup_framework/lib:/home/wz/Desktop/ROS_ROBOT/install/moveit_ros_visualization/lib:/home/wz/Desktop/ROS_ROBOT/install/moveit_ros_planning_interface/lib:/home/wz/Desktop/ROS_ROBOT/install/moveit_ros_move_group/lib:/home/wz/Desktop/ROS_ROBOT/install/moveit_ros_warehouse/lib:/home/wz/Desktop/ROS_ROBOT/install/moveit_ros_robot_interaction/lib:/home/wz/Desktop/ROS_ROBOT/install/moveit_planners_ompl/lib:/home/wz/Desktop/ROS_ROBOT/install/moveit_kinematics/lib:/home/wz/Desktop/ROS_ROBOT/install/moveit_ros_planning/lib:/home/wz/Desktop/ROS_ROBOT/install/moveit_simple_controller_manager/lib:/home/wz/Desktop/ROS_ROBOT/install/moveit_ros_occupancy_map_monitor/lib:/home/wz/Desktop/ROS_ROBOT/install/moveit_core/lib:${LD_LIBRARY_PATH} PATH=/home/wz/Desktop/ROS_ROBOT/install/moveit_core/bin:${PATH} PYTHONPATH=/home/wz/Desktop/ROS_ROBOT/build/moveit_configs_utils:/home/wz/Desktop/ROS_ROBOT/install/moveit_configs_utils/lib/python3.10/site-packages:${PYTHONPATH} /usr/bin/cmake --build /home/wz/Desktop/ROS_ROBOT/build/moveit_setup_core_plugins -- -j4 -l4
[130.917s] Invoking command in '/home/wz/Desktop/ROS_ROBOT/build/moveit_setup_core_plugins': AMENT_PREFIX_PATH=/home/wz/Desktop/ROS_ROBOT/install/moveit_setup_framework:/home/wz/Desktop/ROS_ROBOT/install/moveit_ros_visualization:/home/wz/Desktop/ROS_ROBOT/install/moveit_ros_planning_interface:/home/wz/Desktop/ROS_ROBOT/install/moveit_ros_move_group:/home/wz/Desktop/ROS_ROBOT/install/moveit_ros_warehouse:/home/wz/Desktop/ROS_ROBOT/install/moveit_ros_robot_interaction:/home/wz/Desktop/ROS_ROBOT/install/moveit_planners_ompl:/home/wz/Desktop/ROS_ROBOT/install/moveit_kinematics:/home/wz/Desktop/ROS_ROBOT/install/moveit_ros_planning:/home/wz/Desktop/ROS_ROBOT/install/moveit_simple_controller_manager:/home/wz/Desktop/ROS_ROBOT/install/moveit_ros_occupancy_map_monitor:/home/wz/Desktop/ROS_ROBOT/install/moveit_core:/home/wz/Desktop/ROS_ROBOT/install/moveit_configs_utils:/home/wz/Desktop/ROS_ROBOT/install/moveit_common:${AMENT_PREFIX_PATH} CMAKE_PREFIX_PATH=/home/wz/Desktop/ROS_ROBOT/install/moveit_setup_framework:/home/wz/Desktop/ROS_ROBOT/install/moveit_ros_visualization:/home/wz/Desktop/ROS_ROBOT/install/moveit_ros_planning_interface:/home/wz/Desktop/ROS_ROBOT/install/moveit_ros_move_group:/home/wz/Desktop/ROS_ROBOT/install/moveit_ros_warehouse:/home/wz/Desktop/ROS_ROBOT/install/moveit_ros_robot_interaction:/home/wz/Desktop/ROS_ROBOT/install/moveit_planners_ompl:/home/wz/Desktop/ROS_ROBOT/install/moveit_kinematics:/home/wz/Desktop/ROS_ROBOT/install/moveit_ros_planning:/home/wz/Desktop/ROS_ROBOT/install/moveit_simple_controller_manager:/home/wz/Desktop/ROS_ROBOT/install/moveit_ros_occupancy_map_monitor:/home/wz/Desktop/ROS_ROBOT/install/moveit_core:/home/wz/Desktop/ROS_ROBOT/install/moveit_common:/opt/ros/humble LD_LIBRARY_PATH=/home/wz/Desktop/ROS_ROBOT/install/moveit_setup_framework/lib:/home/wz/Desktop/ROS_ROBOT/install/moveit_ros_visualization/lib:/home/wz/Desktop/ROS_ROBOT/install/moveit_ros_planning_interface/lib:/home/wz/Desktop/ROS_ROBOT/install/moveit_ros_move_group/lib:/home/wz/Desktop/ROS_ROBOT/install/moveit_ros_warehouse/lib:/home/wz/Desktop/ROS_ROBOT/install/moveit_ros_robot_interaction/lib:/home/wz/Desktop/ROS_ROBOT/install/moveit_planners_ompl/lib:/home/wz/Desktop/ROS_ROBOT/install/moveit_kinematics/lib:/home/wz/Desktop/ROS_ROBOT/install/moveit_ros_planning/lib:/home/wz/Desktop/ROS_ROBOT/install/moveit_simple_controller_manager/lib:/home/wz/Desktop/ROS_ROBOT/install/moveit_ros_occupancy_map_monitor/lib:/home/wz/Desktop/ROS_ROBOT/install/moveit_core/lib:${LD_LIBRARY_PATH} PATH=/home/wz/Desktop/ROS_ROBOT/install/moveit_core/bin:${PATH} PYTHONPATH=/home/wz/Desktop/ROS_ROBOT/build/moveit_configs_utils:/home/wz/Desktop/ROS_ROBOT/install/moveit_configs_utils/lib/python3.10/site-packages:${PYTHONPATH} /usr/bin/cmake --install /home/wz/Desktop/ROS_ROBOT/build/moveit_setup_core_plugins
[130.925s] -- Install configuration: "Release"
[130.925s] -- Execute custom install script
[130.925s] -- Symlinking: /home/wz/Desktop/ROS_ROBOT/install/moveit_setup_core_plugins/share/moveit_setup_core_plugins/moveit_setup_framework_plugins.xml
[130.938s] -- Symlinking: /home/wz/Desktop/ROS_ROBOT/install/moveit_setup_core_plugins/include/moveit_setup_core_plugins/author_information.hpp
[130.953s] -- Symlinking: /home/wz/Desktop/ROS_ROBOT/install/moveit_setup_core_plugins/include/moveit_setup_core_plugins/author_information_widget.hpp
[130.968s] -- Symlinking: /home/wz/Desktop/ROS_ROBOT/install/moveit_setup_core_plugins/include/moveit_setup_core_plugins/configuration_files.hpp
[130.977s] -- Symlinking: /home/wz/Desktop/ROS_ROBOT/install/moveit_setup_core_plugins/include/moveit_setup_core_plugins/configuration_files_widget.hpp
[130.988s] -- Symlinking: /home/wz/Desktop/ROS_ROBOT/install/moveit_setup_core_plugins/include/moveit_setup_core_plugins/start_screen.hpp
[130.997s] -- Symlinking: /home/wz/Desktop/ROS_ROBOT/install/moveit_setup_core_plugins/include/moveit_setup_core_plugins/start_screen_widget.hpp
[131.007s] -- Symlinking: /home/wz/Desktop/ROS_ROBOT/install/moveit_setup_core_plugins/share/moveit_setup_core_plugins/environment/library_path.sh
[131.016s] -- Symlinking: /home/wz/Desktop/ROS_ROBOT/install/moveit_setup_core_plugins/share/moveit_setup_core_plugins/environment/library_path.dsv
[131.025s] -- Up-to-date symlink: /home/wz/Desktop/ROS_ROBOT/install/moveit_setup_core_plugins/share/moveit_setup_core_plugins//moveit_setup_framework_plugins.xml
[131.025s] -- Symlinking: /home/wz/Desktop/ROS_ROBOT/install/moveit_setup_core_plugins/share/ament_index/resource_index/package_run_dependencies/moveit_setup_core_plugins
[131.034s] -- Symlinking: /home/wz/Desktop/ROS_ROBOT/install/moveit_setup_core_plugins/share/ament_index/resource_index/parent_prefix_path/moveit_setup_core_plugins
[131.054s] -- Symlinking: /home/wz/Desktop/ROS_ROBOT/install/moveit_setup_core_plugins/share/moveit_setup_core_plugins/environment/ament_prefix_path.sh
[131.071s] -- Symlinking: /home/wz/Desktop/ROS_ROBOT/install/moveit_setup_core_plugins/share/moveit_setup_core_plugins/environment/ament_prefix_path.dsv
[131.079s] -- Symlinking: /home/wz/Desktop/ROS_ROBOT/install/moveit_setup_core_plugins/share/moveit_setup_core_plugins/environment/path.sh
[131.090s] -- Symlinking: /home/wz/Desktop/ROS_ROBOT/install/moveit_setup_core_plugins/share/moveit_setup_core_plugins/environment/path.dsv
[131.100s] -- Symlinking: /home/wz/Desktop/ROS_ROBOT/install/moveit_setup_core_plugins/share/moveit_setup_core_plugins/local_setup.bash
[131.109s] -- Symlinking: /home/wz/Desktop/ROS_ROBOT/install/moveit_setup_core_plugins/share/moveit_setup_core_plugins/local_setup.sh
[131.118s] -- Symlinking: /home/wz/Desktop/ROS_ROBOT/install/moveit_setup_core_plugins/share/moveit_setup_core_plugins/local_setup.zsh
[131.127s] -- Symlinking: /home/wz/Desktop/ROS_ROBOT/install/moveit_setup_core_plugins/share/moveit_setup_core_plugins/local_setup.dsv
[131.138s] -- Symlinking: /home/wz/Desktop/ROS_ROBOT/install/moveit_setup_core_plugins/share/moveit_setup_core_plugins/package.dsv
[131.162s] -- Symlinking: /home/wz/Desktop/ROS_ROBOT/install/moveit_setup_core_plugins/share/ament_index/resource_index/packages/moveit_setup_core_plugins
[131.184s] -- Symlinking: /home/wz/Desktop/ROS_ROBOT/install/moveit_setup_core_plugins/share/ament_index/resource_index/moveit_setup_framework__pluginlib__plugin/moveit_setup_core_plugins
[131.194s] -- Symlinking: /home/wz/Desktop/ROS_ROBOT/install/moveit_setup_core_plugins/share/moveit_setup_core_plugins/cmake/ament_cmake_export_include_directories-extras.cmake
[131.205s] -- Symlinking: /home/wz/Desktop/ROS_ROBOT/install/moveit_setup_core_plugins/share/moveit_setup_core_plugins/cmake/ament_cmake_export_libraries-extras.cmake
[131.217s] -- Symlinking: /home/wz/Desktop/ROS_ROBOT/install/moveit_setup_core_plugins/share/moveit_setup_core_plugins/cmake/ament_cmake_export_targets-extras.cmake
[131.230s] -- Symlinking: /home/wz/Desktop/ROS_ROBOT/install/moveit_setup_core_plugins/share/moveit_setup_core_plugins/cmake/moveit_setup_core_pluginsConfig.cmake
[131.254s] -- Symlinking: /home/wz/Desktop/ROS_ROBOT/install/moveit_setup_core_plugins/share/moveit_setup_core_plugins/cmake/moveit_setup_core_pluginsConfig-version.cmake
[131.275s] -- Symlinking: /home/wz/Desktop/ROS_ROBOT/install/moveit_setup_core_plugins/share/moveit_setup_core_plugins/package.xml
[131.288s] -- Installing: /home/wz/Desktop/ROS_ROBOT/install/moveit_setup_core_plugins/lib/libmoveit_setup_core_plugins.so
[131.289s] -- Set runtime path of "/home/wz/Desktop/ROS_ROBOT/install/moveit_setup_core_plugins/lib/libmoveit_setup_core_plugins.so" to ""
[131.289s] -- Installing: /home/wz/Desktop/ROS_ROBOT/install/moveit_setup_core_plugins/share/moveit_setup_core_plugins/cmake/export_moveit_setup_core_pluginsExport.cmake
[131.289s] -- Installing: /home/wz/Desktop/ROS_ROBOT/install/moveit_setup_core_plugins/share/moveit_setup_core_plugins/cmake/export_moveit_setup_core_pluginsExport-release.cmake
[131.294s] Invoked command in '/home/wz/Desktop/ROS_ROBOT/build/moveit_setup_core_plugins' returned '0': AMENT_PREFIX_PATH=/home/wz/Desktop/ROS_ROBOT/install/moveit_setup_framework:/home/wz/Desktop/ROS_ROBOT/install/moveit_ros_visualization:/home/wz/Desktop/ROS_ROBOT/install/moveit_ros_planning_interface:/home/wz/Desktop/ROS_ROBOT/install/moveit_ros_move_group:/home/wz/Desktop/ROS_ROBOT/install/moveit_ros_warehouse:/home/wz/Desktop/ROS_ROBOT/install/moveit_ros_robot_interaction:/home/wz/Desktop/ROS_ROBOT/install/moveit_planners_ompl:/home/wz/Desktop/ROS_ROBOT/install/moveit_kinematics:/home/wz/Desktop/ROS_ROBOT/install/moveit_ros_planning:/home/wz/Desktop/ROS_ROBOT/install/moveit_simple_controller_manager:/home/wz/Desktop/ROS_ROBOT/install/moveit_ros_occupancy_map_monitor:/home/wz/Desktop/ROS_ROBOT/install/moveit_core:/home/wz/Desktop/ROS_ROBOT/install/moveit_configs_utils:/home/wz/Desktop/ROS_ROBOT/install/moveit_common:${AMENT_PREFIX_PATH} CMAKE_PREFIX_PATH=/home/wz/Desktop/ROS_ROBOT/install/moveit_setup_framework:/home/wz/Desktop/ROS_ROBOT/install/moveit_ros_visualization:/home/wz/Desktop/ROS_ROBOT/install/moveit_ros_planning_interface:/home/wz/Desktop/ROS_ROBOT/install/moveit_ros_move_group:/home/wz/Desktop/ROS_ROBOT/install/moveit_ros_warehouse:/home/wz/Desktop/ROS_ROBOT/install/moveit_ros_robot_interaction:/home/wz/Desktop/ROS_ROBOT/install/moveit_planners_ompl:/home/wz/Desktop/ROS_ROBOT/install/moveit_kinematics:/home/wz/Desktop/ROS_ROBOT/install/moveit_ros_planning:/home/wz/Desktop/ROS_ROBOT/install/moveit_simple_controller_manager:/home/wz/Desktop/ROS_ROBOT/install/moveit_ros_occupancy_map_monitor:/home/wz/Desktop/ROS_ROBOT/install/moveit_core:/home/wz/Desktop/ROS_ROBOT/install/moveit_common:/opt/ros/humble LD_LIBRARY_PATH=/home/wz/Desktop/ROS_ROBOT/install/moveit_setup_framework/lib:/home/wz/Desktop/ROS_ROBOT/install/moveit_ros_visualization/lib:/home/wz/Desktop/ROS_ROBOT/install/moveit_ros_planning_interface/lib:/home/wz/Desktop/ROS_ROBOT/install/moveit_ros_move_group/lib:/home/wz/Desktop/ROS_ROBOT/install/moveit_ros_warehouse/lib:/home/wz/Desktop/ROS_ROBOT/install/moveit_ros_robot_interaction/lib:/home/wz/Desktop/ROS_ROBOT/install/moveit_planners_ompl/lib:/home/wz/Desktop/ROS_ROBOT/install/moveit_kinematics/lib:/home/wz/Desktop/ROS_ROBOT/install/moveit_ros_planning/lib:/home/wz/Desktop/ROS_ROBOT/install/moveit_simple_controller_manager/lib:/home/wz/Desktop/ROS_ROBOT/install/moveit_ros_occupancy_map_monitor/lib:/home/wz/Desktop/ROS_ROBOT/install/moveit_core/lib:${LD_LIBRARY_PATH} PATH=/home/wz/Desktop/ROS_ROBOT/install/moveit_core/bin:${PATH} PYTHONPATH=/home/wz/Desktop/ROS_ROBOT/build/moveit_configs_utils:/home/wz/Desktop/ROS_ROBOT/install/moveit_configs_utils/lib/python3.10/site-packages:${PYTHONPATH} /usr/bin/cmake --install /home/wz/Desktop/ROS_ROBOT/build/moveit_setup_core_plugins
