[0.015s] Invoking command in '/home/wz/Desktop/ROS_ROBOT/build/moveit_core': AMENT_PREFIX_PATH=/home/wz/Desktop/ROS_ROBOT/install/moveit_common:${AMENT_PREFIX_PATH} CMAKE_PREFIX_PATH=/home/wz/Desktop/ROS_ROBOT/install/moveit_common:/opt/ros/humble /usr/bin/cmake /home/wz/Desktop/ROS_ROBOT/src/moveit2/moveit_core -DAMENT_CMAKE_SYMLINK_INSTALL=1 -DCMAKE_INSTALL_PREFIX=/home/wz/Desktop/ROS_ROBOT/install/moveit_core
[0.143s] -- The CXX compiler identification is GNU 11.4.0
[0.163s] -- Detecting CXX compiler ABI info
[0.272s] -- Detecting CXX compiler ABI info - done
[0.286s] -- Check for working CXX compiler: /usr/bin/c++ - skipped
[0.286s] -- Detecting CXX compile features
[0.286s] -- Detecting CXX compile features - done
[0.286s] -- Found moveit_common: 2.5.9 (/home/wz/Desktop/ROS_ROBOT/install/moveit_common/share/moveit_common/cmake)
[0.297s] -- Found ament_cmake: 1.3.11 (/opt/ros/humble/share/ament_cmake/cmake)
[0.481s] -- Found Python3: /usr/bin/python3 (found version "3.10.12") found components: Interpreter 
[0.571s] -- Override CMake install command with custom implementation using symlinks instead of copying resources
[0.705s] [0mmoveit_core: You did not request a specific build type: Choosing 'Release' for maximum performance[0m
[0.712s] -- Found angles: 1.15.0 (/opt/ros/humble/share/angles/cmake)
[0.788s] -- Found Bullet: /usr/lib/x86_64-linux-gnu/libBulletDynamics.so (Required is at least version "2.87") 
[0.793s] -- Found common_interfaces: 4.9.0 (/opt/ros/humble/share/common_interfaces/cmake)
[0.795s] -- Found eigen_stl_containers: 1.1.0 (/opt/ros/humble/share/eigen_stl_containers/cmake)
[0.831s] -- Found eigen3_cmake_module: 0.1.1 (/opt/ros/humble/share/eigen3_cmake_module/cmake)
[0.839s] -- Found Eigen3: TRUE (found version "3.4.0") 
[0.848s] -- Found generate_parameter_library: 0.5.0 (/opt/ros/humble/share/generate_parameter_library/cmake)
[0.861s] -- Found parameter_traits: 0.5.0 (/opt/ros/humble/share/parameter_traits/cmake)
[0.994s] -- Found rosidl_generator_c: 3.1.6 (/opt/ros/humble/share/rosidl_generator_c/cmake)
[1.009s] -- Found rosidl_adapter: 3.1.6 (/opt/ros/humble/share/rosidl_adapter/cmake)
[1.040s] -- Found rosidl_generator_cpp: 3.1.6 (/opt/ros/humble/share/rosidl_generator_cpp/cmake)
[1.099s] -- Using all available rosidl_typesupport_c: rosidl_typesupport_fastrtps_c;rosidl_typesupport_introspection_c
[1.166s] -- Using all available rosidl_typesupport_cpp: rosidl_typesupport_fastrtps_cpp;rosidl_typesupport_introspection_cpp
[1.310s] -- Found rmw_implementation_cmake: 6.1.2 (/opt/ros/humble/share/rmw_implementation_cmake/cmake)
[1.319s] -- Found rmw_fastrtps_cpp: 6.2.7 (/opt/ros/humble/share/rmw_fastrtps_cpp/cmake)
[1.574s] -- Found OpenSSL: /usr/lib/x86_64-linux-gnu/libcrypto.so (found version "3.0.2")  
[1.625s] -- Found FastRTPS: /opt/ros/humble/include  
[1.730s] -- Using RMW implementation 'rmw_fastrtps_cpp' as default
[1.766s] -- Looking for C++ include pthread.h
[2.023s] -- Looking for C++ include pthread.h - found
[2.023s] -- Performing Test CMAKE_HAVE_LIBC_PTHREAD
[2.255s] -- Performing Test CMAKE_HAVE_LIBC_PTHREAD - Success
[2.257s] -- Found Threads: TRUE  
[2.456s] -- Found rclcpp_lifecycle: 16.0.12 (/opt/ros/humble/share/rclcpp_lifecycle/cmake)
[2.515s] -- Found geometric_shapes: 2.3.2 (/opt/ros/humble/share/geometric_shapes/cmake)
[2.548s] -- Found Boost: /usr/lib/x86_64-linux-gnu/cmake/Boost-1.74.0/BoostConfig.cmake (found version "1.74.0") found components: filesystem 
[2.876s] -- library: /usr/lib/x86_64-linux-gnu/libcurl.so
[3.057s] -- Found kdl_parser: 2.6.4 (/opt/ros/humble/share/kdl_parser/cmake)
[3.079s] -- Ensuring Eigen3 include directory is part of orocos-kdl CMake target
[3.088s] -- Found moveit_msgs: 2.2.1 (/opt/ros/humble/share/moveit_msgs/cmake)
[3.399s] -- Found pluginlib: 5.1.0 (/opt/ros/humble/share/pluginlib/cmake)
[3.465s] -- Found srdfdom: 2.0.7 (/opt/ros/humble/share/srdfdom/cmake)
[3.493s] -- Found tf2_eigen: 0.25.13 (/opt/ros/humble/share/tf2_eigen/cmake)
[3.729s] -- Found tf2_geometry_msgs: 0.25.13 (/opt/ros/humble/share/tf2_geometry_msgs/cmake)
[3.740s] -- Found tf2_kdl: 0.25.13 (/opt/ros/humble/share/tf2_kdl/cmake)
[3.837s] -- Found Boost: /usr/lib/x86_64-linux-gnu/cmake/Boost-1.74.0/BoostConfig.cmake (found version "1.74.0") found components: chrono date_time filesystem iostreams program_options regex serialization system thread 
[3.837s] --  *** Building MoveIt 2.5.9-Alpha ***
[3.860s] -- Performing Test COMPILER_HAS_HIDDEN_VISIBILITY
[4.168s] -- Performing Test COMPILER_HAS_HIDDEN_VISIBILITY - Success
[4.168s] -- Performing Test COMPILER_HAS_HIDDEN_INLINE_VISIBILITY
[4.430s] -- Performing Test COMPILER_HAS_HIDDEN_INLINE_VISIBILITY - Success
[4.432s] -- Performing Test COMPILER_HAS_DEPRECATED_ATTR
[4.704s] -- Performing Test COMPILER_HAS_DEPRECATED_ATTR - Success
[4.721s] -- Found ament_cmake_gtest: 1.3.11 (/opt/ros/humble/share/ament_cmake_gtest/cmake)
[4.736s] -- Found gtest sources under '/opt/ros/humble/src/gtest_vendor': C++ tests using 'Google Test' will be built
[4.895s] -- The C compiler identification is GNU 11.4.0
[4.918s] -- Detecting C compiler ABI info
[5.176s] -- Detecting C compiler ABI info - done
[5.196s] -- Check for working C compiler: /usr/bin/cc - skipped
[5.196s] -- Detecting C compile features
[5.196s] -- Detecting C compile features - done
[5.227s] -- Found ament_cmake_gmock: 1.3.11 (/opt/ros/humble/share/ament_cmake_gmock/cmake)
[5.245s] -- Found gmock sources under '/opt/ros/humble/src/gmock_vendor': C++ tests using 'Google Mock' will be built
[5.258s] -- Found ament_cmake_gtest: 1.3.11 (/opt/ros/humble/share/ament_cmake_gtest/cmake)
[5.258s] -- Found gtest sources under '/opt/ros/humble/src/gtest_vendor': C++ tests using 'Google Test' will be built
[5.296s] -- Found ament_cmake_gtest: 1.3.11 (/opt/ros/humble/share/ament_cmake_gtest/cmake)
[5.297s] -- Found gtest sources under '/opt/ros/humble/src/gtest_vendor': C++ tests using 'Google Test' will be built
[5.400s] -- Found ament_cmake_gtest: 1.3.11 (/opt/ros/humble/share/ament_cmake_gtest/cmake)
[5.400s] -- Found gtest sources under '/opt/ros/humble/src/gtest_vendor': C++ tests using 'Google Test' will be built
[5.479s] -- Found ament_lint_auto: 0.12.12 (/opt/ros/humble/share/ament_lint_auto/cmake)
[5.479s] -- Found ament_cmake_gtest: 1.3.11 (/opt/ros/humble/share/ament_cmake_gtest/cmake)
[5.479s] -- Found gtest sources under '/opt/ros/humble/src/gtest_vendor': C++ tests using 'Google Test' will be built
[5.530s] -- Found ament_cmake_gtest: 1.3.11 (/opt/ros/humble/share/ament_cmake_gtest/cmake)
[5.531s] -- Found gtest sources under '/opt/ros/humble/src/gtest_vendor': C++ tests using 'Google Test' will be built
[5.543s] -- Found ament_cmake_gtest: 1.3.11 (/opt/ros/humble/share/ament_cmake_gtest/cmake)
[5.546s] -- Found gtest sources under '/opt/ros/humble/src/gtest_vendor': C++ tests using 'Google Test' will be built
[5.558s] -- Found ament_cmake_gtest: 1.3.11 (/opt/ros/humble/share/ament_cmake_gtest/cmake)
[5.564s] -- Found gmock sources under '/opt/ros/humble/src/gmock_vendor': C++ tests using 'Google Mock' will be built
[5.565s] -- Found gtest sources under '/opt/ros/humble/src/gtest_vendor': C++ tests using 'Google Test' will be built
[5.599s] -- Found gtest sources under '/opt/ros/humble/src/gtest_vendor': C++ tests using 'Google Test' will be built
[5.642s] -- Found gtest sources under '/opt/ros/humble/src/gtest_vendor': C++ tests using 'Google Test' will be built
[5.669s] -- Found ament_cmake_gtest: 1.3.11 (/opt/ros/humble/share/ament_cmake_gtest/cmake)
[5.669s] -- Found gtest sources under '/opt/ros/humble/src/gtest_vendor': C++ tests using 'Google Test' will be built
[5.706s] -- Found gtest sources under '/opt/ros/humble/src/gtest_vendor': C++ tests using 'Google Test' will be built
[5.741s] -- Found gtest sources under '/opt/ros/humble/src/gtest_vendor': C++ tests using 'Google Test' will be built
[5.763s] -- Found gtest sources under '/opt/ros/humble/src/gtest_vendor': C++ tests using 'Google Test' will be built
[5.779s] -- Found ament_lint_auto: 0.12.12 (/opt/ros/humble/share/ament_lint_auto/cmake)
[5.873s] -- Added test 'cppcheck' to perform static code analysis on C / C++ code
[5.878s] -- Configured cppcheck include dirs: /home/wz/Desktop/ROS_ROBOT/src/moveit2/moveit_core/exceptions/include;/home/wz/Desktop/ROS_ROBOT/src/moveit2/moveit_core/collision_detection/include;/home/wz/Desktop/ROS_ROBOT/src/moveit2/moveit_core/collision_detection_fcl/include;/home/wz/Desktop/ROS_ROBOT/src/moveit2/moveit_core/collision_detection_bullet/include;/home/wz/Desktop/ROS_ROBOT/src/moveit2/moveit_core/constraint_samplers/include;/home/wz/Desktop/ROS_ROBOT/src/moveit2/moveit_core/controller_manager/include;/home/wz/Desktop/ROS_ROBOT/src/moveit2/moveit_core/distance_field/include;/home/wz/Desktop/ROS_ROBOT/src/moveit2/moveit_core/collision_distance_field/include;/home/wz/Desktop/ROS_ROBOT/src/moveit2/moveit_core/dynamics_solver/include;/home/wz/Desktop/ROS_ROBOT/src/moveit2/moveit_core/kinematics_base/include;/home/wz/Desktop/ROS_ROBOT/src/moveit2/moveit_core/kinematics_metrics/include;/home/wz/Desktop/ROS_ROBOT/src/moveit2/moveit_core/robot_model/include;/home/wz/Desktop/ROS_ROBOT/src/moveit2/moveit_core/transforms/include;/home/wz/Desktop/ROS_ROBOT/src/moveit2/moveit_core/robot_state/include;/home/wz/Desktop/ROS_ROBOT/src/moveit2/moveit_core/robot_trajectory/include;/home/wz/Desktop/ROS_ROBOT/src/moveit2/moveit_core/kinematic_constraints/include;/home/wz/Desktop/ROS_ROBOT/src/moveit2/moveit_core/macros/include;/home/wz/Desktop/ROS_ROBOT/src/moveit2/moveit_core/online_signal_smoothing/include;/home/wz/Desktop/ROS_ROBOT/src/moveit2/moveit_core/planning_interface/include;/home/wz/Desktop/ROS_ROBOT/src/moveit2/moveit_core/planning_request_adapter/include;/home/wz/Desktop/ROS_ROBOT/src/moveit2/moveit_core/planning_scene/include;/home/wz/Desktop/ROS_ROBOT/src/moveit2/moveit_core/sensor_manager/include;/home/wz/Desktop/ROS_ROBOT/src/moveit2/moveit_core/trajectory_processing/include;/home/wz/Desktop/ROS_ROBOT/src/moveit2/moveit_core/utils/include
[5.878s] -- Configured cppcheck exclude dirs and/or files: 
[5.886s] -- Added test 'pep257' to check Python code against some of the docstring style conventions in PEP 257
[5.894s] -- Added test 'xmllint' to check XML markup files
[5.908s] -- Configuring done
[7.167s] -- Generating done
[7.370s] -- Build files have been written to: /home/wz/Desktop/ROS_ROBOT/build/moveit_core
[7.421s] Invoked command in '/home/wz/Desktop/ROS_ROBOT/build/moveit_core' returned '0': AMENT_PREFIX_PATH=/home/wz/Desktop/ROS_ROBOT/install/moveit_common:${AMENT_PREFIX_PATH} CMAKE_PREFIX_PATH=/home/wz/Desktop/ROS_ROBOT/install/moveit_common:/opt/ros/humble /usr/bin/cmake /home/wz/Desktop/ROS_ROBOT/src/moveit2/moveit_core -DAMENT_CMAKE_SYMLINK_INSTALL=1 -DCMAKE_INSTALL_PREFIX=/home/wz/Desktop/ROS_ROBOT/install/moveit_core
[7.422s] Invoking command in '/home/wz/Desktop/ROS_ROBOT/build/moveit_core': AMENT_PREFIX_PATH=/home/wz/Desktop/ROS_ROBOT/install/moveit_common:${AMENT_PREFIX_PATH} CMAKE_PREFIX_PATH=/home/wz/Desktop/ROS_ROBOT/install/moveit_common:/opt/ros/humble /usr/bin/cmake --build /home/wz/Desktop/ROS_ROBOT/build/moveit_core -- -j4 -l4
[7.526s] [  1%] [32mBuilding CXX object distance_field/CMakeFiles/moveit_distance_field.dir/src/distance_field.cpp.o[0m
[7.526s] [  2%] [32mBuilding CXX object transforms/CMakeFiles/moveit_transforms.dir/src/transforms.cpp.o[0m
[7.526s] [  3%] [32mBuilding CXX object exceptions/CMakeFiles/moveit_exceptions.dir/src/exceptions.cpp.o[0m
[7.528s] [  4%] [32mBuilding CXX object kinematics_base/CMakeFiles/moveit_kinematics_base.dir/src/kinematics_base.cpp.o[0m
[8.965s] [  4%] [32m[1mLinking CXX shared library libmoveit_exceptions.so[0m
[9.313s] [  4%] Built target moveit_exceptions
[9.362s] [  5%] [32mBuilding CXX object utils/CMakeFiles/moveit_utils.dir/src/lexical_casts.cpp.o[0m
[10.155s] [  5%] [32mBuilding CXX object utils/CMakeFiles/moveit_utils.dir/src/message_checks.cpp.o[0m
[11.670s] [  6%] [32mBuilding CXX object utils/CMakeFiles/moveit_utils.dir/src/rclcpp_utils.cpp.o[0m
[11.983s] [  7%] [32m[1mLinking CXX shared library libmoveit_utils.so[0m
[12.789s] [  7%] Built target moveit_utils
[12.808s] [  7%] [32mBuilding CXX object gtest/CMakeFiles/gtest.dir/src/gtest-all.cc.o[0m
[15.215s] [  7%] [32m[1mLinking CXX shared library libmoveit_kinematics_base.so[0m
[15.390s] [  7%] Built target moveit_kinematics_base
[15.435s] [  8%] [32mBuilding CXX object gtest/CMakeFiles/gtest_main.dir/src/gtest_main.cc.o[0m
[16.701s] [  8%] [32m[1mLinking CXX static library libgtest_main.a[0m
[16.752s] [  8%] Built target gtest_main
[16.779s] [  8%] [32mBuilding CXX object gmock/CMakeFiles/gmock.dir/opt/ros/humble/src/gtest_vendor/src/gtest-all.cc.o[0m
[17.594s] [  9%] [32mBuilding CXX object distance_field/CMakeFiles/moveit_distance_field.dir/src/find_internal_points.cpp.o[0m
[18.106s] [  9%] [32m[1mLinking CXX shared library libmoveit_transforms.so[0m
[18.388s] [  9%] Built target moveit_transforms
[18.408s] [  9%] [32mBuilding CXX object gmock/CMakeFiles/gmock_main.dir/src/gmock_main.cc.o[0m
[19.521s] [  9%] [32mBuilding CXX object distance_field/CMakeFiles/moveit_distance_field.dir/src/propagation_distance_field.cpp.o[0m
[19.703s] [ 10%] [32m[1mLinking CXX static library libgmock_main.a[0m
[19.745s] [ 10%] Built target gmock_main
[19.779s] [ 11%] [32mBuilding CXX object online_signal_smoothing/CMakeFiles/moveit_smoothing_base.dir/src/smoothing_base_class.cpp.o[0m
[22.266s] [ 12%] [32m[1mLinking CXX static library libgtest.a[0m
[22.321s] [ 12%] Built target gtest
[22.330s] [ 13%] [32mBuilding CXX object gmock/CMakeFiles/gmock.dir/src/gmock-all.cc.o[0m
[23.150s] [ 13%] [32m[1mLinking CXX shared library libmoveit_smoothing_base.so[0m
[23.273s] [ 13%] Built target moveit_smoothing_base
[23.330s] [ 14%] [34m[1mRunning `/opt/ros/humble/bin/generate_parameter_library_cpp /home/wz/Desktop/ROS_ROBOT/build/moveit_core/online_signal_smoothing/include/moveit_core/moveit_butterworth_parameters.hpp /home/wz/Desktop/ROS_ROBOT/src/moveit2/moveit_core/online_signal_smoothing/src/butterworth_parameters.yaml `[0m
[23.644s] [ 15%] [34m[1mCreating deprecated header file /home/wz/Desktop/ROS_ROBOT/build/moveit_core/online_signal_smoothing/include/moveit_butterworth_parameters.hpp[0m
[23.671s] [ 15%] Built target moveit_butterworth_parameters
[23.704s] [ 15%] [32mBuilding CXX object transforms/CMakeFiles/test_transforms.dir/test/test_transforms.cpp.o[0m
[26.006s] [ 15%] [32mBuilding CXX object version/CMakeFiles/moveit_version.dir/version.cpp.o[0m
[26.062s] [ 16%] [32m[1mLinking CXX executable moveit_version[0m
[26.135s] [ 16%] Built target moveit_version
[26.166s] [ 16%] [32mBuilding CXX object robot_model/CMakeFiles/moveit_robot_model.dir/src/aabb.cpp.o[0m
[26.296s] [ 17%] [32m[1mLinking CXX static library libgmock.a[0m
[26.402s] [ 17%] Built target gmock
[26.425s] [ 18%] [32mBuilding CXX object robot_model/CMakeFiles/moveit_robot_model.dir/src/fixed_joint_model.cpp.o[0m
[27.288s] [ 19%] [32m[1mLinking CXX executable test_transforms[0m
[27.438s] [ 19%] Built target test_transforms
[27.453s] [ 19%] [32mBuilding CXX object robot_model/CMakeFiles/moveit_robot_model.dir/src/floating_joint_model.cpp.o[0m
[28.218s] [ 20%] [32mBuilding CXX object robot_model/CMakeFiles/moveit_robot_model.dir/src/joint_model.cpp.o[0m
[28.848s] [ 20%] [32mBuilding CXX object robot_model/CMakeFiles/moveit_robot_model.dir/src/joint_model_group.cpp.o[0m
[28.990s] [ 21%] [32m[1mLinking CXX shared library libmoveit_distance_field.so[0m
[29.200s] [ 21%] Built target moveit_distance_field
[29.210s] [ 22%] [32mBuilding CXX object robot_model/CMakeFiles/moveit_robot_model.dir/src/link_model.cpp.o[0m
[31.590s] [ 23%] [32mBuilding CXX object distance_field/CMakeFiles/test_voxel_grid.dir/test/test_voxel_grid.cpp.o[0m
[33.420s] [ 24%] [32mBuilding CXX object robot_model/CMakeFiles/moveit_robot_model.dir/src/planar_joint_model.cpp.o[0m
[36.740s] [ 24%] [32mBuilding CXX object robot_model/CMakeFiles/moveit_robot_model.dir/src/prismatic_joint_model.cpp.o[0m
[36.823s] [ 24%] [32m[1mLinking CXX executable test_voxel_grid[0m
[36.951s] [ 24%] Built target test_voxel_grid
[38.091s] [ 24%] [32mBuilding CXX object robot_model/CMakeFiles/moveit_robot_model.dir/src/robot_model.cpp.o[0m
[45.251s] [ 25%] [32mBuilding CXX object robot_model/CMakeFiles/moveit_robot_model.dir/src/revolute_joint_model.cpp.o[0m
[47.468s] [ 26%] [32m[1mLinking CXX shared library libmoveit_robot_model.so[0m
[47.604s] [ 26%] Built target moveit_robot_model
[47.621s] [ 27%] [32mBuilding CXX object distance_field/CMakeFiles/test_distance_field.dir/test/test_distance_field.cpp.o[0m
[47.621s] [ 28%] [32mBuilding CXX object robot_state/CMakeFiles/moveit_robot_state.dir/src/attached_body.cpp.o[0m
[50.405s] [ 28%] [32mBuilding CXX object robot_state/CMakeFiles/moveit_robot_state.dir/src/conversions.cpp.o[0m
[55.782s] [ 28%] [32m[1mLinking CXX executable test_distance_field[0m
[55.983s] [ 28%] Built target test_distance_field
[55.993s] [ 29%] [32mBuilding CXX object robot_state/CMakeFiles/moveit_robot_state.dir/src/robot_state.cpp.o[0m
[56.006s] [ 30%] [32mBuilding CXX object online_signal_smoothing/CMakeFiles/moveit_butterworth_filter.dir/src/butterworth_filter.cpp.o[0m
[56.009s] [ 31%] [32mBuilding CXX object utils/CMakeFiles/moveit_test_utils.dir/src/robot_model_test_utils.cpp.o[0m
[59.462s] [ 31%] [32mBuilding CXX object robot_state/CMakeFiles/moveit_robot_state.dir/src/cartesian_interpolator.cpp.o[0m
[64.214s] [ 31%] [32m[1mLinking CXX shared library libmoveit_butterworth_filter.so[0m
[64.566s] [ 31%] Built target moveit_butterworth_filter
[64.600s] [ 31%] [32mBuilding CXX object online_signal_smoothing/CMakeFiles/test_butterworth_filter.dir/test/test_butterworth_filter.cpp.o[0m
[67.591s] [ 32%] [32m[1mLinking CXX shared library libmoveit_test_utils.so[0m
[67.797s] [ 32%] Built target moveit_test_utils
[67.823s] [ 33%] [32mBuilding CXX object robot_model/CMakeFiles/test_robot_model.dir/test/test.cpp.o[0m
[71.939s] [ 34%] [32m[1mLinking CXX executable test_butterworth_filter[0m
[72.070s] [ 34%] Built target test_butterworth_filter
[73.523s] [ 34%] [32m[1mLinking CXX executable test_robot_model[0m
[73.716s] [ 34%] Built target test_robot_model
[79.825s] [ 35%] [32m[1mLinking CXX shared library libmoveit_robot_state.so[0m
[79.980s] [ 35%] Built target moveit_robot_state
[79.998s] [ 35%] [32mBuilding CXX object collision_detection/CMakeFiles/moveit_collision_detection.dir/src/allvalid/collision_env_allvalid.cpp.o[0m
[79.998s] [ 36%] [32mBuilding CXX object robot_trajectory/CMakeFiles/moveit_robot_trajectory.dir/src/robot_trajectory.cpp.o[0m
[79.999s] [ 36%] [32mBuilding CXX object dynamics_solver/CMakeFiles/moveit_dynamics_solver.dir/src/dynamics_solver.cpp.o[0m
[81.020s] [ 37%] [32mBuilding CXX object kinematics_metrics/CMakeFiles/moveit_kinematics_metrics.dir/src/kinematics_metrics.cpp.o[0m
[86.539s] [ 38%] [32mBuilding CXX object collision_detection/CMakeFiles/moveit_collision_detection.dir/src/collision_common.cpp.o[0m
[87.506s] [ 39%] [32m[1mLinking CXX shared library libmoveit_dynamics_solver.so[0m
[87.699s] [ 39%] Built target moveit_dynamics_solver
[87.718s] [ 40%] [32mBuilding CXX object robot_state/CMakeFiles/test_robot_state.dir/test/robot_state_test.cpp.o[0m
[90.976s] [ 40%] [32m[1mLinking CXX shared library libmoveit_robot_trajectory.so[0m
[91.161s] [ 40%] Built target moveit_robot_trajectory
[91.931s] [ 40%] [32mBuilding CXX object collision_detection/CMakeFiles/moveit_collision_detection.dir/src/collision_matrix.cpp.o[0m
[95.194s] [ 40%] [32mBuilding CXX object robot_state/CMakeFiles/test_robot_state_benchmark.dir/test/robot_state_benchmark.cpp.o[0m
[97.883s] [ 41%] [32mBuilding CXX object collision_detection/CMakeFiles/moveit_collision_detection.dir/src/collision_octomap_filter.cpp.o[0m
[98.952s] [ 42%] [32m[1mLinking CXX executable test_robot_state[0m
[99.242s] [ 42%] Built target test_robot_state
[99.252s] [ 43%] [32mBuilding CXX object collision_detection/CMakeFiles/moveit_collision_detection.dir/src/collision_tools.cpp.o[0m
[103.600s] [ 44%] [32m[1mLinking CXX executable test_robot_state_benchmark[0m
[103.918s] [ 44%] Built target test_robot_state_benchmark
[104.362s] [ 44%] [32m[1mLinking CXX shared library libmoveit_kinematics_metrics.so[0m
[104.565s] [ 44%] Built target moveit_kinematics_metrics
[105.593s] [ 44%] [32mBuilding CXX object robot_state/CMakeFiles/test_robot_state_complex.dir/test/test_kinematic_complex.cpp.o[0m
[105.729s] [ 45%] [32mBuilding CXX object collision_detection/CMakeFiles/moveit_collision_detection.dir/src/world_diff.cpp.o[0m
[106.743s] [ 45%] [32mBuilding CXX object collision_detection/CMakeFiles/moveit_collision_detection.dir/src/world.cpp.o[0m
[107.107s] [ 45%] [32mBuilding CXX object collision_detection/CMakeFiles/moveit_collision_detection.dir/src/collision_env.cpp.o[0m
[108.423s] [ 45%] [32mBuilding CXX object robot_state/CMakeFiles/test_aabb.dir/test/test_aabb.cpp.o[0m
[111.640s] [ 46%] [32mBuilding CXX object robot_state/CMakeFiles/test_cartesian_interpolator.dir/test/test_cartesian_interpolator.cpp.o[0m
[114.495s] [ 47%] [32mBuilding CXX object collision_detection/CMakeFiles/moveit_collision_detection.dir/src/collision_plugin_cache.cpp.o[0m
[116.605s] [ 48%] [32m[1mLinking CXX executable test_robot_state_complex[0m
[117.006s] [ 48%] Built target test_robot_state_complex
[117.977s] [ 49%] [32m[1mLinking CXX executable test_aabb[0m
[118.203s] [ 49%] Built target test_aabb
[118.938s] [ 49%] [32m[1mLinking CXX executable test_cartesian_interpolator[0m
[119.139s] [ 49%] Built target test_cartesian_interpolator
[125.723s] [ 49%] [32m[1mLinking CXX shared library libmoveit_collision_detection.so[0m
[125.864s] [ 49%] Built target moveit_collision_detection
[125.878s] [ 50%] [32mBuilding CXX object planning_interface/CMakeFiles/moveit_planning_interface.dir/src/planning_interface.cpp.o[0m
[125.883s] [ 50%] [32mBuilding CXX object trajectory_processing/CMakeFiles/moveit_trajectory_processing.dir/src/iterative_time_parameterization.cpp.o[0m
[126.910s] [ 51%] [32mBuilding CXX object collision_detection_fcl/CMakeFiles/moveit_collision_detection_fcl.dir/src/collision_common.cpp.o[0m
[127.936s] [ 52%] [32mBuilding CXX object robot_trajectory/CMakeFiles/test_robot_trajectory.dir/test/test_robot_trajectory.cpp.o[0m
[133.453s] [ 53%] [32mBuilding CXX object trajectory_processing/CMakeFiles/moveit_trajectory_processing.dir/src/iterative_spline_parameterization.cpp.o[0m
[135.723s] [ 54%] [32mBuilding CXX object planning_interface/CMakeFiles/moveit_planning_interface.dir/src/planning_response.cpp.o[0m
[137.587s] [ 54%] [32mBuilding CXX object collision_detection_fcl/CMakeFiles/moveit_collision_detection_fcl.dir/src/collision_env_fcl.cpp.o[0m
[138.910s] [ 54%] [32m[1mLinking CXX executable test_robot_trajectory[0m
[139.222s] [ 54%] Built target test_robot_trajectory
[141.535s] [ 54%] [32mBuilding CXX object trajectory_processing/CMakeFiles/moveit_trajectory_processing.dir/src/ruckig_traj_smoothing.cpp.o[0m
[142.622s] [ 54%] [32m[1mLinking CXX shared library libmoveit_planning_interface.so[0m
[142.771s] [ 54%] Built target moveit_planning_interface
[144.865s] [ 55%] [32m[1mLinking CXX shared library libmoveit_collision_detection_fcl.so[0m
[145.039s] [ 55%] Built target moveit_collision_detection_fcl
[149.060s] [ 56%] [32mBuilding CXX object trajectory_processing/CMakeFiles/moveit_trajectory_processing.dir/src/trajectory_tools.cpp.o[0m
[149.565s] [ 56%] [32mBuilding CXX object trajectory_processing/CMakeFiles/moveit_trajectory_processing.dir/src/time_optimal_trajectory_generation.cpp.o[0m
[150.079s] [ 57%] [32mBuilding CXX object collision_detection/CMakeFiles/test_all_valid.dir/test/test_all_valid.cpp.o[0m
[152.110s] [ 58%] [32mBuilding CXX object collision_detection/CMakeFiles/test_world_diff.dir/test/test_world_diff.cpp.o[0m
[154.143s] [ 59%] [32mBuilding CXX object collision_detection/CMakeFiles/test_world.dir/test/test_world.cpp.o[0m
[156.498s] [ 59%] [32m[1mLinking CXX executable test_all_valid[0m
[156.650s] [ 60%] [32m[1mLinking CXX executable test_world_diff[0m
[156.740s] [ 60%] Built target test_all_valid
[156.777s] [ 61%] [32mBuilding CXX object collision_detection_bullet/CMakeFiles/moveit_collision_detection_bullet.dir/src/bullet_integration/bullet_utils.cpp.o[0m
[156.888s] [ 61%] Built target test_world_diff
[156.928s] [ 61%] [32mBuilding CXX object collision_detection_fcl/CMakeFiles/test_fcl_collision_env.dir/test/test_fcl_env.cpp.o[0m
[158.309s] [ 62%] [32m[1mLinking CXX shared library libmoveit_trajectory_processing.so[0m
[158.512s] [ 62%] Built target moveit_trajectory_processing
[158.535s] [ 63%] [32mBuilding CXX object collision_detection_fcl/CMakeFiles/test_fcl_collision_detection.dir/test/test_fcl_collision_detection_pr2.cpp.o[0m
[161.100s] [ 63%] [32m[1mLinking CXX executable test_world[0m
[161.366s] [ 63%] Built target test_world
[165.709s] [ 64%] [32mBuilding CXX object collision_detection_bullet/CMakeFiles/moveit_collision_detection_bullet.dir/src/bullet_integration/bullet_discrete_bvh_manager.cpp.o[0m
[166.571s] [ 65%] [32m[1mLinking CXX executable test_fcl_collision_env[0m
[166.859s] [ 65%] Built target test_fcl_collision_env
[169.176s] [ 65%] [32m[1mLinking CXX executable test_fcl_collision_detection[0m
[169.461s] [ 65%] Built target test_fcl_collision_detection
[170.407s] [ 66%] [32mBuilding CXX object collision_detection_bullet/CMakeFiles/moveit_collision_detection_bullet.dir/src/collision_env_bullet.cpp.o[0m
[176.208s] [ 66%] [32mBuilding CXX object collision_detection_bullet/CMakeFiles/moveit_collision_detection_bullet.dir/src/bullet_integration/bullet_cast_bvh_manager.cpp.o[0m
[180.539s] [ 66%] [32mBuilding CXX object collision_detection_bullet/CMakeFiles/moveit_collision_detection_bullet.dir/src/bullet_integration/bullet_bvh_manager.cpp.o[0m
[184.603s] [ 67%] [32mBuilding CXX object collision_detection_bullet/CMakeFiles/moveit_collision_detection_bullet.dir/src/bullet_integration/contact_checker_common.cpp.o[0m
[188.429s] [ 68%] [32mBuilding CXX object collision_detection_bullet/CMakeFiles/moveit_collision_detection_bullet.dir/src/bullet_integration/ros_bullet_utils.cpp.o[0m
[192.563s] [ 68%] [32m[1mLinking CXX shared library libmoveit_collision_detection_bullet.so[0m
[192.733s] [ 68%] Built target moveit_collision_detection_bullet
[192.751s] [ 68%] [32mBuilding CXX object trajectory_processing/CMakeFiles/test_time_parameterization.dir/test/test_time_parameterization.cpp.o[0m
[195.768s] [ 69%] [32mBuilding CXX object trajectory_processing/CMakeFiles/test_time_optimal_trajectory_generation.dir/test/test_time_optimal_trajectory_generation.cpp.o[0m
[196.781s] [ 70%] [32mBuilding CXX object kinematic_constraints/CMakeFiles/moveit_kinematic_constraints.dir/src/kinematic_constraint.cpp.o[0m
[197.843s] [ 71%] [32mBuilding CXX object collision_detection_fcl/CMakeFiles/test_fcl_collision_detection_panda.dir/test/test_fcl_collision_detection_panda.cpp.o[0m
[200.041s] [ 72%] [32m[1mLinking CXX executable test_time_parameterization[0m
[200.387s] [ 72%] Built target test_time_parameterization
[205.264s] [ 73%] [32m[1mLinking CXX executable test_time_optimal_trajectory_generation[0m
[205.516s] [ 73%] Built target test_time_optimal_trajectory_generation
[207.418s] [ 74%] [32m[1mLinking CXX executable test_fcl_collision_detection_panda[0m
[207.687s] [ 74%] Built target test_fcl_collision_detection_panda
[209.761s] [ 74%] [32mBuilding CXX object kinematic_constraints/CMakeFiles/moveit_kinematic_constraints.dir/src/utils.cpp.o[0m
[210.709s] [ 75%] [32mBuilding CXX object collision_detection_bullet/CMakeFiles/test_bullet_collision_detection_panda.dir/test/test_bullet_collision_detection_panda.cpp.o[0m
[211.726s] [ 76%] [32mBuilding CXX object collision_detection_bullet/CMakeFiles/test_bullet_collision_detection.dir/test/test_bullet_collision_detection_pr2.cpp.o[0m
[212.749s] [ 77%] [32mBuilding CXX object trajectory_processing/CMakeFiles/test_ruckig_traj_smoothing.dir/test/test_ruckig_traj_smoothing.cpp.o[0m
[219.965s] [ 78%] [32m[1mLinking CXX executable test_bullet_collision_detection_panda[0m
[220.364s] [ 78%] Built target test_bullet_collision_detection_panda
[221.520s] [ 79%] [32m[1mLinking CXX shared library libmoveit_kinematic_constraints.so[0m
[221.702s] [ 79%] Built target moveit_kinematic_constraints
[222.023s] [ 79%] [32m[1mLinking CXX executable test_ruckig_traj_smoothing[0m
[222.227s] [ 79%] Built target test_ruckig_traj_smoothing
[222.455s] [ 79%] [32m[1mLinking CXX executable test_bullet_collision_detection[0m
[222.686s] [ 79%] Built target test_bullet_collision_detection
[222.701s] [ 79%] [32mBuilding CXX object kinematic_constraints/CMakeFiles/test_constraints.dir/test/test_constraints.cpp.o[0m
[231.742s] [ 80%] [32m[1mLinking CXX executable test_constraints[0m
[231.926s] [ 80%] Built target test_constraints
[231.944s] [ 81%] [32mBuilding CXX object planning_scene/CMakeFiles/moveit_planning_scene.dir/src/planning_scene.cpp.o[0m
[231.944s] [ 82%] [32mBuilding CXX object kinematic_constraints/CMakeFiles/test_orientation_constraints.dir/test/test_orientation_constraints.cpp.o[0m
[231.944s] [ 82%] [32mBuilding CXX object collision_detection_bullet/CMakeFiles/test_bullet_continuous_collision_checking.dir/test/test_bullet_continuous_collision_checking.cpp.o[0m
[242.174s] [ 82%] [32m[1mLinking CXX executable test_orientation_constraints[0m
[242.442s] [ 83%] [32m[1mLinking CXX executable test_bullet_continuous_collision_checking[0m
[242.477s] [ 83%] Built target test_orientation_constraints
[242.684s] [ 83%] Built target test_bullet_continuous_collision_checking
[248.546s] [ 84%] [32m[1mLinking CXX shared library libmoveit_planning_scene.so[0m
[248.694s] [ 84%] Built target moveit_planning_scene
[248.711s] [ 85%] [32mBuilding CXX object collision_distance_field/CMakeFiles/moveit_collision_distance_field.dir/src/collision_distance_field_types.cpp.o[0m
[248.711s] [ 86%] [32mBuilding CXX object constraint_samplers/CMakeFiles/moveit_constraint_samplers.dir/src/constraint_sampler.cpp.o[0m
[249.727s] [ 87%] [32mBuilding CXX object planning_scene/CMakeFiles/test_planning_scene.dir/test/test_planning_scene.cpp.o[0m
[254.705s] [ 87%] [32mBuilding CXX object collision_distance_field/CMakeFiles/moveit_collision_distance_field.dir/src/collision_common_distance_field.cpp.o[0m
[255.381s] [ 87%] [32mBuilding CXX object constraint_samplers/CMakeFiles/moveit_constraint_samplers.dir/src/constraint_sampler_manager.cpp.o[0m
[263.619s] [ 88%] [32mBuilding CXX object constraint_samplers/CMakeFiles/moveit_constraint_samplers.dir/src/constraint_sampler_tools.cpp.o[0m
[263.955s] [ 89%] [32mBuilding CXX object collision_distance_field/CMakeFiles/moveit_collision_distance_field.dir/src/collision_env_distance_field.cpp.o[0m
[264.748s] [ 89%] [32m[1mLinking CXX executable test_planning_scene[0m
[265.024s] [ 89%] Built target test_planning_scene
[269.742s] [ 89%] [32mBuilding CXX object constraint_samplers/CMakeFiles/moveit_constraint_samplers.dir/src/default_constraint_samplers.cpp.o[0m
[276.130s] [ 89%] [32mBuilding CXX object collision_distance_field/CMakeFiles/moveit_collision_distance_field.dir/src/collision_env_hybrid.cpp.o[0m
[278.574s] [ 90%] [32mBuilding CXX object constraint_samplers/CMakeFiles/moveit_constraint_samplers.dir/src/union_constraint_sampler.cpp.o[0m
[283.731s] [ 91%] [32m[1mLinking CXX shared library libmoveit_collision_distance_field.so[0m
[283.912s] [ 91%] Built target moveit_collision_distance_field
[284.699s] [ 91%] [32m[1mLinking CXX shared library libmoveit_constraint_samplers.so[0m
[284.830s] [ 91%] Built target moveit_constraint_samplers
[284.843s] [ 91%] [32mBuilding CXX object planning_scene/CMakeFiles/test_multi_threaded.dir/test/test_multi_threaded.cpp.o[0m
[289.860s] [ 91%] [32mBuilding CXX object collision_detection_bullet/CMakeFiles/collision_detector_bullet_plugin.dir/src/collision_detector_bullet_plugin_loader.cpp.o[0m
[290.878s] [ 92%] [32mBuilding CXX object planning_scene/CMakeFiles/test_collision_objects.dir/test/test_collision_objects.cpp.o[0m
[291.656s] [ 93%] [32m[1mLinking CXX executable test_multi_threaded[0m
[291.895s] [ 94%] [32mBuilding CXX object planning_request_adapter/CMakeFiles/moveit_planning_request_adapter.dir/src/planning_request_adapter.cpp.o[0m
[291.903s] [ 94%] Built target test_multi_threaded
[291.954s] [ 94%] [32mBuilding CXX object collision_detection_fcl/CMakeFiles/collision_detector_fcl_plugin.dir/src/collision_detector_fcl_plugin_loader.cpp.o[0m
[298.847s] [ 95%] [32m[1mLinking CXX shared library libcollision_detector_bullet_plugin.so[0m
[299.038s] [ 95%] Built target collision_detector_bullet_plugin
[300.062s] [ 95%] [32m[1mLinking CXX shared library libmoveit_planning_request_adapter.so[0m
[300.224s] [ 95%] Built target moveit_planning_request_adapter
[301.451s] [ 96%] [32m[1mLinking CXX shared library libcollision_detector_fcl_plugin.so[0m
[301.578s] [ 96%] Built target collision_detector_fcl_plugin
[303.154s] [ 96%] [32m[1mLinking CXX executable test_collision_objects[0m
[303.350s] [ 96%] Built target test_collision_objects
[303.367s] [ 97%] [32mBuilding CXX object constraint_samplers/CMakeFiles/test_constraint_samplers.dir/test/test_constraint_samplers.cpp.o[0m
[314.335s] [ 97%] [32mBuilding CXX object constraint_samplers/CMakeFiles/test_constraint_samplers.dir/test/pr2_arm_ik.cpp.o[0m
[314.341s] [ 98%] [32mBuilding CXX object constraint_samplers/CMakeFiles/test_constraint_samplers.dir/test/pr2_arm_kinematics_plugin.cpp.o[0m
[319.954s] [ 99%] [32m[1mLinking CXX executable test_constraint_samplers[0m
[320.191s] [ 99%] Built target test_constraint_samplers
[320.212s] [100%] [32mBuilding CXX object collision_distance_field/CMakeFiles/test_collision_distance_field.dir/test/test_collision_distance_field.cpp.o[0m
[328.871s] [100%] [32m[1mLinking CXX executable test_collision_distance_field[0m
[329.072s] [100%] Built target test_collision_distance_field
[329.086s] Invoked command in '/home/wz/Desktop/ROS_ROBOT/build/moveit_core' returned '0': AMENT_PREFIX_PATH=/home/wz/Desktop/ROS_ROBOT/install/moveit_common:${AMENT_PREFIX_PATH} CMAKE_PREFIX_PATH=/home/wz/Desktop/ROS_ROBOT/install/moveit_common:/opt/ros/humble /usr/bin/cmake --build /home/wz/Desktop/ROS_ROBOT/build/moveit_core -- -j4 -l4
[329.088s] Invoking command in '/home/wz/Desktop/ROS_ROBOT/build/moveit_core': AMENT_PREFIX_PATH=/home/wz/Desktop/ROS_ROBOT/install/moveit_common:${AMENT_PREFIX_PATH} CMAKE_PREFIX_PATH=/home/wz/Desktop/ROS_ROBOT/install/moveit_common:/opt/ros/humble /usr/bin/cmake --install /home/wz/Desktop/ROS_ROBOT/build/moveit_core
[329.095s] -- Install configuration: "Release"
[329.095s] -- Execute custom install script
[329.096s] -- Symlinking: /home/wz/Desktop/ROS_ROBOT/install/moveit_core/include/moveit/version.h
[329.103s] -- Symlinking: /home/wz/Desktop/ROS_ROBOT/install/moveit_core/include/moveit/collision_distance_field/collision_common_distance_field.h
[329.109s] -- Symlinking: /home/wz/Desktop/ROS_ROBOT/install/moveit_core/include/moveit/collision_distance_field/collision_detector_allocator_distance_field.h
[329.116s] -- Symlinking: /home/wz/Desktop/ROS_ROBOT/install/moveit_core/include/moveit/collision_distance_field/collision_detector_allocator_hybrid.h
[329.121s] -- Symlinking: /home/wz/Desktop/ROS_ROBOT/install/moveit_core/include/moveit/collision_distance_field/collision_distance_field_types.h
[329.127s] -- Symlinking: /home/wz/Desktop/ROS_ROBOT/install/moveit_core/include/moveit/collision_distance_field/collision_env_distance_field.h
[329.132s] -- Symlinking: /home/wz/Desktop/ROS_ROBOT/install/moveit_core/include/moveit/collision_distance_field/collision_env_hybrid.h
[329.138s] -- Symlinking: /home/wz/Desktop/ROS_ROBOT/install/moveit_core/include/moveit_collision_distance_field_export.h
[329.144s] -- Symlinking: /home/wz/Desktop/ROS_ROBOT/install/moveit_core/include/moveit/constraint_samplers/constraint_sampler.h
[329.150s] -- Symlinking: /home/wz/Desktop/ROS_ROBOT/install/moveit_core/include/moveit/constraint_samplers/constraint_sampler_allocator.h
[329.156s] -- Symlinking: /home/wz/Desktop/ROS_ROBOT/install/moveit_core/include/moveit/constraint_samplers/constraint_sampler_manager.h
[329.162s] -- Symlinking: /home/wz/Desktop/ROS_ROBOT/install/moveit_core/include/moveit/constraint_samplers/constraint_sampler_tools.h
[329.170s] -- Symlinking: /home/wz/Desktop/ROS_ROBOT/install/moveit_core/include/moveit/constraint_samplers/default_constraint_samplers.h
[329.177s] -- Symlinking: /home/wz/Desktop/ROS_ROBOT/install/moveit_core/include/moveit/constraint_samplers/union_constraint_sampler.h
[329.184s] -- Symlinking: /home/wz/Desktop/ROS_ROBOT/install/moveit_core/include/moveit/controller_manager/controller_manager.h
[329.192s] -- Symlinking: /home/wz/Desktop/ROS_ROBOT/install/moveit_core/include/moveit/distance_field/distance_field.h
[329.199s] -- Symlinking: /home/wz/Desktop/ROS_ROBOT/install/moveit_core/include/moveit/distance_field/find_internal_points.h
[329.205s] -- Symlinking: /home/wz/Desktop/ROS_ROBOT/install/moveit_core/include/moveit/distance_field/propagation_distance_field.h
[329.211s] -- Symlinking: /home/wz/Desktop/ROS_ROBOT/install/moveit_core/include/moveit/distance_field/voxel_grid.h
[329.217s] -- Symlinking: /home/wz/Desktop/ROS_ROBOT/install/moveit_core/include/moveit/dynamics_solver/dynamics_solver.h
[329.223s] -- Symlinking: /home/wz/Desktop/ROS_ROBOT/install/moveit_core/include/moveit/exceptions/exceptions.h
[329.228s] -- Symlinking: /home/wz/Desktop/ROS_ROBOT/install/moveit_core/include/moveit/kinematics_base/kinematics_base.h
[329.234s] -- Symlinking: /home/wz/Desktop/ROS_ROBOT/install/moveit_core/include/moveit_kinematics_base_export.h
[329.240s] -- Symlinking: /home/wz/Desktop/ROS_ROBOT/install/moveit_core/include/moveit/kinematic_constraints/kinematic_constraint.h
[329.247s] -- Symlinking: /home/wz/Desktop/ROS_ROBOT/install/moveit_core/include/moveit/kinematic_constraints/utils.h
[329.253s] -- Symlinking: /home/wz/Desktop/ROS_ROBOT/install/moveit_core/include/moveit/kinematics_metrics/kinematics_metrics.h
[329.259s] -- Symlinking: /home/wz/Desktop/ROS_ROBOT/install/moveit_core/include/moveit/macros/class_forward.h
[329.268s] -- Symlinking: /home/wz/Desktop/ROS_ROBOT/install/moveit_core/include/moveit/macros/console_colors.h
[329.275s] -- Symlinking: /home/wz/Desktop/ROS_ROBOT/install/moveit_core/include/moveit/macros/declare_ptr.h
[329.285s] -- Symlinking: /home/wz/Desktop/ROS_ROBOT/install/moveit_core/include/moveit/macros/deprecation.h
[329.292s] -- Symlinking: /home/wz/Desktop/ROS_ROBOT/install/moveit_core/include/moveit_core/moveit_butterworth_parameters.hpp
[329.299s] -- Symlinking: /home/wz/Desktop/ROS_ROBOT/install/moveit_core/include/moveit/online_signal_smoothing/butterworth_filter.h
[329.305s] -- Symlinking: /home/wz/Desktop/ROS_ROBOT/install/moveit_core/include/moveit/online_signal_smoothing/smoothing_base_class.h
[329.311s] -- Symlinking: /home/wz/Desktop/ROS_ROBOT/install/moveit_core/include/moveit_smoothing_base_export.h
[329.316s] -- Symlinking: /home/wz/Desktop/ROS_ROBOT/install/moveit_core/include/moveit_butterworth_filter_export.h
[329.323s] -- Symlinking: /home/wz/Desktop/ROS_ROBOT/install/moveit_core/include/moveit/planning_interface/planning_interface.h
[329.329s] -- Symlinking: /home/wz/Desktop/ROS_ROBOT/install/moveit_core/include/moveit/planning_interface/planning_request.h
[329.335s] -- Symlinking: /home/wz/Desktop/ROS_ROBOT/install/moveit_core/include/moveit/planning_interface/planning_response.h
[329.341s] -- Symlinking: /home/wz/Desktop/ROS_ROBOT/install/moveit_core/include/moveit/planning_request_adapter/planning_request_adapter.h
[329.348s] -- Symlinking: /home/wz/Desktop/ROS_ROBOT/install/moveit_core/include/moveit/planning_scene/planning_scene.h
[329.353s] -- Symlinking: /home/wz/Desktop/ROS_ROBOT/install/moveit_core/include/moveit_planning_scene_export.h
[329.359s] -- Symlinking: /home/wz/Desktop/ROS_ROBOT/install/moveit_core/include/moveit/robot_model/aabb.h
[329.366s] -- Symlinking: /home/wz/Desktop/ROS_ROBOT/install/moveit_core/include/moveit/robot_model/fixed_joint_model.h
[329.373s] -- Symlinking: /home/wz/Desktop/ROS_ROBOT/install/moveit_core/include/moveit/robot_model/floating_joint_model.h
[329.379s] -- Symlinking: /home/wz/Desktop/ROS_ROBOT/install/moveit_core/include/moveit/robot_model/joint_model.h
[329.384s] -- Symlinking: /home/wz/Desktop/ROS_ROBOT/install/moveit_core/include/moveit/robot_model/joint_model_group.h
[329.390s] -- Symlinking: /home/wz/Desktop/ROS_ROBOT/install/moveit_core/include/moveit/robot_model/link_model.h
[329.397s] -- Symlinking: /home/wz/Desktop/ROS_ROBOT/install/moveit_core/include/moveit/robot_model/planar_joint_model.h
[329.403s] -- Symlinking: /home/wz/Desktop/ROS_ROBOT/install/moveit_core/include/moveit/robot_model/prismatic_joint_model.h
[329.408s] -- Symlinking: /home/wz/Desktop/ROS_ROBOT/install/moveit_core/include/moveit/robot_model/revolute_joint_model.h
[329.414s] -- Symlinking: /home/wz/Desktop/ROS_ROBOT/install/moveit_core/include/moveit/robot_model/robot_model.h
[329.420s] -- Symlinking: /home/wz/Desktop/ROS_ROBOT/install/moveit_core/include/moveit/robot_state/attached_body.h
[329.426s] -- Symlinking: /home/wz/Desktop/ROS_ROBOT/install/moveit_core/include/moveit/robot_state/cartesian_interpolator.h
[329.431s] -- Symlinking: /home/wz/Desktop/ROS_ROBOT/install/moveit_core/include/moveit/robot_state/conversions.h
[329.436s] -- Symlinking: /home/wz/Desktop/ROS_ROBOT/install/moveit_core/include/moveit/robot_state/robot_state.h
[329.442s] -- Symlinking: /home/wz/Desktop/ROS_ROBOT/install/moveit_core/include/moveit/robot_trajectory/robot_trajectory.h
[329.450s] -- Symlinking: /home/wz/Desktop/ROS_ROBOT/install/moveit_core/include/moveit/sensor_manager/sensor_manager.h
[329.457s] -- Symlinking: /home/wz/Desktop/ROS_ROBOT/install/moveit_core/include/moveit/trajectory_processing/iterative_spline_parameterization.h
[329.463s] -- Symlinking: /home/wz/Desktop/ROS_ROBOT/install/moveit_core/include/moveit/trajectory_processing/iterative_time_parameterization.h
[329.469s] -- Symlinking: /home/wz/Desktop/ROS_ROBOT/install/moveit_core/include/moveit/trajectory_processing/ruckig_traj_smoothing.h
[329.476s] -- Symlinking: /home/wz/Desktop/ROS_ROBOT/install/moveit_core/include/moveit/trajectory_processing/time_optimal_trajectory_generation.h
[329.483s] -- Symlinking: /home/wz/Desktop/ROS_ROBOT/install/moveit_core/include/moveit/trajectory_processing/time_parameterization.h
[329.489s] -- Symlinking: /home/wz/Desktop/ROS_ROBOT/install/moveit_core/include/moveit/trajectory_processing/trajectory_tools.h
[329.495s] -- Symlinking: /home/wz/Desktop/ROS_ROBOT/install/moveit_core/include/moveit/transforms/transforms.h
[329.502s] -- Symlinking: /home/wz/Desktop/ROS_ROBOT/install/moveit_core/include/moveit/utils/lexical_casts.h
[329.508s] -- Symlinking: /home/wz/Desktop/ROS_ROBOT/install/moveit_core/include/moveit/utils/message_checks.h
[329.514s] -- Symlinking: /home/wz/Desktop/ROS_ROBOT/install/moveit_core/include/moveit/utils/moveit_error_code.h
[329.520s] -- Symlinking: /home/wz/Desktop/ROS_ROBOT/install/moveit_core/include/moveit/utils/rclcpp_utils.h
[329.525s] -- Symlinking: /home/wz/Desktop/ROS_ROBOT/install/moveit_core/include/moveit/utils/robot_model_test_utils.h
[329.531s] -- Symlinking: /home/wz/Desktop/ROS_ROBOT/install/moveit_core/bin/moveit_version
[329.537s] -- Symlinking: /home/wz/Desktop/ROS_ROBOT/install/moveit_core/include/moveit/collision_detection/allvalid/collision_detector_allocator_allvalid.h
[329.542s] -- Symlinking: /home/wz/Desktop/ROS_ROBOT/install/moveit_core/include/moveit/collision_detection/allvalid/collision_env_allvalid.h
[329.552s] -- Symlinking: /home/wz/Desktop/ROS_ROBOT/install/moveit_core/include/moveit/collision_detection/collision_common.h
[329.557s] -- Symlinking: /home/wz/Desktop/ROS_ROBOT/install/moveit_core/include/moveit/collision_detection/collision_detector_allocator.h
[329.564s] -- Symlinking: /home/wz/Desktop/ROS_ROBOT/install/moveit_core/include/moveit/collision_detection/collision_env.h
[329.571s] -- Symlinking: /home/wz/Desktop/ROS_ROBOT/install/moveit_core/include/moveit/collision_detection/collision_matrix.h
[329.578s] -- Symlinking: /home/wz/Desktop/ROS_ROBOT/install/moveit_core/include/moveit/collision_detection/collision_octomap_filter.h
[329.585s] -- Symlinking: /home/wz/Desktop/ROS_ROBOT/install/moveit_core/include/moveit/collision_detection/collision_plugin.h
[329.599s] -- Symlinking: /home/wz/Desktop/ROS_ROBOT/install/moveit_core/include/moveit/collision_detection/collision_plugin_cache.h
[329.608s] -- Symlinking: /home/wz/Desktop/ROS_ROBOT/install/moveit_core/include/moveit/collision_detection/collision_tools.h
[329.617s] -- Symlinking: /home/wz/Desktop/ROS_ROBOT/install/moveit_core/include/moveit/collision_detection/occupancy_map.h
[329.629s] -- Symlinking: /home/wz/Desktop/ROS_ROBOT/install/moveit_core/include/moveit/collision_detection/test_collision_common_panda.h
[329.636s] -- Symlinking: /home/wz/Desktop/ROS_ROBOT/install/moveit_core/include/moveit/collision_detection/test_collision_common_pr2.h
[329.642s] -- Symlinking: /home/wz/Desktop/ROS_ROBOT/install/moveit_core/include/moveit/collision_detection/world.h
[329.649s] -- Symlinking: /home/wz/Desktop/ROS_ROBOT/install/moveit_core/include/moveit/collision_detection/world_diff.h
[329.655s] -- Symlinking: /home/wz/Desktop/ROS_ROBOT/install/moveit_core/include/moveit_collision_detection_export.h
[329.661s] -- Symlinking: /home/wz/Desktop/ROS_ROBOT/install/moveit_core/include/moveit/collision_detection_bullet/bullet_integration/basic_types.h
[329.667s] -- Symlinking: /home/wz/Desktop/ROS_ROBOT/install/moveit_core/include/moveit/collision_detection_bullet/bullet_integration/bullet_bvh_manager.h
[329.673s] -- Symlinking: /home/wz/Desktop/ROS_ROBOT/install/moveit_core/include/moveit/collision_detection_bullet/bullet_integration/bullet_cast_bvh_manager.h
[329.681s] -- Symlinking: /home/wz/Desktop/ROS_ROBOT/install/moveit_core/include/moveit/collision_detection_bullet/bullet_integration/bullet_discrete_bvh_manager.h
[329.689s] -- Symlinking: /home/wz/Desktop/ROS_ROBOT/install/moveit_core/include/moveit/collision_detection_bullet/bullet_integration/bullet_utils.h
[329.696s] -- Symlinking: /home/wz/Desktop/ROS_ROBOT/install/moveit_core/include/moveit/collision_detection_bullet/bullet_integration/contact_checker_common.h
[329.702s] -- Symlinking: /home/wz/Desktop/ROS_ROBOT/install/moveit_core/include/moveit/collision_detection_bullet/bullet_integration/ros_bullet_utils.h
[329.709s] -- Symlinking: /home/wz/Desktop/ROS_ROBOT/install/moveit_core/include/moveit/collision_detection_bullet/collision_detector_allocator_bullet.h
[329.715s] -- Symlinking: /home/wz/Desktop/ROS_ROBOT/install/moveit_core/include/moveit/collision_detection_bullet/collision_detector_bullet_plugin_loader.h
[329.721s] -- Symlinking: /home/wz/Desktop/ROS_ROBOT/install/moveit_core/include/moveit/collision_detection_bullet/collision_env_bullet.h
[329.727s] -- Symlinking: /home/wz/Desktop/ROS_ROBOT/install/moveit_core/include/moveit_collision_detection_bullet_export.h
[329.733s] -- Symlinking: /home/wz/Desktop/ROS_ROBOT/install/moveit_core/include/moveit/collision_detection_fcl/collision_common.h
[329.738s] -- Symlinking: /home/wz/Desktop/ROS_ROBOT/install/moveit_core/include/moveit/collision_detection_fcl/collision_detector_allocator_fcl.h
[329.744s] -- Symlinking: /home/wz/Desktop/ROS_ROBOT/install/moveit_core/include/moveit/collision_detection_fcl/collision_detector_fcl_plugin_loader.h
[329.751s] -- Symlinking: /home/wz/Desktop/ROS_ROBOT/install/moveit_core/include/moveit/collision_detection_fcl/collision_env_fcl.h
[329.758s] -- Symlinking: /home/wz/Desktop/ROS_ROBOT/install/moveit_core/include/moveit/collision_detection_fcl/fcl_compat.h
[329.764s] -- Symlinking: /home/wz/Desktop/ROS_ROBOT/install/moveit_core/include/moveit_collision_detection_fcl_export.h
[329.772s] -- Symlinking: /home/wz/Desktop/ROS_ROBOT/install/moveit_core/share/moveit_core/environment/library_path.sh
[329.779s] -- Symlinking: /home/wz/Desktop/ROS_ROBOT/install/moveit_core/share/moveit_core/environment/library_path.dsv
[329.785s] -- Symlinking: /home/wz/Desktop/ROS_ROBOT/install/moveit_core/share/moveit_core//collision_detector_fcl_description.xml
[329.791s] -- Symlinking: /home/wz/Desktop/ROS_ROBOT/install/moveit_core/share/moveit_core//collision_detector_bullet_description.xml
[329.797s] -- Symlinking: /home/wz/Desktop/ROS_ROBOT/install/moveit_core/share/moveit_core//filter_plugin_butterworth.xml
[329.803s] -- Symlinking: /home/wz/Desktop/ROS_ROBOT/install/moveit_core/share/ament_index/resource_index/package_run_dependencies/moveit_core
[329.809s] -- Symlinking: /home/wz/Desktop/ROS_ROBOT/install/moveit_core/share/ament_index/resource_index/parent_prefix_path/moveit_core
[329.815s] -- Symlinking: /home/wz/Desktop/ROS_ROBOT/install/moveit_core/share/moveit_core/environment/ament_prefix_path.sh
[329.821s] -- Symlinking: /home/wz/Desktop/ROS_ROBOT/install/moveit_core/share/moveit_core/environment/ament_prefix_path.dsv
[329.827s] -- Symlinking: /home/wz/Desktop/ROS_ROBOT/install/moveit_core/share/moveit_core/environment/path.sh
[329.832s] -- Symlinking: /home/wz/Desktop/ROS_ROBOT/install/moveit_core/share/moveit_core/environment/path.dsv
[329.839s] -- Symlinking: /home/wz/Desktop/ROS_ROBOT/install/moveit_core/share/moveit_core/local_setup.bash
[329.844s] -- Symlinking: /home/wz/Desktop/ROS_ROBOT/install/moveit_core/share/moveit_core/local_setup.sh
[329.854s] -- Symlinking: /home/wz/Desktop/ROS_ROBOT/install/moveit_core/share/moveit_core/local_setup.zsh
[329.860s] -- Symlinking: /home/wz/Desktop/ROS_ROBOT/install/moveit_core/share/moveit_core/local_setup.dsv
[329.867s] -- Symlinking: /home/wz/Desktop/ROS_ROBOT/install/moveit_core/share/moveit_core/package.dsv
[329.874s] -- Symlinking: /home/wz/Desktop/ROS_ROBOT/install/moveit_core/share/ament_index/resource_index/packages/moveit_core
[329.881s] -- Symlinking: /home/wz/Desktop/ROS_ROBOT/install/moveit_core/share/ament_index/resource_index/moveit_core__pluginlib__plugin/moveit_core
[329.887s] -- Symlinking: /home/wz/Desktop/ROS_ROBOT/install/moveit_core/share/moveit_core/cmake/ConfigExtras.cmake
[329.893s] -- Symlinking: /home/wz/Desktop/ROS_ROBOT/install/moveit_core/share/moveit_core/cmake/ament_cmake_export_targets-extras.cmake
[329.898s] -- Symlinking: /home/wz/Desktop/ROS_ROBOT/install/moveit_core/share/moveit_core/cmake/ament_cmake_export_dependencies-extras.cmake
[329.905s] -- Symlinking: /home/wz/Desktop/ROS_ROBOT/install/moveit_core/share/moveit_core/cmake/moveit_coreConfig.cmake
[329.911s] -- Symlinking: /home/wz/Desktop/ROS_ROBOT/install/moveit_core/share/moveit_core/cmake/moveit_coreConfig-version.cmake
[329.917s] -- Symlinking: /home/wz/Desktop/ROS_ROBOT/install/moveit_core/share/moveit_core/package.xml
[329.926s] -- Installing: /home/wz/Desktop/ROS_ROBOT/install/moveit_core/lib/libcollision_detector_bullet_plugin.so.2.5.9
[329.926s] -- Set runtime path of "/home/wz/Desktop/ROS_ROBOT/install/moveit_core/lib/libcollision_detector_bullet_plugin.so.2.5.9" to ""
[329.926s] -- Installing: /home/wz/Desktop/ROS_ROBOT/install/moveit_core/lib/libcollision_detector_bullet_plugin.so
[329.926s] -- Installing: /home/wz/Desktop/ROS_ROBOT/install/moveit_core/lib/libmoveit_butterworth_filter.so.2.5.9
[329.926s] -- Set runtime path of "/home/wz/Desktop/ROS_ROBOT/install/moveit_core/lib/libmoveit_butterworth_filter.so.2.5.9" to ""
[329.926s] -- Installing: /home/wz/Desktop/ROS_ROBOT/install/moveit_core/lib/libmoveit_butterworth_filter.so
[329.926s] -- Installing: /home/wz/Desktop/ROS_ROBOT/install/moveit_core/lib/libmoveit_collision_distance_field.so.2.5.9
[329.927s] -- Set runtime path of "/home/wz/Desktop/ROS_ROBOT/install/moveit_core/lib/libmoveit_collision_distance_field.so.2.5.9" to ""
[329.927s] -- Installing: /home/wz/Desktop/ROS_ROBOT/install/moveit_core/lib/libmoveit_collision_distance_field.so
[329.927s] -- Installing: /home/wz/Desktop/ROS_ROBOT/install/moveit_core/lib/libmoveit_collision_detection.so.2.5.9
[329.927s] -- Set runtime path of "/home/wz/Desktop/ROS_ROBOT/install/moveit_core/lib/libmoveit_collision_detection.so.2.5.9" to ""
[329.927s] -- Installing: /home/wz/Desktop/ROS_ROBOT/install/moveit_core/lib/libmoveit_collision_detection.so
[329.927s] -- Installing: /home/wz/Desktop/ROS_ROBOT/install/moveit_core/lib/libmoveit_collision_detection_fcl.so.2.5.9
[329.928s] -- Set runtime path of "/home/wz/Desktop/ROS_ROBOT/install/moveit_core/lib/libmoveit_collision_detection_fcl.so.2.5.9" to ""
[329.928s] -- Installing: /home/wz/Desktop/ROS_ROBOT/install/moveit_core/lib/libmoveit_collision_detection_fcl.so
[329.928s] -- Installing: /home/wz/Desktop/ROS_ROBOT/install/moveit_core/lib/libmoveit_collision_detection_bullet.so.2.5.9
[329.929s] -- Set runtime path of "/home/wz/Desktop/ROS_ROBOT/install/moveit_core/lib/libmoveit_collision_detection_bullet.so.2.5.9" to ""
[329.929s] -- Installing: /home/wz/Desktop/ROS_ROBOT/install/moveit_core/lib/libmoveit_collision_detection_bullet.so
[329.929s] -- Installing: /home/wz/Desktop/ROS_ROBOT/install/moveit_core/lib/libmoveit_dynamics_solver.so.2.5.9
[329.929s] -- Set runtime path of "/home/wz/Desktop/ROS_ROBOT/install/moveit_core/lib/libmoveit_dynamics_solver.so.2.5.9" to ""
[329.929s] -- Installing: /home/wz/Desktop/ROS_ROBOT/install/moveit_core/lib/libmoveit_dynamics_solver.so
[329.929s] -- Installing: /home/wz/Desktop/ROS_ROBOT/install/moveit_core/lib/libmoveit_constraint_samplers.so.2.5.9
[329.929s] -- Set runtime path of "/home/wz/Desktop/ROS_ROBOT/install/moveit_core/lib/libmoveit_constraint_samplers.so.2.5.9" to ""
[329.929s] -- Installing: /home/wz/Desktop/ROS_ROBOT/install/moveit_core/lib/libmoveit_constraint_samplers.so
[329.929s] -- Installing: /home/wz/Desktop/ROS_ROBOT/install/moveit_core/lib/libmoveit_distance_field.so.2.5.9
[329.930s] -- Set runtime path of "/home/wz/Desktop/ROS_ROBOT/install/moveit_core/lib/libmoveit_distance_field.so.2.5.9" to ""
[329.930s] -- Installing: /home/wz/Desktop/ROS_ROBOT/install/moveit_core/lib/libmoveit_distance_field.so
[329.930s] -- Installing: /home/wz/Desktop/ROS_ROBOT/install/moveit_core/lib/libmoveit_exceptions.so.2.5.9
[329.930s] -- Set runtime path of "/home/wz/Desktop/ROS_ROBOT/install/moveit_core/lib/libmoveit_exceptions.so.2.5.9" to ""
[329.930s] -- Installing: /home/wz/Desktop/ROS_ROBOT/install/moveit_core/lib/libmoveit_exceptions.so
[329.930s] -- Installing: /home/wz/Desktop/ROS_ROBOT/install/moveit_core/lib/libmoveit_kinematics_base.so
[329.930s] -- Set runtime path of "/home/wz/Desktop/ROS_ROBOT/install/moveit_core/lib/libmoveit_kinematics_base.so" to ""
[329.930s] -- Installing: /home/wz/Desktop/ROS_ROBOT/install/moveit_core/lib/libmoveit_kinematic_constraints.so.2.5.9
[329.930s] -- Set runtime path of "/home/wz/Desktop/ROS_ROBOT/install/moveit_core/lib/libmoveit_kinematic_constraints.so.2.5.9" to ""
[329.930s] -- Installing: /home/wz/Desktop/ROS_ROBOT/install/moveit_core/lib/libmoveit_kinematic_constraints.so
[329.930s] -- Installing: /home/wz/Desktop/ROS_ROBOT/install/moveit_core/lib/libmoveit_kinematics_metrics.so.2.5.9
[329.931s] -- Set runtime path of "/home/wz/Desktop/ROS_ROBOT/install/moveit_core/lib/libmoveit_kinematics_metrics.so.2.5.9" to ""
[329.931s] -- Installing: /home/wz/Desktop/ROS_ROBOT/install/moveit_core/lib/libmoveit_kinematics_metrics.so
[329.931s] -- Installing: /home/wz/Desktop/ROS_ROBOT/install/moveit_core/lib/libmoveit_planning_interface.so.2.5.9
[329.931s] -- Set runtime path of "/home/wz/Desktop/ROS_ROBOT/install/moveit_core/lib/libmoveit_planning_interface.so.2.5.9" to ""
[329.931s] -- Installing: /home/wz/Desktop/ROS_ROBOT/install/moveit_core/lib/libmoveit_planning_interface.so
[329.931s] -- Installing: /home/wz/Desktop/ROS_ROBOT/install/moveit_core/lib/libmoveit_planning_scene.so.2.5.9
[329.932s] -- Set runtime path of "/home/wz/Desktop/ROS_ROBOT/install/moveit_core/lib/libmoveit_planning_scene.so.2.5.9" to ""
[329.933s] -- Installing: /home/wz/Desktop/ROS_ROBOT/install/moveit_core/lib/libmoveit_planning_scene.so
[329.933s] -- Installing: /home/wz/Desktop/ROS_ROBOT/install/moveit_core/lib/libmoveit_planning_request_adapter.so.2.5.9
[329.933s] -- Set runtime path of "/home/wz/Desktop/ROS_ROBOT/install/moveit_core/lib/libmoveit_planning_request_adapter.so.2.5.9" to ""
[329.933s] -- Installing: /home/wz/Desktop/ROS_ROBOT/install/moveit_core/lib/libmoveit_planning_request_adapter.so
[329.933s] -- Installing: /home/wz/Desktop/ROS_ROBOT/install/moveit_core/lib/libmoveit_robot_model.so.2.5.9
[329.933s] -- Set runtime path of "/home/wz/Desktop/ROS_ROBOT/install/moveit_core/lib/libmoveit_robot_model.so.2.5.9" to ""
[329.933s] -- Installing: /home/wz/Desktop/ROS_ROBOT/install/moveit_core/lib/libmoveit_robot_model.so
[329.933s] -- Installing: /home/wz/Desktop/ROS_ROBOT/install/moveit_core/lib/libmoveit_robot_state.so.2.5.9
[329.933s] -- Set runtime path of "/home/wz/Desktop/ROS_ROBOT/install/moveit_core/lib/libmoveit_robot_state.so.2.5.9" to ""
[329.934s] -- Installing: /home/wz/Desktop/ROS_ROBOT/install/moveit_core/lib/libmoveit_robot_state.so
[329.934s] -- Installing: /home/wz/Desktop/ROS_ROBOT/install/moveit_core/lib/libmoveit_robot_trajectory.so.2.5.9
[329.934s] -- Set runtime path of "/home/wz/Desktop/ROS_ROBOT/install/moveit_core/lib/libmoveit_robot_trajectory.so.2.5.9" to ""
[329.934s] -- Installing: /home/wz/Desktop/ROS_ROBOT/install/moveit_core/lib/libmoveit_robot_trajectory.so
[329.934s] -- Installing: /home/wz/Desktop/ROS_ROBOT/install/moveit_core/lib/libmoveit_smoothing_base.so.2.5.9
[329.934s] -- Set runtime path of "/home/wz/Desktop/ROS_ROBOT/install/moveit_core/lib/libmoveit_smoothing_base.so.2.5.9" to ""
[329.934s] -- Installing: /home/wz/Desktop/ROS_ROBOT/install/moveit_core/lib/libmoveit_smoothing_base.so
[329.934s] -- Installing: /home/wz/Desktop/ROS_ROBOT/install/moveit_core/lib/libmoveit_test_utils.so.2.5.9
[329.935s] -- Set runtime path of "/home/wz/Desktop/ROS_ROBOT/install/moveit_core/lib/libmoveit_test_utils.so.2.5.9" to ""
[329.935s] -- Installing: /home/wz/Desktop/ROS_ROBOT/install/moveit_core/lib/libmoveit_test_utils.so
[329.935s] -- Installing: /home/wz/Desktop/ROS_ROBOT/install/moveit_core/lib/libmoveit_trajectory_processing.so.2.5.9
[329.935s] -- Set runtime path of "/home/wz/Desktop/ROS_ROBOT/install/moveit_core/lib/libmoveit_trajectory_processing.so.2.5.9" to ""
[329.936s] -- Installing: /home/wz/Desktop/ROS_ROBOT/install/moveit_core/lib/libmoveit_trajectory_processing.so
[329.936s] -- Installing: /home/wz/Desktop/ROS_ROBOT/install/moveit_core/lib/libmoveit_transforms.so.2.5.9
[329.936s] -- Set runtime path of "/home/wz/Desktop/ROS_ROBOT/install/moveit_core/lib/libmoveit_transforms.so.2.5.9" to ""
[329.936s] -- Installing: /home/wz/Desktop/ROS_ROBOT/install/moveit_core/lib/libmoveit_transforms.so
[329.936s] -- Installing: /home/wz/Desktop/ROS_ROBOT/install/moveit_core/lib/libmoveit_utils.so.2.5.9
[329.936s] -- Set runtime path of "/home/wz/Desktop/ROS_ROBOT/install/moveit_core/lib/libmoveit_utils.so.2.5.9" to ""
[329.936s] -- Installing: /home/wz/Desktop/ROS_ROBOT/install/moveit_core/lib/libmoveit_utils.so
[329.937s] -- Installing: /home/wz/Desktop/ROS_ROBOT/install/moveit_core/share/moveit_core/cmake/export_moveit_coreExport.cmake
[329.937s] -- Installing: /home/wz/Desktop/ROS_ROBOT/install/moveit_core/share/moveit_core/cmake/export_moveit_coreExport-release.cmake
[329.940s] Invoked command in '/home/wz/Desktop/ROS_ROBOT/build/moveit_core' returned '0': AMENT_PREFIX_PATH=/home/wz/Desktop/ROS_ROBOT/install/moveit_common:${AMENT_PREFIX_PATH} CMAKE_PREFIX_PATH=/home/wz/Desktop/ROS_ROBOT/install/moveit_common:/opt/ros/humble /usr/bin/cmake --install /home/wz/Desktop/ROS_ROBOT/build/moveit_core
