[0.027s] Invoking command in '/home/wz/Desktop/ROS_ROBOT/build/moveit_ros_robot_interaction': AMENT_PREFIX_PATH=/home/wz/Desktop/ROS_ROBOT/install/moveit_ros_planning:/home/wz/Desktop/ROS_ROBOT/install/moveit_ros_occupancy_map_monitor:/home/wz/Desktop/ROS_ROBOT/install/moveit_core:/home/wz/Desktop/ROS_ROBOT/install/moveit_configs_utils:/home/wz/Desktop/ROS_ROBOT/install/moveit_common:${AMENT_PREFIX_PATH} CMAKE_PREFIX_PATH=/home/wz/Desktop/ROS_ROBOT/install/moveit_ros_planning:/home/wz/Desktop/ROS_ROBOT/install/moveit_ros_occupancy_map_monitor:/home/wz/Desktop/ROS_ROBOT/install/moveit_core:/home/wz/Desktop/ROS_ROBOT/install/moveit_common:/opt/ros/humble LD_LIBRARY_PATH=/home/wz/Desktop/ROS_ROBOT/install/moveit_ros_planning/lib:/home/wz/Desktop/ROS_ROBOT/install/moveit_ros_occupancy_map_monitor/lib:/home/wz/Desktop/ROS_ROBOT/install/moveit_core/lib:${LD_LIBRARY_PATH} PATH=/home/wz/Desktop/ROS_ROBOT/install/moveit_core/bin:${PATH} PYTHONPATH=/home/wz/Desktop/ROS_ROBOT/build/moveit_configs_utils:/home/wz/Desktop/ROS_ROBOT/install/moveit_configs_utils/lib/python3.10/site-packages:${PYTHONPATH} /usr/bin/cmake /home/wz/Desktop/ROS_ROBOT/src/moveit2/moveit_ros/robot_interaction -DAMENT_CMAKE_SYMLINK_INSTALL=1 -DCMAKE_INSTALL_PREFIX=/home/wz/Desktop/ROS_ROBOT/install/moveit_ros_robot_interaction
[0.073s] -- The C compiler identification is GNU 11.4.0
[0.147s] -- The CXX compiler identification is GNU 11.4.0
[0.156s] -- Detecting C compiler ABI info
[0.226s] -- Detecting C compiler ABI info - done
[0.233s] -- Check for working C compiler: /usr/bin/cc - skipped
[0.233s] -- Detecting C compile features
[0.234s] -- Detecting C compile features - done
[0.236s] -- Detecting CXX compiler ABI info
[0.338s] -- Detecting CXX compiler ABI info - done
[0.345s] -- Check for working CXX compiler: /usr/bin/c++ - skipped
[0.345s] -- Detecting CXX compile features
[0.346s] -- Detecting CXX compile features - done
[0.348s] -- Found moveit_common: 2.5.9 (/home/wz/Desktop/ROS_ROBOT/install/moveit_common/share/moveit_common/cmake)
[0.349s] -- Found ament_cmake: 1.3.11 (/opt/ros/humble/share/ament_cmake/cmake)
[0.498s] -- Found Python3: /usr/bin/python3 (found version "3.10.12") found components: Interpreter 
[0.556s] -- Override CMake install command with custom implementation using symlinks instead of copying resources
[0.657s] [0mmoveit_ros_robot_interaction: You did not request a specific build type: Choosing 'Release' for maximum performance[0m
[0.658s] -- Found moveit_core: 2.5.9 (/home/wz/Desktop/ROS_ROBOT/install/moveit_core/share/moveit_core/cmake)
[0.986s] -- Found Boost: /usr/lib/x86_64-linux-gnu/cmake/Boost-1.74.0/BoostConfig.cmake (found version "1.74.0") found components: chrono date_time filesystem iostreams program_options regex serialization system thread 
[1.060s] -- Found parameter_traits: 0.5.0 (/opt/ros/humble/share/parameter_traits/cmake)
[1.104s] -- Found rosidl_generator_c: 3.1.6 (/opt/ros/humble/share/rosidl_generator_c/cmake)
[1.120s] -- Found rosidl_adapter: 3.1.6 (/opt/ros/humble/share/rosidl_adapter/cmake)
[1.133s] -- Found rosidl_generator_cpp: 3.1.6 (/opt/ros/humble/share/rosidl_generator_cpp/cmake)
[1.144s] -- Using all available rosidl_typesupport_c: rosidl_typesupport_fastrtps_c;rosidl_typesupport_introspection_c
[1.174s] -- Using all available rosidl_typesupport_cpp: rosidl_typesupport_fastrtps_cpp;rosidl_typesupport_introspection_cpp
[1.237s] -- Found rmw_implementation_cmake: 6.1.2 (/opt/ros/humble/share/rmw_implementation_cmake/cmake)
[1.240s] -- Found rmw_fastrtps_cpp: 6.2.7 (/opt/ros/humble/share/rmw_fastrtps_cpp/cmake)
[1.353s] -- Found OpenSSL: /usr/lib/x86_64-linux-gnu/libcrypto.so (found version "3.0.2")  
[1.378s] -- Found FastRTPS: /opt/ros/humble/include  
[1.449s] -- Using RMW implementation 'rmw_fastrtps_cpp' as default
[1.456s] -- Found Threads: TRUE  
[1.519s] -- Found rclcpp_lifecycle: 16.0.12 (/opt/ros/humble/share/rclcpp_lifecycle/cmake)
[1.540s] -- Found Boost: /usr/lib/x86_64-linux-gnu/cmake/Boost-1.74.0/BoostConfig.cmake (found version "1.74.0") found components: filesystem 
[1.663s] -- library: /usr/lib/x86_64-linux-gnu/libcurl.so
[1.756s] -- Found Eigen3: TRUE (found version "3.4.0") 
[1.756s] -- Ensuring Eigen3 include directory is part of orocos-kdl CMake target
[2.046s] -- Found moveit_ros_planning: 2.5.9 (/home/wz/Desktop/ROS_ROBOT/install/moveit_ros_planning/share/moveit_ros_planning/cmake)
[2.052s] -- Found Boost: /usr/lib/x86_64-linux-gnu/cmake/Boost-1.74.0/BoostConfig.cmake (found version "1.74.0") found components: system filesystem date_time program_options thread chrono 
[2.081s] -- Found interactive_markers: 2.3.2 (/opt/ros/humble/share/interactive_markers/cmake)
[2.088s] -- Performing Test COMPILER_HAS_HIDDEN_VISIBILITY
[2.223s] -- Performing Test COMPILER_HAS_HIDDEN_VISIBILITY - Success
[2.223s] -- Performing Test COMPILER_HAS_HIDDEN_INLINE_VISIBILITY
[2.375s] -- Performing Test COMPILER_HAS_HIDDEN_INLINE_VISIBILITY - Success
[2.378s] -- Performing Test COMPILER_HAS_DEPRECATED_ATTR
[2.613s] -- Performing Test COMPILER_HAS_DEPRECATED_ATTR - Success
[2.624s] -- Found ament_cmake_gtest: 1.3.11 (/opt/ros/humble/share/ament_cmake_gtest/cmake)
[2.636s] -- Found gtest sources under '/opt/ros/humble/src/gtest_vendor': C++ tests using 'Google Test' will be built
[2.653s] -- Found ament_lint_auto: 0.12.12 (/opt/ros/humble/share/ament_lint_auto/cmake)
[2.687s] -- Added test 'cppcheck' to perform static code analysis on C / C++ code
[2.687s] -- Configured cppcheck include dirs: /home/wz/Desktop/ROS_ROBOT/src/moveit2/moveit_ros/robot_interaction/include
[2.687s] -- Configured cppcheck exclude dirs and/or files: 
[2.688s] -- Added test 'lint_cmake' to check CMake code style
[2.690s] -- Added test 'xmllint' to check XML markup files
[2.692s] -- Configuring done
[2.753s] -- Generating done
[2.767s] -- Build files have been written to: /home/wz/Desktop/ROS_ROBOT/build/moveit_ros_robot_interaction
[2.782s] Invoked command in '/home/wz/Desktop/ROS_ROBOT/build/moveit_ros_robot_interaction' returned '0': AMENT_PREFIX_PATH=/home/wz/Desktop/ROS_ROBOT/install/moveit_ros_planning:/home/wz/Desktop/ROS_ROBOT/install/moveit_ros_occupancy_map_monitor:/home/wz/Desktop/ROS_ROBOT/install/moveit_core:/home/wz/Desktop/ROS_ROBOT/install/moveit_configs_utils:/home/wz/Desktop/ROS_ROBOT/install/moveit_common:${AMENT_PREFIX_PATH} CMAKE_PREFIX_PATH=/home/wz/Desktop/ROS_ROBOT/install/moveit_ros_planning:/home/wz/Desktop/ROS_ROBOT/install/moveit_ros_occupancy_map_monitor:/home/wz/Desktop/ROS_ROBOT/install/moveit_core:/home/wz/Desktop/ROS_ROBOT/install/moveit_common:/opt/ros/humble LD_LIBRARY_PATH=/home/wz/Desktop/ROS_ROBOT/install/moveit_ros_planning/lib:/home/wz/Desktop/ROS_ROBOT/install/moveit_ros_occupancy_map_monitor/lib:/home/wz/Desktop/ROS_ROBOT/install/moveit_core/lib:${LD_LIBRARY_PATH} PATH=/home/wz/Desktop/ROS_ROBOT/install/moveit_core/bin:${PATH} PYTHONPATH=/home/wz/Desktop/ROS_ROBOT/build/moveit_configs_utils:/home/wz/Desktop/ROS_ROBOT/install/moveit_configs_utils/lib/python3.10/site-packages:${PYTHONPATH} /usr/bin/cmake /home/wz/Desktop/ROS_ROBOT/src/moveit2/moveit_ros/robot_interaction -DAMENT_CMAKE_SYMLINK_INSTALL=1 -DCMAKE_INSTALL_PREFIX=/home/wz/Desktop/ROS_ROBOT/install/moveit_ros_robot_interaction
[2.787s] Invoking command in '/home/wz/Desktop/ROS_ROBOT/build/moveit_ros_robot_interaction': AMENT_PREFIX_PATH=/home/wz/Desktop/ROS_ROBOT/install/moveit_ros_planning:/home/wz/Desktop/ROS_ROBOT/install/moveit_ros_occupancy_map_monitor:/home/wz/Desktop/ROS_ROBOT/install/moveit_core:/home/wz/Desktop/ROS_ROBOT/install/moveit_configs_utils:/home/wz/Desktop/ROS_ROBOT/install/moveit_common:${AMENT_PREFIX_PATH} CMAKE_PREFIX_PATH=/home/wz/Desktop/ROS_ROBOT/install/moveit_ros_planning:/home/wz/Desktop/ROS_ROBOT/install/moveit_ros_occupancy_map_monitor:/home/wz/Desktop/ROS_ROBOT/install/moveit_core:/home/wz/Desktop/ROS_ROBOT/install/moveit_common:/opt/ros/humble LD_LIBRARY_PATH=/home/wz/Desktop/ROS_ROBOT/install/moveit_ros_planning/lib:/home/wz/Desktop/ROS_ROBOT/install/moveit_ros_occupancy_map_monitor/lib:/home/wz/Desktop/ROS_ROBOT/install/moveit_core/lib:${LD_LIBRARY_PATH} PATH=/home/wz/Desktop/ROS_ROBOT/install/moveit_core/bin:${PATH} PYTHONPATH=/home/wz/Desktop/ROS_ROBOT/build/moveit_configs_utils:/home/wz/Desktop/ROS_ROBOT/install/moveit_configs_utils/lib/python3.10/site-packages:${PYTHONPATH} /usr/bin/cmake --build /home/wz/Desktop/ROS_ROBOT/build/moveit_ros_robot_interaction -- -j4 -l4
[2.875s] [ 15%] [32mBuilding CXX object gtest/CMakeFiles/gtest_main.dir/src/gtest_main.cc.o[0m
[2.880s] [ 23%] [32mBuilding CXX object CMakeFiles/moveit_robot_interaction.dir/src/kinematic_options.cpp.o[0m
[2.880s] [ 23%] [32mBuilding CXX object CMakeFiles/moveit_robot_interaction.dir/src/interactive_marker_helpers.cpp.o[0m
[6.086s] [ 30%] [32m[1mLinking CXX static library libgtest_main.a[0m
[6.255s] [ 30%] Built target gtest_main
[6.305s] [ 38%] [32mBuilding CXX object CMakeFiles/moveit_robot_interaction.dir/src/kinematic_options_map.cpp.o[0m
[6.388s] [ 46%] [32mBuilding CXX object gtest/CMakeFiles/gtest.dir/src/gtest-all.cc.o[0m
[28.933s] [ 53%] [32mBuilding CXX object CMakeFiles/moveit_robot_interaction.dir/src/interaction_handler.cpp.o[0m
[39.797s] [ 61%] [32m[1mLinking CXX static library libgtest.a[0m
[40.014s] [ 61%] Built target gtest
[51.056s] [ 69%] [32mBuilding CXX object CMakeFiles/moveit_robot_interaction.dir/src/robot_interaction.cpp.o[0m
[73.342s] [ 76%] [32mBuilding CXX object CMakeFiles/moveit_robot_interaction.dir/src/locked_robot_state.cpp.o[0m
[79.527s] [ 84%] [32m[1mLinking CXX shared library libmoveit_robot_interaction.so[0m
[79.930s] [ 84%] Built target moveit_robot_interaction
[79.953s] [ 92%] [32mBuilding CXX object CMakeFiles/locked_robot_state_test.dir/test/locked_robot_state_test.cpp.o[0m
[89.032s] [100%] [32m[1mLinking CXX executable locked_robot_state_test[0m
[89.423s] [100%] Built target locked_robot_state_test
[89.468s] Invoked command in '/home/wz/Desktop/ROS_ROBOT/build/moveit_ros_robot_interaction' returned '0': AMENT_PREFIX_PATH=/home/wz/Desktop/ROS_ROBOT/install/moveit_ros_planning:/home/wz/Desktop/ROS_ROBOT/install/moveit_ros_occupancy_map_monitor:/home/wz/Desktop/ROS_ROBOT/install/moveit_core:/home/wz/Desktop/ROS_ROBOT/install/moveit_configs_utils:/home/wz/Desktop/ROS_ROBOT/install/moveit_common:${AMENT_PREFIX_PATH} CMAKE_PREFIX_PATH=/home/wz/Desktop/ROS_ROBOT/install/moveit_ros_planning:/home/wz/Desktop/ROS_ROBOT/install/moveit_ros_occupancy_map_monitor:/home/wz/Desktop/ROS_ROBOT/install/moveit_core:/home/wz/Desktop/ROS_ROBOT/install/moveit_common:/opt/ros/humble LD_LIBRARY_PATH=/home/wz/Desktop/ROS_ROBOT/install/moveit_ros_planning/lib:/home/wz/Desktop/ROS_ROBOT/install/moveit_ros_occupancy_map_monitor/lib:/home/wz/Desktop/ROS_ROBOT/install/moveit_core/lib:${LD_LIBRARY_PATH} PATH=/home/wz/Desktop/ROS_ROBOT/install/moveit_core/bin:${PATH} PYTHONPATH=/home/wz/Desktop/ROS_ROBOT/build/moveit_configs_utils:/home/wz/Desktop/ROS_ROBOT/install/moveit_configs_utils/lib/python3.10/site-packages:${PYTHONPATH} /usr/bin/cmake --build /home/wz/Desktop/ROS_ROBOT/build/moveit_ros_robot_interaction -- -j4 -l4
[89.480s] Invoking command in '/home/wz/Desktop/ROS_ROBOT/build/moveit_ros_robot_interaction': AMENT_PREFIX_PATH=/home/wz/Desktop/ROS_ROBOT/install/moveit_ros_planning:/home/wz/Desktop/ROS_ROBOT/install/moveit_ros_occupancy_map_monitor:/home/wz/Desktop/ROS_ROBOT/install/moveit_core:/home/wz/Desktop/ROS_ROBOT/install/moveit_configs_utils:/home/wz/Desktop/ROS_ROBOT/install/moveit_common:${AMENT_PREFIX_PATH} CMAKE_PREFIX_PATH=/home/wz/Desktop/ROS_ROBOT/install/moveit_ros_planning:/home/wz/Desktop/ROS_ROBOT/install/moveit_ros_occupancy_map_monitor:/home/wz/Desktop/ROS_ROBOT/install/moveit_core:/home/wz/Desktop/ROS_ROBOT/install/moveit_common:/opt/ros/humble LD_LIBRARY_PATH=/home/wz/Desktop/ROS_ROBOT/install/moveit_ros_planning/lib:/home/wz/Desktop/ROS_ROBOT/install/moveit_ros_occupancy_map_monitor/lib:/home/wz/Desktop/ROS_ROBOT/install/moveit_core/lib:${LD_LIBRARY_PATH} PATH=/home/wz/Desktop/ROS_ROBOT/install/moveit_core/bin:${PATH} PYTHONPATH=/home/wz/Desktop/ROS_ROBOT/build/moveit_configs_utils:/home/wz/Desktop/ROS_ROBOT/install/moveit_configs_utils/lib/python3.10/site-packages:${PYTHONPATH} /usr/bin/cmake --install /home/wz/Desktop/ROS_ROBOT/build/moveit_ros_robot_interaction
[89.501s] -- Install configuration: "Release"
[89.505s] -- Execute custom install script
[89.509s] -- Symlinking: /home/wz/Desktop/ROS_ROBOT/install/moveit_ros_robot_interaction/include/moveit/robot_interaction/interaction.h
[89.528s] -- Symlinking: /home/wz/Desktop/ROS_ROBOT/install/moveit_ros_robot_interaction/include/moveit/robot_interaction/interaction_handler.h
[89.544s] -- Symlinking: /home/wz/Desktop/ROS_ROBOT/install/moveit_ros_robot_interaction/include/moveit/robot_interaction/interactive_marker_helpers.h
[89.556s] -- Symlinking: /home/wz/Desktop/ROS_ROBOT/install/moveit_ros_robot_interaction/include/moveit/robot_interaction/kinematic_options.h
[89.569s] -- Symlinking: /home/wz/Desktop/ROS_ROBOT/install/moveit_ros_robot_interaction/include/moveit/robot_interaction/kinematic_options_map.h
[89.578s] -- Symlinking: /home/wz/Desktop/ROS_ROBOT/install/moveit_ros_robot_interaction/include/moveit/robot_interaction/locked_robot_state.h
[89.610s] -- Symlinking: /home/wz/Desktop/ROS_ROBOT/install/moveit_ros_robot_interaction/include/moveit/robot_interaction/robot_interaction.h
[89.630s] -- Symlinking: /home/wz/Desktop/ROS_ROBOT/install/moveit_ros_robot_interaction/include/moveit_robot_interaction_export.h
[89.670s] -- Symlinking: /home/wz/Desktop/ROS_ROBOT/install/moveit_ros_robot_interaction/share/moveit_ros_robot_interaction/resources/access-denied.dae
[89.700s] -- Symlinking: /home/wz/Desktop/ROS_ROBOT/install/moveit_ros_robot_interaction/share/moveit_ros_robot_interaction/resources/access-denied.stl
[89.704s] -- Symlinking: /home/wz/Desktop/ROS_ROBOT/install/moveit_ros_robot_interaction/share/moveit_ros_robot_interaction/environment/library_path.sh
[89.742s] -- Symlinking: /home/wz/Desktop/ROS_ROBOT/install/moveit_ros_robot_interaction/share/moveit_ros_robot_interaction/environment/library_path.dsv
[89.768s] -- Symlinking: /home/wz/Desktop/ROS_ROBOT/install/moveit_ros_robot_interaction/share/ament_index/resource_index/package_run_dependencies/moveit_ros_robot_interaction
[89.782s] -- Symlinking: /home/wz/Desktop/ROS_ROBOT/install/moveit_ros_robot_interaction/share/ament_index/resource_index/parent_prefix_path/moveit_ros_robot_interaction
[89.811s] -- Symlinking: /home/wz/Desktop/ROS_ROBOT/install/moveit_ros_robot_interaction/share/moveit_ros_robot_interaction/environment/ament_prefix_path.sh
[89.825s] -- Symlinking: /home/wz/Desktop/ROS_ROBOT/install/moveit_ros_robot_interaction/share/moveit_ros_robot_interaction/environment/ament_prefix_path.dsv
[89.852s] -- Symlinking: /home/wz/Desktop/ROS_ROBOT/install/moveit_ros_robot_interaction/share/moveit_ros_robot_interaction/environment/path.sh
[89.862s] -- Symlinking: /home/wz/Desktop/ROS_ROBOT/install/moveit_ros_robot_interaction/share/moveit_ros_robot_interaction/environment/path.dsv
[89.869s] -- Symlinking: /home/wz/Desktop/ROS_ROBOT/install/moveit_ros_robot_interaction/share/moveit_ros_robot_interaction/local_setup.bash
[89.878s] -- Symlinking: /home/wz/Desktop/ROS_ROBOT/install/moveit_ros_robot_interaction/share/moveit_ros_robot_interaction/local_setup.sh
[89.889s] -- Symlinking: /home/wz/Desktop/ROS_ROBOT/install/moveit_ros_robot_interaction/share/moveit_ros_robot_interaction/local_setup.zsh
[89.922s] -- Symlinking: /home/wz/Desktop/ROS_ROBOT/install/moveit_ros_robot_interaction/share/moveit_ros_robot_interaction/local_setup.dsv
[89.929s] -- Symlinking: /home/wz/Desktop/ROS_ROBOT/install/moveit_ros_robot_interaction/share/moveit_ros_robot_interaction/package.dsv
[89.935s] -- Symlinking: /home/wz/Desktop/ROS_ROBOT/install/moveit_ros_robot_interaction/share/ament_index/resource_index/packages/moveit_ros_robot_interaction
[89.948s] -- Symlinking: /home/wz/Desktop/ROS_ROBOT/install/moveit_ros_robot_interaction/share/moveit_ros_robot_interaction/cmake/ament_cmake_export_targets-extras.cmake
[89.954s] -- Symlinking: /home/wz/Desktop/ROS_ROBOT/install/moveit_ros_robot_interaction/share/moveit_ros_robot_interaction/cmake/ament_cmake_export_dependencies-extras.cmake
[89.964s] -- Symlinking: /home/wz/Desktop/ROS_ROBOT/install/moveit_ros_robot_interaction/share/moveit_ros_robot_interaction/cmake/moveit_ros_robot_interactionConfig.cmake
[89.973s] -- Symlinking: /home/wz/Desktop/ROS_ROBOT/install/moveit_ros_robot_interaction/share/moveit_ros_robot_interaction/cmake/moveit_ros_robot_interactionConfig-version.cmake
[89.983s] -- Symlinking: /home/wz/Desktop/ROS_ROBOT/install/moveit_ros_robot_interaction/share/moveit_ros_robot_interaction/package.xml
[89.996s] -- Installing: /home/wz/Desktop/ROS_ROBOT/install/moveit_ros_robot_interaction/lib/libmoveit_robot_interaction.so.2.5.9
[89.997s] -- Set runtime path of "/home/wz/Desktop/ROS_ROBOT/install/moveit_ros_robot_interaction/lib/libmoveit_robot_interaction.so.2.5.9" to ""
[90.001s] -- Installing: /home/wz/Desktop/ROS_ROBOT/install/moveit_ros_robot_interaction/lib/libmoveit_robot_interaction.so
[90.001s] -- Installing: /home/wz/Desktop/ROS_ROBOT/install/moveit_ros_robot_interaction/share/moveit_ros_robot_interaction/cmake/export_moveit_ros_robot_interactionExport.cmake
[90.001s] -- Installing: /home/wz/Desktop/ROS_ROBOT/install/moveit_ros_robot_interaction/share/moveit_ros_robot_interaction/cmake/export_moveit_ros_robot_interactionExport-release.cmake
[90.009s] Invoked command in '/home/wz/Desktop/ROS_ROBOT/build/moveit_ros_robot_interaction' returned '0': AMENT_PREFIX_PATH=/home/wz/Desktop/ROS_ROBOT/install/moveit_ros_planning:/home/wz/Desktop/ROS_ROBOT/install/moveit_ros_occupancy_map_monitor:/home/wz/Desktop/ROS_ROBOT/install/moveit_core:/home/wz/Desktop/ROS_ROBOT/install/moveit_configs_utils:/home/wz/Desktop/ROS_ROBOT/install/moveit_common:${AMENT_PREFIX_PATH} CMAKE_PREFIX_PATH=/home/wz/Desktop/ROS_ROBOT/install/moveit_ros_planning:/home/wz/Desktop/ROS_ROBOT/install/moveit_ros_occupancy_map_monitor:/home/wz/Desktop/ROS_ROBOT/install/moveit_core:/home/wz/Desktop/ROS_ROBOT/install/moveit_common:/opt/ros/humble LD_LIBRARY_PATH=/home/wz/Desktop/ROS_ROBOT/install/moveit_ros_planning/lib:/home/wz/Desktop/ROS_ROBOT/install/moveit_ros_occupancy_map_monitor/lib:/home/wz/Desktop/ROS_ROBOT/install/moveit_core/lib:${LD_LIBRARY_PATH} PATH=/home/wz/Desktop/ROS_ROBOT/install/moveit_core/bin:${PATH} PYTHONPATH=/home/wz/Desktop/ROS_ROBOT/build/moveit_configs_utils:/home/wz/Desktop/ROS_ROBOT/install/moveit_configs_utils/lib/python3.10/site-packages:${PYTHONPATH} /usr/bin/cmake --install /home/wz/Desktop/ROS_ROBOT/build/moveit_ros_robot_interaction
