[0.881s] Invoking command in '/home/wz/Desktop/ROS_ROBOT/build/moveit_configs_utils': PYTHONPATH=/home/wz/Desktop/ROS_ROBOT/build/moveit_configs_utils/prefix_override:/usr/lib/python3/dist-packages/colcon_core/task/python/colcon_distutils_commands:/home/wz/Desktop/ROS_ROBOT/install/moveit_configs_utils/lib/python3.10/site-packages:${PYTHONPATH} /usr/bin/python3 -W ignore:setup.py install is deprecated -W ignore:easy_install command is deprecated setup.py develop --editable --build-directory /home/wz/Desktop/ROS_ROBOT/build/moveit_configs_utils/build --no-deps symlink_data
[1.166s] running develop
[1.337s] running egg_info
[1.337s] creating moveit_configs_utils.egg-info
[1.337s] writing moveit_configs_utils.egg-info/PKG-INFO
[1.338s] writing dependency_links to moveit_configs_utils.egg-info/dependency_links.txt
[1.338s] writing entry points to moveit_configs_utils.egg-info/entry_points.txt
[1.338s] writing requirements to moveit_configs_utils.egg-info/requires.txt
[1.338s] writing top-level names to moveit_configs_utils.egg-info/top_level.txt
[1.338s] writing manifest file 'moveit_configs_utils.egg-info/SOURCES.txt'
[1.338s] reading manifest file 'moveit_configs_utils.egg-info/SOURCES.txt'
[1.339s] writing manifest file 'moveit_configs_utils.egg-info/SOURCES.txt'
[1.341s] running build_ext
[1.341s] Creating /home/wz/Desktop/ROS_ROBOT/install/moveit_configs_utils/lib/python3.10/site-packages/moveit-configs-utils.egg-link (link to .)
[1.342s] 
[1.343s] Installed /home/wz/Desktop/ROS_ROBOT/build/moveit_configs_utils
[1.345s] running symlink_data
[1.345s] creating /home/wz/Desktop/ROS_ROBOT/install/moveit_configs_utils/share/ament_index
[1.345s] creating /home/wz/Desktop/ROS_ROBOT/install/moveit_configs_utils/share/ament_index/resource_index
[1.347s] creating /home/wz/Desktop/ROS_ROBOT/install/moveit_configs_utils/share/ament_index/resource_index/packages
[1.347s] symbolically linking /home/wz/Desktop/ROS_ROBOT/build/moveit_configs_utils/resource/moveit_configs_utils -> /home/wz/Desktop/ROS_ROBOT/install/moveit_configs_utils/share/ament_index/resource_index/packages
[1.347s] symbolically linking /home/wz/Desktop/ROS_ROBOT/build/moveit_configs_utils/package.xml -> /home/wz/Desktop/ROS_ROBOT/install/moveit_configs_utils/share/moveit_configs_utils
[1.347s] creating /home/wz/Desktop/ROS_ROBOT/install/moveit_configs_utils/share/moveit_configs_utils/default_configs
[1.347s] symbolically linking /home/wz/Desktop/ROS_ROBOT/build/moveit_configs_utils/default_configs/chomp_planning.yaml -> /home/wz/Desktop/ROS_ROBOT/install/moveit_configs_utils/share/moveit_configs_utils/default_configs
[1.347s] symbolically linking /home/wz/Desktop/ROS_ROBOT/build/moveit_configs_utils/default_configs/ompl_defaults.yaml -> /home/wz/Desktop/ROS_ROBOT/install/moveit_configs_utils/share/moveit_configs_utils/default_configs
[1.347s] symbolically linking /home/wz/Desktop/ROS_ROBOT/build/moveit_configs_utils/default_configs/pilz_industrial_motion_planner_planning.yaml -> /home/wz/Desktop/ROS_ROBOT/install/moveit_configs_utils/share/moveit_configs_utils/default_configs
[1.347s] symbolically linking /home/wz/Desktop/ROS_ROBOT/build/moveit_configs_utils/default_configs/ompl_planning.yaml -> /home/wz/Desktop/ROS_ROBOT/install/moveit_configs_utils/share/moveit_configs_utils/default_configs
[1.372s] Invoked command in '/home/wz/Desktop/ROS_ROBOT/build/moveit_configs_utils' returned '0': PYTHONPATH=/home/wz/Desktop/ROS_ROBOT/build/moveit_configs_utils/prefix_override:/usr/lib/python3/dist-packages/colcon_core/task/python/colcon_distutils_commands:/home/wz/Desktop/ROS_ROBOT/install/moveit_configs_utils/lib/python3.10/site-packages:${PYTHONPATH} /usr/bin/python3 -W ignore:setup.py install is deprecated -W ignore:easy_install command is deprecated setup.py develop --editable --build-directory /home/wz/Desktop/ROS_ROBOT/build/moveit_configs_utils/build --no-deps symlink_data
