[0.053s] Invoking command in '/home/wz/Desktop/ROS_ROBOT/build/moveit_hybrid_planning': AMENT_PREFIX_PATH=/home/wz/Desktop/ROS_ROBOT/install/moveit_ros_planning_interface:/home/wz/Desktop/ROS_ROBOT/install/moveit_ros_move_group:/home/wz/Desktop/ROS_ROBOT/install/moveit_ros_warehouse:/home/wz/Desktop/ROS_ROBOT/install/moveit_planners_ompl:/home/wz/Desktop/ROS_ROBOT/install/moveit_kinematics:/home/wz/Desktop/ROS_ROBOT/install/moveit_ros_planning:/home/wz/Desktop/ROS_ROBOT/install/moveit_simple_controller_manager:/home/wz/Desktop/ROS_ROBOT/install/moveit_ros_occupancy_map_monitor:/home/wz/Desktop/ROS_ROBOT/install/moveit_core:/home/wz/Desktop/ROS_ROBOT/install/moveit_configs_utils:/home/wz/Desktop/ROS_ROBOT/install/moveit_common:${AMENT_PREFIX_PATH} CMAKE_PREFIX_PATH=/home/wz/Desktop/ROS_ROBOT/install/moveit_ros_planning_interface:/home/wz/Desktop/ROS_ROBOT/install/moveit_ros_move_group:/home/wz/Desktop/ROS_ROBOT/install/moveit_ros_warehouse:/home/wz/Desktop/ROS_ROBOT/install/moveit_planners_ompl:/home/wz/Desktop/ROS_ROBOT/install/moveit_kinematics:/home/wz/Desktop/ROS_ROBOT/install/moveit_ros_planning:/home/wz/Desktop/ROS_ROBOT/install/moveit_simple_controller_manager:/home/wz/Desktop/ROS_ROBOT/install/moveit_ros_occupancy_map_monitor:/home/wz/Desktop/ROS_ROBOT/install/moveit_core:/home/wz/Desktop/ROS_ROBOT/install/moveit_common:/opt/ros/humble LD_LIBRARY_PATH=/home/wz/Desktop/ROS_ROBOT/install/moveit_ros_planning_interface/lib:/home/wz/Desktop/ROS_ROBOT/install/moveit_ros_move_group/lib:/home/wz/Desktop/ROS_ROBOT/install/moveit_ros_warehouse/lib:/home/wz/Desktop/ROS_ROBOT/install/moveit_planners_ompl/lib:/home/wz/Desktop/ROS_ROBOT/install/moveit_kinematics/lib:/home/wz/Desktop/ROS_ROBOT/install/moveit_ros_planning/lib:/home/wz/Desktop/ROS_ROBOT/install/moveit_simple_controller_manager/lib:/home/wz/Desktop/ROS_ROBOT/install/moveit_ros_occupancy_map_monitor/lib:/home/wz/Desktop/ROS_ROBOT/install/moveit_core/lib:${LD_LIBRARY_PATH} PATH=/home/wz/Desktop/ROS_ROBOT/install/moveit_core/bin:${PATH} PYTHONPATH=/home/wz/Desktop/ROS_ROBOT/build/moveit_configs_utils:/home/wz/Desktop/ROS_ROBOT/install/moveit_configs_utils/lib/python3.10/site-packages:${PYTHONPATH} /usr/bin/cmake /home/wz/Desktop/ROS_ROBOT/src/moveit2/moveit_ros/hybrid_planning -DAMENT_CMAKE_SYMLINK_INSTALL=1 -DCMAKE_INSTALL_PREFIX=/home/wz/Desktop/ROS_ROBOT/install/moveit_hybrid_planning
[0.145s] -- The C compiler identification is GNU 11.4.0
[0.215s] -- The CXX compiler identification is GNU 11.4.0
[0.225s] -- Detecting C compiler ABI info
[0.341s] -- Detecting C compiler ABI info - done
[0.352s] -- Check for working C compiler: /usr/bin/cc - skipped
[0.352s] -- Detecting C compile features
[0.352s] -- Detecting C compile features - done
[0.356s] -- Detecting CXX compiler ABI info
[0.490s] -- Detecting CXX compiler ABI info - done
[0.497s] -- Check for working CXX compiler: /usr/bin/c++ - skipped
[0.498s] -- Detecting CXX compile features
[0.498s] -- Detecting CXX compile features - done
[0.500s] -- Found moveit_common: 2.5.9 (/home/wz/Desktop/ROS_ROBOT/install/moveit_common/share/moveit_common/cmake)
[0.502s] -- Found ament_cmake: 1.3.11 (/opt/ros/humble/share/ament_cmake/cmake)
[0.732s] -- Found Python3: /usr/bin/python3 (found version "3.10.12") found components: Interpreter 
[0.809s] -- Override CMake install command with custom implementation using symlinks instead of copying resources
[0.940s] [0mmoveit_hybrid_planning: You did not request a specific build type: Choosing 'Release' for maximum performance[0m
[0.941s] -- Found moveit_core: 2.5.9 (/home/wz/Desktop/ROS_ROBOT/install/moveit_core/share/moveit_core/cmake)
[1.331s] -- Found Boost: /usr/lib/x86_64-linux-gnu/cmake/Boost-1.74.0/BoostConfig.cmake (found version "1.74.0") found components: chrono date_time filesystem iostreams program_options regex serialization system thread 
[1.406s] -- Found parameter_traits: 0.5.0 (/opt/ros/humble/share/parameter_traits/cmake)
[1.470s] -- Found rosidl_generator_c: 3.1.6 (/opt/ros/humble/share/rosidl_generator_c/cmake)
[1.478s] -- Found rosidl_adapter: 3.1.6 (/opt/ros/humble/share/rosidl_adapter/cmake)
[1.488s] -- Found rosidl_generator_cpp: 3.1.6 (/opt/ros/humble/share/rosidl_generator_cpp/cmake)
[1.502s] -- Using all available rosidl_typesupport_c: rosidl_typesupport_fastrtps_c;rosidl_typesupport_introspection_c
[1.542s] -- Using all available rosidl_typesupport_cpp: rosidl_typesupport_fastrtps_cpp;rosidl_typesupport_introspection_cpp
[1.592s] -- Found rmw_implementation_cmake: 6.1.2 (/opt/ros/humble/share/rmw_implementation_cmake/cmake)
[1.596s] -- Found rmw_fastrtps_cpp: 6.2.7 (/opt/ros/humble/share/rmw_fastrtps_cpp/cmake)
[1.705s] -- Found OpenSSL: /usr/lib/x86_64-linux-gnu/libcrypto.so (found version "3.0.2")  
[1.744s] -- Found FastRTPS: /opt/ros/humble/include  
[1.804s] -- Using RMW implementation 'rmw_fastrtps_cpp' as default
[1.831s] -- Found Threads: TRUE  
[1.897s] -- Found rclcpp_lifecycle: 16.0.12 (/opt/ros/humble/share/rclcpp_lifecycle/cmake)
[1.934s] -- Found Boost: /usr/lib/x86_64-linux-gnu/cmake/Boost-1.74.0/BoostConfig.cmake (found version "1.74.0") found components: filesystem 
[2.068s] -- library: /usr/lib/x86_64-linux-gnu/libcurl.so
[2.140s] -- Found Eigen3: TRUE (found version "3.4.0") 
[2.140s] -- Ensuring Eigen3 include directory is part of orocos-kdl CMake target
[2.470s] -- Found moveit_ros_planning: 2.5.9 (/home/wz/Desktop/ROS_ROBOT/install/moveit_ros_planning/share/moveit_ros_planning/cmake)
[2.478s] -- Found Boost: /usr/lib/x86_64-linux-gnu/cmake/Boost-1.74.0/BoostConfig.cmake (found version "1.74.0") found components: system filesystem date_time program_options thread chrono 
[2.502s] -- Found moveit_ros_planning_interface: 2.5.9 (/home/wz/Desktop/ROS_ROBOT/install/moveit_ros_planning_interface/share/moveit_ros_planning_interface/cmake)
[2.505s] -- Found Boost: /usr/lib/x86_64-linux-gnu/cmake/Boost-1.74.0/BoostConfig.cmake (found version "1.74.0") found components: date_time filesystem program_options system thread 
[2.530s] -- Found Boost: /usr/lib/x86_64-linux-gnu/cmake/Boost-1.74.0/BoostConfig.cmake (found version "1.74.0") found components: thread system filesystem regex date_time program_options 
[2.567s] -- Found Boost: /usr/lib/x86_64-linux-gnu/cmake/Boost-1.74.0/BoostConfig.cmake (found version "1.74.0") found components: system filesystem date_time program_options thread 
[2.731s] -- Found ament_lint_auto: 0.12.12 (/opt/ros/humble/share/ament_lint_auto/cmake)
[2.732s] -- Found ament_cmake_gtest: 1.3.11 (/opt/ros/humble/share/ament_cmake_gtest/cmake)
[2.738s] -- Found ros_testing: 0.4.0 (/opt/ros/humble/share/ros_testing/cmake)
[2.742s] -- Found launch_testing_ament_cmake: 1.0.9 (/opt/ros/humble/share/launch_testing_ament_cmake/cmake)
[2.746s] -- Found python_cmake_module: 0.10.0 (/opt/ros/humble/share/python_cmake_module/cmake)
[2.783s] -- Found PythonInterp: /usr/bin/python3 (found suitable version "3.10.12", minimum required is "3.6") 
[2.793s] -- Found PythonLibs: /usr/lib/x86_64-linux-gnu/libpython3.10.so (found suitable version "3.10.12", minimum required is "3.5") 
[2.794s] -- Using PYTHON_EXECUTABLE: /usr/bin/python3
[2.794s] -- Using PYTHON_INCLUDE_DIRS: /usr/include/python3.10
[2.794s] -- Using PYTHON_LIBRARIES: /usr/lib/x86_64-linux-gnu/libpython3.10.so
[2.839s] -- Found PythonExtra: .so  
[2.847s] -- Found Boost: /usr/lib/x86_64-linux-gnu/cmake/Boost-1.74.0/BoostConfig.cmake (found version "1.74.0") found components: filesystem 
[2.901s] -- Configuring done
[3.403s] -- Generating done
[3.483s] -- Build files have been written to: /home/wz/Desktop/ROS_ROBOT/build/moveit_hybrid_planning
[3.511s] Invoked command in '/home/wz/Desktop/ROS_ROBOT/build/moveit_hybrid_planning' returned '0': AMENT_PREFIX_PATH=/home/wz/Desktop/ROS_ROBOT/install/moveit_ros_planning_interface:/home/wz/Desktop/ROS_ROBOT/install/moveit_ros_move_group:/home/wz/Desktop/ROS_ROBOT/install/moveit_ros_warehouse:/home/wz/Desktop/ROS_ROBOT/install/moveit_planners_ompl:/home/wz/Desktop/ROS_ROBOT/install/moveit_kinematics:/home/wz/Desktop/ROS_ROBOT/install/moveit_ros_planning:/home/wz/Desktop/ROS_ROBOT/install/moveit_simple_controller_manager:/home/wz/Desktop/ROS_ROBOT/install/moveit_ros_occupancy_map_monitor:/home/wz/Desktop/ROS_ROBOT/install/moveit_core:/home/wz/Desktop/ROS_ROBOT/install/moveit_configs_utils:/home/wz/Desktop/ROS_ROBOT/install/moveit_common:${AMENT_PREFIX_PATH} CMAKE_PREFIX_PATH=/home/wz/Desktop/ROS_ROBOT/install/moveit_ros_planning_interface:/home/wz/Desktop/ROS_ROBOT/install/moveit_ros_move_group:/home/wz/Desktop/ROS_ROBOT/install/moveit_ros_warehouse:/home/wz/Desktop/ROS_ROBOT/install/moveit_planners_ompl:/home/wz/Desktop/ROS_ROBOT/install/moveit_kinematics:/home/wz/Desktop/ROS_ROBOT/install/moveit_ros_planning:/home/wz/Desktop/ROS_ROBOT/install/moveit_simple_controller_manager:/home/wz/Desktop/ROS_ROBOT/install/moveit_ros_occupancy_map_monitor:/home/wz/Desktop/ROS_ROBOT/install/moveit_core:/home/wz/Desktop/ROS_ROBOT/install/moveit_common:/opt/ros/humble LD_LIBRARY_PATH=/home/wz/Desktop/ROS_ROBOT/install/moveit_ros_planning_interface/lib:/home/wz/Desktop/ROS_ROBOT/install/moveit_ros_move_group/lib:/home/wz/Desktop/ROS_ROBOT/install/moveit_ros_warehouse/lib:/home/wz/Desktop/ROS_ROBOT/install/moveit_planners_ompl/lib:/home/wz/Desktop/ROS_ROBOT/install/moveit_kinematics/lib:/home/wz/Desktop/ROS_ROBOT/install/moveit_ros_planning/lib:/home/wz/Desktop/ROS_ROBOT/install/moveit_simple_controller_manager/lib:/home/wz/Desktop/ROS_ROBOT/install/moveit_ros_occupancy_map_monitor/lib:/home/wz/Desktop/ROS_ROBOT/install/moveit_core/lib:${LD_LIBRARY_PATH} PATH=/home/wz/Desktop/ROS_ROBOT/install/moveit_core/bin:${PATH} PYTHONPATH=/home/wz/Desktop/ROS_ROBOT/build/moveit_configs_utils:/home/wz/Desktop/ROS_ROBOT/install/moveit_configs_utils/lib/python3.10/site-packages:${PYTHONPATH} /usr/bin/cmake /home/wz/Desktop/ROS_ROBOT/src/moveit2/moveit_ros/hybrid_planning -DAMENT_CMAKE_SYMLINK_INSTALL=1 -DCMAKE_INSTALL_PREFIX=/home/wz/Desktop/ROS_ROBOT/install/moveit_hybrid_planning
[3.523s] Invoking command in '/home/wz/Desktop/ROS_ROBOT/build/moveit_hybrid_planning': AMENT_PREFIX_PATH=/home/wz/Desktop/ROS_ROBOT/install/moveit_ros_planning_interface:/home/wz/Desktop/ROS_ROBOT/install/moveit_ros_move_group:/home/wz/Desktop/ROS_ROBOT/install/moveit_ros_warehouse:/home/wz/Desktop/ROS_ROBOT/install/moveit_planners_ompl:/home/wz/Desktop/ROS_ROBOT/install/moveit_kinematics:/home/wz/Desktop/ROS_ROBOT/install/moveit_ros_planning:/home/wz/Desktop/ROS_ROBOT/install/moveit_simple_controller_manager:/home/wz/Desktop/ROS_ROBOT/install/moveit_ros_occupancy_map_monitor:/home/wz/Desktop/ROS_ROBOT/install/moveit_core:/home/wz/Desktop/ROS_ROBOT/install/moveit_configs_utils:/home/wz/Desktop/ROS_ROBOT/install/moveit_common:${AMENT_PREFIX_PATH} CMAKE_PREFIX_PATH=/home/wz/Desktop/ROS_ROBOT/install/moveit_ros_planning_interface:/home/wz/Desktop/ROS_ROBOT/install/moveit_ros_move_group:/home/wz/Desktop/ROS_ROBOT/install/moveit_ros_warehouse:/home/wz/Desktop/ROS_ROBOT/install/moveit_planners_ompl:/home/wz/Desktop/ROS_ROBOT/install/moveit_kinematics:/home/wz/Desktop/ROS_ROBOT/install/moveit_ros_planning:/home/wz/Desktop/ROS_ROBOT/install/moveit_simple_controller_manager:/home/wz/Desktop/ROS_ROBOT/install/moveit_ros_occupancy_map_monitor:/home/wz/Desktop/ROS_ROBOT/install/moveit_core:/home/wz/Desktop/ROS_ROBOT/install/moveit_common:/opt/ros/humble LD_LIBRARY_PATH=/home/wz/Desktop/ROS_ROBOT/install/moveit_ros_planning_interface/lib:/home/wz/Desktop/ROS_ROBOT/install/moveit_ros_move_group/lib:/home/wz/Desktop/ROS_ROBOT/install/moveit_ros_warehouse/lib:/home/wz/Desktop/ROS_ROBOT/install/moveit_planners_ompl/lib:/home/wz/Desktop/ROS_ROBOT/install/moveit_kinematics/lib:/home/wz/Desktop/ROS_ROBOT/install/moveit_ros_planning/lib:/home/wz/Desktop/ROS_ROBOT/install/moveit_simple_controller_manager/lib:/home/wz/Desktop/ROS_ROBOT/install/moveit_ros_occupancy_map_monitor/lib:/home/wz/Desktop/ROS_ROBOT/install/moveit_core/lib:${LD_LIBRARY_PATH} PATH=/home/wz/Desktop/ROS_ROBOT/install/moveit_core/bin:${PATH} PYTHONPATH=/home/wz/Desktop/ROS_ROBOT/build/moveit_configs_utils:/home/wz/Desktop/ROS_ROBOT/install/moveit_configs_utils/lib/python3.10/site-packages:${PYTHONPATH} /usr/bin/cmake --build /home/wz/Desktop/ROS_ROBOT/build/moveit_hybrid_planning -- -j4 -l4
[3.613s] [  5%] [32mBuilding CXX object hybrid_planning_manager/hybrid_planning_manager_component/CMakeFiles/moveit_hybrid_planning_manager.dir/src/hybrid_planning_manager.cpp.o[0m
[34.533s] [ 10%] [32m[1mLinking CXX shared library libmoveit_hybrid_planning_manager.so[0m
[35.177s] [ 10%] Built target moveit_hybrid_planning_manager
[35.214s] [ 15%] [32mBuilding CXX object local_planner/local_planner_component/CMakeFiles/moveit_local_planner_component.dir/src/local_planner_component.cpp.o[0m
[71.656s] [ 20%] [32m[1mLinking CXX shared library libmoveit_local_planner_component.so[0m
[72.150s] [ 20%] Built target moveit_local_planner_component
[72.200s] [ 25%] [32mBuilding CXX object local_planner/trajectory_operator_plugins/CMakeFiles/simple_sampler_plugin.dir/src/simple_sampler.cpp.o[0m
[80.871s] [ 30%] [32m[1mLinking CXX shared library libsimple_sampler_plugin.so[0m
[81.159s] [ 30%] Built target simple_sampler_plugin
[81.205s] [ 35%] [32mBuilding CXX object local_planner/local_constraint_solver_plugins/CMakeFiles/forward_trajectory_plugin.dir/src/forward_trajectory.cpp.o[0m
[94.917s] [ 40%] [32m[1mLinking CXX shared library libforward_trajectory_plugin.so[0m
[95.235s] [ 40%] Built target forward_trajectory_plugin
[95.298s] [ 45%] [32mBuilding CXX object hybrid_planning_manager/planner_logic_plugins/CMakeFiles/single_plan_execution_plugin.dir/src/single_plan_execution.cpp.o[0m
[101.883s] [ 50%] [32m[1mLinking CXX shared library libsingle_plan_execution_plugin.so[0m
[102.203s] [ 50%] Built target single_plan_execution_plugin
[102.229s] [ 55%] [32mBuilding CXX object global_planner/global_planner_plugins/CMakeFiles/motion_planning_pipeline_plugin.dir/src/moveit_planning_pipeline.cpp.o[0m
[118.568s] [ 60%] [32m[1mLinking CXX shared library libmotion_planning_pipeline_plugin.so[0m
[118.884s] [ 60%] Built target motion_planning_pipeline_plugin
[118.907s] [ 65%] [32mBuilding CXX object hybrid_planning_manager/planner_logic_plugins/CMakeFiles/replan_invalidated_trajectory_plugin.dir/src/replan_invalidated_trajectory.cpp.o[0m
[125.897s] [ 70%] [32m[1mLinking CXX shared library libreplan_invalidated_trajectory_plugin.so[0m
[126.177s] [ 70%] Built target replan_invalidated_trajectory_plugin
[126.224s] [ 75%] [32mBuilding CXX object global_planner/global_planner_component/CMakeFiles/moveit_global_planner_component.dir/src/global_planner_component.cpp.o[0m
[151.968s] [ 80%] [32m[1mLinking CXX shared library libmoveit_global_planner_component.so[0m
[152.585s] [ 80%] Built target moveit_global_planner_component
[152.629s] [ 85%] [32mBuilding CXX object test/CMakeFiles/cancel_action.dir/cancel_action.cpp.o[0m
[157.952s] [ 90%] [32m[1mLinking CXX executable cancel_action[0m
[158.322s] [ 90%] Built target cancel_action
[158.350s] [ 95%] [32mBuilding CXX object test/CMakeFiles/hybrid_planning_demo_node.dir/hybrid_planning_demo_node.cpp.o[0m
[187.829s] [100%] [32m[1mLinking CXX executable hybrid_planning_demo_node[0m
[188.424s] [100%] Built target hybrid_planning_demo_node
[188.446s] Invoked command in '/home/wz/Desktop/ROS_ROBOT/build/moveit_hybrid_planning' returned '0': AMENT_PREFIX_PATH=/home/wz/Desktop/ROS_ROBOT/install/moveit_ros_planning_interface:/home/wz/Desktop/ROS_ROBOT/install/moveit_ros_move_group:/home/wz/Desktop/ROS_ROBOT/install/moveit_ros_warehouse:/home/wz/Desktop/ROS_ROBOT/install/moveit_planners_ompl:/home/wz/Desktop/ROS_ROBOT/install/moveit_kinematics:/home/wz/Desktop/ROS_ROBOT/install/moveit_ros_planning:/home/wz/Desktop/ROS_ROBOT/install/moveit_simple_controller_manager:/home/wz/Desktop/ROS_ROBOT/install/moveit_ros_occupancy_map_monitor:/home/wz/Desktop/ROS_ROBOT/install/moveit_core:/home/wz/Desktop/ROS_ROBOT/install/moveit_configs_utils:/home/wz/Desktop/ROS_ROBOT/install/moveit_common:${AMENT_PREFIX_PATH} CMAKE_PREFIX_PATH=/home/wz/Desktop/ROS_ROBOT/install/moveit_ros_planning_interface:/home/wz/Desktop/ROS_ROBOT/install/moveit_ros_move_group:/home/wz/Desktop/ROS_ROBOT/install/moveit_ros_warehouse:/home/wz/Desktop/ROS_ROBOT/install/moveit_planners_ompl:/home/wz/Desktop/ROS_ROBOT/install/moveit_kinematics:/home/wz/Desktop/ROS_ROBOT/install/moveit_ros_planning:/home/wz/Desktop/ROS_ROBOT/install/moveit_simple_controller_manager:/home/wz/Desktop/ROS_ROBOT/install/moveit_ros_occupancy_map_monitor:/home/wz/Desktop/ROS_ROBOT/install/moveit_core:/home/wz/Desktop/ROS_ROBOT/install/moveit_common:/opt/ros/humble LD_LIBRARY_PATH=/home/wz/Desktop/ROS_ROBOT/install/moveit_ros_planning_interface/lib:/home/wz/Desktop/ROS_ROBOT/install/moveit_ros_move_group/lib:/home/wz/Desktop/ROS_ROBOT/install/moveit_ros_warehouse/lib:/home/wz/Desktop/ROS_ROBOT/install/moveit_planners_ompl/lib:/home/wz/Desktop/ROS_ROBOT/install/moveit_kinematics/lib:/home/wz/Desktop/ROS_ROBOT/install/moveit_ros_planning/lib:/home/wz/Desktop/ROS_ROBOT/install/moveit_simple_controller_manager/lib:/home/wz/Desktop/ROS_ROBOT/install/moveit_ros_occupancy_map_monitor/lib:/home/wz/Desktop/ROS_ROBOT/install/moveit_core/lib:${LD_LIBRARY_PATH} PATH=/home/wz/Desktop/ROS_ROBOT/install/moveit_core/bin:${PATH} PYTHONPATH=/home/wz/Desktop/ROS_ROBOT/build/moveit_configs_utils:/home/wz/Desktop/ROS_ROBOT/install/moveit_configs_utils/lib/python3.10/site-packages:${PYTHONPATH} /usr/bin/cmake --build /home/wz/Desktop/ROS_ROBOT/build/moveit_hybrid_planning -- -j4 -l4
[188.453s] Invoking command in '/home/wz/Desktop/ROS_ROBOT/build/moveit_hybrid_planning': AMENT_PREFIX_PATH=/home/wz/Desktop/ROS_ROBOT/install/moveit_ros_planning_interface:/home/wz/Desktop/ROS_ROBOT/install/moveit_ros_move_group:/home/wz/Desktop/ROS_ROBOT/install/moveit_ros_warehouse:/home/wz/Desktop/ROS_ROBOT/install/moveit_planners_ompl:/home/wz/Desktop/ROS_ROBOT/install/moveit_kinematics:/home/wz/Desktop/ROS_ROBOT/install/moveit_ros_planning:/home/wz/Desktop/ROS_ROBOT/install/moveit_simple_controller_manager:/home/wz/Desktop/ROS_ROBOT/install/moveit_ros_occupancy_map_monitor:/home/wz/Desktop/ROS_ROBOT/install/moveit_core:/home/wz/Desktop/ROS_ROBOT/install/moveit_configs_utils:/home/wz/Desktop/ROS_ROBOT/install/moveit_common:${AMENT_PREFIX_PATH} CMAKE_PREFIX_PATH=/home/wz/Desktop/ROS_ROBOT/install/moveit_ros_planning_interface:/home/wz/Desktop/ROS_ROBOT/install/moveit_ros_move_group:/home/wz/Desktop/ROS_ROBOT/install/moveit_ros_warehouse:/home/wz/Desktop/ROS_ROBOT/install/moveit_planners_ompl:/home/wz/Desktop/ROS_ROBOT/install/moveit_kinematics:/home/wz/Desktop/ROS_ROBOT/install/moveit_ros_planning:/home/wz/Desktop/ROS_ROBOT/install/moveit_simple_controller_manager:/home/wz/Desktop/ROS_ROBOT/install/moveit_ros_occupancy_map_monitor:/home/wz/Desktop/ROS_ROBOT/install/moveit_core:/home/wz/Desktop/ROS_ROBOT/install/moveit_common:/opt/ros/humble LD_LIBRARY_PATH=/home/wz/Desktop/ROS_ROBOT/install/moveit_ros_planning_interface/lib:/home/wz/Desktop/ROS_ROBOT/install/moveit_ros_move_group/lib:/home/wz/Desktop/ROS_ROBOT/install/moveit_ros_warehouse/lib:/home/wz/Desktop/ROS_ROBOT/install/moveit_planners_ompl/lib:/home/wz/Desktop/ROS_ROBOT/install/moveit_kinematics/lib:/home/wz/Desktop/ROS_ROBOT/install/moveit_ros_planning/lib:/home/wz/Desktop/ROS_ROBOT/install/moveit_simple_controller_manager/lib:/home/wz/Desktop/ROS_ROBOT/install/moveit_ros_occupancy_map_monitor/lib:/home/wz/Desktop/ROS_ROBOT/install/moveit_core/lib:${LD_LIBRARY_PATH} PATH=/home/wz/Desktop/ROS_ROBOT/install/moveit_core/bin:${PATH} PYTHONPATH=/home/wz/Desktop/ROS_ROBOT/build/moveit_configs_utils:/home/wz/Desktop/ROS_ROBOT/install/moveit_configs_utils/lib/python3.10/site-packages:${PYTHONPATH} /usr/bin/cmake --install /home/wz/Desktop/ROS_ROBOT/build/moveit_hybrid_planning
[188.458s] -- Install configuration: "Release"
[188.459s] -- Execute custom install script
[188.460s] -- Symlinking: /home/wz/Desktop/ROS_ROBOT/install/moveit_hybrid_planning/include/moveit/global_planner/global_planner_component.h
[188.478s] -- Symlinking: /home/wz/Desktop/ROS_ROBOT/install/moveit_hybrid_planning/include/moveit/global_planner/global_planner_interface.h
[188.491s] -- Symlinking: /home/wz/Desktop/ROS_ROBOT/install/moveit_hybrid_planning/include/moveit/global_planner/moveit_planning_pipeline.h
[188.504s] -- Symlinking: /home/wz/Desktop/ROS_ROBOT/install/moveit_hybrid_planning/include/moveit/hybrid_planning_manager/hybrid_planning_events.h
[188.516s] -- Symlinking: /home/wz/Desktop/ROS_ROBOT/install/moveit_hybrid_planning/include/moveit/hybrid_planning_manager/hybrid_planning_manager.h
[188.528s] -- Symlinking: /home/wz/Desktop/ROS_ROBOT/install/moveit_hybrid_planning/include/moveit/hybrid_planning_manager/moveit_error_code_interface.h
[188.537s] -- Symlinking: /home/wz/Desktop/ROS_ROBOT/install/moveit_hybrid_planning/include/moveit/hybrid_planning_manager/planner_logic_interface.h
[188.548s] -- Symlinking: /home/wz/Desktop/ROS_ROBOT/install/moveit_hybrid_planning/include/moveit/planner_logic_plugins/replan_invalidated_trajectory.h
[188.557s] -- Symlinking: /home/wz/Desktop/ROS_ROBOT/install/moveit_hybrid_planning/include/moveit/planner_logic_plugins/single_plan_execution.h
[188.571s] -- Symlinking: /home/wz/Desktop/ROS_ROBOT/install/moveit_hybrid_planning/include/moveit/local_planner/feedback_types.h
[188.591s] -- Symlinking: /home/wz/Desktop/ROS_ROBOT/install/moveit_hybrid_planning/include/moveit/local_planner/local_constraint_solver_interface.h
[188.608s] -- Symlinking: /home/wz/Desktop/ROS_ROBOT/install/moveit_hybrid_planning/include/moveit/local_planner/local_planner_component.h
[188.618s] -- Symlinking: /home/wz/Desktop/ROS_ROBOT/install/moveit_hybrid_planning/include/moveit/local_planner/trajectory_operator_interface.h
[188.628s] -- Symlinking: /home/wz/Desktop/ROS_ROBOT/install/moveit_hybrid_planning/include/moveit/trajectory_operator_plugins/simple_sampler.h
[188.639s] -- Symlinking: /home/wz/Desktop/ROS_ROBOT/install/moveit_hybrid_planning/include/moveit/local_constraint_solver_plugins/forward_trajectory.h
[188.648s] -- Symlinking: /home/wz/Desktop/ROS_ROBOT/install/moveit_hybrid_planning/share/moveit_hybrid_planning/launch/hybrid_planning_common.py
[188.659s] -- Symlinking: /home/wz/Desktop/ROS_ROBOT/install/moveit_hybrid_planning/share/moveit_hybrid_planning/launch/hybrid_planning_demo.launch.py
[188.682s] -- Symlinking: /home/wz/Desktop/ROS_ROBOT/install/moveit_hybrid_planning/share/moveit_hybrid_planning/launch/test_basic_integration.test.py
[188.715s] -- Symlinking: /home/wz/Desktop/ROS_ROBOT/install/moveit_hybrid_planning/share/moveit_hybrid_planning/config/common_hybrid_planning_params.yaml
[188.744s] -- Symlinking: /home/wz/Desktop/ROS_ROBOT/install/moveit_hybrid_planning/share/moveit_hybrid_planning/config/demo_controller.yaml
[188.768s] -- Symlinking: /home/wz/Desktop/ROS_ROBOT/install/moveit_hybrid_planning/share/moveit_hybrid_planning/config/global_planner.yaml
[188.793s] -- Symlinking: /home/wz/Desktop/ROS_ROBOT/install/moveit_hybrid_planning/share/moveit_hybrid_planning/config/hybrid_planning_demo.rviz
[188.815s] -- Symlinking: /home/wz/Desktop/ROS_ROBOT/install/moveit_hybrid_planning/share/moveit_hybrid_planning/config/hybrid_planning_manager.yaml
[188.830s] -- Symlinking: /home/wz/Desktop/ROS_ROBOT/install/moveit_hybrid_planning/share/moveit_hybrid_planning/config/local_planner.yaml
[188.841s] -- Symlinking: /home/wz/Desktop/ROS_ROBOT/install/moveit_hybrid_planning/share/moveit_hybrid_planning//single_plan_execution_plugin.xml
[188.852s] -- Symlinking: /home/wz/Desktop/ROS_ROBOT/install/moveit_hybrid_planning/share/moveit_hybrid_planning//moveit_planning_pipeline_plugin.xml
[188.863s] -- Symlinking: /home/wz/Desktop/ROS_ROBOT/install/moveit_hybrid_planning/share/moveit_hybrid_planning//simple_sampler_plugin.xml
[188.873s] -- Symlinking: /home/wz/Desktop/ROS_ROBOT/install/moveit_hybrid_planning/share/moveit_hybrid_planning//replan_invalidated_trajectory_plugin.xml
[188.899s] -- Symlinking: /home/wz/Desktop/ROS_ROBOT/install/moveit_hybrid_planning/share/moveit_hybrid_planning//forward_trajectory_plugin.xml
[188.917s] -- Symlinking: /home/wz/Desktop/ROS_ROBOT/install/moveit_hybrid_planning/share/moveit_hybrid_planning/environment/library_path.sh
[188.929s] -- Symlinking: /home/wz/Desktop/ROS_ROBOT/install/moveit_hybrid_planning/share/moveit_hybrid_planning/environment/library_path.dsv
[188.942s] -- Symlinking: /home/wz/Desktop/ROS_ROBOT/install/moveit_hybrid_planning/share/ament_index/resource_index/package_run_dependencies/moveit_hybrid_planning
[188.951s] -- Symlinking: /home/wz/Desktop/ROS_ROBOT/install/moveit_hybrid_planning/share/ament_index/resource_index/parent_prefix_path/moveit_hybrid_planning
[188.961s] -- Symlinking: /home/wz/Desktop/ROS_ROBOT/install/moveit_hybrid_planning/share/moveit_hybrid_planning/environment/ament_prefix_path.sh
[188.971s] -- Symlinking: /home/wz/Desktop/ROS_ROBOT/install/moveit_hybrid_planning/share/moveit_hybrid_planning/environment/ament_prefix_path.dsv
[188.986s] -- Symlinking: /home/wz/Desktop/ROS_ROBOT/install/moveit_hybrid_planning/share/moveit_hybrid_planning/environment/path.sh
[189.013s] -- Symlinking: /home/wz/Desktop/ROS_ROBOT/install/moveit_hybrid_planning/share/moveit_hybrid_planning/environment/path.dsv
[189.032s] -- Symlinking: /home/wz/Desktop/ROS_ROBOT/install/moveit_hybrid_planning/share/moveit_hybrid_planning/local_setup.bash
[189.048s] -- Symlinking: /home/wz/Desktop/ROS_ROBOT/install/moveit_hybrid_planning/share/moveit_hybrid_planning/local_setup.sh
[189.073s] -- Symlinking: /home/wz/Desktop/ROS_ROBOT/install/moveit_hybrid_planning/share/moveit_hybrid_planning/local_setup.zsh
[189.096s] -- Symlinking: /home/wz/Desktop/ROS_ROBOT/install/moveit_hybrid_planning/share/moveit_hybrid_planning/local_setup.dsv
[189.126s] -- Symlinking: /home/wz/Desktop/ROS_ROBOT/install/moveit_hybrid_planning/share/moveit_hybrid_planning/package.dsv
[189.156s] -- Symlinking: /home/wz/Desktop/ROS_ROBOT/install/moveit_hybrid_planning/share/ament_index/resource_index/packages/moveit_hybrid_planning
[189.176s] -- Symlinking: /home/wz/Desktop/ROS_ROBOT/install/moveit_hybrid_planning/share/ament_index/resource_index/moveit_hybrid_planning__pluginlib__plugin/moveit_hybrid_planning
[189.201s] -- Symlinking: /home/wz/Desktop/ROS_ROBOT/install/moveit_hybrid_planning/share/ament_index/resource_index/rclcpp_components/moveit_hybrid_planning
[189.220s] -- Symlinking: /home/wz/Desktop/ROS_ROBOT/install/moveit_hybrid_planning/share/moveit_hybrid_planning/cmake/ament_cmake_export_include_directories-extras.cmake
[189.245s] -- Symlinking: /home/wz/Desktop/ROS_ROBOT/install/moveit_hybrid_planning/share/moveit_hybrid_planning/cmake/ament_cmake_export_libraries-extras.cmake
[189.266s] -- Symlinking: /home/wz/Desktop/ROS_ROBOT/install/moveit_hybrid_planning/share/moveit_hybrid_planning/cmake/ament_cmake_export_dependencies-extras.cmake
[189.274s] -- Symlinking: /home/wz/Desktop/ROS_ROBOT/install/moveit_hybrid_planning/share/moveit_hybrid_planning/cmake/ament_cmake_export_targets-extras.cmake
[189.285s] -- Symlinking: /home/wz/Desktop/ROS_ROBOT/install/moveit_hybrid_planning/share/moveit_hybrid_planning/cmake/moveit_hybrid_planningConfig.cmake
[189.300s] -- Symlinking: /home/wz/Desktop/ROS_ROBOT/install/moveit_hybrid_planning/share/moveit_hybrid_planning/cmake/moveit_hybrid_planningConfig-version.cmake
[189.319s] -- Symlinking: /home/wz/Desktop/ROS_ROBOT/install/moveit_hybrid_planning/share/moveit_hybrid_planning/package.xml
[189.333s] -- Installing: /home/wz/Desktop/ROS_ROBOT/install/moveit_hybrid_planning/lib/libmoveit_global_planner_component.so.2.5.9
[189.333s] -- Set runtime path of "/home/wz/Desktop/ROS_ROBOT/install/moveit_hybrid_planning/lib/libmoveit_global_planner_component.so.2.5.9" to ""
[189.333s] -- Installing: /home/wz/Desktop/ROS_ROBOT/install/moveit_hybrid_planning/lib/libmoveit_global_planner_component.so
[189.333s] -- Installing: /home/wz/Desktop/ROS_ROBOT/install/moveit_hybrid_planning/lib/libmoveit_hybrid_planning_manager.so.2.5.9
[189.335s] -- Set runtime path of "/home/wz/Desktop/ROS_ROBOT/install/moveit_hybrid_planning/lib/libmoveit_hybrid_planning_manager.so.2.5.9" to ""
[189.335s] -- Installing: /home/wz/Desktop/ROS_ROBOT/install/moveit_hybrid_planning/lib/libmoveit_hybrid_planning_manager.so
[189.335s] -- Installing: /home/wz/Desktop/ROS_ROBOT/install/moveit_hybrid_planning/lib/libmoveit_local_planner_component.so.2.5.9
[189.339s] -- Set runtime path of "/home/wz/Desktop/ROS_ROBOT/install/moveit_hybrid_planning/lib/libmoveit_local_planner_component.so.2.5.9" to ""
[189.340s] -- Installing: /home/wz/Desktop/ROS_ROBOT/install/moveit_hybrid_planning/lib/libmoveit_local_planner_component.so
[189.340s] -- Installing: /home/wz/Desktop/ROS_ROBOT/install/moveit_hybrid_planning/lib/libforward_trajectory_plugin.so.2.5.9
[189.340s] -- Set runtime path of "/home/wz/Desktop/ROS_ROBOT/install/moveit_hybrid_planning/lib/libforward_trajectory_plugin.so.2.5.9" to ""
[189.340s] -- Installing: /home/wz/Desktop/ROS_ROBOT/install/moveit_hybrid_planning/lib/libforward_trajectory_plugin.so
[189.340s] -- Installing: /home/wz/Desktop/ROS_ROBOT/install/moveit_hybrid_planning/lib/libmotion_planning_pipeline_plugin.so.2.5.9
[189.340s] -- Set runtime path of "/home/wz/Desktop/ROS_ROBOT/install/moveit_hybrid_planning/lib/libmotion_planning_pipeline_plugin.so.2.5.9" to ""
[189.340s] -- Installing: /home/wz/Desktop/ROS_ROBOT/install/moveit_hybrid_planning/lib/libmotion_planning_pipeline_plugin.so
[189.340s] -- Installing: /home/wz/Desktop/ROS_ROBOT/install/moveit_hybrid_planning/lib/libreplan_invalidated_trajectory_plugin.so.2.5.9
[189.341s] -- Set runtime path of "/home/wz/Desktop/ROS_ROBOT/install/moveit_hybrid_planning/lib/libreplan_invalidated_trajectory_plugin.so.2.5.9" to ""
[189.341s] -- Installing: /home/wz/Desktop/ROS_ROBOT/install/moveit_hybrid_planning/lib/libreplan_invalidated_trajectory_plugin.so
[189.341s] -- Installing: /home/wz/Desktop/ROS_ROBOT/install/moveit_hybrid_planning/lib/libsimple_sampler_plugin.so.2.5.9
[189.341s] -- Set runtime path of "/home/wz/Desktop/ROS_ROBOT/install/moveit_hybrid_planning/lib/libsimple_sampler_plugin.so.2.5.9" to ""
[189.341s] -- Installing: /home/wz/Desktop/ROS_ROBOT/install/moveit_hybrid_planning/lib/libsimple_sampler_plugin.so
[189.341s] -- Installing: /home/wz/Desktop/ROS_ROBOT/install/moveit_hybrid_planning/lib/libsingle_plan_execution_plugin.so.2.5.9
[189.341s] -- Set runtime path of "/home/wz/Desktop/ROS_ROBOT/install/moveit_hybrid_planning/lib/libsingle_plan_execution_plugin.so.2.5.9" to ""
[189.341s] -- Installing: /home/wz/Desktop/ROS_ROBOT/install/moveit_hybrid_planning/lib/libsingle_plan_execution_plugin.so
[189.341s] -- Installing: /home/wz/Desktop/ROS_ROBOT/install/moveit_hybrid_planning/lib/moveit_hybrid_planning/cancel_action
[189.342s] -- Set runtime path of "/home/wz/Desktop/ROS_ROBOT/install/moveit_hybrid_planning/lib/moveit_hybrid_planning/cancel_action" to ""
[189.342s] -- Installing: /home/wz/Desktop/ROS_ROBOT/install/moveit_hybrid_planning/lib/moveit_hybrid_planning/hybrid_planning_demo_node
[189.342s] -- Set runtime path of "/home/wz/Desktop/ROS_ROBOT/install/moveit_hybrid_planning/lib/moveit_hybrid_planning/hybrid_planning_demo_node" to ""
[189.343s] -- Installing: /home/wz/Desktop/ROS_ROBOT/install/moveit_hybrid_planning/share/moveit_hybrid_planning/cmake/export_moveit_hybrid_planningExport.cmake
[189.343s] -- Installing: /home/wz/Desktop/ROS_ROBOT/install/moveit_hybrid_planning/share/moveit_hybrid_planning/cmake/export_moveit_hybrid_planningExport-release.cmake
[189.348s] Invoked command in '/home/wz/Desktop/ROS_ROBOT/build/moveit_hybrid_planning' returned '0': AMENT_PREFIX_PATH=/home/wz/Desktop/ROS_ROBOT/install/moveit_ros_planning_interface:/home/wz/Desktop/ROS_ROBOT/install/moveit_ros_move_group:/home/wz/Desktop/ROS_ROBOT/install/moveit_ros_warehouse:/home/wz/Desktop/ROS_ROBOT/install/moveit_planners_ompl:/home/wz/Desktop/ROS_ROBOT/install/moveit_kinematics:/home/wz/Desktop/ROS_ROBOT/install/moveit_ros_planning:/home/wz/Desktop/ROS_ROBOT/install/moveit_simple_controller_manager:/home/wz/Desktop/ROS_ROBOT/install/moveit_ros_occupancy_map_monitor:/home/wz/Desktop/ROS_ROBOT/install/moveit_core:/home/wz/Desktop/ROS_ROBOT/install/moveit_configs_utils:/home/wz/Desktop/ROS_ROBOT/install/moveit_common:${AMENT_PREFIX_PATH} CMAKE_PREFIX_PATH=/home/wz/Desktop/ROS_ROBOT/install/moveit_ros_planning_interface:/home/wz/Desktop/ROS_ROBOT/install/moveit_ros_move_group:/home/wz/Desktop/ROS_ROBOT/install/moveit_ros_warehouse:/home/wz/Desktop/ROS_ROBOT/install/moveit_planners_ompl:/home/wz/Desktop/ROS_ROBOT/install/moveit_kinematics:/home/wz/Desktop/ROS_ROBOT/install/moveit_ros_planning:/home/wz/Desktop/ROS_ROBOT/install/moveit_simple_controller_manager:/home/wz/Desktop/ROS_ROBOT/install/moveit_ros_occupancy_map_monitor:/home/wz/Desktop/ROS_ROBOT/install/moveit_core:/home/wz/Desktop/ROS_ROBOT/install/moveit_common:/opt/ros/humble LD_LIBRARY_PATH=/home/wz/Desktop/ROS_ROBOT/install/moveit_ros_planning_interface/lib:/home/wz/Desktop/ROS_ROBOT/install/moveit_ros_move_group/lib:/home/wz/Desktop/ROS_ROBOT/install/moveit_ros_warehouse/lib:/home/wz/Desktop/ROS_ROBOT/install/moveit_planners_ompl/lib:/home/wz/Desktop/ROS_ROBOT/install/moveit_kinematics/lib:/home/wz/Desktop/ROS_ROBOT/install/moveit_ros_planning/lib:/home/wz/Desktop/ROS_ROBOT/install/moveit_simple_controller_manager/lib:/home/wz/Desktop/ROS_ROBOT/install/moveit_ros_occupancy_map_monitor/lib:/home/wz/Desktop/ROS_ROBOT/install/moveit_core/lib:${LD_LIBRARY_PATH} PATH=/home/wz/Desktop/ROS_ROBOT/install/moveit_core/bin:${PATH} PYTHONPATH=/home/wz/Desktop/ROS_ROBOT/build/moveit_configs_utils:/home/wz/Desktop/ROS_ROBOT/install/moveit_configs_utils/lib/python3.10/site-packages:${PYTHONPATH} /usr/bin/cmake --install /home/wz/Desktop/ROS_ROBOT/build/moveit_hybrid_planning
