[0.063s] Invoking command in '/home/wz/Desktop/ROS_ROBOT/build/moveit_ros_perception': AMENT_PREFIX_PATH=/home/wz/Desktop/ROS_ROBOT/install/moveit_ros_planning:/home/wz/Desktop/ROS_ROBOT/install/moveit_ros_occupancy_map_monitor:/home/wz/Desktop/ROS_ROBOT/install/moveit_core:/home/wz/Desktop/ROS_ROBOT/install/moveit_configs_utils:/home/wz/Desktop/ROS_ROBOT/install/moveit_common:${AMENT_PREFIX_PATH} CMAKE_PREFIX_PATH=/home/wz/Desktop/ROS_ROBOT/install/moveit_ros_planning:/home/wz/Desktop/ROS_ROBOT/install/moveit_ros_occupancy_map_monitor:/home/wz/Desktop/ROS_ROBOT/install/moveit_core:/home/wz/Desktop/ROS_ROBOT/install/moveit_common:/opt/ros/humble LD_LIBRARY_PATH=/home/wz/Desktop/ROS_ROBOT/install/moveit_ros_planning/lib:/home/wz/Desktop/ROS_ROBOT/install/moveit_ros_occupancy_map_monitor/lib:/home/wz/Desktop/ROS_ROBOT/install/moveit_core/lib:${LD_LIBRARY_PATH} PATH=/home/wz/Desktop/ROS_ROBOT/install/moveit_core/bin:${PATH} PYTHONPATH=/home/wz/Desktop/ROS_ROBOT/build/moveit_configs_utils:/home/wz/Desktop/ROS_ROBOT/install/moveit_configs_utils/lib/python3.10/site-packages:${PYTHONPATH} /usr/bin/cmake /home/wz/Desktop/ROS_ROBOT/src/moveit2/moveit_ros/perception -DAMENT_CMAKE_SYMLINK_INSTALL=1 -DCMAKE_INSTALL_PREFIX=/home/wz/Desktop/ROS_ROBOT/install/moveit_ros_perception
[0.311s] -- The C compiler identification is GNU 11.4.0
[0.402s] -- The CXX compiler identification is GNU 11.4.0
[0.418s] -- Detecting C compiler ABI info
[0.584s] -- Detecting C compiler ABI info - done
[0.594s] -- Check for working C compiler: /usr/bin/cc - skipped
[0.596s] -- Detecting C compile features
[0.602s] -- Detecting C compile features - done
[0.606s] -- Detecting CXX compiler ABI info
[0.747s] -- Detecting CXX compiler ABI info - done
[0.751s] -- Check for working CXX compiler: /usr/bin/c++ - skipped
[0.753s] -- Detecting CXX compile features
[0.753s] -- Detecting CXX compile features - done
[0.763s] -- Found moveit_common: 2.5.9 (/home/wz/Desktop/ROS_ROBOT/install/moveit_common/share/moveit_common/cmake)
[0.790s] -- Found ament_cmake: 1.3.11 (/opt/ros/humble/share/ament_cmake/cmake)
[1.081s] -- Found Python3: /usr/bin/python3 (found version "3.10.12") found components: Interpreter 
[1.221s] -- Override CMake install command with custom implementation using symlinks instead of copying resources
[1.427s] [0mmoveit_ros_perception: You did not request a specific build type: Choosing 'Release' for maximum performance[0m
[1.462s] -- Found OpenGL: /usr/lib/x86_64-linux-gnu/libOpenGL.so   
[1.533s] -- Found GLEW: /usr/include (found version "2.2.0") 
[1.544s] -- Found PkgConfig: /usr/bin/pkg-config (found version "0.29.2") 
[1.545s] -- Checking for module 'glut'
[1.548s] --   No package 'glut' found
[1.560s] -- Found GLUT: /usr/lib/x86_64-linux-gnu/libglut.so  
[1.566s] -- Found cv_bridge: 3.2.1 (/opt/ros/humble/share/cv_bridge/cmake)
[1.688s] -- Found rosidl_generator_c: 3.1.6 (/opt/ros/humble/share/rosidl_generator_c/cmake)
[1.712s] -- Found rosidl_adapter: 3.1.6 (/opt/ros/humble/share/rosidl_adapter/cmake)
[1.734s] -- Found rosidl_generator_cpp: 3.1.6 (/opt/ros/humble/share/rosidl_generator_cpp/cmake)
[1.771s] -- Using all available rosidl_typesupport_c: rosidl_typesupport_fastrtps_c;rosidl_typesupport_introspection_c
[1.820s] -- Using all available rosidl_typesupport_cpp: rosidl_typesupport_fastrtps_cpp;rosidl_typesupport_introspection_cpp
[1.991s] -- Found moveit_core: 2.5.9 (/home/wz/Desktop/ROS_ROBOT/install/moveit_core/share/moveit_core/cmake)
[2.407s] -- Found Boost: /usr/lib/x86_64-linux-gnu/cmake/Boost-1.74.0/BoostConfig.cmake (found version "1.74.0") found components: chrono date_time filesystem iostreams program_options regex serialization system thread 
[2.475s] -- Found parameter_traits: 0.5.0 (/opt/ros/humble/share/parameter_traits/cmake)
[2.612s] -- Found rmw_implementation_cmake: 6.1.2 (/opt/ros/humble/share/rmw_implementation_cmake/cmake)
[2.618s] -- Found rmw_fastrtps_cpp: 6.2.7 (/opt/ros/humble/share/rmw_fastrtps_cpp/cmake)
[2.759s] -- Found OpenSSL: /usr/lib/x86_64-linux-gnu/libcrypto.so (found version "3.0.2")  
[2.815s] -- Found FastRTPS: /opt/ros/humble/include  
[2.856s] -- Using RMW implementation 'rmw_fastrtps_cpp' as default
[2.870s] -- Found Threads: TRUE  
[3.017s] -- Found rclcpp_lifecycle: 16.0.12 (/opt/ros/humble/share/rclcpp_lifecycle/cmake)
[3.073s] -- Found Boost: /usr/lib/x86_64-linux-gnu/cmake/Boost-1.74.0/BoostConfig.cmake (found version "1.74.0") found components: filesystem 
[3.282s] -- library: /usr/lib/x86_64-linux-gnu/libcurl.so
[3.409s] -- Found Eigen3: TRUE (found version "3.4.0") 
[3.409s] -- Ensuring Eigen3 include directory is part of orocos-kdl CMake target
[4.049s] -- Found image_transport: 3.1.12 (/opt/ros/humble/share/image_transport/cmake)
[4.057s] -- Found moveit_ros_occupancy_map_monitor: 2.5.9 (/home/wz/Desktop/ROS_ROBOT/install/moveit_ros_occupancy_map_monitor/share/moveit_ros_occupancy_map_monitor/cmake)
[4.472s] -- Found OpenMP_C: -fopenmp (found version "4.5") 
[4.617s] -- Found OpenMP_CXX: -fopenmp (found version "4.5") 
[4.618s] -- Found OpenMP: TRUE (found version "4.5")  
[4.623s] -- Found OpenCV: /usr (found version "4.5.4") 
[4.627s] -- Found Boost: /usr/lib/x86_64-linux-gnu/cmake/Boost-1.74.0/BoostConfig.cmake (found version "1.74.0") found components: thread 
[4.659s] -- Performing Test COMPILER_HAS_HIDDEN_VISIBILITY
[4.880s] -- Performing Test COMPILER_HAS_HIDDEN_VISIBILITY - Success
[4.887s] -- Performing Test COMPILER_HAS_HIDDEN_INLINE_VISIBILITY
[5.045s] -- Performing Test COMPILER_HAS_HIDDEN_INLINE_VISIBILITY - Success
[5.047s] -- Performing Test COMPILER_HAS_DEPRECATED_ATTR
[5.195s] -- Performing Test COMPILER_HAS_DEPRECATED_ATTR - Success
[5.266s] -- Found ament_lint_auto: 0.12.12 (/opt/ros/humble/share/ament_lint_auto/cmake)
[5.329s] -- Added test 'cppcheck' to perform static code analysis on C / C++ code
[5.331s] -- Configured cppcheck include dirs: /home/wz/Desktop/ROS_ROBOT/src/moveit2/moveit_ros/perception/depth_image_octomap_updater/include;/home/wz/Desktop/ROS_ROBOT/src/moveit2/moveit_ros/perception/lazy_free_space_updater/include;/home/wz/Desktop/ROS_ROBOT/src/moveit2/moveit_ros/perception/mesh_filter/include;/home/wz/Desktop/ROS_ROBOT/src/moveit2/moveit_ros/perception/point_containment_filter/include;/home/wz/Desktop/ROS_ROBOT/src/moveit2/moveit_ros/perception/pointcloud_octomap_updater/include;/home/wz/Desktop/ROS_ROBOT/src/moveit2/moveit_ros/perception/semantic_world/include
[5.331s] -- Configured cppcheck exclude dirs and/or files: 
[5.334s] -- Added test 'lint_cmake' to check CMake code style
[5.340s] -- Added test 'xmllint' to check XML markup files
[5.343s] -- Configuring done
[5.549s] -- Generating done
[5.585s] -- Build files have been written to: /home/wz/Desktop/ROS_ROBOT/build/moveit_ros_perception
[5.613s] Invoked command in '/home/wz/Desktop/ROS_ROBOT/build/moveit_ros_perception' returned '0': AMENT_PREFIX_PATH=/home/wz/Desktop/ROS_ROBOT/install/moveit_ros_planning:/home/wz/Desktop/ROS_ROBOT/install/moveit_ros_occupancy_map_monitor:/home/wz/Desktop/ROS_ROBOT/install/moveit_core:/home/wz/Desktop/ROS_ROBOT/install/moveit_configs_utils:/home/wz/Desktop/ROS_ROBOT/install/moveit_common:${AMENT_PREFIX_PATH} CMAKE_PREFIX_PATH=/home/wz/Desktop/ROS_ROBOT/install/moveit_ros_planning:/home/wz/Desktop/ROS_ROBOT/install/moveit_ros_occupancy_map_monitor:/home/wz/Desktop/ROS_ROBOT/install/moveit_core:/home/wz/Desktop/ROS_ROBOT/install/moveit_common:/opt/ros/humble LD_LIBRARY_PATH=/home/wz/Desktop/ROS_ROBOT/install/moveit_ros_planning/lib:/home/wz/Desktop/ROS_ROBOT/install/moveit_ros_occupancy_map_monitor/lib:/home/wz/Desktop/ROS_ROBOT/install/moveit_core/lib:${LD_LIBRARY_PATH} PATH=/home/wz/Desktop/ROS_ROBOT/install/moveit_core/bin:${PATH} PYTHONPATH=/home/wz/Desktop/ROS_ROBOT/build/moveit_configs_utils:/home/wz/Desktop/ROS_ROBOT/install/moveit_configs_utils/lib/python3.10/site-packages:${PYTHONPATH} /usr/bin/cmake /home/wz/Desktop/ROS_ROBOT/src/moveit2/moveit_ros/perception -DAMENT_CMAKE_SYMLINK_INSTALL=1 -DCMAKE_INSTALL_PREFIX=/home/wz/Desktop/ROS_ROBOT/install/moveit_ros_perception
[5.619s] Invoking command in '/home/wz/Desktop/ROS_ROBOT/build/moveit_ros_perception': AMENT_PREFIX_PATH=/home/wz/Desktop/ROS_ROBOT/install/moveit_ros_planning:/home/wz/Desktop/ROS_ROBOT/install/moveit_ros_occupancy_map_monitor:/home/wz/Desktop/ROS_ROBOT/install/moveit_core:/home/wz/Desktop/ROS_ROBOT/install/moveit_configs_utils:/home/wz/Desktop/ROS_ROBOT/install/moveit_common:${AMENT_PREFIX_PATH} CMAKE_PREFIX_PATH=/home/wz/Desktop/ROS_ROBOT/install/moveit_ros_planning:/home/wz/Desktop/ROS_ROBOT/install/moveit_ros_occupancy_map_monitor:/home/wz/Desktop/ROS_ROBOT/install/moveit_core:/home/wz/Desktop/ROS_ROBOT/install/moveit_common:/opt/ros/humble LD_LIBRARY_PATH=/home/wz/Desktop/ROS_ROBOT/install/moveit_ros_planning/lib:/home/wz/Desktop/ROS_ROBOT/install/moveit_ros_occupancy_map_monitor/lib:/home/wz/Desktop/ROS_ROBOT/install/moveit_core/lib:${LD_LIBRARY_PATH} PATH=/home/wz/Desktop/ROS_ROBOT/install/moveit_core/bin:${PATH} PYTHONPATH=/home/wz/Desktop/ROS_ROBOT/build/moveit_configs_utils:/home/wz/Desktop/ROS_ROBOT/install/moveit_configs_utils/lib/python3.10/site-packages:${PYTHONPATH} /usr/bin/cmake --build /home/wz/Desktop/ROS_ROBOT/build/moveit_ros_perception -- -j4 -l4
[5.703s] [  5%] [32mBuilding CXX object lazy_free_space_updater/CMakeFiles/moveit_lazy_free_space_updater.dir/src/lazy_free_space_updater.cpp.o[0m
[8.097s] [ 10%] [32m[1mLinking CXX shared library libmoveit_lazy_free_space_updater.so[0m
[8.355s] [ 10%] Built target moveit_lazy_free_space_updater
[8.391s] [ 15%] [32mBuilding CXX object semantic_world/CMakeFiles/moveit_semantic_world.dir/src/semantic_world.cpp.o[0m
[37.937s] [ 20%] [32m[1mLinking CXX shared library libmoveit_semantic_world.so[0m
[38.702s] [ 20%] Built target moveit_semantic_world
[38.723s] [ 25%] [32mBuilding CXX object mesh_filter/CMakeFiles/moveit_mesh_filter.dir/src/mesh_filter_base.cpp.o[0m
[43.128s] [ 30%] [32mBuilding CXX object mesh_filter/CMakeFiles/moveit_mesh_filter.dir/src/stereo_camera_model.cpp.o[0m
[44.738s] [ 35%] [32mBuilding CXX object mesh_filter/CMakeFiles/moveit_mesh_filter.dir/src/gl_renderer.cpp.o[0m
[46.344s] [ 40%] [32mBuilding CXX object mesh_filter/CMakeFiles/moveit_mesh_filter.dir/src/gl_mesh.cpp.o[0m
[47.840s] [ 45%] [32mBuilding CXX object mesh_filter/CMakeFiles/moveit_mesh_filter.dir/src/sensor_model.cpp.o[0m
[48.914s] [ 50%] [32m[1mLinking CXX shared library libmoveit_mesh_filter.so[0m
[49.215s] [ 50%] Built target moveit_mesh_filter
[49.245s] [ 55%] [32mBuilding CXX object point_containment_filter/CMakeFiles/moveit_point_containment_filter.dir/src/shape_mask.cpp.o[0m
[53.216s] [ 60%] [32m[1mLinking CXX shared library libmoveit_point_containment_filter.so[0m
[53.342s] [ 60%] Built target moveit_point_containment_filter
[53.364s] [ 65%] [32mBuilding CXX object depth_image_octomap_updater/CMakeFiles/moveit_depth_image_octomap_updater_core.dir/src/depth_image_octomap_updater.cpp.o[0m
[61.229s] [ 70%] [32m[1mLinking CXX shared library libmoveit_depth_image_octomap_updater_core.so[0m
[61.525s] [ 70%] Built target moveit_depth_image_octomap_updater_core
[61.599s] [ 75%] [32mBuilding CXX object pointcloud_octomap_updater/CMakeFiles/moveit_pointcloud_octomap_updater_core.dir/src/pointcloud_octomap_updater.cpp.o[0m
[81.876s] [ 80%] [32m[1mLinking CXX shared library libmoveit_pointcloud_octomap_updater_core.so[0m
[82.324s] [ 80%] Built target moveit_pointcloud_octomap_updater_core
[82.381s] [ 85%] [32mBuilding CXX object depth_image_octomap_updater/CMakeFiles/moveit_depth_image_octomap_updater.dir/src/updater_plugin.cpp.o[0m
[88.250s] [ 90%] [32m[1mLinking CXX shared library libmoveit_depth_image_octomap_updater.so[0m
[88.418s] [ 90%] Built target moveit_depth_image_octomap_updater
[88.439s] [ 95%] [32mBuilding CXX object pointcloud_octomap_updater/CMakeFiles/moveit_pointcloud_octomap_updater.dir/src/plugin_init.cpp.o[0m
[94.489s] [100%] [32m[1mLinking CXX shared library libmoveit_pointcloud_octomap_updater.so[0m
[94.665s] [100%] Built target moveit_pointcloud_octomap_updater
[94.689s] Invoked command in '/home/wz/Desktop/ROS_ROBOT/build/moveit_ros_perception' returned '0': AMENT_PREFIX_PATH=/home/wz/Desktop/ROS_ROBOT/install/moveit_ros_planning:/home/wz/Desktop/ROS_ROBOT/install/moveit_ros_occupancy_map_monitor:/home/wz/Desktop/ROS_ROBOT/install/moveit_core:/home/wz/Desktop/ROS_ROBOT/install/moveit_configs_utils:/home/wz/Desktop/ROS_ROBOT/install/moveit_common:${AMENT_PREFIX_PATH} CMAKE_PREFIX_PATH=/home/wz/Desktop/ROS_ROBOT/install/moveit_ros_planning:/home/wz/Desktop/ROS_ROBOT/install/moveit_ros_occupancy_map_monitor:/home/wz/Desktop/ROS_ROBOT/install/moveit_core:/home/wz/Desktop/ROS_ROBOT/install/moveit_common:/opt/ros/humble LD_LIBRARY_PATH=/home/wz/Desktop/ROS_ROBOT/install/moveit_ros_planning/lib:/home/wz/Desktop/ROS_ROBOT/install/moveit_ros_occupancy_map_monitor/lib:/home/wz/Desktop/ROS_ROBOT/install/moveit_core/lib:${LD_LIBRARY_PATH} PATH=/home/wz/Desktop/ROS_ROBOT/install/moveit_core/bin:${PATH} PYTHONPATH=/home/wz/Desktop/ROS_ROBOT/build/moveit_configs_utils:/home/wz/Desktop/ROS_ROBOT/install/moveit_configs_utils/lib/python3.10/site-packages:${PYTHONPATH} /usr/bin/cmake --build /home/wz/Desktop/ROS_ROBOT/build/moveit_ros_perception -- -j4 -l4
[94.699s] Invoking command in '/home/wz/Desktop/ROS_ROBOT/build/moveit_ros_perception': AMENT_PREFIX_PATH=/home/wz/Desktop/ROS_ROBOT/install/moveit_ros_planning:/home/wz/Desktop/ROS_ROBOT/install/moveit_ros_occupancy_map_monitor:/home/wz/Desktop/ROS_ROBOT/install/moveit_core:/home/wz/Desktop/ROS_ROBOT/install/moveit_configs_utils:/home/wz/Desktop/ROS_ROBOT/install/moveit_common:${AMENT_PREFIX_PATH} CMAKE_PREFIX_PATH=/home/wz/Desktop/ROS_ROBOT/install/moveit_ros_planning:/home/wz/Desktop/ROS_ROBOT/install/moveit_ros_occupancy_map_monitor:/home/wz/Desktop/ROS_ROBOT/install/moveit_core:/home/wz/Desktop/ROS_ROBOT/install/moveit_common:/opt/ros/humble LD_LIBRARY_PATH=/home/wz/Desktop/ROS_ROBOT/install/moveit_ros_planning/lib:/home/wz/Desktop/ROS_ROBOT/install/moveit_ros_occupancy_map_monitor/lib:/home/wz/Desktop/ROS_ROBOT/install/moveit_core/lib:${LD_LIBRARY_PATH} PATH=/home/wz/Desktop/ROS_ROBOT/install/moveit_core/bin:${PATH} PYTHONPATH=/home/wz/Desktop/ROS_ROBOT/build/moveit_configs_utils:/home/wz/Desktop/ROS_ROBOT/install/moveit_configs_utils/lib/python3.10/site-packages:${PYTHONPATH} /usr/bin/cmake --install /home/wz/Desktop/ROS_ROBOT/build/moveit_ros_perception
[94.702s] -- Install configuration: "Release"
[94.703s] -- Execute custom install script
[94.705s] -- Symlinking: /home/wz/Desktop/ROS_ROBOT/install/moveit_ros_perception/include/moveit/lazy_free_space_updater/lazy_free_space_updater.h
[94.715s] -- Symlinking: /home/wz/Desktop/ROS_ROBOT/install/moveit_ros_perception/include/moveit/point_containment_filter/shape_mask.h
[94.724s] -- Symlinking: /home/wz/Desktop/ROS_ROBOT/install/moveit_ros_perception/include/moveit/pointcloud_octomap_updater/pointcloud_octomap_updater.h
[94.733s] -- Symlinking: /home/wz/Desktop/ROS_ROBOT/install/moveit_ros_perception/include/moveit/mesh_filter/depth_self_filter_nodelet.h
[94.744s] -- Symlinking: /home/wz/Desktop/ROS_ROBOT/install/moveit_ros_perception/include/moveit/mesh_filter/filter_job.h
[94.772s] -- Symlinking: /home/wz/Desktop/ROS_ROBOT/install/moveit_ros_perception/include/moveit/mesh_filter/gl_mesh.h
[94.787s] -- Symlinking: /home/wz/Desktop/ROS_ROBOT/install/moveit_ros_perception/include/moveit/mesh_filter/gl_renderer.h
[94.801s] -- Symlinking: /home/wz/Desktop/ROS_ROBOT/install/moveit_ros_perception/include/moveit/mesh_filter/mesh_filter.h
[94.808s] -- Symlinking: /home/wz/Desktop/ROS_ROBOT/install/moveit_ros_perception/include/moveit/mesh_filter/mesh_filter_base.h
[94.816s] -- Symlinking: /home/wz/Desktop/ROS_ROBOT/install/moveit_ros_perception/include/moveit/mesh_filter/sensor_model.h
[94.825s] -- Symlinking: /home/wz/Desktop/ROS_ROBOT/install/moveit_ros_perception/include/moveit/mesh_filter/stereo_camera_model.h
[94.834s] -- Symlinking: /home/wz/Desktop/ROS_ROBOT/install/moveit_ros_perception/include/moveit/mesh_filter/transform_provider.h
[94.845s] -- Symlinking: /home/wz/Desktop/ROS_ROBOT/install/moveit_ros_perception/include/moveit_mesh_filter_export.h
[94.868s] -- Symlinking: /home/wz/Desktop/ROS_ROBOT/install/moveit_ros_perception/include/moveit/depth_image_octomap_updater/depth_image_octomap_updater.h
[94.881s] -- Symlinking: /home/wz/Desktop/ROS_ROBOT/install/moveit_ros_perception/include/moveit/semantic_world/semantic_world.h
[94.897s] -- Symlinking: /home/wz/Desktop/ROS_ROBOT/install/moveit_ros_perception/share/moveit_ros_perception/environment/library_path.sh
[94.905s] -- Symlinking: /home/wz/Desktop/ROS_ROBOT/install/moveit_ros_perception/share/moveit_ros_perception/environment/library_path.dsv
[94.913s] -- Symlinking: /home/wz/Desktop/ROS_ROBOT/install/moveit_ros_perception/share/moveit_ros_perception//pointcloud_octomap_updater_plugin_description.xml
[94.923s] -- Symlinking: /home/wz/Desktop/ROS_ROBOT/install/moveit_ros_perception/share/moveit_ros_perception//depth_image_octomap_updater_plugin_description.xml
[94.931s] -- Symlinking: /home/wz/Desktop/ROS_ROBOT/install/moveit_ros_perception/share/ament_index/resource_index/package_run_dependencies/moveit_ros_perception
[94.942s] -- Symlinking: /home/wz/Desktop/ROS_ROBOT/install/moveit_ros_perception/share/ament_index/resource_index/parent_prefix_path/moveit_ros_perception
[94.960s] -- Symlinking: /home/wz/Desktop/ROS_ROBOT/install/moveit_ros_perception/share/moveit_ros_perception/environment/ament_prefix_path.sh
[94.977s] -- Symlinking: /home/wz/Desktop/ROS_ROBOT/install/moveit_ros_perception/share/moveit_ros_perception/environment/ament_prefix_path.dsv
[94.984s] -- Symlinking: /home/wz/Desktop/ROS_ROBOT/install/moveit_ros_perception/share/moveit_ros_perception/environment/path.sh
[94.992s] -- Symlinking: /home/wz/Desktop/ROS_ROBOT/install/moveit_ros_perception/share/moveit_ros_perception/environment/path.dsv
[95.005s] -- Symlinking: /home/wz/Desktop/ROS_ROBOT/install/moveit_ros_perception/share/moveit_ros_perception/local_setup.bash
[95.030s] -- Symlinking: /home/wz/Desktop/ROS_ROBOT/install/moveit_ros_perception/share/moveit_ros_perception/local_setup.sh
[95.041s] -- Symlinking: /home/wz/Desktop/ROS_ROBOT/install/moveit_ros_perception/share/moveit_ros_perception/local_setup.zsh
[95.055s] -- Symlinking: /home/wz/Desktop/ROS_ROBOT/install/moveit_ros_perception/share/moveit_ros_perception/local_setup.dsv
[95.087s] -- Symlinking: /home/wz/Desktop/ROS_ROBOT/install/moveit_ros_perception/share/moveit_ros_perception/package.dsv
[95.107s] -- Symlinking: /home/wz/Desktop/ROS_ROBOT/install/moveit_ros_perception/share/ament_index/resource_index/packages/moveit_ros_perception
[95.120s] -- Symlinking: /home/wz/Desktop/ROS_ROBOT/install/moveit_ros_perception/share/ament_index/resource_index/moveit_ros_occupancy_map_monitor__pluginlib__plugin/moveit_ros_perception
[95.133s] -- Symlinking: /home/wz/Desktop/ROS_ROBOT/install/moveit_ros_perception/share/moveit_ros_perception/cmake/ConfigExtras.cmake
[95.144s] -- Symlinking: /home/wz/Desktop/ROS_ROBOT/install/moveit_ros_perception/share/moveit_ros_perception/cmake/ament_cmake_export_targets-extras.cmake
[95.152s] -- Symlinking: /home/wz/Desktop/ROS_ROBOT/install/moveit_ros_perception/share/moveit_ros_perception/cmake/ament_cmake_export_dependencies-extras.cmake
[95.170s] -- Symlinking: /home/wz/Desktop/ROS_ROBOT/install/moveit_ros_perception/share/moveit_ros_perception/cmake/moveit_ros_perceptionConfig.cmake
[95.190s] -- Symlinking: /home/wz/Desktop/ROS_ROBOT/install/moveit_ros_perception/share/moveit_ros_perception/cmake/moveit_ros_perceptionConfig-version.cmake
[95.207s] -- Symlinking: /home/wz/Desktop/ROS_ROBOT/install/moveit_ros_perception/share/moveit_ros_perception/package.xml
[95.222s] -- Installing: /home/wz/Desktop/ROS_ROBOT/install/moveit_ros_perception/lib/libmoveit_depth_image_octomap_updater.so.2.5.9
[95.222s] -- Set runtime path of "/home/wz/Desktop/ROS_ROBOT/install/moveit_ros_perception/lib/libmoveit_depth_image_octomap_updater.so.2.5.9" to ""
[95.222s] -- Installing: /home/wz/Desktop/ROS_ROBOT/install/moveit_ros_perception/lib/libmoveit_depth_image_octomap_updater.so
[95.222s] -- Installing: /home/wz/Desktop/ROS_ROBOT/install/moveit_ros_perception/lib/libmoveit_depth_image_octomap_updater_core.so.2.5.9
[95.222s] -- Set runtime path of "/home/wz/Desktop/ROS_ROBOT/install/moveit_ros_perception/lib/libmoveit_depth_image_octomap_updater_core.so.2.5.9" to ""
[95.222s] -- Installing: /home/wz/Desktop/ROS_ROBOT/install/moveit_ros_perception/lib/libmoveit_depth_image_octomap_updater_core.so
[95.223s] -- Installing: /home/wz/Desktop/ROS_ROBOT/install/moveit_ros_perception/lib/libmoveit_lazy_free_space_updater.so.2.5.9
[95.226s] -- Set runtime path of "/home/wz/Desktop/ROS_ROBOT/install/moveit_ros_perception/lib/libmoveit_lazy_free_space_updater.so.2.5.9" to ""
[95.227s] -- Installing: /home/wz/Desktop/ROS_ROBOT/install/moveit_ros_perception/lib/libmoveit_lazy_free_space_updater.so
[95.232s] -- Installing: /home/wz/Desktop/ROS_ROBOT/install/moveit_ros_perception/lib/libmoveit_mesh_filter.so.2.5.9
[95.232s] -- Set runtime path of "/home/wz/Desktop/ROS_ROBOT/install/moveit_ros_perception/lib/libmoveit_mesh_filter.so.2.5.9" to ""
[95.232s] -- Installing: /home/wz/Desktop/ROS_ROBOT/install/moveit_ros_perception/lib/libmoveit_mesh_filter.so
[95.232s] -- Installing: /home/wz/Desktop/ROS_ROBOT/install/moveit_ros_perception/lib/libmoveit_point_containment_filter.so.2.5.9
[95.232s] -- Set runtime path of "/home/wz/Desktop/ROS_ROBOT/install/moveit_ros_perception/lib/libmoveit_point_containment_filter.so.2.5.9" to ""
[95.232s] -- Installing: /home/wz/Desktop/ROS_ROBOT/install/moveit_ros_perception/lib/libmoveit_point_containment_filter.so
[95.233s] -- Installing: /home/wz/Desktop/ROS_ROBOT/install/moveit_ros_perception/lib/libmoveit_pointcloud_octomap_updater.so.2.5.9
[95.233s] -- Set runtime path of "/home/wz/Desktop/ROS_ROBOT/install/moveit_ros_perception/lib/libmoveit_pointcloud_octomap_updater.so.2.5.9" to ""
[95.233s] -- Installing: /home/wz/Desktop/ROS_ROBOT/install/moveit_ros_perception/lib/libmoveit_pointcloud_octomap_updater.so
[95.233s] -- Installing: /home/wz/Desktop/ROS_ROBOT/install/moveit_ros_perception/lib/libmoveit_pointcloud_octomap_updater_core.so.2.5.9
[95.235s] -- Set runtime path of "/home/wz/Desktop/ROS_ROBOT/install/moveit_ros_perception/lib/libmoveit_pointcloud_octomap_updater_core.so.2.5.9" to ""
[95.235s] -- Installing: /home/wz/Desktop/ROS_ROBOT/install/moveit_ros_perception/lib/libmoveit_pointcloud_octomap_updater_core.so
[95.235s] -- Installing: /home/wz/Desktop/ROS_ROBOT/install/moveit_ros_perception/lib/libmoveit_semantic_world.so.2.5.9
[95.235s] -- Set runtime path of "/home/wz/Desktop/ROS_ROBOT/install/moveit_ros_perception/lib/libmoveit_semantic_world.so.2.5.9" to ""
[95.235s] -- Installing: /home/wz/Desktop/ROS_ROBOT/install/moveit_ros_perception/lib/libmoveit_semantic_world.so
[95.235s] -- Installing: /home/wz/Desktop/ROS_ROBOT/install/moveit_ros_perception/share/moveit_ros_perception/cmake/export_moveit_ros_perceptionExport.cmake
[95.235s] -- Installing: /home/wz/Desktop/ROS_ROBOT/install/moveit_ros_perception/share/moveit_ros_perception/cmake/export_moveit_ros_perceptionExport-release.cmake
[95.235s] Invoked command in '/home/wz/Desktop/ROS_ROBOT/build/moveit_ros_perception' returned '0': AMENT_PREFIX_PATH=/home/wz/Desktop/ROS_ROBOT/install/moveit_ros_planning:/home/wz/Desktop/ROS_ROBOT/install/moveit_ros_occupancy_map_monitor:/home/wz/Desktop/ROS_ROBOT/install/moveit_core:/home/wz/Desktop/ROS_ROBOT/install/moveit_configs_utils:/home/wz/Desktop/ROS_ROBOT/install/moveit_common:${AMENT_PREFIX_PATH} CMAKE_PREFIX_PATH=/home/wz/Desktop/ROS_ROBOT/install/moveit_ros_planning:/home/wz/Desktop/ROS_ROBOT/install/moveit_ros_occupancy_map_monitor:/home/wz/Desktop/ROS_ROBOT/install/moveit_core:/home/wz/Desktop/ROS_ROBOT/install/moveit_common:/opt/ros/humble LD_LIBRARY_PATH=/home/wz/Desktop/ROS_ROBOT/install/moveit_ros_planning/lib:/home/wz/Desktop/ROS_ROBOT/install/moveit_ros_occupancy_map_monitor/lib:/home/wz/Desktop/ROS_ROBOT/install/moveit_core/lib:${LD_LIBRARY_PATH} PATH=/home/wz/Desktop/ROS_ROBOT/install/moveit_core/bin:${PATH} PYTHONPATH=/home/wz/Desktop/ROS_ROBOT/build/moveit_configs_utils:/home/wz/Desktop/ROS_ROBOT/install/moveit_configs_utils/lib/python3.10/site-packages:${PYTHONPATH} /usr/bin/cmake --install /home/wz/Desktop/ROS_ROBOT/build/moveit_ros_perception
