[0.035s] Invoking command in '/home/wz/Desktop/ROS_ROBOT/build/moveit_planners_ompl': AMENT_PREFIX_PATH=/home/wz/Desktop/ROS_ROBOT/install/moveit_ros_planning:/home/wz/Desktop/ROS_ROBOT/install/moveit_ros_occupancy_map_monitor:/home/wz/Desktop/ROS_ROBOT/install/moveit_core:/home/wz/Desktop/ROS_ROBOT/install/moveit_configs_utils:/home/wz/Desktop/ROS_ROBOT/install/moveit_common:${AMENT_PREFIX_PATH} CMAKE_PREFIX_PATH=/home/wz/Desktop/ROS_ROBOT/install/moveit_ros_planning:/home/wz/Desktop/ROS_ROBOT/install/moveit_ros_occupancy_map_monitor:/home/wz/Desktop/ROS_ROBOT/install/moveit_core:/home/wz/Desktop/ROS_ROBOT/install/moveit_common:/opt/ros/humble LD_LIBRARY_PATH=/home/wz/Desktop/ROS_ROBOT/install/moveit_ros_planning/lib:/home/wz/Desktop/ROS_ROBOT/install/moveit_ros_occupancy_map_monitor/lib:/home/wz/Desktop/ROS_ROBOT/install/moveit_core/lib:${LD_LIBRARY_PATH} PATH=/home/wz/Desktop/ROS_ROBOT/install/moveit_core/bin:${PATH} PYTHONPATH=/home/wz/Desktop/ROS_ROBOT/build/moveit_configs_utils:/home/wz/Desktop/ROS_ROBOT/install/moveit_configs_utils/lib/python3.10/site-packages:${PYTHONPATH} /usr/bin/cmake /home/wz/Desktop/ROS_ROBOT/src/moveit2/moveit_planners/ompl -DAMENT_CMAKE_SYMLINK_INSTALL=1 -DCMAKE_INSTALL_PREFIX=/home/wz/Desktop/ROS_ROBOT/install/moveit_planners_ompl
[0.089s] -- The C compiler identification is GNU 11.4.0
[0.165s] -- The CXX compiler identification is GNU 11.4.0
[0.174s] -- Detecting C compiler ABI info
[0.279s] -- Detecting C compiler ABI info - done
[0.282s] -- Check for working C compiler: /usr/bin/cc - skipped
[0.283s] -- Detecting C compile features
[0.283s] -- Detecting C compile features - done
[0.285s] -- Detecting CXX compiler ABI info
[0.404s] -- Detecting CXX compiler ABI info - done
[0.419s] -- Check for working CXX compiler: /usr/bin/c++ - skipped
[0.420s] -- Detecting CXX compile features
[0.421s] -- Detecting CXX compile features - done
[0.424s] -- Found moveit_common: 2.5.9 (/home/wz/Desktop/ROS_ROBOT/install/moveit_common/share/moveit_common/cmake)
[0.429s] -- Found ament_cmake: 1.3.11 (/opt/ros/humble/share/ament_cmake/cmake)
[0.629s] -- Found Python3: /usr/bin/python3 (found version "3.10.12") found components: Interpreter 
[0.717s] -- Override CMake install command with custom implementation using symlinks instead of copying resources
[0.825s] [0mmoveit_planners_ompl: You did not request a specific build type: Choosing 'Release' for maximum performance[0m
[1.174s] -- Found Boost: /usr/lib/x86_64-linux-gnu/cmake/Boost-1.74.0/BoostConfig.cmake (found version "1.74.0") found components: system filesystem date_time thread serialization 
[1.176s] -- Found moveit_core: 2.5.9 (/home/wz/Desktop/ROS_ROBOT/install/moveit_core/share/moveit_core/cmake)
[1.192s] -- Found Boost: /usr/lib/x86_64-linux-gnu/cmake/Boost-1.74.0/BoostConfig.cmake (found version "1.74.0") found components: chrono date_time filesystem iostreams program_options regex serialization system thread 
[1.263s] -- Found parameter_traits: 0.5.0 (/opt/ros/humble/share/parameter_traits/cmake)
[1.303s] -- Found rosidl_generator_c: 3.1.6 (/opt/ros/humble/share/rosidl_generator_c/cmake)
[1.322s] -- Found rosidl_adapter: 3.1.6 (/opt/ros/humble/share/rosidl_adapter/cmake)
[1.332s] -- Found rosidl_generator_cpp: 3.1.6 (/opt/ros/humble/share/rosidl_generator_cpp/cmake)
[1.347s] -- Using all available rosidl_typesupport_c: rosidl_typesupport_fastrtps_c;rosidl_typesupport_introspection_c
[1.362s] -- Using all available rosidl_typesupport_cpp: rosidl_typesupport_fastrtps_cpp;rosidl_typesupport_introspection_cpp
[1.402s] -- Found rmw_implementation_cmake: 6.1.2 (/opt/ros/humble/share/rmw_implementation_cmake/cmake)
[1.405s] -- Found rmw_fastrtps_cpp: 6.2.7 (/opt/ros/humble/share/rmw_fastrtps_cpp/cmake)
[1.498s] -- Found OpenSSL: /usr/lib/x86_64-linux-gnu/libcrypto.so (found version "3.0.2")  
[1.537s] -- Found FastRTPS: /opt/ros/humble/include  
[1.577s] -- Using RMW implementation 'rmw_fastrtps_cpp' as default
[1.585s] -- Found Threads: TRUE  
[1.683s] -- Found rclcpp_lifecycle: 16.0.12 (/opt/ros/humble/share/rclcpp_lifecycle/cmake)
[1.712s] -- Found Boost: /usr/lib/x86_64-linux-gnu/cmake/Boost-1.74.0/BoostConfig.cmake (found version "1.74.0") found components: filesystem 
[1.872s] -- library: /usr/lib/x86_64-linux-gnu/libcurl.so
[1.952s] -- Found Eigen3: TRUE (found version "3.4.0") 
[1.952s] -- Ensuring Eigen3 include directory is part of orocos-kdl CMake target
[2.266s] -- Found moveit_ros_planning: 2.5.9 (/home/wz/Desktop/ROS_ROBOT/install/moveit_ros_planning/share/moveit_ros_planning/cmake)
[2.272s] -- Found Boost: /usr/lib/x86_64-linux-gnu/cmake/Boost-1.74.0/BoostConfig.cmake (found version "1.74.0") found components: system filesystem date_time program_options thread chrono 
[2.323s] -- Found Boost: /usr/lib/x86_64-linux-gnu/cmake/Boost-1.74.0/BoostConfig.cmake (found version "1.74.0") found components: serialization filesystem system 
[2.331s] -- Found ompl: /opt/ros/humble/include/ompl-1.7;/usr/include;/usr/include/eigen3  
[2.891s] -- Found OpenMP_C: -fopenmp (found version "4.5") 
[3.194s] -- Found OpenMP_CXX: -fopenmp (found version "4.5") 
[3.194s] -- Found OpenMP: TRUE (found version "4.5")  
[3.231s] -- Found ament_cmake_gtest: 1.3.11 (/opt/ros/humble/share/ament_cmake_gtest/cmake)
[3.245s] -- Found gtest sources under '/opt/ros/humble/src/gtest_vendor': C++ tests using 'Google Test' will be built
[3.391s] -- Found ament_lint_auto: 0.12.12 (/opt/ros/humble/share/ament_lint_auto/cmake)
[3.503s] -- Added test 'cppcheck' to perform static code analysis on C / C++ code
[3.505s] -- Configured cppcheck include dirs: /home/wz/Desktop/ROS_ROBOT/src/moveit2/moveit_planners/ompl/ompl_interface/include
[3.506s] -- Configured cppcheck exclude dirs and/or files: 
[3.506s] -- Added test 'lint_cmake' to check CMake code style
[3.513s] -- Added test 'xmllint' to check XML markup files
[3.516s] -- Configuring done
[3.972s] -- Generating done
[4.114s] -- Build files have been written to: /home/wz/Desktop/ROS_ROBOT/build/moveit_planners_ompl
[4.210s] Invoked command in '/home/wz/Desktop/ROS_ROBOT/build/moveit_planners_ompl' returned '0': AMENT_PREFIX_PATH=/home/wz/Desktop/ROS_ROBOT/install/moveit_ros_planning:/home/wz/Desktop/ROS_ROBOT/install/moveit_ros_occupancy_map_monitor:/home/wz/Desktop/ROS_ROBOT/install/moveit_core:/home/wz/Desktop/ROS_ROBOT/install/moveit_configs_utils:/home/wz/Desktop/ROS_ROBOT/install/moveit_common:${AMENT_PREFIX_PATH} CMAKE_PREFIX_PATH=/home/wz/Desktop/ROS_ROBOT/install/moveit_ros_planning:/home/wz/Desktop/ROS_ROBOT/install/moveit_ros_occupancy_map_monitor:/home/wz/Desktop/ROS_ROBOT/install/moveit_core:/home/wz/Desktop/ROS_ROBOT/install/moveit_common:/opt/ros/humble LD_LIBRARY_PATH=/home/wz/Desktop/ROS_ROBOT/install/moveit_ros_planning/lib:/home/wz/Desktop/ROS_ROBOT/install/moveit_ros_occupancy_map_monitor/lib:/home/wz/Desktop/ROS_ROBOT/install/moveit_core/lib:${LD_LIBRARY_PATH} PATH=/home/wz/Desktop/ROS_ROBOT/install/moveit_core/bin:${PATH} PYTHONPATH=/home/wz/Desktop/ROS_ROBOT/build/moveit_configs_utils:/home/wz/Desktop/ROS_ROBOT/install/moveit_configs_utils/lib/python3.10/site-packages:${PYTHONPATH} /usr/bin/cmake /home/wz/Desktop/ROS_ROBOT/src/moveit2/moveit_planners/ompl -DAMENT_CMAKE_SYMLINK_INSTALL=1 -DCMAKE_INSTALL_PREFIX=/home/wz/Desktop/ROS_ROBOT/install/moveit_planners_ompl
[4.211s] Invoking command in '/home/wz/Desktop/ROS_ROBOT/build/moveit_planners_ompl': AMENT_PREFIX_PATH=/home/wz/Desktop/ROS_ROBOT/install/moveit_ros_planning:/home/wz/Desktop/ROS_ROBOT/install/moveit_ros_occupancy_map_monitor:/home/wz/Desktop/ROS_ROBOT/install/moveit_core:/home/wz/Desktop/ROS_ROBOT/install/moveit_configs_utils:/home/wz/Desktop/ROS_ROBOT/install/moveit_common:${AMENT_PREFIX_PATH} CMAKE_PREFIX_PATH=/home/wz/Desktop/ROS_ROBOT/install/moveit_ros_planning:/home/wz/Desktop/ROS_ROBOT/install/moveit_ros_occupancy_map_monitor:/home/wz/Desktop/ROS_ROBOT/install/moveit_core:/home/wz/Desktop/ROS_ROBOT/install/moveit_common:/opt/ros/humble LD_LIBRARY_PATH=/home/wz/Desktop/ROS_ROBOT/install/moveit_ros_planning/lib:/home/wz/Desktop/ROS_ROBOT/install/moveit_ros_occupancy_map_monitor/lib:/home/wz/Desktop/ROS_ROBOT/install/moveit_core/lib:${LD_LIBRARY_PATH} PATH=/home/wz/Desktop/ROS_ROBOT/install/moveit_core/bin:${PATH} PYTHONPATH=/home/wz/Desktop/ROS_ROBOT/build/moveit_configs_utils:/home/wz/Desktop/ROS_ROBOT/install/moveit_configs_utils/lib/python3.10/site-packages:${PYTHONPATH} /usr/bin/cmake --build /home/wz/Desktop/ROS_ROBOT/build/moveit_planners_ompl -- -j4 -l4
[4.391s] [  2%] [32mBuilding CXX object ompl_interface/CMakeFiles/moveit_ompl_interface.dir/src/ompl_interface.cpp.o[0m
[4.397s] [  4%] [32mBuilding CXX object gtest/CMakeFiles/gtest_main.dir/src/gtest_main.cc.o[0m
[4.403s] [  7%] [32mBuilding CXX object ompl_interface/CMakeFiles/moveit_ompl_interface.dir/src/planning_context_manager.cpp.o[0m
[8.406s] [  9%] [32m[1mLinking CXX static library libgtest_main.a[0m
[8.571s] [  9%] Built target gtest_main
[56.512s] [ 12%] [32mBuilding CXX object ompl_interface/CMakeFiles/moveit_ompl_interface.dir/src/parameterization/model_based_state_space.cpp.o[0m
[67.147s] [ 14%] [32mBuilding CXX object ompl_interface/CMakeFiles/moveit_ompl_interface.dir/src/parameterization/model_based_state_space_factory.cpp.o[0m
[77.561s] [ 17%] [32mBuilding CXX object ompl_interface/CMakeFiles/moveit_ompl_interface.dir/src/parameterization/joint_space/constrained_planning_state_space.cpp.o[0m
[88.010s] [ 19%] [32mBuilding CXX object ompl_interface/CMakeFiles/moveit_ompl_interface.dir/src/parameterization/joint_space/constrained_planning_state_space_factory.cpp.o[0m
[98.324s] [ 21%] [32mBuilding CXX object ompl_interface/CMakeFiles/moveit_ompl_interface.dir/src/parameterization/joint_space/joint_model_state_space.cpp.o[0m
[108.418s] [ 24%] [32mBuilding CXX object ompl_interface/CMakeFiles/moveit_ompl_interface.dir/src/parameterization/joint_space/joint_model_state_space_factory.cpp.o[0m
[118.448s] [ 26%] [32mBuilding CXX object ompl_interface/CMakeFiles/moveit_ompl_interface.dir/src/parameterization/work_space/pose_model_state_space.cpp.o[0m
[132.980s] [ 29%] [32mBuilding CXX object ompl_interface/CMakeFiles/moveit_ompl_interface.dir/src/parameterization/work_space/pose_model_state_space_factory.cpp.o[0m
[144.126s] [ 31%] [32mBuilding CXX object ompl_interface/CMakeFiles/moveit_ompl_interface.dir/src/detail/ompl_constraints.cpp.o[0m
[158.844s] [ 34%] [32mBuilding CXX object ompl_interface/CMakeFiles/moveit_ompl_interface.dir/src/detail/threadsafe_state_storage.cpp.o[0m
[165.630s] [ 36%] [32mBuilding CXX object ompl_interface/CMakeFiles/moveit_ompl_interface.dir/src/detail/state_validity_checker.cpp.o[0m
[178.335s] [ 39%] [32mBuilding CXX object ompl_interface/CMakeFiles/moveit_ompl_interface.dir/src/detail/projection_evaluators.cpp.o[0m
[189.172s] [ 41%] [32mBuilding CXX object ompl_interface/CMakeFiles/moveit_ompl_interface.dir/src/detail/goal_union.cpp.o[0m
[190.856s] [ 43%] [32mBuilding CXX object ompl_interface/CMakeFiles/moveit_ompl_interface.dir/src/detail/constraints_library.cpp.o[0m
[203.882s] [ 46%] [32mBuilding CXX object ompl_interface/CMakeFiles/moveit_ompl_interface.dir/src/detail/constrained_sampler.cpp.o[0m
[213.522s] [ 48%] [32mBuilding CXX object ompl_interface/CMakeFiles/moveit_ompl_interface.dir/src/detail/constrained_valid_state_sampler.cpp.o[0m
[223.633s] [ 51%] [32mBuilding CXX object ompl_interface/CMakeFiles/moveit_ompl_interface.dir/src/detail/constrained_goal_sampler.cpp.o[0m
[233.041s] [ 53%] [32mBuilding CXX object ompl_interface/CMakeFiles/moveit_ompl_interface.dir/src/model_based_planning_context.cpp.o[0m
[246.426s] [ 56%] [32m[1mLinking CXX shared library libmoveit_ompl_interface.so[0m
[246.830s] [ 56%] Built target moveit_ompl_interface
[246.857s] [ 58%] [32mBuilding CXX object gtest/CMakeFiles/gtest.dir/src/gtest-all.cc.o[0m
[253.341s] [ 60%] [32m[1mLinking CXX static library libgtest.a[0m
[253.378s] [ 60%] Built target gtest
[253.407s] [ 63%] [32mBuilding CXX object ompl_interface/CMakeFiles/moveit_ompl_planner_plugin.dir/src/ompl_planner_manager.cpp.o[0m
[262.017s] [ 65%] [32m[1mLinking CXX shared library libmoveit_ompl_planner_plugin.so[0m
[262.314s] [ 65%] Built target moveit_ompl_planner_plugin
[262.335s] [ 68%] [32mBuilding CXX object ompl_interface/CMakeFiles/test_state_validity_checker.dir/test/test_state_validity_checker.cpp.o[0m
[272.581s] [ 70%] [32m[1mLinking CXX executable test_state_validity_checker[0m
[273.023s] [ 70%] Built target test_state_validity_checker
[273.044s] [ 73%] [32mBuilding CXX object ompl_interface/CMakeFiles/test_planning_context_manager.dir/test/test_planning_context_manager.cpp.o[0m
[284.910s] [ 75%] [32m[1mLinking CXX executable test_planning_context_manager[0m
[285.266s] [ 75%] Built target test_planning_context_manager
[285.287s] [ 78%] [32mBuilding CXX object ompl_interface/CMakeFiles/test_constrained_planning_state_space.dir/test/test_constrained_planning_state_space.cpp.o[0m
[294.054s] [ 80%] [32m[1mLinking CXX executable test_constrained_planning_state_space[0m
[294.497s] [ 80%] Built target test_constrained_planning_state_space
[294.518s] [ 82%] [32mBuilding CXX object ompl_interface/CMakeFiles/test_constrained_state_validity_checker.dir/test/test_constrained_state_validity_checker.cpp.o[0m
[304.776s] [ 85%] [32m[1mLinking CXX executable test_constrained_state_validity_checker[0m
[305.219s] [ 85%] Built target test_constrained_state_validity_checker
[305.241s] [ 87%] [32mBuilding CXX object ompl_interface/CMakeFiles/test_threadsafe_state_storage.dir/test/test_threadsafe_state_storage.cpp.o[0m
[310.477s] [ 90%] [32m[1mLinking CXX executable test_threadsafe_state_storage[0m
[310.835s] [ 90%] Built target test_threadsafe_state_storage
[310.859s] [ 92%] [32mBuilding CXX object ompl_interface/CMakeFiles/test_state_space.dir/test/test_state_space.cpp.o[0m
[319.205s] [ 95%] [32m[1mLinking CXX executable test_state_space[0m
[319.591s] [ 95%] Built target test_state_space
[319.612s] [ 97%] [32mBuilding CXX object ompl_interface/CMakeFiles/moveit_generate_state_database.dir/scripts/generate_state_database.cpp.o[0m
[332.232s] [100%] [32m[1mLinking CXX executable generate_state_database[0m
[332.594s] [100%] Built target moveit_generate_state_database
[332.656s] Invoked command in '/home/wz/Desktop/ROS_ROBOT/build/moveit_planners_ompl' returned '0': AMENT_PREFIX_PATH=/home/wz/Desktop/ROS_ROBOT/install/moveit_ros_planning:/home/wz/Desktop/ROS_ROBOT/install/moveit_ros_occupancy_map_monitor:/home/wz/Desktop/ROS_ROBOT/install/moveit_core:/home/wz/Desktop/ROS_ROBOT/install/moveit_configs_utils:/home/wz/Desktop/ROS_ROBOT/install/moveit_common:${AMENT_PREFIX_PATH} CMAKE_PREFIX_PATH=/home/wz/Desktop/ROS_ROBOT/install/moveit_ros_planning:/home/wz/Desktop/ROS_ROBOT/install/moveit_ros_occupancy_map_monitor:/home/wz/Desktop/ROS_ROBOT/install/moveit_core:/home/wz/Desktop/ROS_ROBOT/install/moveit_common:/opt/ros/humble LD_LIBRARY_PATH=/home/wz/Desktop/ROS_ROBOT/install/moveit_ros_planning/lib:/home/wz/Desktop/ROS_ROBOT/install/moveit_ros_occupancy_map_monitor/lib:/home/wz/Desktop/ROS_ROBOT/install/moveit_core/lib:${LD_LIBRARY_PATH} PATH=/home/wz/Desktop/ROS_ROBOT/install/moveit_core/bin:${PATH} PYTHONPATH=/home/wz/Desktop/ROS_ROBOT/build/moveit_configs_utils:/home/wz/Desktop/ROS_ROBOT/install/moveit_configs_utils/lib/python3.10/site-packages:${PYTHONPATH} /usr/bin/cmake --build /home/wz/Desktop/ROS_ROBOT/build/moveit_planners_ompl -- -j4 -l4
[332.659s] Invoking command in '/home/wz/Desktop/ROS_ROBOT/build/moveit_planners_ompl': AMENT_PREFIX_PATH=/home/wz/Desktop/ROS_ROBOT/install/moveit_ros_planning:/home/wz/Desktop/ROS_ROBOT/install/moveit_ros_occupancy_map_monitor:/home/wz/Desktop/ROS_ROBOT/install/moveit_core:/home/wz/Desktop/ROS_ROBOT/install/moveit_configs_utils:/home/wz/Desktop/ROS_ROBOT/install/moveit_common:${AMENT_PREFIX_PATH} CMAKE_PREFIX_PATH=/home/wz/Desktop/ROS_ROBOT/install/moveit_ros_planning:/home/wz/Desktop/ROS_ROBOT/install/moveit_ros_occupancy_map_monitor:/home/wz/Desktop/ROS_ROBOT/install/moveit_core:/home/wz/Desktop/ROS_ROBOT/install/moveit_common:/opt/ros/humble LD_LIBRARY_PATH=/home/wz/Desktop/ROS_ROBOT/install/moveit_ros_planning/lib:/home/wz/Desktop/ROS_ROBOT/install/moveit_ros_occupancy_map_monitor/lib:/home/wz/Desktop/ROS_ROBOT/install/moveit_core/lib:${LD_LIBRARY_PATH} PATH=/home/wz/Desktop/ROS_ROBOT/install/moveit_core/bin:${PATH} PYTHONPATH=/home/wz/Desktop/ROS_ROBOT/build/moveit_configs_utils:/home/wz/Desktop/ROS_ROBOT/install/moveit_configs_utils/lib/python3.10/site-packages:${PYTHONPATH} /usr/bin/cmake --install /home/wz/Desktop/ROS_ROBOT/build/moveit_planners_ompl
[332.667s] -- Install configuration: "Release"
[332.668s] -- Execute custom install script
[332.669s] -- Symlinking: /home/wz/Desktop/ROS_ROBOT/install/moveit_planners_ompl/lib/moveit_planners_ompl/generate_state_database
[332.679s] -- Symlinking: /home/wz/Desktop/ROS_ROBOT/install/moveit_planners_ompl/include/moveit/ompl_interface/detail/constrained_goal_sampler.h
[332.687s] -- Symlinking: /home/wz/Desktop/ROS_ROBOT/install/moveit_planners_ompl/include/moveit/ompl_interface/detail/constrained_sampler.h
[332.695s] -- Symlinking: /home/wz/Desktop/ROS_ROBOT/install/moveit_planners_ompl/include/moveit/ompl_interface/detail/constrained_valid_state_sampler.h
[332.702s] -- Symlinking: /home/wz/Desktop/ROS_ROBOT/install/moveit_planners_ompl/include/moveit/ompl_interface/detail/constraint_approximations.h
[332.709s] -- Symlinking: /home/wz/Desktop/ROS_ROBOT/install/moveit_planners_ompl/include/moveit/ompl_interface/detail/constraints_library.h
[332.716s] -- Symlinking: /home/wz/Desktop/ROS_ROBOT/install/moveit_planners_ompl/include/moveit/ompl_interface/detail/goal_union.h
[332.722s] -- Symlinking: /home/wz/Desktop/ROS_ROBOT/install/moveit_planners_ompl/include/moveit/ompl_interface/detail/ompl_constraints.h
[332.728s] -- Symlinking: /home/wz/Desktop/ROS_ROBOT/install/moveit_planners_ompl/include/moveit/ompl_interface/detail/projection_evaluators.h
[332.734s] -- Symlinking: /home/wz/Desktop/ROS_ROBOT/install/moveit_planners_ompl/include/moveit/ompl_interface/detail/state_validity_checker.h
[332.740s] -- Symlinking: /home/wz/Desktop/ROS_ROBOT/install/moveit_planners_ompl/include/moveit/ompl_interface/detail/threadsafe_state_storage.h
[332.747s] -- Symlinking: /home/wz/Desktop/ROS_ROBOT/install/moveit_planners_ompl/include/moveit/ompl_interface/model_based_planning_context.h
[332.753s] -- Symlinking: /home/wz/Desktop/ROS_ROBOT/install/moveit_planners_ompl/include/moveit/ompl_interface/ompl_interface.h
[332.759s] -- Symlinking: /home/wz/Desktop/ROS_ROBOT/install/moveit_planners_ompl/include/moveit/ompl_interface/parameterization/joint_space/constrained_planning_state_space.h
[332.766s] -- Symlinking: /home/wz/Desktop/ROS_ROBOT/install/moveit_planners_ompl/include/moveit/ompl_interface/parameterization/joint_space/constrained_planning_state_space_factory.h
[332.775s] -- Symlinking: /home/wz/Desktop/ROS_ROBOT/install/moveit_planners_ompl/include/moveit/ompl_interface/parameterization/joint_space/joint_model_state_space.h
[332.783s] -- Symlinking: /home/wz/Desktop/ROS_ROBOT/install/moveit_planners_ompl/include/moveit/ompl_interface/parameterization/joint_space/joint_model_state_space_factory.h
[332.794s] -- Symlinking: /home/wz/Desktop/ROS_ROBOT/install/moveit_planners_ompl/include/moveit/ompl_interface/parameterization/model_based_state_space.h
[332.802s] -- Symlinking: /home/wz/Desktop/ROS_ROBOT/install/moveit_planners_ompl/include/moveit/ompl_interface/parameterization/model_based_state_space_factory.h
[332.810s] -- Symlinking: /home/wz/Desktop/ROS_ROBOT/install/moveit_planners_ompl/include/moveit/ompl_interface/parameterization/work_space/pose_model_state_space.h
[332.818s] -- Symlinking: /home/wz/Desktop/ROS_ROBOT/install/moveit_planners_ompl/include/moveit/ompl_interface/parameterization/work_space/pose_model_state_space_factory.h
[332.826s] -- Symlinking: /home/wz/Desktop/ROS_ROBOT/install/moveit_planners_ompl/include/moveit/ompl_interface/planning_context_manager.h
[332.832s] -- Symlinking: /home/wz/Desktop/ROS_ROBOT/install/moveit_planners_ompl/share/moveit_planners_ompl/environment/library_path.sh
[332.839s] -- Symlinking: /home/wz/Desktop/ROS_ROBOT/install/moveit_planners_ompl/share/moveit_planners_ompl/environment/library_path.dsv
[332.846s] -- Symlinking: /home/wz/Desktop/ROS_ROBOT/install/moveit_planners_ompl/share/moveit_planners_ompl//ompl_interface_plugin_description.xml
[332.852s] -- Symlinking: /home/wz/Desktop/ROS_ROBOT/install/moveit_planners_ompl/share/ament_index/resource_index/package_run_dependencies/moveit_planners_ompl
[332.858s] -- Symlinking: /home/wz/Desktop/ROS_ROBOT/install/moveit_planners_ompl/share/ament_index/resource_index/parent_prefix_path/moveit_planners_ompl
[332.865s] -- Symlinking: /home/wz/Desktop/ROS_ROBOT/install/moveit_planners_ompl/share/moveit_planners_ompl/environment/ament_prefix_path.sh
[332.873s] -- Symlinking: /home/wz/Desktop/ROS_ROBOT/install/moveit_planners_ompl/share/moveit_planners_ompl/environment/ament_prefix_path.dsv
[332.883s] -- Symlinking: /home/wz/Desktop/ROS_ROBOT/install/moveit_planners_ompl/share/moveit_planners_ompl/environment/path.sh
[332.890s] -- Symlinking: /home/wz/Desktop/ROS_ROBOT/install/moveit_planners_ompl/share/moveit_planners_ompl/environment/path.dsv
[332.899s] -- Symlinking: /home/wz/Desktop/ROS_ROBOT/install/moveit_planners_ompl/share/moveit_planners_ompl/local_setup.bash
[332.906s] -- Symlinking: /home/wz/Desktop/ROS_ROBOT/install/moveit_planners_ompl/share/moveit_planners_ompl/local_setup.sh
[332.914s] -- Symlinking: /home/wz/Desktop/ROS_ROBOT/install/moveit_planners_ompl/share/moveit_planners_ompl/local_setup.zsh
[332.920s] -- Symlinking: /home/wz/Desktop/ROS_ROBOT/install/moveit_planners_ompl/share/moveit_planners_ompl/local_setup.dsv
[332.926s] -- Symlinking: /home/wz/Desktop/ROS_ROBOT/install/moveit_planners_ompl/share/moveit_planners_ompl/package.dsv
[332.932s] -- Symlinking: /home/wz/Desktop/ROS_ROBOT/install/moveit_planners_ompl/share/ament_index/resource_index/packages/moveit_planners_ompl
[332.938s] -- Symlinking: /home/wz/Desktop/ROS_ROBOT/install/moveit_planners_ompl/share/ament_index/resource_index/moveit_core__pluginlib__plugin/moveit_planners_ompl
[332.945s] -- Symlinking: /home/wz/Desktop/ROS_ROBOT/install/moveit_planners_ompl/share/moveit_planners_ompl/cmake/ament_cmake_export_targets-extras.cmake
[332.952s] -- Symlinking: /home/wz/Desktop/ROS_ROBOT/install/moveit_planners_ompl/share/moveit_planners_ompl/cmake/ament_cmake_export_dependencies-extras.cmake
[332.958s] -- Symlinking: /home/wz/Desktop/ROS_ROBOT/install/moveit_planners_ompl/share/moveit_planners_ompl/cmake/moveit_planners_omplConfig.cmake
[332.964s] -- Symlinking: /home/wz/Desktop/ROS_ROBOT/install/moveit_planners_ompl/share/moveit_planners_ompl/cmake/moveit_planners_omplConfig-version.cmake
[332.972s] -- Symlinking: /home/wz/Desktop/ROS_ROBOT/install/moveit_planners_ompl/share/moveit_planners_ompl/package.xml
[332.980s] -- Installing: /home/wz/Desktop/ROS_ROBOT/install/moveit_planners_ompl/lib/libmoveit_ompl_interface.so.2.5.9
[332.982s] -- Set runtime path of "/home/wz/Desktop/ROS_ROBOT/install/moveit_planners_ompl/lib/libmoveit_ompl_interface.so.2.5.9" to ""
[332.982s] -- Installing: /home/wz/Desktop/ROS_ROBOT/install/moveit_planners_ompl/lib/libmoveit_ompl_interface.so
[332.982s] -- Installing: /home/wz/Desktop/ROS_ROBOT/install/moveit_planners_ompl/lib/libmoveit_ompl_planner_plugin.so.2.5.9
[332.982s] -- Set runtime path of "/home/wz/Desktop/ROS_ROBOT/install/moveit_planners_ompl/lib/libmoveit_ompl_planner_plugin.so.2.5.9" to ""
[332.982s] -- Installing: /home/wz/Desktop/ROS_ROBOT/install/moveit_planners_ompl/lib/libmoveit_ompl_planner_plugin.so
[332.982s] -- Installing: /home/wz/Desktop/ROS_ROBOT/install/moveit_planners_ompl/share/moveit_planners_ompl/cmake/export_moveit_planners_omplExport.cmake
[332.983s] -- Installing: /home/wz/Desktop/ROS_ROBOT/install/moveit_planners_ompl/share/moveit_planners_ompl/cmake/export_moveit_planners_omplExport-release.cmake
[332.988s] Invoked command in '/home/wz/Desktop/ROS_ROBOT/build/moveit_planners_ompl' returned '0': AMENT_PREFIX_PATH=/home/wz/Desktop/ROS_ROBOT/install/moveit_ros_planning:/home/wz/Desktop/ROS_ROBOT/install/moveit_ros_occupancy_map_monitor:/home/wz/Desktop/ROS_ROBOT/install/moveit_core:/home/wz/Desktop/ROS_ROBOT/install/moveit_configs_utils:/home/wz/Desktop/ROS_ROBOT/install/moveit_common:${AMENT_PREFIX_PATH} CMAKE_PREFIX_PATH=/home/wz/Desktop/ROS_ROBOT/install/moveit_ros_planning:/home/wz/Desktop/ROS_ROBOT/install/moveit_ros_occupancy_map_monitor:/home/wz/Desktop/ROS_ROBOT/install/moveit_core:/home/wz/Desktop/ROS_ROBOT/install/moveit_common:/opt/ros/humble LD_LIBRARY_PATH=/home/wz/Desktop/ROS_ROBOT/install/moveit_ros_planning/lib:/home/wz/Desktop/ROS_ROBOT/install/moveit_ros_occupancy_map_monitor/lib:/home/wz/Desktop/ROS_ROBOT/install/moveit_core/lib:${LD_LIBRARY_PATH} PATH=/home/wz/Desktop/ROS_ROBOT/install/moveit_core/bin:${PATH} PYTHONPATH=/home/wz/Desktop/ROS_ROBOT/build/moveit_configs_utils:/home/wz/Desktop/ROS_ROBOT/install/moveit_configs_utils/lib/python3.10/site-packages:${PYTHONPATH} /usr/bin/cmake --install /home/wz/Desktop/ROS_ROBOT/build/moveit_planners_ompl
