-- The C compiler identification is GNU 11.4.0
-- The CXX compiler identification is GNU 11.4.0
-- Detecting C compiler ABI info
-- Detecting C compiler ABI info - done
-- Check for working C compiler: /usr/bin/cc - skipped
-- Detecting C compile features
-- Detecting C compile features - done
-- Detecting CXX compiler ABI info
-- Detecting CXX compiler ABI info - done
-- Check for working CXX compiler: /usr/bin/c++ - skipped
-- Detecting CXX compile features
-- Detecting CXX compile features - done
-- Found ament_cmake: 1.3.11 (/opt/ros/humble/share/ament_cmake/cmake)
-- Found Python3: /usr/bin/python3 (found version "3.10.12") found components: Interpreter 
-- Override CMake install command with custom implementation using symlinks instead of copying resources
-- Found builtin_interfaces: 1.2.1 (/opt/ros/humble/share/builtin_interfaces/cmake)
-- Found rosidl_generator_c: 3.1.6 (/opt/ros/humble/share/rosidl_generator_c/cmake)
-- Found rosidl_adapter: 3.1.6 (/opt/ros/humble/share/rosidl_adapter/cmake)
-- Found rosidl_generator_cpp: 3.1.6 (/opt/ros/humble/share/rosidl_generator_cpp/cmake)
-- Using all available rosidl_typesupport_c: rosidl_typesupport_fastrtps_c;rosidl_typesupport_introspection_c
-- Using all available rosidl_typesupport_cpp: rosidl_typesupport_fastrtps_cpp;rosidl_typesupport_introspection_cpp
-- Found rosidl_default_generators: 1.2.0 (/opt/ros/humble/share/rosidl_default_generators/cmake)
-- Found ament_cmake_ros: 0.10.0 (/opt/ros/humble/share/ament_cmake_ros/cmake)
-- Using all available rosidl_typesupport_c: rosidl_typesupport_fastrtps_c;rosidl_typesupport_introspection_c
-- Using all available rosidl_typesupport_cpp: rosidl_typesupport_fastrtps_cpp;rosidl_typesupport_introspection_cpp
-- Found PythonInterp: /usr/bin/python3 (found suitable version "3.10.12", minimum required is "3.6") 
-- Found python_cmake_module: 0.10.0 (/opt/ros/humble/share/python_cmake_module/cmake)
-- Found PythonLibs: /usr/lib/x86_64-linux-gnu/libpython3.10.so (found suitable version "3.10.12", minimum required is "3.5") 
-- Using PYTHON_EXECUTABLE: /usr/bin/python3
-- Using PYTHON_INCLUDE_DIRS: /usr/include/python3.10
-- Using PYTHON_LIBRARIES: /usr/lib/x86_64-linux-gnu/libpython3.10.so
-- Found PythonExtra: .so  
-- Found ament_lint_auto: 0.12.12 (/opt/ros/humble/share/ament_lint_auto/cmake)
-- Configuring done
-- Generating done
-- Build files have been written to: /home/wz/Desktop/ROS_ROBOT/build/autopartol_interfaces
[  3%] [34m[1mGenerating C code for ROS interfaces[0m
[  3%] Built target ament_cmake_python_symlink_autopartol_interfaces
[  6%] [34m[1mGenerating C++ code for ROS interfaces[0m
running egg_info
creating autopartol_interfaces.egg-info
writing autopartol_interfaces.egg-info/PKG-INFO
writing dependency_links to autopartol_interfaces.egg-info/dependency_links.txt
writing top-level names to autopartol_interfaces.egg-info/top_level.txt
writing manifest file 'autopartol_interfaces.egg-info/SOURCES.txt'
reading manifest file 'autopartol_interfaces.egg-info/SOURCES.txt'
writing manifest file 'autopartol_interfaces.egg-info/SOURCES.txt'
[  6%] Built target ament_cmake_python_build_autopartol_interfaces_egg
[  6%] Built target autopartol_interfaces__cpp
[  9%] [34m[1mGenerating C++ type support dispatch for ROS interfaces[0m
[ 12%] [34m[1mGenerating C++ introspection for ROS interfaces[0m
[ 16%] [32mBuilding C object CMakeFiles/autopartol_interfaces__rosidl_generator_c.dir/rosidl_generator_c/autopartol_interfaces/srv/detail/speech_text__functions.c.o[0m
[ 19%] [34m[1mGenerating C++ type support for eProsima Fast-RTPS[0m
[ 22%] [32m[1mLinking C shared library libautopartol_interfaces__rosidl_generator_c.so[0m
[ 22%] Built target autopartol_interfaces__rosidl_generator_c
[ 25%] [34m[1mGenerating C type support for eProsima Fast-RTPS[0m
[ 29%] [32mBuilding CXX object CMakeFiles/autopartol_interfaces__rosidl_typesupport_cpp.dir/rosidl_typesupport_cpp/autopartol_interfaces/srv/speech_text__type_support.cpp.o[0m
[ 32%] [32mBuilding CXX object CMakeFiles/autopartol_interfaces__rosidl_typesupport_fastrtps_cpp.dir/rosidl_typesupport_fastrtps_cpp/autopartol_interfaces/srv/detail/dds_fastrtps/speech_text__type_support.cpp.o[0m
[ 35%] [32mBuilding CXX object CMakeFiles/autopartol_interfaces__rosidl_typesupport_introspection_cpp.dir/rosidl_typesupport_introspection_cpp/autopartol_interfaces/srv/detail/speech_text__type_support.cpp.o[0m
[ 38%] [32mBuilding CXX object CMakeFiles/autopartol_interfaces__rosidl_typesupport_fastrtps_c.dir/rosidl_typesupport_fastrtps_c/autopartol_interfaces/srv/detail/speech_text__type_support_c.cpp.o[0m
[ 41%] [32m[1mLinking CXX shared library libautopartol_interfaces__rosidl_typesupport_cpp.so[0m
[ 45%] [32m[1mLinking CXX shared library libautopartol_interfaces__rosidl_typesupport_introspection_cpp.so[0m
[ 45%] Built target autopartol_interfaces__rosidl_typesupport_cpp
[ 48%] [34m[1mGenerating C introspection for ROS interfaces[0m
[ 48%] Built target autopartol_interfaces__rosidl_typesupport_introspection_cpp
[ 51%] [34m[1mGenerating C type support dispatch for ROS interfaces[0m
[ 54%] [32m[1mLinking CXX shared library libautopartol_interfaces__rosidl_typesupport_fastrtps_cpp.so[0m
[ 58%] [32m[1mLinking CXX shared library libautopartol_interfaces__rosidl_typesupport_fastrtps_c.so[0m
[ 58%] Built target autopartol_interfaces__rosidl_typesupport_fastrtps_cpp
[ 58%] Built target autopartol_interfaces__rosidl_typesupport_fastrtps_c
[ 61%] [32mBuilding C object CMakeFiles/autopartol_interfaces__rosidl_typesupport_introspection_c.dir/rosidl_typesupport_introspection_c/autopartol_interfaces/srv/detail/speech_text__type_support.c.o[0m
[ 64%] [32mBuilding CXX object CMakeFiles/autopartol_interfaces__rosidl_typesupport_c.dir/rosidl_typesupport_c/autopartol_interfaces/srv/speech_text__type_support.cpp.o[0m
[ 67%] [32m[1mLinking C shared library libautopartol_interfaces__rosidl_typesupport_introspection_c.so[0m
[ 70%] [32m[1mLinking CXX shared library libautopartol_interfaces__rosidl_typesupport_c.so[0m
[ 70%] Built target autopartol_interfaces__rosidl_typesupport_introspection_c
[ 70%] Built target autopartol_interfaces__rosidl_typesupport_c
[ 70%] Built target autopartol_interfaces
[ 74%] [34m[1mGenerating Python code for ROS interfaces[0m
[ 74%] Built target autopartol_interfaces__py
[ 77%] [32mBuilding C object CMakeFiles/autopartol_interfaces__rosidl_generator_py.dir/rosidl_generator_py/autopartol_interfaces/srv/_speech_text_s.c.o[0m
[ 80%] [32m[1mLinking C shared library rosidl_generator_py/autopartol_interfaces/libautopartol_interfaces__rosidl_generator_py.so[0m
[ 80%] Built target autopartol_interfaces__rosidl_generator_py
[ 83%] [32mBuilding C object CMakeFiles/autopartol_interfaces__rosidl_typesupport_introspection_c__pyext.dir/rosidl_generator_py/autopartol_interfaces/_autopartol_interfaces_s.ep.rosidl_typesupport_introspection_c.c.o[0m
[ 87%] [32mBuilding C object CMakeFiles/autopartol_interfaces__rosidl_typesupport_fastrtps_c__pyext.dir/rosidl_generator_py/autopartol_interfaces/_autopartol_interfaces_s.ep.rosidl_typesupport_fastrtps_c.c.o[0m
[ 90%] [32mBuilding C object CMakeFiles/autopartol_interfaces__rosidl_typesupport_c__pyext.dir/rosidl_generator_py/autopartol_interfaces/_autopartol_interfaces_s.ep.rosidl_typesupport_c.c.o[0m
[ 93%] [32m[1mLinking C shared library rosidl_generator_py/autopartol_interfaces/autopartol_interfaces_s__rosidl_typesupport_c.cpython-310-x86_64-linux-gnu.so[0m
[ 96%] [32m[1mLinking C shared library rosidl_generator_py/autopartol_interfaces/autopartol_interfaces_s__rosidl_typesupport_introspection_c.cpython-310-x86_64-linux-gnu.so[0m
[100%] [32m[1mLinking C shared library rosidl_generator_py/autopartol_interfaces/autopartol_interfaces_s__rosidl_typesupport_fastrtps_c.cpython-310-x86_64-linux-gnu.so[0m
[100%] Built target autopartol_interfaces__rosidl_typesupport_introspection_c__pyext
[100%] Built target autopartol_interfaces__rosidl_typesupport_c__pyext
[100%] Built target autopartol_interfaces__rosidl_typesupport_fastrtps_c__pyext
-- Install configuration: ""
-- Execute custom install script
-- Symlinking: /home/wz/Desktop/ROS_ROBOT/install/autopartol_interfaces/share/ament_index/resource_index/rosidl_interfaces/autopartol_interfaces
-- Symlinking: /home/wz/Desktop/ROS_ROBOT/install/autopartol_interfaces/include/autopartol_interfaces/autopartol_interfaces/msg/rosidl_generator_c__visibility_control.h
-- Symlinking: /home/wz/Desktop/ROS_ROBOT/install/autopartol_interfaces/include/autopartol_interfaces/autopartol_interfaces/srv/detail/speech_text__functions.h
-- Symlinking: /home/wz/Desktop/ROS_ROBOT/install/autopartol_interfaces/include/autopartol_interfaces/autopartol_interfaces/srv/detail/speech_text__struct.h
-- Symlinking: /home/wz/Desktop/ROS_ROBOT/install/autopartol_interfaces/include/autopartol_interfaces/autopartol_interfaces/srv/detail/speech_text__type_support.h
-- Symlinking: /home/wz/Desktop/ROS_ROBOT/install/autopartol_interfaces/include/autopartol_interfaces/autopartol_interfaces/srv/speech_text.h
-- Symlinking: /home/wz/Desktop/ROS_ROBOT/install/autopartol_interfaces/share/autopartol_interfaces/environment/library_path.sh
-- Symlinking: /home/wz/Desktop/ROS_ROBOT/install/autopartol_interfaces/share/autopartol_interfaces/environment/library_path.dsv
-- Symlinking: /home/wz/Desktop/ROS_ROBOT/install/autopartol_interfaces/include/autopartol_interfaces/autopartol_interfaces/msg/rosidl_typesupport_fastrtps_c__visibility_control.h
-- Symlinking: /home/wz/Desktop/ROS_ROBOT/install/autopartol_interfaces/include/autopartol_interfaces/autopartol_interfaces/srv/detail/speech_text__rosidl_typesupport_fastrtps_c.h
-- Symlinking: /home/wz/Desktop/ROS_ROBOT/install/autopartol_interfaces/include/autopartol_interfaces/autopartol_interfaces/msg/rosidl_generator_cpp__visibility_control.hpp
-- Symlinking: /home/wz/Desktop/ROS_ROBOT/install/autopartol_interfaces/include/autopartol_interfaces/autopartol_interfaces/srv/detail/speech_text__builder.hpp
-- Symlinking: /home/wz/Desktop/ROS_ROBOT/install/autopartol_interfaces/include/autopartol_interfaces/autopartol_interfaces/srv/detail/speech_text__struct.hpp
-- Symlinking: /home/wz/Desktop/ROS_ROBOT/install/autopartol_interfaces/include/autopartol_interfaces/autopartol_interfaces/srv/detail/speech_text__traits.hpp
-- Symlinking: /home/wz/Desktop/ROS_ROBOT/install/autopartol_interfaces/include/autopartol_interfaces/autopartol_interfaces/srv/detail/speech_text__type_support.hpp
-- Symlinking: /home/wz/Desktop/ROS_ROBOT/install/autopartol_interfaces/include/autopartol_interfaces/autopartol_interfaces/srv/speech_text.hpp
-- Symlinking: /home/wz/Desktop/ROS_ROBOT/install/autopartol_interfaces/include/autopartol_interfaces/autopartol_interfaces/msg/rosidl_typesupport_fastrtps_cpp__visibility_control.h
-- Symlinking: /home/wz/Desktop/ROS_ROBOT/install/autopartol_interfaces/include/autopartol_interfaces/autopartol_interfaces/srv/detail/speech_text__rosidl_typesupport_fastrtps_cpp.hpp
-- Symlinking: /home/wz/Desktop/ROS_ROBOT/install/autopartol_interfaces/include/autopartol_interfaces/autopartol_interfaces/msg/rosidl_typesupport_introspection_c__visibility_control.h
-- Symlinking: /home/wz/Desktop/ROS_ROBOT/install/autopartol_interfaces/include/autopartol_interfaces/autopartol_interfaces/srv/detail/speech_text__rosidl_typesupport_introspection_c.h
-- Symlinking: /home/wz/Desktop/ROS_ROBOT/install/autopartol_interfaces/include/autopartol_interfaces/autopartol_interfaces/srv/detail/speech_text__rosidl_typesupport_introspection_cpp.hpp
-- Symlinking: /home/wz/Desktop/ROS_ROBOT/install/autopartol_interfaces/share/autopartol_interfaces/environment/pythonpath.sh
-- Symlinking: /home/wz/Desktop/ROS_ROBOT/install/autopartol_interfaces/share/autopartol_interfaces/environment/pythonpath.dsv
-- Symlinking: /home/wz/Desktop/ROS_ROBOT/install/autopartol_interfaces/local/lib/python3.10/dist-packages/autopartol_interfaces-0.0.0-py3.10.egg-info/PKG-INFO
-- Symlinking: /home/wz/Desktop/ROS_ROBOT/install/autopartol_interfaces/local/lib/python3.10/dist-packages/autopartol_interfaces-0.0.0-py3.10.egg-info/SOURCES.txt
-- Symlinking: /home/wz/Desktop/ROS_ROBOT/install/autopartol_interfaces/local/lib/python3.10/dist-packages/autopartol_interfaces-0.0.0-py3.10.egg-info/dependency_links.txt
-- Symlinking: /home/wz/Desktop/ROS_ROBOT/install/autopartol_interfaces/local/lib/python3.10/dist-packages/autopartol_interfaces-0.0.0-py3.10.egg-info/top_level.txt
-- Symlinking: /home/wz/Desktop/ROS_ROBOT/install/autopartol_interfaces/local/lib/python3.10/dist-packages/autopartol_interfaces/__init__.py
-- Symlinking: /home/wz/Desktop/ROS_ROBOT/install/autopartol_interfaces/local/lib/python3.10/dist-packages/autopartol_interfaces/_autopartol_interfaces_s.ep.rosidl_typesupport_c.c
-- Symlinking: /home/wz/Desktop/ROS_ROBOT/install/autopartol_interfaces/local/lib/python3.10/dist-packages/autopartol_interfaces/_autopartol_interfaces_s.ep.rosidl_typesupport_fastrtps_c.c
-- Symlinking: /home/wz/Desktop/ROS_ROBOT/install/autopartol_interfaces/local/lib/python3.10/dist-packages/autopartol_interfaces/_autopartol_interfaces_s.ep.rosidl_typesupport_introspection_c.c
-- Symlinking: /home/wz/Desktop/ROS_ROBOT/install/autopartol_interfaces/local/lib/python3.10/dist-packages/autopartol_interfaces/autopartol_interfaces_s__rosidl_typesupport_c.cpython-310-x86_64-linux-gnu.so
-- Symlinking: /home/wz/Desktop/ROS_ROBOT/install/autopartol_interfaces/local/lib/python3.10/dist-packages/autopartol_interfaces/autopartol_interfaces_s__rosidl_typesupport_fastrtps_c.cpython-310-x86_64-linux-gnu.so
-- Symlinking: /home/wz/Desktop/ROS_ROBOT/install/autopartol_interfaces/local/lib/python3.10/dist-packages/autopartol_interfaces/autopartol_interfaces_s__rosidl_typesupport_introspection_c.cpython-310-x86_64-linux-gnu.so
-- Symlinking: /home/wz/Desktop/ROS_ROBOT/install/autopartol_interfaces/local/lib/python3.10/dist-packages/autopartol_interfaces/libautopartol_interfaces__rosidl_generator_py.so
-- Symlinking: /home/wz/Desktop/ROS_ROBOT/install/autopartol_interfaces/local/lib/python3.10/dist-packages/autopartol_interfaces/srv/__init__.py
-- Symlinking: /home/wz/Desktop/ROS_ROBOT/install/autopartol_interfaces/local/lib/python3.10/dist-packages/autopartol_interfaces/srv/_speech_text.py
-- Symlinking: /home/wz/Desktop/ROS_ROBOT/install/autopartol_interfaces/local/lib/python3.10/dist-packages/autopartol_interfaces/srv/_speech_text_s.c
-- Up-to-date symlink: /home/wz/Desktop/ROS_ROBOT/install/autopartol_interfaces/local/lib/python3.10/dist-packages/autopartol_interfaces/autopartol_interfaces_s__rosidl_typesupport_fastrtps_c.cpython-310-x86_64-linux-gnu.so
-- Up-to-date symlink: /home/wz/Desktop/ROS_ROBOT/install/autopartol_interfaces/local/lib/python3.10/dist-packages/autopartol_interfaces/autopartol_interfaces_s__rosidl_typesupport_introspection_c.cpython-310-x86_64-linux-gnu.so
-- Up-to-date symlink: /home/wz/Desktop/ROS_ROBOT/install/autopartol_interfaces/local/lib/python3.10/dist-packages/autopartol_interfaces/autopartol_interfaces_s__rosidl_typesupport_c.cpython-310-x86_64-linux-gnu.so
-- Symlinking: /home/wz/Desktop/ROS_ROBOT/install/autopartol_interfaces/share/autopartol_interfaces/srv/SpeechText.idl
-- Symlinking: /home/wz/Desktop/ROS_ROBOT/install/autopartol_interfaces/share/autopartol_interfaces/srv/SpeechText.srv
-- Symlinking: /home/wz/Desktop/ROS_ROBOT/install/autopartol_interfaces/share/autopartol_interfaces/srv/SpeechText_Request.msg
-- Symlinking: /home/wz/Desktop/ROS_ROBOT/install/autopartol_interfaces/share/autopartol_interfaces/srv/SpeechText_Response.msg
-- Symlinking: /home/wz/Desktop/ROS_ROBOT/install/autopartol_interfaces/share/ament_index/resource_index/package_run_dependencies/autopartol_interfaces
-- Symlinking: /home/wz/Desktop/ROS_ROBOT/install/autopartol_interfaces/share/ament_index/resource_index/parent_prefix_path/autopartol_interfaces
-- Symlinking: /home/wz/Desktop/ROS_ROBOT/install/autopartol_interfaces/share/autopartol_interfaces/environment/ament_prefix_path.sh
-- Symlinking: /home/wz/Desktop/ROS_ROBOT/install/autopartol_interfaces/share/autopartol_interfaces/environment/ament_prefix_path.dsv
-- Symlinking: /home/wz/Desktop/ROS_ROBOT/install/autopartol_interfaces/share/autopartol_interfaces/environment/path.sh
-- Symlinking: /home/wz/Desktop/ROS_ROBOT/install/autopartol_interfaces/share/autopartol_interfaces/environment/path.dsv
-- Symlinking: /home/wz/Desktop/ROS_ROBOT/install/autopartol_interfaces/share/autopartol_interfaces/local_setup.bash
-- Symlinking: /home/wz/Desktop/ROS_ROBOT/install/autopartol_interfaces/share/autopartol_interfaces/local_setup.sh
-- Symlinking: /home/wz/Desktop/ROS_ROBOT/install/autopartol_interfaces/share/autopartol_interfaces/local_setup.zsh
-- Symlinking: /home/wz/Desktop/ROS_ROBOT/install/autopartol_interfaces/share/autopartol_interfaces/local_setup.dsv
-- Symlinking: /home/wz/Desktop/ROS_ROBOT/install/autopartol_interfaces/share/autopartol_interfaces/package.dsv
-- Symlinking: /home/wz/Desktop/ROS_ROBOT/install/autopartol_interfaces/share/ament_index/resource_index/packages/autopartol_interfaces
-- Symlinking: /home/wz/Desktop/ROS_ROBOT/install/autopartol_interfaces/share/autopartol_interfaces/cmake/rosidl_cmake-extras.cmake
-- Symlinking: /home/wz/Desktop/ROS_ROBOT/install/autopartol_interfaces/share/autopartol_interfaces/cmake/ament_cmake_export_dependencies-extras.cmake
-- Symlinking: /home/wz/Desktop/ROS_ROBOT/install/autopartol_interfaces/share/autopartol_interfaces/cmake/ament_cmake_export_include_directories-extras.cmake
-- Symlinking: /home/wz/Desktop/ROS_ROBOT/install/autopartol_interfaces/share/autopartol_interfaces/cmake/ament_cmake_export_libraries-extras.cmake
-- Symlinking: /home/wz/Desktop/ROS_ROBOT/install/autopartol_interfaces/share/autopartol_interfaces/cmake/ament_cmake_export_targets-extras.cmake
-- Symlinking: /home/wz/Desktop/ROS_ROBOT/install/autopartol_interfaces/share/autopartol_interfaces/cmake/rosidl_cmake_export_typesupport_targets-extras.cmake
-- Symlinking: /home/wz/Desktop/ROS_ROBOT/install/autopartol_interfaces/share/autopartol_interfaces/cmake/rosidl_cmake_export_typesupport_libraries-extras.cmake
-- Symlinking: /home/wz/Desktop/ROS_ROBOT/install/autopartol_interfaces/share/autopartol_interfaces/cmake/autopartol_interfacesConfig.cmake
-- Symlinking: /home/wz/Desktop/ROS_ROBOT/install/autopartol_interfaces/share/autopartol_interfaces/cmake/autopartol_interfacesConfig-version.cmake
-- Symlinking: /home/wz/Desktop/ROS_ROBOT/install/autopartol_interfaces/share/autopartol_interfaces/package.xml
-- Installing: /home/wz/Desktop/ROS_ROBOT/install/autopartol_interfaces/lib/libautopartol_interfaces__rosidl_generator_c.so
-- Set runtime path of "/home/wz/Desktop/ROS_ROBOT/install/autopartol_interfaces/lib/libautopartol_interfaces__rosidl_generator_c.so" to ""
-- Installing: /home/wz/Desktop/ROS_ROBOT/install/autopartol_interfaces/lib/libautopartol_interfaces__rosidl_typesupport_fastrtps_c.so
-- Set runtime path of "/home/wz/Desktop/ROS_ROBOT/install/autopartol_interfaces/lib/libautopartol_interfaces__rosidl_typesupport_fastrtps_c.so" to ""
-- Installing: /home/wz/Desktop/ROS_ROBOT/install/autopartol_interfaces/lib/libautopartol_interfaces__rosidl_typesupport_fastrtps_cpp.so
-- Set runtime path of "/home/wz/Desktop/ROS_ROBOT/install/autopartol_interfaces/lib/libautopartol_interfaces__rosidl_typesupport_fastrtps_cpp.so" to ""
-- Installing: /home/wz/Desktop/ROS_ROBOT/install/autopartol_interfaces/lib/libautopartol_interfaces__rosidl_typesupport_introspection_c.so
-- Set runtime path of "/home/wz/Desktop/ROS_ROBOT/install/autopartol_interfaces/lib/libautopartol_interfaces__rosidl_typesupport_introspection_c.so" to ""
-- Installing: /home/wz/Desktop/ROS_ROBOT/install/autopartol_interfaces/lib/libautopartol_interfaces__rosidl_typesupport_c.so
-- Set runtime path of "/home/wz/Desktop/ROS_ROBOT/install/autopartol_interfaces/lib/libautopartol_interfaces__rosidl_typesupport_c.so" to ""
-- Installing: /home/wz/Desktop/ROS_ROBOT/install/autopartol_interfaces/lib/libautopartol_interfaces__rosidl_typesupport_introspection_cpp.so
-- Set runtime path of "/home/wz/Desktop/ROS_ROBOT/install/autopartol_interfaces/lib/libautopartol_interfaces__rosidl_typesupport_introspection_cpp.so" to ""
-- Installing: /home/wz/Desktop/ROS_ROBOT/install/autopartol_interfaces/lib/libautopartol_interfaces__rosidl_typesupport_cpp.so
-- Set runtime path of "/home/wz/Desktop/ROS_ROBOT/install/autopartol_interfaces/lib/libautopartol_interfaces__rosidl_typesupport_cpp.so" to ""
Listing '/home/wz/Desktop/ROS_ROBOT/install/autopartol_interfaces/local/lib/python3.10/dist-packages/autopartol_interfaces'...
Compiling '/home/wz/Desktop/ROS_ROBOT/install/autopartol_interfaces/local/lib/python3.10/dist-packages/autopartol_interfaces/__init__.py'...
Listing '/home/wz/Desktop/ROS_ROBOT/install/autopartol_interfaces/local/lib/python3.10/dist-packages/autopartol_interfaces/srv'...
Compiling '/home/wz/Desktop/ROS_ROBOT/install/autopartol_interfaces/local/lib/python3.10/dist-packages/autopartol_interfaces/srv/__init__.py'...
Compiling '/home/wz/Desktop/ROS_ROBOT/install/autopartol_interfaces/local/lib/python3.10/dist-packages/autopartol_interfaces/srv/_speech_text.py'...
-- Installing: /home/wz/Desktop/ROS_ROBOT/install/autopartol_interfaces/lib/libautopartol_interfaces__rosidl_generator_py.so
-- Set runtime path of "/home/wz/Desktop/ROS_ROBOT/install/autopartol_interfaces/lib/libautopartol_interfaces__rosidl_generator_py.so" to ""
-- Installing: /home/wz/Desktop/ROS_ROBOT/install/autopartol_interfaces/share/autopartol_interfaces/cmake/export_autopartol_interfaces__rosidl_generator_cExport.cmake
-- Installing: /home/wz/Desktop/ROS_ROBOT/install/autopartol_interfaces/share/autopartol_interfaces/cmake/export_autopartol_interfaces__rosidl_generator_cExport-noconfig.cmake
-- Installing: /home/wz/Desktop/ROS_ROBOT/install/autopartol_interfaces/share/autopartol_interfaces/cmake/export_autopartol_interfaces__rosidl_typesupport_fastrtps_cExport.cmake
-- Installing: /home/wz/Desktop/ROS_ROBOT/install/autopartol_interfaces/share/autopartol_interfaces/cmake/export_autopartol_interfaces__rosidl_typesupport_fastrtps_cExport-noconfig.cmake
-- Installing: /home/wz/Desktop/ROS_ROBOT/install/autopartol_interfaces/share/autopartol_interfaces/cmake/export_autopartol_interfaces__rosidl_generator_cppExport.cmake
-- Installing: /home/wz/Desktop/ROS_ROBOT/install/autopartol_interfaces/share/autopartol_interfaces/cmake/export_autopartol_interfaces__rosidl_typesupport_fastrtps_cppExport.cmake
-- Installing: /home/wz/Desktop/ROS_ROBOT/install/autopartol_interfaces/share/autopartol_interfaces/cmake/export_autopartol_interfaces__rosidl_typesupport_fastrtps_cppExport-noconfig.cmake
-- Installing: /home/wz/Desktop/ROS_ROBOT/install/autopartol_interfaces/share/autopartol_interfaces/cmake/autopartol_interfaces__rosidl_typesupport_introspection_cExport.cmake
-- Installing: /home/wz/Desktop/ROS_ROBOT/install/autopartol_interfaces/share/autopartol_interfaces/cmake/autopartol_interfaces__rosidl_typesupport_introspection_cExport-noconfig.cmake
-- Installing: /home/wz/Desktop/ROS_ROBOT/install/autopartol_interfaces/share/autopartol_interfaces/cmake/autopartol_interfaces__rosidl_typesupport_cExport.cmake
-- Installing: /home/wz/Desktop/ROS_ROBOT/install/autopartol_interfaces/share/autopartol_interfaces/cmake/autopartol_interfaces__rosidl_typesupport_cExport-noconfig.cmake
-- Installing: /home/wz/Desktop/ROS_ROBOT/install/autopartol_interfaces/share/autopartol_interfaces/cmake/autopartol_interfaces__rosidl_typesupport_introspection_cppExport.cmake
-- Installing: /home/wz/Desktop/ROS_ROBOT/install/autopartol_interfaces/share/autopartol_interfaces/cmake/autopartol_interfaces__rosidl_typesupport_introspection_cppExport-noconfig.cmake
-- Installing: /home/wz/Desktop/ROS_ROBOT/install/autopartol_interfaces/share/autopartol_interfaces/cmake/autopartol_interfaces__rosidl_typesupport_cppExport.cmake
-- Installing: /home/wz/Desktop/ROS_ROBOT/install/autopartol_interfaces/share/autopartol_interfaces/cmake/autopartol_interfaces__rosidl_typesupport_cppExport-noconfig.cmake
-- Installing: /home/wz/Desktop/ROS_ROBOT/install/autopartol_interfaces/share/autopartol_interfaces/cmake/export_autopartol_interfaces__rosidl_generator_pyExport.cmake
-- Installing: /home/wz/Desktop/ROS_ROBOT/install/autopartol_interfaces/share/autopartol_interfaces/cmake/export_autopartol_interfaces__rosidl_generator_pyExport-noconfig.cmake
