[0.019s] Invoking command in '/home/wz/Desktop/ROS_ROBOT/build/moveit_simple_controller_manager': AMENT_PREFIX_PATH=/home/wz/Desktop/ROS_ROBOT/install/moveit_core:/home/wz/Desktop/ROS_ROBOT/install/moveit_common:${AMENT_PREFIX_PATH} CMAKE_PREFIX_PATH=/home/wz/Desktop/ROS_ROBOT/install/moveit_core:/home/wz/Desktop/ROS_ROBOT/install/moveit_common:/opt/ros/humble LD_LIBRARY_PATH=/home/wz/Desktop/ROS_ROBOT/install/moveit_core/lib:${LD_LIBRARY_PATH} PATH=/home/wz/Desktop/ROS_ROBOT/install/moveit_core/bin:${PATH} /usr/bin/cmake /home/wz/Desktop/ROS_ROBOT/src/moveit2/moveit_plugins/moveit_simple_controller_manager -DAMENT_CMAKE_SYMLINK_INSTALL=1 -DCMAKE_INSTALL_PREFIX=/home/wz/Desktop/ROS_ROBOT/install/moveit_simple_controller_manager
[0.098s] -- The C compiler identification is GNU 11.4.0
[0.183s] -- The CXX compiler identification is GNU 11.4.0
[0.194s] -- Detecting C compiler ABI info
[0.276s] -- Detecting C compiler ABI info - done
[0.291s] -- Check for working C compiler: /usr/bin/cc - skipped
[0.291s] -- Detecting C compile features
[0.291s] -- Detecting C compile features - done
[0.292s] -- Detecting CXX compiler ABI info
[0.379s] -- Detecting CXX compiler ABI info - done
[0.387s] -- Check for working CXX compiler: /usr/bin/c++ - skipped
[0.387s] -- Detecting CXX compile features
[0.388s] -- Detecting CXX compile features - done
[0.395s] -- Found moveit_common: 2.5.9 (/home/wz/Desktop/ROS_ROBOT/install/moveit_common/share/moveit_common/cmake)
[0.395s] -- Found ament_cmake: 1.3.11 (/opt/ros/humble/share/ament_cmake/cmake)
[0.574s] -- Found Python3: /usr/bin/python3 (found version "3.10.12") found components: Interpreter 
[0.633s] -- Override CMake install command with custom implementation using symlinks instead of copying resources
[0.718s] [0mmoveit_simple_controller_manager: You did not request a specific build type: Choosing 'Release' for maximum performance[0m
[0.718s] -- Found moveit_core: 2.5.9 (/home/wz/Desktop/ROS_ROBOT/install/moveit_core/share/moveit_core/cmake)
[0.982s] -- Found Boost: /usr/lib/x86_64-linux-gnu/cmake/Boost-1.74.0/BoostConfig.cmake (found version "1.74.0") found components: chrono date_time filesystem iostreams program_options regex serialization system thread 
[1.048s] -- Found parameter_traits: 0.5.0 (/opt/ros/humble/share/parameter_traits/cmake)
[1.080s] -- Found rosidl_generator_c: 3.1.6 (/opt/ros/humble/share/rosidl_generator_c/cmake)
[1.087s] -- Found rosidl_adapter: 3.1.6 (/opt/ros/humble/share/rosidl_adapter/cmake)
[1.092s] -- Found rosidl_generator_cpp: 3.1.6 (/opt/ros/humble/share/rosidl_generator_cpp/cmake)
[1.112s] -- Using all available rosidl_typesupport_c: rosidl_typesupport_fastrtps_c;rosidl_typesupport_introspection_c
[1.137s] -- Using all available rosidl_typesupport_cpp: rosidl_typesupport_fastrtps_cpp;rosidl_typesupport_introspection_cpp
[1.180s] -- Found rmw_implementation_cmake: 6.1.2 (/opt/ros/humble/share/rmw_implementation_cmake/cmake)
[1.185s] -- Found rmw_fastrtps_cpp: 6.2.7 (/opt/ros/humble/share/rmw_fastrtps_cpp/cmake)
[1.285s] -- Found OpenSSL: /usr/lib/x86_64-linux-gnu/libcrypto.so (found version "3.0.2")  
[1.311s] -- Found FastRTPS: /opt/ros/humble/include  
[1.345s] -- Using RMW implementation 'rmw_fastrtps_cpp' as default
[1.353s] -- Found Threads: TRUE  
[1.412s] -- Found rclcpp_lifecycle: 16.0.12 (/opt/ros/humble/share/rclcpp_lifecycle/cmake)
[1.441s] -- Found Boost: /usr/lib/x86_64-linux-gnu/cmake/Boost-1.74.0/BoostConfig.cmake (found version "1.74.0") found components: filesystem 
[1.542s] -- library: /usr/lib/x86_64-linux-gnu/libcurl.so
[1.622s] -- Found Eigen3: TRUE (found version "3.4.0") 
[1.622s] -- Ensuring Eigen3 include directory is part of orocos-kdl CMake target
[1.895s] -- Found control_msgs: 4.8.0 (/opt/ros/humble/share/control_msgs/cmake)
[1.966s] -- Found Boost: /usr/lib/x86_64-linux-gnu/cmake/Boost-1.74.0/BoostConfig.cmake (found version "1.74.0") found components: thread 
[1.971s] -- Found ament_lint_auto: 0.12.12 (/opt/ros/humble/share/ament_lint_auto/cmake)
[1.986s] -- Added test 'cppcheck' to perform static code analysis on C / C++ code
[1.986s] -- Configured cppcheck include dirs: /home/wz/Desktop/ROS_ROBOT/src/moveit2/moveit_plugins/moveit_simple_controller_manager/include
[1.986s] -- Configured cppcheck exclude dirs and/or files: 
[1.987s] -- Added test 'lint_cmake' to check CMake code style
[1.987s] -- Added test 'xmllint' to check XML markup files
[1.989s] -- Configuring done
[2.037s] -- Generating done
[2.046s] -- Build files have been written to: /home/wz/Desktop/ROS_ROBOT/build/moveit_simple_controller_manager
[2.057s] Invoked command in '/home/wz/Desktop/ROS_ROBOT/build/moveit_simple_controller_manager' returned '0': AMENT_PREFIX_PATH=/home/wz/Desktop/ROS_ROBOT/install/moveit_core:/home/wz/Desktop/ROS_ROBOT/install/moveit_common:${AMENT_PREFIX_PATH} CMAKE_PREFIX_PATH=/home/wz/Desktop/ROS_ROBOT/install/moveit_core:/home/wz/Desktop/ROS_ROBOT/install/moveit_common:/opt/ros/humble LD_LIBRARY_PATH=/home/wz/Desktop/ROS_ROBOT/install/moveit_core/lib:${LD_LIBRARY_PATH} PATH=/home/wz/Desktop/ROS_ROBOT/install/moveit_core/bin:${PATH} /usr/bin/cmake /home/wz/Desktop/ROS_ROBOT/src/moveit2/moveit_plugins/moveit_simple_controller_manager -DAMENT_CMAKE_SYMLINK_INSTALL=1 -DCMAKE_INSTALL_PREFIX=/home/wz/Desktop/ROS_ROBOT/install/moveit_simple_controller_manager
[2.060s] Invoking command in '/home/wz/Desktop/ROS_ROBOT/build/moveit_simple_controller_manager': AMENT_PREFIX_PATH=/home/wz/Desktop/ROS_ROBOT/install/moveit_core:/home/wz/Desktop/ROS_ROBOT/install/moveit_common:${AMENT_PREFIX_PATH} CMAKE_PREFIX_PATH=/home/wz/Desktop/ROS_ROBOT/install/moveit_core:/home/wz/Desktop/ROS_ROBOT/install/moveit_common:/opt/ros/humble LD_LIBRARY_PATH=/home/wz/Desktop/ROS_ROBOT/install/moveit_core/lib:${LD_LIBRARY_PATH} PATH=/home/wz/Desktop/ROS_ROBOT/install/moveit_core/bin:${PATH} /usr/bin/cmake --build /home/wz/Desktop/ROS_ROBOT/build/moveit_simple_controller_manager -- -j4 -l4
[2.148s] [ 33%] [32mBuilding CXX object CMakeFiles/moveit_simple_controller_manager.dir/src/moveit_simple_controller_manager.cpp.o[0m
[2.153s] [ 66%] [32mBuilding CXX object CMakeFiles/moveit_simple_controller_manager.dir/src/follow_joint_trajectory_controller_handle.cpp.o[0m
[31.317s] [100%] [32m[1mLinking CXX shared library libmoveit_simple_controller_manager.so[0m
[32.464s] [100%] Built target moveit_simple_controller_manager
[32.550s] Invoked command in '/home/wz/Desktop/ROS_ROBOT/build/moveit_simple_controller_manager' returned '0': AMENT_PREFIX_PATH=/home/wz/Desktop/ROS_ROBOT/install/moveit_core:/home/wz/Desktop/ROS_ROBOT/install/moveit_common:${AMENT_PREFIX_PATH} CMAKE_PREFIX_PATH=/home/wz/Desktop/ROS_ROBOT/install/moveit_core:/home/wz/Desktop/ROS_ROBOT/install/moveit_common:/opt/ros/humble LD_LIBRARY_PATH=/home/wz/Desktop/ROS_ROBOT/install/moveit_core/lib:${LD_LIBRARY_PATH} PATH=/home/wz/Desktop/ROS_ROBOT/install/moveit_core/bin:${PATH} /usr/bin/cmake --build /home/wz/Desktop/ROS_ROBOT/build/moveit_simple_controller_manager -- -j4 -l4
[32.580s] Invoking command in '/home/wz/Desktop/ROS_ROBOT/build/moveit_simple_controller_manager': AMENT_PREFIX_PATH=/home/wz/Desktop/ROS_ROBOT/install/moveit_core:/home/wz/Desktop/ROS_ROBOT/install/moveit_common:${AMENT_PREFIX_PATH} CMAKE_PREFIX_PATH=/home/wz/Desktop/ROS_ROBOT/install/moveit_core:/home/wz/Desktop/ROS_ROBOT/install/moveit_common:/opt/ros/humble LD_LIBRARY_PATH=/home/wz/Desktop/ROS_ROBOT/install/moveit_core/lib:${LD_LIBRARY_PATH} PATH=/home/wz/Desktop/ROS_ROBOT/install/moveit_core/bin:${PATH} /usr/bin/cmake --install /home/wz/Desktop/ROS_ROBOT/build/moveit_simple_controller_manager
[32.615s] -- Install configuration: "Release"
[32.615s] -- Execute custom install script
[32.617s] -- Symlinking: /home/wz/Desktop/ROS_ROBOT/install/moveit_simple_controller_manager/include/moveit_simple_controller_manager/action_based_controller_handle.h
[32.628s] -- Symlinking: /home/wz/Desktop/ROS_ROBOT/install/moveit_simple_controller_manager/include/moveit_simple_controller_manager/empty_controller_handle.h
[32.650s] -- Symlinking: /home/wz/Desktop/ROS_ROBOT/install/moveit_simple_controller_manager/include/moveit_simple_controller_manager/follow_joint_trajectory_controller_handle.h
[32.686s] -- Symlinking: /home/wz/Desktop/ROS_ROBOT/install/moveit_simple_controller_manager/include/moveit_simple_controller_manager/gripper_controller_handle.h
[32.720s] -- Symlinking: /home/wz/Desktop/ROS_ROBOT/install/moveit_simple_controller_manager/share/moveit_simple_controller_manager/environment/library_path.sh
[32.740s] -- Symlinking: /home/wz/Desktop/ROS_ROBOT/install/moveit_simple_controller_manager/share/moveit_simple_controller_manager/environment/library_path.dsv
[32.761s] -- Symlinking: /home/wz/Desktop/ROS_ROBOT/install/moveit_simple_controller_manager/share/moveit_simple_controller_manager//moveit_simple_controller_manager_plugin_description.xml
[32.807s] -- Symlinking: /home/wz/Desktop/ROS_ROBOT/install/moveit_simple_controller_manager/share/ament_index/resource_index/package_run_dependencies/moveit_simple_controller_manager
[32.824s] -- Symlinking: /home/wz/Desktop/ROS_ROBOT/install/moveit_simple_controller_manager/share/ament_index/resource_index/parent_prefix_path/moveit_simple_controller_manager
[32.846s] -- Symlinking: /home/wz/Desktop/ROS_ROBOT/install/moveit_simple_controller_manager/share/moveit_simple_controller_manager/environment/ament_prefix_path.sh
[32.865s] -- Symlinking: /home/wz/Desktop/ROS_ROBOT/install/moveit_simple_controller_manager/share/moveit_simple_controller_manager/environment/ament_prefix_path.dsv
[32.890s] -- Symlinking: /home/wz/Desktop/ROS_ROBOT/install/moveit_simple_controller_manager/share/moveit_simple_controller_manager/environment/path.sh
[32.910s] -- Symlinking: /home/wz/Desktop/ROS_ROBOT/install/moveit_simple_controller_manager/share/moveit_simple_controller_manager/environment/path.dsv
[32.926s] -- Symlinking: /home/wz/Desktop/ROS_ROBOT/install/moveit_simple_controller_manager/share/moveit_simple_controller_manager/local_setup.bash
[32.948s] -- Symlinking: /home/wz/Desktop/ROS_ROBOT/install/moveit_simple_controller_manager/share/moveit_simple_controller_manager/local_setup.sh
[32.994s] -- Symlinking: /home/wz/Desktop/ROS_ROBOT/install/moveit_simple_controller_manager/share/moveit_simple_controller_manager/local_setup.zsh
[33.015s] -- Symlinking: /home/wz/Desktop/ROS_ROBOT/install/moveit_simple_controller_manager/share/moveit_simple_controller_manager/local_setup.dsv
[33.052s] -- Symlinking: /home/wz/Desktop/ROS_ROBOT/install/moveit_simple_controller_manager/share/moveit_simple_controller_manager/package.dsv
[33.112s] -- Symlinking: /home/wz/Desktop/ROS_ROBOT/install/moveit_simple_controller_manager/share/ament_index/resource_index/packages/moveit_simple_controller_manager
[33.160s] -- Symlinking: /home/wz/Desktop/ROS_ROBOT/install/moveit_simple_controller_manager/share/ament_index/resource_index/moveit_core__pluginlib__plugin/moveit_simple_controller_manager
[33.191s] -- Symlinking: /home/wz/Desktop/ROS_ROBOT/install/moveit_simple_controller_manager/share/moveit_simple_controller_manager/cmake/ConfigExtras.cmake
[33.206s] -- Symlinking: /home/wz/Desktop/ROS_ROBOT/install/moveit_simple_controller_manager/share/moveit_simple_controller_manager/cmake/ament_cmake_export_targets-extras.cmake
[33.224s] -- Symlinking: /home/wz/Desktop/ROS_ROBOT/install/moveit_simple_controller_manager/share/moveit_simple_controller_manager/cmake/ament_cmake_export_dependencies-extras.cmake
[33.244s] -- Symlinking: /home/wz/Desktop/ROS_ROBOT/install/moveit_simple_controller_manager/share/moveit_simple_controller_manager/cmake/moveit_simple_controller_managerConfig.cmake
[33.258s] -- Symlinking: /home/wz/Desktop/ROS_ROBOT/install/moveit_simple_controller_manager/share/moveit_simple_controller_manager/cmake/moveit_simple_controller_managerConfig-version.cmake
[33.279s] -- Symlinking: /home/wz/Desktop/ROS_ROBOT/install/moveit_simple_controller_manager/share/moveit_simple_controller_manager/package.xml
[33.307s] -- Installing: /home/wz/Desktop/ROS_ROBOT/install/moveit_simple_controller_manager/lib/libmoveit_simple_controller_manager.so.2.5.9
[33.308s] -- Set runtime path of "/home/wz/Desktop/ROS_ROBOT/install/moveit_simple_controller_manager/lib/libmoveit_simple_controller_manager.so.2.5.9" to ""
[33.308s] -- Installing: /home/wz/Desktop/ROS_ROBOT/install/moveit_simple_controller_manager/lib/libmoveit_simple_controller_manager.so
[33.308s] -- Installing: /home/wz/Desktop/ROS_ROBOT/install/moveit_simple_controller_manager/share/moveit_simple_controller_manager/cmake/export_moveit_simple_controller_managerExport.cmake
[33.313s] -- Installing: /home/wz/Desktop/ROS_ROBOT/install/moveit_simple_controller_manager/share/moveit_simple_controller_manager/cmake/export_moveit_simple_controller_managerExport-release.cmake
[33.324s] Invoked command in '/home/wz/Desktop/ROS_ROBOT/build/moveit_simple_controller_manager' returned '0': AMENT_PREFIX_PATH=/home/wz/Desktop/ROS_ROBOT/install/moveit_core:/home/wz/Desktop/ROS_ROBOT/install/moveit_common:${AMENT_PREFIX_PATH} CMAKE_PREFIX_PATH=/home/wz/Desktop/ROS_ROBOT/install/moveit_core:/home/wz/Desktop/ROS_ROBOT/install/moveit_common:/opt/ros/humble LD_LIBRARY_PATH=/home/wz/Desktop/ROS_ROBOT/install/moveit_core/lib:${LD_LIBRARY_PATH} PATH=/home/wz/Desktop/ROS_ROBOT/install/moveit_core/bin:${PATH} /usr/bin/cmake --install /home/wz/Desktop/ROS_ROBOT/build/moveit_simple_controller_manager
