[0.053s] Invoking command in '/home/wz/Desktop/ROS_ROBOT/build/pilz_industrial_motion_planner': AMENT_PREFIX_PATH=/home/wz/Desktop/ROS_ROBOT/install/moveit_resources_prbt_pg70_support:/home/wz/Desktop/ROS_ROBOT/install/moveit_ros_planning_interface:/home/wz/Desktop/ROS_ROBOT/install/moveit_resources_prbt_moveit_config:/home/wz/Desktop/ROS_ROBOT/install/moveit_ros_move_group:/home/wz/Desktop/ROS_ROBOT/install/moveit_ros_warehouse:/home/wz/Desktop/ROS_ROBOT/install/moveit_planners_ompl:/home/wz/Desktop/ROS_ROBOT/install/moveit_kinematics:/home/wz/Desktop/ROS_ROBOT/install/moveit_ros_planning:/home/wz/Desktop/ROS_ROBOT/install/pilz_industrial_motion_planner_testutils:/home/wz/Desktop/ROS_ROBOT/install/moveit_simple_controller_manager:/home/wz/Desktop/ROS_ROBOT/install/moveit_ros_occupancy_map_monitor:/home/wz/Desktop/ROS_ROBOT/install/moveit_resources_prbt_ikfast_manipulator_plugin:/home/wz/Desktop/ROS_ROBOT/install/moveit_core:/home/wz/Desktop/ROS_ROBOT/install/moveit_resources_prbt_support:/home/wz/Desktop/ROS_ROBOT/install/moveit_configs_utils:/home/wz/Desktop/ROS_ROBOT/install/moveit_common:${AMENT_PREFIX_PATH} CMAKE_PREFIX_PATH=/home/wz/Desktop/ROS_ROBOT/install/moveit_resources_prbt_pg70_support:/home/wz/Desktop/ROS_ROBOT/install/moveit_ros_planning_interface:/home/wz/Desktop/ROS_ROBOT/install/moveit_resources_prbt_moveit_config:/home/wz/Desktop/ROS_ROBOT/install/moveit_ros_move_group:/home/wz/Desktop/ROS_ROBOT/install/moveit_ros_warehouse:/home/wz/Desktop/ROS_ROBOT/install/moveit_planners_ompl:/home/wz/Desktop/ROS_ROBOT/install/moveit_kinematics:/home/wz/Desktop/ROS_ROBOT/install/moveit_ros_planning:/home/wz/Desktop/ROS_ROBOT/install/pilz_industrial_motion_planner_testutils:/home/wz/Desktop/ROS_ROBOT/install/moveit_simple_controller_manager:/home/wz/Desktop/ROS_ROBOT/install/moveit_ros_occupancy_map_monitor:/home/wz/Desktop/ROS_ROBOT/install/moveit_resources_prbt_ikfast_manipulator_plugin:/home/wz/Desktop/ROS_ROBOT/install/moveit_core:/home/wz/Desktop/ROS_ROBOT/install/moveit_resources_prbt_support:/home/wz/Desktop/ROS_ROBOT/install/moveit_common:/opt/ros/humble LD_LIBRARY_PATH=/home/wz/Desktop/ROS_ROBOT/install/moveit_ros_planning_interface/lib:/home/wz/Desktop/ROS_ROBOT/install/moveit_ros_move_group/lib:/home/wz/Desktop/ROS_ROBOT/install/moveit_ros_warehouse/lib:/home/wz/Desktop/ROS_ROBOT/install/moveit_planners_ompl/lib:/home/wz/Desktop/ROS_ROBOT/install/moveit_kinematics/lib:/home/wz/Desktop/ROS_ROBOT/install/moveit_ros_planning/lib:/home/wz/Desktop/ROS_ROBOT/install/pilz_industrial_motion_planner_testutils/lib:/home/wz/Desktop/ROS_ROBOT/install/moveit_simple_controller_manager/lib:/home/wz/Desktop/ROS_ROBOT/install/moveit_ros_occupancy_map_monitor/lib:/home/wz/Desktop/ROS_ROBOT/install/moveit_resources_prbt_ikfast_manipulator_plugin/lib:/home/wz/Desktop/ROS_ROBOT/install/moveit_core/lib:${LD_LIBRARY_PATH} PATH=/home/wz/Desktop/ROS_ROBOT/install/moveit_core/bin:${PATH} PYTHONPATH=/home/wz/Desktop/ROS_ROBOT/build/moveit_configs_utils:/home/wz/Desktop/ROS_ROBOT/install/moveit_configs_utils/lib/python3.10/site-packages:${PYTHONPATH} /usr/bin/cmake /home/wz/Desktop/ROS_ROBOT/src/moveit2/moveit_planners/pilz_industrial_motion_planner -DAMENT_CMAKE_SYMLINK_INSTALL=1 -DCMAKE_INSTALL_PREFIX=/home/wz/Desktop/ROS_ROBOT/install/pilz_industrial_motion_planner
[0.154s] -- The C compiler identification is GNU 11.4.0
[0.224s] -- The CXX compiler identification is GNU 11.4.0
[0.244s] -- Detecting C compiler ABI info
[0.371s] -- Detecting C compiler ABI info - done
[0.376s] -- Check for working C compiler: /usr/bin/cc - skipped
[0.376s] -- Detecting C compile features
[0.376s] -- Detecting C compile features - done
[0.379s] -- Detecting CXX compiler ABI info
[0.526s] -- Detecting CXX compiler ABI info - done
[0.552s] -- Check for working CXX compiler: /usr/bin/c++ - skipped
[0.552s] -- Detecting CXX compile features
[0.552s] -- Detecting CXX compile features - done
[0.554s] -- Found moveit_common: 2.5.9 (/home/wz/Desktop/ROS_ROBOT/install/moveit_common/share/moveit_common/cmake)
[0.557s] -- Found ament_cmake: 1.3.11 (/opt/ros/humble/share/ament_cmake/cmake)
[0.748s] -- Found Python3: /usr/bin/python3 (found version "3.10.12") found components: Interpreter 
[0.849s] -- Override CMake install command with custom implementation using symlinks instead of copying resources
[0.988s] [0mpilz_industrial_motion_planner: You did not request a specific build type: Choosing 'Release' for maximum performance[0m
[0.993s] -- Found eigen3_cmake_module: 0.1.1 (/opt/ros/humble/share/eigen3_cmake_module/cmake)
[1.011s] -- Found Eigen3: TRUE (found version "3.4.0") 
[1.024s] -- Found geometry_msgs: 4.9.0 (/opt/ros/humble/share/geometry_msgs/cmake)
[1.090s] -- Found rosidl_generator_c: 3.1.6 (/opt/ros/humble/share/rosidl_generator_c/cmake)
[1.099s] -- Found rosidl_adapter: 3.1.6 (/opt/ros/humble/share/rosidl_adapter/cmake)
[1.108s] -- Found rosidl_generator_cpp: 3.1.6 (/opt/ros/humble/share/rosidl_generator_cpp/cmake)
[1.138s] -- Using all available rosidl_typesupport_c: rosidl_typesupport_fastrtps_c;rosidl_typesupport_introspection_c
[1.157s] -- Using all available rosidl_typesupport_cpp: rosidl_typesupport_fastrtps_cpp;rosidl_typesupport_introspection_cpp
[1.236s] -- Found moveit_core: 2.5.9 (/home/wz/Desktop/ROS_ROBOT/install/moveit_core/share/moveit_core/cmake)
[1.588s] -- Found Boost: /usr/lib/x86_64-linux-gnu/cmake/Boost-1.74.0/BoostConfig.cmake (found version "1.74.0") found components: chrono date_time filesystem iostreams program_options regex serialization system thread 
[1.674s] -- Found parameter_traits: 0.5.0 (/opt/ros/humble/share/parameter_traits/cmake)
[1.760s] -- Found rmw_implementation_cmake: 6.1.2 (/opt/ros/humble/share/rmw_implementation_cmake/cmake)
[1.765s] -- Found rmw_fastrtps_cpp: 6.2.7 (/opt/ros/humble/share/rmw_fastrtps_cpp/cmake)
[1.905s] -- Found OpenSSL: /usr/lib/x86_64-linux-gnu/libcrypto.so (found version "3.0.2")  
[1.959s] -- Found FastRTPS: /opt/ros/humble/include  
[2.014s] -- Using RMW implementation 'rmw_fastrtps_cpp' as default
[2.059s] -- Found Threads: TRUE  
[2.128s] -- Found rclcpp_lifecycle: 16.0.12 (/opt/ros/humble/share/rclcpp_lifecycle/cmake)
[2.175s] -- Found Boost: /usr/lib/x86_64-linux-gnu/cmake/Boost-1.74.0/BoostConfig.cmake (found version "1.74.0") found components: filesystem 
[2.324s] -- library: /usr/lib/x86_64-linux-gnu/libcurl.so
[2.406s] -- Ensuring Eigen3 include directory is part of orocos-kdl CMake target
[2.743s] -- Found moveit_ros_move_group: 2.5.9 (/home/wz/Desktop/ROS_ROBOT/install/moveit_ros_move_group/share/moveit_ros_move_group/cmake)
[2.755s] -- Found Boost: /usr/lib/x86_64-linux-gnu/cmake/Boost-1.74.0/BoostConfig.cmake (found version "1.74.0") found components: system filesystem date_time program_options thread 
[2.800s] -- Found Boost: /usr/lib/x86_64-linux-gnu/cmake/Boost-1.74.0/BoostConfig.cmake (found version "1.74.0") found components: system filesystem date_time program_options thread chrono 
[2.819s] -- Found moveit_ros_planning_interface: 2.5.9 (/home/wz/Desktop/ROS_ROBOT/install/moveit_ros_planning_interface/share/moveit_ros_planning_interface/cmake)
[2.827s] -- Found Boost: /usr/lib/x86_64-linux-gnu/cmake/Boost-1.74.0/BoostConfig.cmake (found version "1.74.0") found components: date_time filesystem program_options system thread 
[2.837s] -- Found Boost: /usr/lib/x86_64-linux-gnu/cmake/Boost-1.74.0/BoostConfig.cmake (found version "1.74.0") found components: thread system filesystem regex date_time program_options 
[2.867s] -- Found tf2_eigen_kdl: 0.25.13 (/opt/ros/humble/share/tf2_eigen_kdl/cmake)
[2.880s] -- Found Boost: /usr/lib/x86_64-linux-gnu/cmake/Boost-1.74.0/BoostConfig.cmake (found version "1.74.0")  
[2.978s] -- Found ament_cmake_gtest: 1.3.11 (/opt/ros/humble/share/ament_cmake_gtest/cmake)
[2.991s] -- Found ament_cmake_gmock: 1.3.11 (/opt/ros/humble/share/ament_cmake_gmock/cmake)
[3.007s] -- Found ros_testing: 0.4.0 (/opt/ros/humble/share/ros_testing/cmake)
[3.011s] -- Found launch_testing_ament_cmake: 1.0.9 (/opt/ros/humble/share/launch_testing_ament_cmake/cmake)
[3.026s] -- Found python_cmake_module: 0.10.0 (/opt/ros/humble/share/python_cmake_module/cmake)
[3.110s] -- Found PythonInterp: /usr/bin/python3 (found suitable version "3.10.12", minimum required is "3.6") 
[3.124s] -- Found PythonLibs: /usr/lib/x86_64-linux-gnu/libpython3.10.so (found suitable version "3.10.12", minimum required is "3.5") 
[3.127s] -- Using PYTHON_EXECUTABLE: /usr/bin/python3
[3.127s] -- Using PYTHON_INCLUDE_DIRS: /usr/include/python3.10
[3.127s] -- Using PYTHON_LIBRARIES: /usr/lib/x86_64-linux-gnu/libpython3.10.so
[3.196s] -- Found PythonExtra: .so  
[3.201s] -- Found moveit_resources_prbt_support: 2.5.9 (/home/wz/Desktop/ROS_ROBOT/install/moveit_resources_prbt_support/share/moveit_resources_prbt_support/cmake)
[3.207s] -- Found moveit_resources_prbt_moveit_config: 2.5.9 (/home/wz/Desktop/ROS_ROBOT/install/moveit_resources_prbt_moveit_config/share/moveit_resources_prbt_moveit_config/cmake)
[3.220s] -- Found Boost: /usr/lib/x86_64-linux-gnu/cmake/Boost-1.74.0/BoostConfig.cmake (found version "1.74.0") found components: thread 
[3.233s] -- Found pilz_industrial_motion_planner_testutils: 2.5.9 (/home/wz/Desktop/ROS_ROBOT/install/pilz_industrial_motion_planner_testutils/share/pilz_industrial_motion_planner_testutils/cmake)
[3.302s] -- Found gtest sources under '/opt/ros/humble/src/gtest_vendor': C++ tests using 'Google Test' will be built
[3.388s] -- Found gmock sources under '/opt/ros/humble/src/gmock_vendor': C++ tests using 'Google Mock' will be built
[3.404s] -- Found ament_lint_auto: 0.12.12 (/opt/ros/humble/share/ament_lint_auto/cmake)
[3.518s] -- Found launch_testing_ament_cmake: 1.0.9 (/opt/ros/humble/share/launch_testing_ament_cmake/cmake)
[3.518s] -- Found python_cmake_module: 0.10.0 (/opt/ros/humble/share/python_cmake_module/cmake)
[3.566s] -- Using PYTHON_EXECUTABLE: /usr/bin/python3
[3.566s] -- Using PYTHON_INCLUDE_DIRS: /usr/include/python3.10
[3.566s] -- Using PYTHON_LIBRARIES: /usr/lib/x86_64-linux-gnu/libpython3.10.so
[3.580s] -- Added test 'cppcheck' to perform static code analysis on C / C++ code
[3.581s] -- Configured cppcheck include dirs: /home/wz/Desktop/ROS_ROBOT/src/moveit2/moveit_planners/pilz_industrial_motion_planner/include
[3.581s] -- Configured cppcheck exclude dirs and/or files: 
[3.582s] -- Added test 'pep257' to check Python code against some of the docstring style conventions in PEP 257
[3.583s] -- Added test 'xmllint' to check XML markup files
[3.590s] -- Configuring done
[4.265s] -- Generating done
[4.412s] -- Build files have been written to: /home/wz/Desktop/ROS_ROBOT/build/pilz_industrial_motion_planner
[4.458s] Invoked command in '/home/wz/Desktop/ROS_ROBOT/build/pilz_industrial_motion_planner' returned '0': AMENT_PREFIX_PATH=/home/wz/Desktop/ROS_ROBOT/install/moveit_resources_prbt_pg70_support:/home/wz/Desktop/ROS_ROBOT/install/moveit_ros_planning_interface:/home/wz/Desktop/ROS_ROBOT/install/moveit_resources_prbt_moveit_config:/home/wz/Desktop/ROS_ROBOT/install/moveit_ros_move_group:/home/wz/Desktop/ROS_ROBOT/install/moveit_ros_warehouse:/home/wz/Desktop/ROS_ROBOT/install/moveit_planners_ompl:/home/wz/Desktop/ROS_ROBOT/install/moveit_kinematics:/home/wz/Desktop/ROS_ROBOT/install/moveit_ros_planning:/home/wz/Desktop/ROS_ROBOT/install/pilz_industrial_motion_planner_testutils:/home/wz/Desktop/ROS_ROBOT/install/moveit_simple_controller_manager:/home/wz/Desktop/ROS_ROBOT/install/moveit_ros_occupancy_map_monitor:/home/wz/Desktop/ROS_ROBOT/install/moveit_resources_prbt_ikfast_manipulator_plugin:/home/wz/Desktop/ROS_ROBOT/install/moveit_core:/home/wz/Desktop/ROS_ROBOT/install/moveit_resources_prbt_support:/home/wz/Desktop/ROS_ROBOT/install/moveit_configs_utils:/home/wz/Desktop/ROS_ROBOT/install/moveit_common:${AMENT_PREFIX_PATH} CMAKE_PREFIX_PATH=/home/wz/Desktop/ROS_ROBOT/install/moveit_resources_prbt_pg70_support:/home/wz/Desktop/ROS_ROBOT/install/moveit_ros_planning_interface:/home/wz/Desktop/ROS_ROBOT/install/moveit_resources_prbt_moveit_config:/home/wz/Desktop/ROS_ROBOT/install/moveit_ros_move_group:/home/wz/Desktop/ROS_ROBOT/install/moveit_ros_warehouse:/home/wz/Desktop/ROS_ROBOT/install/moveit_planners_ompl:/home/wz/Desktop/ROS_ROBOT/install/moveit_kinematics:/home/wz/Desktop/ROS_ROBOT/install/moveit_ros_planning:/home/wz/Desktop/ROS_ROBOT/install/pilz_industrial_motion_planner_testutils:/home/wz/Desktop/ROS_ROBOT/install/moveit_simple_controller_manager:/home/wz/Desktop/ROS_ROBOT/install/moveit_ros_occupancy_map_monitor:/home/wz/Desktop/ROS_ROBOT/install/moveit_resources_prbt_ikfast_manipulator_plugin:/home/wz/Desktop/ROS_ROBOT/install/moveit_core:/home/wz/Desktop/ROS_ROBOT/install/moveit_resources_prbt_support:/home/wz/Desktop/ROS_ROBOT/install/moveit_common:/opt/ros/humble LD_LIBRARY_PATH=/home/wz/Desktop/ROS_ROBOT/install/moveit_ros_planning_interface/lib:/home/wz/Desktop/ROS_ROBOT/install/moveit_ros_move_group/lib:/home/wz/Desktop/ROS_ROBOT/install/moveit_ros_warehouse/lib:/home/wz/Desktop/ROS_ROBOT/install/moveit_planners_ompl/lib:/home/wz/Desktop/ROS_ROBOT/install/moveit_kinematics/lib:/home/wz/Desktop/ROS_ROBOT/install/moveit_ros_planning/lib:/home/wz/Desktop/ROS_ROBOT/install/pilz_industrial_motion_planner_testutils/lib:/home/wz/Desktop/ROS_ROBOT/install/moveit_simple_controller_manager/lib:/home/wz/Desktop/ROS_ROBOT/install/moveit_ros_occupancy_map_monitor/lib:/home/wz/Desktop/ROS_ROBOT/install/moveit_resources_prbt_ikfast_manipulator_plugin/lib:/home/wz/Desktop/ROS_ROBOT/install/moveit_core/lib:${LD_LIBRARY_PATH} PATH=/home/wz/Desktop/ROS_ROBOT/install/moveit_core/bin:${PATH} PYTHONPATH=/home/wz/Desktop/ROS_ROBOT/build/moveit_configs_utils:/home/wz/Desktop/ROS_ROBOT/install/moveit_configs_utils/lib/python3.10/site-packages:${PYTHONPATH} /usr/bin/cmake /home/wz/Desktop/ROS_ROBOT/src/moveit2/moveit_planners/pilz_industrial_motion_planner -DAMENT_CMAKE_SYMLINK_INSTALL=1 -DCMAKE_INSTALL_PREFIX=/home/wz/Desktop/ROS_ROBOT/install/pilz_industrial_motion_planner
[4.465s] Invoking command in '/home/wz/Desktop/ROS_ROBOT/build/pilz_industrial_motion_planner': AMENT_PREFIX_PATH=/home/wz/Desktop/ROS_ROBOT/install/moveit_resources_prbt_pg70_support:/home/wz/Desktop/ROS_ROBOT/install/moveit_ros_planning_interface:/home/wz/Desktop/ROS_ROBOT/install/moveit_resources_prbt_moveit_config:/home/wz/Desktop/ROS_ROBOT/install/moveit_ros_move_group:/home/wz/Desktop/ROS_ROBOT/install/moveit_ros_warehouse:/home/wz/Desktop/ROS_ROBOT/install/moveit_planners_ompl:/home/wz/Desktop/ROS_ROBOT/install/moveit_kinematics:/home/wz/Desktop/ROS_ROBOT/install/moveit_ros_planning:/home/wz/Desktop/ROS_ROBOT/install/pilz_industrial_motion_planner_testutils:/home/wz/Desktop/ROS_ROBOT/install/moveit_simple_controller_manager:/home/wz/Desktop/ROS_ROBOT/install/moveit_ros_occupancy_map_monitor:/home/wz/Desktop/ROS_ROBOT/install/moveit_resources_prbt_ikfast_manipulator_plugin:/home/wz/Desktop/ROS_ROBOT/install/moveit_core:/home/wz/Desktop/ROS_ROBOT/install/moveit_resources_prbt_support:/home/wz/Desktop/ROS_ROBOT/install/moveit_configs_utils:/home/wz/Desktop/ROS_ROBOT/install/moveit_common:${AMENT_PREFIX_PATH} CMAKE_PREFIX_PATH=/home/wz/Desktop/ROS_ROBOT/install/moveit_resources_prbt_pg70_support:/home/wz/Desktop/ROS_ROBOT/install/moveit_ros_planning_interface:/home/wz/Desktop/ROS_ROBOT/install/moveit_resources_prbt_moveit_config:/home/wz/Desktop/ROS_ROBOT/install/moveit_ros_move_group:/home/wz/Desktop/ROS_ROBOT/install/moveit_ros_warehouse:/home/wz/Desktop/ROS_ROBOT/install/moveit_planners_ompl:/home/wz/Desktop/ROS_ROBOT/install/moveit_kinematics:/home/wz/Desktop/ROS_ROBOT/install/moveit_ros_planning:/home/wz/Desktop/ROS_ROBOT/install/pilz_industrial_motion_planner_testutils:/home/wz/Desktop/ROS_ROBOT/install/moveit_simple_controller_manager:/home/wz/Desktop/ROS_ROBOT/install/moveit_ros_occupancy_map_monitor:/home/wz/Desktop/ROS_ROBOT/install/moveit_resources_prbt_ikfast_manipulator_plugin:/home/wz/Desktop/ROS_ROBOT/install/moveit_core:/home/wz/Desktop/ROS_ROBOT/install/moveit_resources_prbt_support:/home/wz/Desktop/ROS_ROBOT/install/moveit_common:/opt/ros/humble LD_LIBRARY_PATH=/home/wz/Desktop/ROS_ROBOT/install/moveit_ros_planning_interface/lib:/home/wz/Desktop/ROS_ROBOT/install/moveit_ros_move_group/lib:/home/wz/Desktop/ROS_ROBOT/install/moveit_ros_warehouse/lib:/home/wz/Desktop/ROS_ROBOT/install/moveit_planners_ompl/lib:/home/wz/Desktop/ROS_ROBOT/install/moveit_kinematics/lib:/home/wz/Desktop/ROS_ROBOT/install/moveit_ros_planning/lib:/home/wz/Desktop/ROS_ROBOT/install/pilz_industrial_motion_planner_testutils/lib:/home/wz/Desktop/ROS_ROBOT/install/moveit_simple_controller_manager/lib:/home/wz/Desktop/ROS_ROBOT/install/moveit_ros_occupancy_map_monitor/lib:/home/wz/Desktop/ROS_ROBOT/install/moveit_resources_prbt_ikfast_manipulator_plugin/lib:/home/wz/Desktop/ROS_ROBOT/install/moveit_core/lib:${LD_LIBRARY_PATH} PATH=/home/wz/Desktop/ROS_ROBOT/install/moveit_core/bin:${PATH} PYTHONPATH=/home/wz/Desktop/ROS_ROBOT/build/moveit_configs_utils:/home/wz/Desktop/ROS_ROBOT/install/moveit_configs_utils/lib/python3.10/site-packages:${PYTHONPATH} /usr/bin/cmake --build /home/wz/Desktop/ROS_ROBOT/build/pilz_industrial_motion_planner -- -j4 -l4
[4.566s] [  1%] [32mBuilding CXX object CMakeFiles/planning_context_loader_base.dir/src/planning_context_loader.cpp.o[0m
[13.636s] [  2%] [32m[1mLinking CXX shared library libplanning_context_loader_base.so[0m
[28.164s] [  2%] Built target planning_context_loader_base
[28.235s] [  3%] [32mBuilding CXX object gtest/CMakeFiles/gtest_main.dir/src/gtest_main.cc.o[0m
[29.251s] [  4%] [32m[1mLinking CXX static library libgtest_main.a[0m
[29.333s] [  4%] Built target gtest_main
[29.357s] [  6%] [32mBuilding CXX object gtest/CMakeFiles/gtest.dir/src/gtest-all.cc.o[0m
[38.597s] [  7%] [32m[1mLinking CXX static library libgtest.a[0m
[38.666s] [  7%] Built target gtest
[38.689s] [  8%] [32mBuilding CXX object gmock/CMakeFiles/gmock_main.dir/src/gmock_main.cc.o[0m
[40.122s] [  9%] [32m[1mLinking CXX static library libgmock_main.a[0m
[40.181s] [  9%] Built target gmock_main
[40.210s] [ 10%] [32mBuilding CXX object gmock/CMakeFiles/gmock.dir/opt/ros/humble/src/gtest_vendor/src/gtest-all.cc.o[0m
[49.286s] [ 12%] [32mBuilding CXX object gmock/CMakeFiles/gmock.dir/src/gmock-all.cc.o[0m
[53.250s] [ 13%] [32m[1mLinking CXX static library libgmock.a[0m
[53.313s] [ 13%] Built target gmock
[53.360s] [ 14%] [32mBuilding CXX object CMakeFiles/trajectory_generation_common.dir/src/trajectory_functions.cpp.o[0m
[67.583s] [ 15%] [32mBuilding CXX object CMakeFiles/trajectory_generation_common.dir/src/trajectory_blender_transition_window.cpp.o[0m
[81.168s] [ 16%] [32mBuilding CXX object CMakeFiles/trajectory_generation_common.dir/src/trajectory_generator.cpp.o[0m
[94.555s] [ 18%] [32m[1mLinking CXX shared library libtrajectory_generation_common.so[0m
[94.956s] [ 18%] Built target trajectory_generation_common
[95.002s] [ 19%] [32mBuilding CXX object CMakeFiles/joint_limits_common.dir/src/joint_limits_aggregator.cpp.o[0m
[106.063s] [ 20%] [32mBuilding CXX object CMakeFiles/joint_limits_common.dir/src/limits_container.cpp.o[0m
[106.789s] [ 21%] [32mBuilding CXX object CMakeFiles/joint_limits_common.dir/src/cartesian_limit.cpp.o[0m
[106.825s] [ 22%] [32mBuilding CXX object CMakeFiles/joint_limits_common.dir/src/cartesian_limits_aggregator.cpp.o[0m
[111.161s] [ 24%] [32mBuilding CXX object CMakeFiles/joint_limits_common.dir/src/joint_limits_validator.cpp.o[0m
[118.559s] [ 25%] [32mBuilding CXX object CMakeFiles/joint_limits_common.dir/src/joint_limits_container.cpp.o[0m
[119.764s] [ 26%] [32m[1mLinking CXX shared library libjoint_limits_common.so[0m
[121.180s] [ 26%] Built target joint_limits_common
[121.218s] [ 27%] [32mBuilding CXX object CMakeFiles/command_list_manager.dir/src/command_list_manager.cpp.o[0m
[134.492s] [ 28%] [32mBuilding CXX object CMakeFiles/command_list_manager.dir/src/plan_components_builder.cpp.o[0m
[144.104s] [ 30%] [32m[1mLinking CXX shared library libcommand_list_manager.so[0m
[144.391s] [ 30%] Built target command_list_manager
[144.439s] [ 31%] [32mBuilding CXX object CMakeFiles/planning_context_loader_lin.dir/src/planning_context_loader_lin.cpp.o[0m
[153.912s] [ 32%] [32mBuilding CXX object CMakeFiles/planning_context_loader_lin.dir/src/trajectory_generator_lin.cpp.o[0m
[166.943s] [ 33%] [32mBuilding CXX object CMakeFiles/planning_context_loader_lin.dir/src/velocity_profile_atrap.cpp.o[0m
[167.756s] [ 34%] [32m[1mLinking CXX shared library libplanning_context_loader_lin.so[0m
[168.065s] [ 34%] Built target planning_context_loader_lin
[168.097s] [ 36%] [32mBuilding CXX object CMakeFiles/planning_context_loader_circ.dir/src/planning_context_loader_circ.cpp.o[0m
[177.991s] [ 37%] [32mBuilding CXX object CMakeFiles/planning_context_loader_circ.dir/src/trajectory_generator_circ.cpp.o[0m
[190.501s] [ 38%] [32mBuilding CXX object CMakeFiles/planning_context_loader_circ.dir/src/path_circle_generator.cpp.o[0m
[192.286s] [ 39%] [32m[1mLinking CXX shared library libplanning_context_loader_circ.so[0m
[192.740s] [ 39%] Built target planning_context_loader_circ
[192.789s] [ 40%] [32mBuilding CXX object CMakeFiles/sequence_capability.dir/src/move_group_sequence_action.cpp.o[0m
[209.528s] [ 42%] [32mBuilding CXX object CMakeFiles/sequence_capability.dir/src/move_group_sequence_service.cpp.o[0m
[222.576s] [ 43%] [32m[1mLinking CXX shared library libsequence_capability.so[0m
[222.910s] [ 43%] Built target sequence_capability
[222.936s] [ 44%] [32mBuilding CXX object test/CMakeFiles/pilz_industrial_motion_planner_test_utils.dir/test_utils.cpp.o[0m
[239.197s] [ 45%] [32m[1mLinking CXX static library libpilz_industrial_motion_planner_test_utils.a[0m
[239.241s] [ 45%] Built target pilz_industrial_motion_planner_test_utils
[239.290s] [ 46%] [32mBuilding CXX object test/unit_tests/CMakeFiles/unittest_joint_limit.dir/src/unittest_joint_limit.cpp.o[0m
[243.954s] [ 48%] [32m[1mLinking CXX executable unittest_joint_limit[0m
[244.248s] [ 48%] Built target unittest_joint_limit
[244.271s] [ 49%] [32mBuilding CXX object test/unit_tests/CMakeFiles/unittest_joint_limits_aggregator.dir/src/unittest_joint_limits_aggregator.cpp.o[0m
[253.111s] [ 50%] [32m[1mLinking CXX executable unittest_joint_limits_aggregator[0m
[253.674s] [ 50%] Built target unittest_joint_limits_aggregator
[253.712s] [ 51%] [32mBuilding CXX object test/unit_tests/CMakeFiles/unittest_joint_limits_container.dir/src/unittest_joint_limits_container.cpp.o[0m
[255.599s] [ 53%] [32m[1mLinking CXX executable unittest_joint_limits_container[0m
[255.799s] [ 53%] Built target unittest_joint_limits_container
[255.823s] [ 54%] [32mBuilding CXX object test/unit_tests/CMakeFiles/unittest_joint_limits_validator.dir/src/unittest_joint_limits_validator.cpp.o[0m
[258.341s] [ 55%] [32m[1mLinking CXX executable unittest_joint_limits_validator[0m
[258.558s] [ 55%] Built target unittest_joint_limits_validator
[258.588s] [ 56%] [32mBuilding CXX object test/unit_tests/CMakeFiles/unittest_cartesian_limits_aggregator.dir/src/unittest_cartesian_limits_aggregator.cpp.o[0m
[263.228s] [ 57%] [32m[1mLinking CXX executable unittest_cartesian_limits_aggregator[0m
[263.603s] [ 57%] Built target unittest_cartesian_limits_aggregator
[263.643s] [ 59%] [32mBuilding CXX object test/unit_tests/CMakeFiles/unittest_trajectory_functions.dir/src/unittest_trajectory_functions.cpp.o[0m
[277.619s] [ 60%] [32m[1mLinking CXX executable unittest_trajectory_functions[0m
[277.970s] [ 60%] Built target unittest_trajectory_functions
[277.998s] [ 61%] [32mBuilding CXX object test/unit_tests/CMakeFiles/unittest_trajectory_blender_transition_window.dir/src/unittest_trajectory_blender_transition_window.cpp.o[0m
[293.720s] [ 62%] [32mBuilding CXX object test/unit_tests/CMakeFiles/unittest_trajectory_blender_transition_window.dir/__/__/src/trajectory_blender_transition_window.cpp.o[0m
[305.564s] [ 63%] [32m[1mLinking CXX executable unittest_trajectory_blender_transition_window[0m
[306.032s] [ 63%] Built target unittest_trajectory_blender_transition_window
[306.059s] [ 65%] [32mBuilding CXX object test/unit_tests/CMakeFiles/unittest_trajectory_generator_circ.dir/src/unittest_trajectory_generator_circ.cpp.o[0m
[322.520s] [ 66%] [32m[1mLinking CXX executable unittest_trajectory_generator_circ[0m
[322.967s] [ 66%] Built target unittest_trajectory_generator_circ
[322.990s] [ 67%] [32mBuilding CXX object test/unit_tests/CMakeFiles/unittest_trajectory_generator_lin.dir/src/unittest_trajectory_generator_lin.cpp.o[0m
[336.388s] [ 68%] [32m[1mLinking CXX executable unittest_trajectory_generator_lin[0m
[336.803s] [ 68%] Built target unittest_trajectory_generator_lin
[336.829s] [ 69%] [32mBuilding CXX object CMakeFiles/planning_context_loader_ptp.dir/src/planning_context_loader_ptp.cpp.o[0m
[345.630s] [ 71%] [32mBuilding CXX object CMakeFiles/planning_context_loader_ptp.dir/src/velocity_profile_atrap.cpp.o[0m
[346.236s] [ 72%] [32mBuilding CXX object CMakeFiles/planning_context_loader_ptp.dir/src/trajectory_generator_ptp.cpp.o[0m
[356.953s] [ 73%] [32m[1mLinking CXX shared library libplanning_context_loader_ptp.so[0m
[357.230s] [ 73%] Built target planning_context_loader_ptp
[357.263s] [ 74%] [32mBuilding CXX object CMakeFiles/pilz_industrial_motion_planner.dir/src/pilz_industrial_motion_planner.cpp.o[0m
[372.169s] [ 75%] [32m[1mLinking CXX shared library libpilz_industrial_motion_planner.so[0m
[372.426s] [ 75%] Built target pilz_industrial_motion_planner
[372.469s] [ 77%] [32mBuilding CXX object test/unit_tests/CMakeFiles/unittest_trajectory_generator_ptp.dir/src/unittest_trajectory_generator_ptp.cpp.o[0m
[386.600s] [ 78%] [32m[1mLinking CXX executable unittest_trajectory_generator_ptp[0m
[386.892s] [ 78%] Built target unittest_trajectory_generator_ptp
[386.913s] [ 79%] [32mBuilding CXX object test/unit_tests/CMakeFiles/unittest_velocity_profile_atrap.dir/src/unittest_velocity_profile_atrap.cpp.o[0m
[389.392s] [ 80%] [32mBuilding CXX object test/unit_tests/CMakeFiles/unittest_velocity_profile_atrap.dir/__/__/src/velocity_profile_atrap.cpp.o[0m
[389.943s] [ 81%] [32m[1mLinking CXX executable unittest_velocity_profile_atrap[0m
[392.412s] [ 81%] Built target unittest_velocity_profile_atrap
[392.443s] [ 83%] [32mBuilding CXX object test/unit_tests/CMakeFiles/unittest_trajectory_generator.dir/src/unittest_trajectory_generator.cpp.o[0m
[400.605s] [ 84%] [32mBuilding CXX object test/unit_tests/CMakeFiles/unittest_trajectory_generator.dir/__/__/src/trajectory_generator.cpp.o[0m
[409.384s] [ 85%] [32m[1mLinking CXX executable unittest_trajectory_generator[0m
[409.676s] [ 85%] Built target unittest_trajectory_generator
[409.701s] [ 86%] [32mBuilding CXX object test/unit_tests/CMakeFiles/unittest_pilz_industrial_motion_planner.dir/src/unittest_pilz_industrial_motion_planner.cpp.o[0m
[423.510s] [ 87%] [32m[1mLinking CXX executable unittest_pilz_industrial_motion_planner[0m
[423.780s] [ 87%] Built target unittest_pilz_industrial_motion_planner
[423.805s] [ 89%] [32mBuilding CXX object test/unit_tests/CMakeFiles/unittest_planning_context_loaders.dir/src/unittest_planning_context_loaders.cpp.o[0m
[437.085s] [ 90%] [32m[1mLinking CXX executable unittest_planning_context_loaders[0m
[437.477s] [ 90%] Built target unittest_planning_context_loaders
[437.513s] [ 91%] [32mBuilding CXX object test/unit_tests/CMakeFiles/unittest_planning_context.dir/src/unittest_planning_context.cpp.o[0m
[449.980s] [ 92%] [32m[1mLinking CXX executable unittest_planning_context[0m
[450.296s] [ 92%] Built target unittest_planning_context
[450.323s] [ 93%] [32mBuilding CXX object test/unit_tests/CMakeFiles/unittest_get_solver_tip_frame.dir/src/unittest_get_solver_tip_frame.cpp.o[0m
[456.500s] [ 95%] [32m[1mLinking CXX executable unittest_get_solver_tip_frame[0m
[459.675s] [ 95%] Built target unittest_get_solver_tip_frame
[459.695s] [ 96%] [32mBuilding CXX object test/unit_tests/CMakeFiles/unittest_pilz_industrial_motion_planner_direct.dir/src/unittest_pilz_industrial_motion_planner_direct.cpp.o[0m
[471.678s] [ 97%] [32m[1mLinking CXX executable unittest_pilz_industrial_motion_planner_direct[0m
[471.923s] [ 97%] Built target unittest_pilz_industrial_motion_planner_direct
[471.958s] [ 98%] [32mBuilding CXX object test/unit_tests/CMakeFiles/unittest_trajectory_generator_common.dir/src/unittest_trajectory_generator_common.cpp.o[0m
[487.554s] [100%] [32m[1mLinking CXX executable unittest_trajectory_generator_common[0m
[487.962s] [100%] Built target unittest_trajectory_generator_common
[487.983s] Invoked command in '/home/wz/Desktop/ROS_ROBOT/build/pilz_industrial_motion_planner' returned '0': AMENT_PREFIX_PATH=/home/wz/Desktop/ROS_ROBOT/install/moveit_resources_prbt_pg70_support:/home/wz/Desktop/ROS_ROBOT/install/moveit_ros_planning_interface:/home/wz/Desktop/ROS_ROBOT/install/moveit_resources_prbt_moveit_config:/home/wz/Desktop/ROS_ROBOT/install/moveit_ros_move_group:/home/wz/Desktop/ROS_ROBOT/install/moveit_ros_warehouse:/home/wz/Desktop/ROS_ROBOT/install/moveit_planners_ompl:/home/wz/Desktop/ROS_ROBOT/install/moveit_kinematics:/home/wz/Desktop/ROS_ROBOT/install/moveit_ros_planning:/home/wz/Desktop/ROS_ROBOT/install/pilz_industrial_motion_planner_testutils:/home/wz/Desktop/ROS_ROBOT/install/moveit_simple_controller_manager:/home/wz/Desktop/ROS_ROBOT/install/moveit_ros_occupancy_map_monitor:/home/wz/Desktop/ROS_ROBOT/install/moveit_resources_prbt_ikfast_manipulator_plugin:/home/wz/Desktop/ROS_ROBOT/install/moveit_core:/home/wz/Desktop/ROS_ROBOT/install/moveit_resources_prbt_support:/home/wz/Desktop/ROS_ROBOT/install/moveit_configs_utils:/home/wz/Desktop/ROS_ROBOT/install/moveit_common:${AMENT_PREFIX_PATH} CMAKE_PREFIX_PATH=/home/wz/Desktop/ROS_ROBOT/install/moveit_resources_prbt_pg70_support:/home/wz/Desktop/ROS_ROBOT/install/moveit_ros_planning_interface:/home/wz/Desktop/ROS_ROBOT/install/moveit_resources_prbt_moveit_config:/home/wz/Desktop/ROS_ROBOT/install/moveit_ros_move_group:/home/wz/Desktop/ROS_ROBOT/install/moveit_ros_warehouse:/home/wz/Desktop/ROS_ROBOT/install/moveit_planners_ompl:/home/wz/Desktop/ROS_ROBOT/install/moveit_kinematics:/home/wz/Desktop/ROS_ROBOT/install/moveit_ros_planning:/home/wz/Desktop/ROS_ROBOT/install/pilz_industrial_motion_planner_testutils:/home/wz/Desktop/ROS_ROBOT/install/moveit_simple_controller_manager:/home/wz/Desktop/ROS_ROBOT/install/moveit_ros_occupancy_map_monitor:/home/wz/Desktop/ROS_ROBOT/install/moveit_resources_prbt_ikfast_manipulator_plugin:/home/wz/Desktop/ROS_ROBOT/install/moveit_core:/home/wz/Desktop/ROS_ROBOT/install/moveit_resources_prbt_support:/home/wz/Desktop/ROS_ROBOT/install/moveit_common:/opt/ros/humble LD_LIBRARY_PATH=/home/wz/Desktop/ROS_ROBOT/install/moveit_ros_planning_interface/lib:/home/wz/Desktop/ROS_ROBOT/install/moveit_ros_move_group/lib:/home/wz/Desktop/ROS_ROBOT/install/moveit_ros_warehouse/lib:/home/wz/Desktop/ROS_ROBOT/install/moveit_planners_ompl/lib:/home/wz/Desktop/ROS_ROBOT/install/moveit_kinematics/lib:/home/wz/Desktop/ROS_ROBOT/install/moveit_ros_planning/lib:/home/wz/Desktop/ROS_ROBOT/install/pilz_industrial_motion_planner_testutils/lib:/home/wz/Desktop/ROS_ROBOT/install/moveit_simple_controller_manager/lib:/home/wz/Desktop/ROS_ROBOT/install/moveit_ros_occupancy_map_monitor/lib:/home/wz/Desktop/ROS_ROBOT/install/moveit_resources_prbt_ikfast_manipulator_plugin/lib:/home/wz/Desktop/ROS_ROBOT/install/moveit_core/lib:${LD_LIBRARY_PATH} PATH=/home/wz/Desktop/ROS_ROBOT/install/moveit_core/bin:${PATH} PYTHONPATH=/home/wz/Desktop/ROS_ROBOT/build/moveit_configs_utils:/home/wz/Desktop/ROS_ROBOT/install/moveit_configs_utils/lib/python3.10/site-packages:${PYTHONPATH} /usr/bin/cmake --build /home/wz/Desktop/ROS_ROBOT/build/pilz_industrial_motion_planner -- -j4 -l4
[487.985s] Invoking command in '/home/wz/Desktop/ROS_ROBOT/build/pilz_industrial_motion_planner': AMENT_PREFIX_PATH=/home/wz/Desktop/ROS_ROBOT/install/moveit_resources_prbt_pg70_support:/home/wz/Desktop/ROS_ROBOT/install/moveit_ros_planning_interface:/home/wz/Desktop/ROS_ROBOT/install/moveit_resources_prbt_moveit_config:/home/wz/Desktop/ROS_ROBOT/install/moveit_ros_move_group:/home/wz/Desktop/ROS_ROBOT/install/moveit_ros_warehouse:/home/wz/Desktop/ROS_ROBOT/install/moveit_planners_ompl:/home/wz/Desktop/ROS_ROBOT/install/moveit_kinematics:/home/wz/Desktop/ROS_ROBOT/install/moveit_ros_planning:/home/wz/Desktop/ROS_ROBOT/install/pilz_industrial_motion_planner_testutils:/home/wz/Desktop/ROS_ROBOT/install/moveit_simple_controller_manager:/home/wz/Desktop/ROS_ROBOT/install/moveit_ros_occupancy_map_monitor:/home/wz/Desktop/ROS_ROBOT/install/moveit_resources_prbt_ikfast_manipulator_plugin:/home/wz/Desktop/ROS_ROBOT/install/moveit_core:/home/wz/Desktop/ROS_ROBOT/install/moveit_resources_prbt_support:/home/wz/Desktop/ROS_ROBOT/install/moveit_configs_utils:/home/wz/Desktop/ROS_ROBOT/install/moveit_common:${AMENT_PREFIX_PATH} CMAKE_PREFIX_PATH=/home/wz/Desktop/ROS_ROBOT/install/moveit_resources_prbt_pg70_support:/home/wz/Desktop/ROS_ROBOT/install/moveit_ros_planning_interface:/home/wz/Desktop/ROS_ROBOT/install/moveit_resources_prbt_moveit_config:/home/wz/Desktop/ROS_ROBOT/install/moveit_ros_move_group:/home/wz/Desktop/ROS_ROBOT/install/moveit_ros_warehouse:/home/wz/Desktop/ROS_ROBOT/install/moveit_planners_ompl:/home/wz/Desktop/ROS_ROBOT/install/moveit_kinematics:/home/wz/Desktop/ROS_ROBOT/install/moveit_ros_planning:/home/wz/Desktop/ROS_ROBOT/install/pilz_industrial_motion_planner_testutils:/home/wz/Desktop/ROS_ROBOT/install/moveit_simple_controller_manager:/home/wz/Desktop/ROS_ROBOT/install/moveit_ros_occupancy_map_monitor:/home/wz/Desktop/ROS_ROBOT/install/moveit_resources_prbt_ikfast_manipulator_plugin:/home/wz/Desktop/ROS_ROBOT/install/moveit_core:/home/wz/Desktop/ROS_ROBOT/install/moveit_resources_prbt_support:/home/wz/Desktop/ROS_ROBOT/install/moveit_common:/opt/ros/humble LD_LIBRARY_PATH=/home/wz/Desktop/ROS_ROBOT/install/moveit_ros_planning_interface/lib:/home/wz/Desktop/ROS_ROBOT/install/moveit_ros_move_group/lib:/home/wz/Desktop/ROS_ROBOT/install/moveit_ros_warehouse/lib:/home/wz/Desktop/ROS_ROBOT/install/moveit_planners_ompl/lib:/home/wz/Desktop/ROS_ROBOT/install/moveit_kinematics/lib:/home/wz/Desktop/ROS_ROBOT/install/moveit_ros_planning/lib:/home/wz/Desktop/ROS_ROBOT/install/pilz_industrial_motion_planner_testutils/lib:/home/wz/Desktop/ROS_ROBOT/install/moveit_simple_controller_manager/lib:/home/wz/Desktop/ROS_ROBOT/install/moveit_ros_occupancy_map_monitor/lib:/home/wz/Desktop/ROS_ROBOT/install/moveit_resources_prbt_ikfast_manipulator_plugin/lib:/home/wz/Desktop/ROS_ROBOT/install/moveit_core/lib:${LD_LIBRARY_PATH} PATH=/home/wz/Desktop/ROS_ROBOT/install/moveit_core/bin:${PATH} PYTHONPATH=/home/wz/Desktop/ROS_ROBOT/build/moveit_configs_utils:/home/wz/Desktop/ROS_ROBOT/install/moveit_configs_utils/lib/python3.10/site-packages:${PYTHONPATH} /usr/bin/cmake --install /home/wz/Desktop/ROS_ROBOT/build/pilz_industrial_motion_planner
[487.991s] -- Install configuration: "Release"
[487.992s] -- Execute custom install script
[487.992s] -- Symlinking: /home/wz/Desktop/ROS_ROBOT/install/pilz_industrial_motion_planner/share/pilz_industrial_motion_planner/plugins/pilz_industrial_motion_planner_plugin_description.xml
[488.002s] -- Symlinking: /home/wz/Desktop/ROS_ROBOT/install/pilz_industrial_motion_planner/share/pilz_industrial_motion_planner/plugins/sequence_capability_plugin_description.xml
[488.010s] -- Symlinking: /home/wz/Desktop/ROS_ROBOT/install/pilz_industrial_motion_planner/share/pilz_industrial_motion_planner/plugins/planning_context_plugin_description.xml
[488.018s] -- Symlinking: /home/wz/Desktop/ROS_ROBOT/install/pilz_industrial_motion_planner/include/joint_limits_copy/joint_limits.hpp
[488.026s] -- Symlinking: /home/wz/Desktop/ROS_ROBOT/install/pilz_industrial_motion_planner/include/joint_limits_copy/joint_limits_rosparam.hpp
[488.033s] -- Symlinking: /home/wz/Desktop/ROS_ROBOT/install/pilz_industrial_motion_planner/include/pilz_industrial_motion_planner/capability_names.h
[488.040s] -- Symlinking: /home/wz/Desktop/ROS_ROBOT/install/pilz_industrial_motion_planner/include/pilz_industrial_motion_planner/cartesian_limit.h
[488.053s] -- Symlinking: /home/wz/Desktop/ROS_ROBOT/install/pilz_industrial_motion_planner/include/pilz_industrial_motion_planner/cartesian_limits_aggregator.h
[488.070s] -- Symlinking: /home/wz/Desktop/ROS_ROBOT/install/pilz_industrial_motion_planner/include/pilz_industrial_motion_planner/cartesian_trajectory.h
[488.080s] -- Symlinking: /home/wz/Desktop/ROS_ROBOT/install/pilz_industrial_motion_planner/include/pilz_industrial_motion_planner/cartesian_trajectory_point.h
[488.090s] -- Symlinking: /home/wz/Desktop/ROS_ROBOT/install/pilz_industrial_motion_planner/include/pilz_industrial_motion_planner/command_list_manager.h
[488.099s] -- Symlinking: /home/wz/Desktop/ROS_ROBOT/install/pilz_industrial_motion_planner/include/pilz_industrial_motion_planner/joint_limits_aggregator.h
[488.106s] -- Symlinking: /home/wz/Desktop/ROS_ROBOT/install/pilz_industrial_motion_planner/include/pilz_industrial_motion_planner/joint_limits_container.h
[488.113s] -- Symlinking: /home/wz/Desktop/ROS_ROBOT/install/pilz_industrial_motion_planner/include/pilz_industrial_motion_planner/joint_limits_extension.h
[488.119s] -- Symlinking: /home/wz/Desktop/ROS_ROBOT/install/pilz_industrial_motion_planner/include/pilz_industrial_motion_planner/joint_limits_interface_extension.h
[488.127s] -- Symlinking: /home/wz/Desktop/ROS_ROBOT/install/pilz_industrial_motion_planner/include/pilz_industrial_motion_planner/joint_limits_validator.h
[488.134s] -- Symlinking: /home/wz/Desktop/ROS_ROBOT/install/pilz_industrial_motion_planner/include/pilz_industrial_motion_planner/limits_container.h
[488.141s] -- Symlinking: /home/wz/Desktop/ROS_ROBOT/install/pilz_industrial_motion_planner/include/pilz_industrial_motion_planner/move_group_sequence_action.h
[488.151s] -- Symlinking: /home/wz/Desktop/ROS_ROBOT/install/pilz_industrial_motion_planner/include/pilz_industrial_motion_planner/move_group_sequence_service.h
[488.167s] -- Symlinking: /home/wz/Desktop/ROS_ROBOT/install/pilz_industrial_motion_planner/include/pilz_industrial_motion_planner/path_circle_generator.h
[488.183s] -- Symlinking: /home/wz/Desktop/ROS_ROBOT/install/pilz_industrial_motion_planner/include/pilz_industrial_motion_planner/pilz_industrial_motion_planner.h
[488.192s] -- Symlinking: /home/wz/Desktop/ROS_ROBOT/install/pilz_industrial_motion_planner/include/pilz_industrial_motion_planner/plan_components_builder.h
[488.205s] -- Symlinking: /home/wz/Desktop/ROS_ROBOT/install/pilz_industrial_motion_planner/include/pilz_industrial_motion_planner/planning_context_base.h
[488.215s] -- Symlinking: /home/wz/Desktop/ROS_ROBOT/install/pilz_industrial_motion_planner/include/pilz_industrial_motion_planner/planning_context_circ.h
[488.222s] -- Symlinking: /home/wz/Desktop/ROS_ROBOT/install/pilz_industrial_motion_planner/include/pilz_industrial_motion_planner/planning_context_lin.h
[488.232s] -- Symlinking: /home/wz/Desktop/ROS_ROBOT/install/pilz_industrial_motion_planner/include/pilz_industrial_motion_planner/planning_context_loader.h
[488.240s] -- Symlinking: /home/wz/Desktop/ROS_ROBOT/install/pilz_industrial_motion_planner/include/pilz_industrial_motion_planner/planning_context_loader_circ.h
[488.251s] -- Symlinking: /home/wz/Desktop/ROS_ROBOT/install/pilz_industrial_motion_planner/include/pilz_industrial_motion_planner/planning_context_loader_lin.h
[488.265s] -- Symlinking: /home/wz/Desktop/ROS_ROBOT/install/pilz_industrial_motion_planner/include/pilz_industrial_motion_planner/planning_context_loader_ptp.h
[488.280s] -- Symlinking: /home/wz/Desktop/ROS_ROBOT/install/pilz_industrial_motion_planner/include/pilz_industrial_motion_planner/planning_context_ptp.h
[488.294s] -- Symlinking: /home/wz/Desktop/ROS_ROBOT/install/pilz_industrial_motion_planner/include/pilz_industrial_motion_planner/planning_exceptions.h
[488.306s] -- Symlinking: /home/wz/Desktop/ROS_ROBOT/install/pilz_industrial_motion_planner/include/pilz_industrial_motion_planner/tip_frame_getter.h
[488.314s] -- Symlinking: /home/wz/Desktop/ROS_ROBOT/install/pilz_industrial_motion_planner/include/pilz_industrial_motion_planner/trajectory_blend_request.h
[488.323s] -- Symlinking: /home/wz/Desktop/ROS_ROBOT/install/pilz_industrial_motion_planner/include/pilz_industrial_motion_planner/trajectory_blend_response.h
[488.331s] -- Symlinking: /home/wz/Desktop/ROS_ROBOT/install/pilz_industrial_motion_planner/include/pilz_industrial_motion_planner/trajectory_blender.h
[488.340s] -- Symlinking: /home/wz/Desktop/ROS_ROBOT/install/pilz_industrial_motion_planner/include/pilz_industrial_motion_planner/trajectory_blender_transition_window.h
[488.348s] -- Symlinking: /home/wz/Desktop/ROS_ROBOT/install/pilz_industrial_motion_planner/include/pilz_industrial_motion_planner/trajectory_functions.h
[488.356s] -- Symlinking: /home/wz/Desktop/ROS_ROBOT/install/pilz_industrial_motion_planner/include/pilz_industrial_motion_planner/trajectory_generation_exceptions.h
[488.364s] -- Symlinking: /home/wz/Desktop/ROS_ROBOT/install/pilz_industrial_motion_planner/include/pilz_industrial_motion_planner/trajectory_generator.h
[488.373s] -- Symlinking: /home/wz/Desktop/ROS_ROBOT/install/pilz_industrial_motion_planner/include/pilz_industrial_motion_planner/trajectory_generator_circ.h
[488.382s] -- Symlinking: /home/wz/Desktop/ROS_ROBOT/install/pilz_industrial_motion_planner/include/pilz_industrial_motion_planner/trajectory_generator_lin.h
[488.391s] -- Symlinking: /home/wz/Desktop/ROS_ROBOT/install/pilz_industrial_motion_planner/include/pilz_industrial_motion_planner/trajectory_generator_ptp.h
[488.400s] -- Symlinking: /home/wz/Desktop/ROS_ROBOT/install/pilz_industrial_motion_planner/include/pilz_industrial_motion_planner/velocity_profile_atrap.h
[488.412s] -- Symlinking: /home/wz/Desktop/ROS_ROBOT/install/pilz_industrial_motion_planner/share/pilz_industrial_motion_planner/environment/library_path.sh
[488.424s] -- Symlinking: /home/wz/Desktop/ROS_ROBOT/install/pilz_industrial_motion_planner/share/pilz_industrial_motion_planner/environment/library_path.dsv
[488.435s] -- Symlinking: /home/wz/Desktop/ROS_ROBOT/install/pilz_industrial_motion_planner/lib/pilz_industrial_motion_planner/unittest_pilz_industrial_motion_planner_direct
[488.444s] -- Symlinking: /home/wz/Desktop/ROS_ROBOT/install/pilz_industrial_motion_planner/lib/pilz_industrial_motion_planner/unittest_velocity_profile_atrap
[488.452s] -- Symlinking: /home/wz/Desktop/ROS_ROBOT/install/pilz_industrial_motion_planner/lib/pilz_industrial_motion_planner/unittest_trajectory_generator
[488.460s] -- Symlinking: /home/wz/Desktop/ROS_ROBOT/install/pilz_industrial_motion_planner/lib/pilz_industrial_motion_planner/unittest_trajectory_functions
[488.469s] -- Symlinking: /home/wz/Desktop/ROS_ROBOT/install/pilz_industrial_motion_planner/lib/pilz_industrial_motion_planner/unittest_trajectory_blender_transition_window
[488.477s] -- Symlinking: /home/wz/Desktop/ROS_ROBOT/install/pilz_industrial_motion_planner/lib/pilz_industrial_motion_planner/unittest_trajectory_generator_common
[488.486s] -- Symlinking: /home/wz/Desktop/ROS_ROBOT/install/pilz_industrial_motion_planner/lib/pilz_industrial_motion_planner/unittest_trajectory_generator_circ
[488.500s] -- Symlinking: /home/wz/Desktop/ROS_ROBOT/install/pilz_industrial_motion_planner/lib/pilz_industrial_motion_planner/unittest_trajectory_generator_lin
[488.509s] -- Symlinking: /home/wz/Desktop/ROS_ROBOT/install/pilz_industrial_motion_planner/lib/pilz_industrial_motion_planner/unittest_trajectory_generator_ptp
[488.523s] -- Symlinking: /home/wz/Desktop/ROS_ROBOT/install/pilz_industrial_motion_planner/lib/pilz_industrial_motion_planner/unittest_pilz_industrial_motion_planner
[488.532s] -- Symlinking: /home/wz/Desktop/ROS_ROBOT/install/pilz_industrial_motion_planner/lib/pilz_industrial_motion_planner/unittest_joint_limit
[488.541s] -- Symlinking: /home/wz/Desktop/ROS_ROBOT/install/pilz_industrial_motion_planner/lib/pilz_industrial_motion_planner/unittest_joint_limits_aggregator
[488.550s] -- Symlinking: /home/wz/Desktop/ROS_ROBOT/install/pilz_industrial_motion_planner/lib/pilz_industrial_motion_planner/unittest_joint_limits_container
[488.559s] -- Symlinking: /home/wz/Desktop/ROS_ROBOT/install/pilz_industrial_motion_planner/lib/pilz_industrial_motion_planner/unittest_joint_limits_validator
[488.568s] -- Symlinking: /home/wz/Desktop/ROS_ROBOT/install/pilz_industrial_motion_planner/lib/pilz_industrial_motion_planner/unittest_cartesian_limits_aggregator
[488.577s] -- Symlinking: /home/wz/Desktop/ROS_ROBOT/install/pilz_industrial_motion_planner/lib/pilz_industrial_motion_planner/unittest_planning_context_loaders
[488.586s] -- Symlinking: /home/wz/Desktop/ROS_ROBOT/install/pilz_industrial_motion_planner/lib/pilz_industrial_motion_planner/unittest_planning_context
[488.596s] -- Symlinking: /home/wz/Desktop/ROS_ROBOT/install/pilz_industrial_motion_planner/lib/pilz_industrial_motion_planner/unittest_get_solver_tip_frame
[488.610s] -- Symlinking: /home/wz/Desktop/ROS_ROBOT/install/pilz_industrial_motion_planner/share/pilz_industrial_motion_planner/config/unittest_cartesian_limits_aggregator.yaml
[488.622s] -- Symlinking: /home/wz/Desktop/ROS_ROBOT/install/pilz_industrial_motion_planner/share/pilz_industrial_motion_planner/config/unittest_joint_limit_config.yaml
[488.632s] -- Symlinking: /home/wz/Desktop/ROS_ROBOT/install/pilz_industrial_motion_planner/share/pilz_industrial_motion_planner/config/unittest_joint_limits_aggregator.yaml
[488.640s] -- Symlinking: /home/wz/Desktop/ROS_ROBOT/install/pilz_industrial_motion_planner/share/pilz_industrial_motion_planner/config/unittest_trajectory_blender_transition_window.yaml
[488.656s] -- Symlinking: /home/wz/Desktop/ROS_ROBOT/install/pilz_industrial_motion_planner/share/pilz_industrial_motion_planner/config/unittest_trajectory_functions.yaml
[488.671s] -- Symlinking: /home/wz/Desktop/ROS_ROBOT/install/pilz_industrial_motion_planner/share/pilz_industrial_motion_planner/config/unittest_trajectory_generator_circ.yaml
[488.685s] -- Symlinking: /home/wz/Desktop/ROS_ROBOT/install/pilz_industrial_motion_planner/share/pilz_industrial_motion_planner/config/unittest_trajectory_generator_common.yaml
[488.706s] -- Symlinking: /home/wz/Desktop/ROS_ROBOT/install/pilz_industrial_motion_planner/share/pilz_industrial_motion_planner/config/unittest_trajectory_generator_lin.yaml
[488.728s] -- Symlinking: /home/wz/Desktop/ROS_ROBOT/install/pilz_industrial_motion_planner/share/pilz_industrial_motion_planner/config/unittest_trajectory_generator_ptp.yaml
[488.745s] -- Symlinking: /home/wz/Desktop/ROS_ROBOT/install/pilz_industrial_motion_planner/share/pilz_industrial_motion_planner/launch/common_parameters.py
[488.766s] -- Symlinking: /home/wz/Desktop/ROS_ROBOT/install/pilz_industrial_motion_planner/share/pilz_industrial_motion_planner/launch/unittest_cartesian_limits_aggregator.test.py
[488.790s] -- Symlinking: /home/wz/Desktop/ROS_ROBOT/install/pilz_industrial_motion_planner/share/pilz_industrial_motion_planner/launch/unittest_joint_limit.test.py
[488.809s] -- Symlinking: /home/wz/Desktop/ROS_ROBOT/install/pilz_industrial_motion_planner/share/pilz_industrial_motion_planner/launch/unittest_joint_limits_aggregator.test.py
[488.827s] -- Symlinking: /home/wz/Desktop/ROS_ROBOT/install/pilz_industrial_motion_planner/share/pilz_industrial_motion_planner/launch/unittest_pilz_industrial_motion_planner.test.py
[488.837s] -- Symlinking: /home/wz/Desktop/ROS_ROBOT/install/pilz_industrial_motion_planner/share/pilz_industrial_motion_planner/launch/unittest_planning_context.test.py
[488.846s] -- Symlinking: /home/wz/Desktop/ROS_ROBOT/install/pilz_industrial_motion_planner/share/pilz_industrial_motion_planner/launch/unittest_planning_context_loaders.test.py
[488.859s] -- Symlinking: /home/wz/Desktop/ROS_ROBOT/install/pilz_industrial_motion_planner/share/pilz_industrial_motion_planner/launch/unittest_trajectory_blender_transition_window.test.py
[488.873s] -- Symlinking: /home/wz/Desktop/ROS_ROBOT/install/pilz_industrial_motion_planner/share/pilz_industrial_motion_planner/launch/unittest_trajectory_functions.test.py
[488.887s] -- Symlinking: /home/wz/Desktop/ROS_ROBOT/install/pilz_industrial_motion_planner/share/pilz_industrial_motion_planner/launch/unittest_trajectory_generator_circ.test.py
[488.902s] -- Symlinking: /home/wz/Desktop/ROS_ROBOT/install/pilz_industrial_motion_planner/share/pilz_industrial_motion_planner/launch/unittest_trajectory_generator_common.test.py
[488.911s] -- Symlinking: /home/wz/Desktop/ROS_ROBOT/install/pilz_industrial_motion_planner/share/pilz_industrial_motion_planner/launch/unittest_trajectory_generator_lin.test.py
[488.920s] -- Symlinking: /home/wz/Desktop/ROS_ROBOT/install/pilz_industrial_motion_planner/share/pilz_industrial_motion_planner/launch/unittest_trajectory_generator_ptp.test.py
[488.928s] -- Symlinking: /home/wz/Desktop/ROS_ROBOT/install/pilz_industrial_motion_planner/share/pilz_industrial_motion_planner/test_data/concept_testdata.odp
[488.936s] -- Symlinking: /home/wz/Desktop/ROS_ROBOT/install/pilz_industrial_motion_planner/share/pilz_industrial_motion_planner/test_data/concept_testdata.png
[488.943s] -- Symlinking: /home/wz/Desktop/ROS_ROBOT/install/pilz_industrial_motion_planner/share/pilz_industrial_motion_planner/test_data/frankaemika_panda/testdata_sequence.xml
[488.958s] -- Symlinking: /home/wz/Desktop/ROS_ROBOT/install/pilz_industrial_motion_planner/share/pilz_industrial_motion_planner/test_data/prbt/testdata_deprecated.xml
[488.971s] -- Symlinking: /home/wz/Desktop/ROS_ROBOT/install/pilz_industrial_motion_planner/share/pilz_industrial_motion_planner/test_data/prbt/testdata_sequence.xml
[488.985s] -- Symlinking: /home/wz/Desktop/ROS_ROBOT/install/pilz_industrial_motion_planner/share/pilz_industrial_motion_planner/test_data/prbt/testdata_with_gripper.xml
[488.999s] -- Symlinking: /home/wz/Desktop/ROS_ROBOT/install/pilz_industrial_motion_planner/share/pilz_industrial_motion_planner/test_data/testpoints.py
[489.019s] -- Symlinking: /home/wz/Desktop/ROS_ROBOT/install/pilz_industrial_motion_planner/share/ament_index/resource_index/package_run_dependencies/pilz_industrial_motion_planner
[489.031s] -- Symlinking: /home/wz/Desktop/ROS_ROBOT/install/pilz_industrial_motion_planner/share/ament_index/resource_index/parent_prefix_path/pilz_industrial_motion_planner
[489.041s] -- Symlinking: /home/wz/Desktop/ROS_ROBOT/install/pilz_industrial_motion_planner/share/pilz_industrial_motion_planner/environment/ament_prefix_path.sh
[489.057s] -- Symlinking: /home/wz/Desktop/ROS_ROBOT/install/pilz_industrial_motion_planner/share/pilz_industrial_motion_planner/environment/ament_prefix_path.dsv
[489.071s] -- Symlinking: /home/wz/Desktop/ROS_ROBOT/install/pilz_industrial_motion_planner/share/pilz_industrial_motion_planner/environment/path.sh
[489.089s] -- Symlinking: /home/wz/Desktop/ROS_ROBOT/install/pilz_industrial_motion_planner/share/pilz_industrial_motion_planner/environment/path.dsv
[489.104s] -- Symlinking: /home/wz/Desktop/ROS_ROBOT/install/pilz_industrial_motion_planner/share/pilz_industrial_motion_planner/local_setup.bash
[489.122s] -- Symlinking: /home/wz/Desktop/ROS_ROBOT/install/pilz_industrial_motion_planner/share/pilz_industrial_motion_planner/local_setup.sh
[489.131s] -- Symlinking: /home/wz/Desktop/ROS_ROBOT/install/pilz_industrial_motion_planner/share/pilz_industrial_motion_planner/local_setup.zsh
[489.142s] -- Symlinking: /home/wz/Desktop/ROS_ROBOT/install/pilz_industrial_motion_planner/share/pilz_industrial_motion_planner/local_setup.dsv
[489.158s] -- Symlinking: /home/wz/Desktop/ROS_ROBOT/install/pilz_industrial_motion_planner/share/pilz_industrial_motion_planner/package.dsv
[489.171s] -- Symlinking: /home/wz/Desktop/ROS_ROBOT/install/pilz_industrial_motion_planner/share/ament_index/resource_index/packages/pilz_industrial_motion_planner
[489.185s] -- Symlinking: /home/wz/Desktop/ROS_ROBOT/install/pilz_industrial_motion_planner/share/ament_index/resource_index/moveit_core__pluginlib__plugin/pilz_industrial_motion_planner
[489.199s] -- Symlinking: /home/wz/Desktop/ROS_ROBOT/install/pilz_industrial_motion_planner/share/ament_index/resource_index/moveit_ros_move_group__pluginlib__plugin/pilz_industrial_motion_planner
[489.219s] -- Symlinking: /home/wz/Desktop/ROS_ROBOT/install/pilz_industrial_motion_planner/share/ament_index/resource_index/pilz_industrial_motion_planner__pluginlib__plugin/pilz_industrial_motion_planner
[489.230s] -- Symlinking: /home/wz/Desktop/ROS_ROBOT/install/pilz_industrial_motion_planner/share/pilz_industrial_motion_planner/cmake/ament_cmake_export_include_directories-extras.cmake
[489.239s] -- Symlinking: /home/wz/Desktop/ROS_ROBOT/install/pilz_industrial_motion_planner/share/pilz_industrial_motion_planner/cmake/ament_cmake_export_targets-extras.cmake
[489.251s] -- Symlinking: /home/wz/Desktop/ROS_ROBOT/install/pilz_industrial_motion_planner/share/pilz_industrial_motion_planner/cmake/ament_cmake_export_dependencies-extras.cmake
[489.271s] -- Symlinking: /home/wz/Desktop/ROS_ROBOT/install/pilz_industrial_motion_planner/share/pilz_industrial_motion_planner/cmake/pilz_industrial_motion_plannerConfig.cmake
[489.287s] -- Symlinking: /home/wz/Desktop/ROS_ROBOT/install/pilz_industrial_motion_planner/share/pilz_industrial_motion_planner/cmake/pilz_industrial_motion_plannerConfig-version.cmake
[489.301s] -- Symlinking: /home/wz/Desktop/ROS_ROBOT/install/pilz_industrial_motion_planner/share/pilz_industrial_motion_planner/package.xml
[489.312s] -- Installing: /home/wz/Desktop/ROS_ROBOT/install/pilz_industrial_motion_planner/lib/libpilz_industrial_motion_planner.so
[489.313s] -- Set runtime path of "/home/wz/Desktop/ROS_ROBOT/install/pilz_industrial_motion_planner/lib/libpilz_industrial_motion_planner.so" to ""
[489.314s] -- Installing: /home/wz/Desktop/ROS_ROBOT/install/pilz_industrial_motion_planner/lib/libjoint_limits_common.so
[489.316s] -- Set runtime path of "/home/wz/Desktop/ROS_ROBOT/install/pilz_industrial_motion_planner/lib/libjoint_limits_common.so" to ""
[489.316s] -- Installing: /home/wz/Desktop/ROS_ROBOT/install/pilz_industrial_motion_planner/lib/libplanning_context_loader_base.so
[489.316s] -- Set runtime path of "/home/wz/Desktop/ROS_ROBOT/install/pilz_industrial_motion_planner/lib/libplanning_context_loader_base.so" to ""
[489.316s] -- Installing: /home/wz/Desktop/ROS_ROBOT/install/pilz_industrial_motion_planner/lib/libplanning_context_loader_ptp.so
[489.316s] -- Set runtime path of "/home/wz/Desktop/ROS_ROBOT/install/pilz_industrial_motion_planner/lib/libplanning_context_loader_ptp.so" to ""
[489.316s] -- Installing: /home/wz/Desktop/ROS_ROBOT/install/pilz_industrial_motion_planner/lib/libplanning_context_loader_lin.so
[489.316s] -- Set runtime path of "/home/wz/Desktop/ROS_ROBOT/install/pilz_industrial_motion_planner/lib/libplanning_context_loader_lin.so" to ""
[489.316s] -- Installing: /home/wz/Desktop/ROS_ROBOT/install/pilz_industrial_motion_planner/lib/libplanning_context_loader_circ.so
[489.317s] -- Set runtime path of "/home/wz/Desktop/ROS_ROBOT/install/pilz_industrial_motion_planner/lib/libplanning_context_loader_circ.so" to ""
[489.317s] -- Installing: /home/wz/Desktop/ROS_ROBOT/install/pilz_industrial_motion_planner/lib/libcommand_list_manager.so
[489.317s] -- Set runtime path of "/home/wz/Desktop/ROS_ROBOT/install/pilz_industrial_motion_planner/lib/libcommand_list_manager.so" to ""
[489.318s] -- Installing: /home/wz/Desktop/ROS_ROBOT/install/pilz_industrial_motion_planner/lib/libsequence_capability.so
[489.321s] -- Set runtime path of "/home/wz/Desktop/ROS_ROBOT/install/pilz_industrial_motion_planner/lib/libsequence_capability.so" to ""
[489.322s] -- Installing: /home/wz/Desktop/ROS_ROBOT/install/pilz_industrial_motion_planner/lib/libtrajectory_generation_common.so
[489.322s] -- Set runtime path of "/home/wz/Desktop/ROS_ROBOT/install/pilz_industrial_motion_planner/lib/libtrajectory_generation_common.so" to ""
[489.322s] -- Installing: /home/wz/Desktop/ROS_ROBOT/install/pilz_industrial_motion_planner/share/pilz_industrial_motion_planner/cmake/pilz_industrial_motion_plannerTargetsExport.cmake
[489.322s] -- Installing: /home/wz/Desktop/ROS_ROBOT/install/pilz_industrial_motion_planner/share/pilz_industrial_motion_planner/cmake/pilz_industrial_motion_plannerTargetsExport-release.cmake
[489.323s] Invoked command in '/home/wz/Desktop/ROS_ROBOT/build/pilz_industrial_motion_planner' returned '0': AMENT_PREFIX_PATH=/home/wz/Desktop/ROS_ROBOT/install/moveit_resources_prbt_pg70_support:/home/wz/Desktop/ROS_ROBOT/install/moveit_ros_planning_interface:/home/wz/Desktop/ROS_ROBOT/install/moveit_resources_prbt_moveit_config:/home/wz/Desktop/ROS_ROBOT/install/moveit_ros_move_group:/home/wz/Desktop/ROS_ROBOT/install/moveit_ros_warehouse:/home/wz/Desktop/ROS_ROBOT/install/moveit_planners_ompl:/home/wz/Desktop/ROS_ROBOT/install/moveit_kinematics:/home/wz/Desktop/ROS_ROBOT/install/moveit_ros_planning:/home/wz/Desktop/ROS_ROBOT/install/pilz_industrial_motion_planner_testutils:/home/wz/Desktop/ROS_ROBOT/install/moveit_simple_controller_manager:/home/wz/Desktop/ROS_ROBOT/install/moveit_ros_occupancy_map_monitor:/home/wz/Desktop/ROS_ROBOT/install/moveit_resources_prbt_ikfast_manipulator_plugin:/home/wz/Desktop/ROS_ROBOT/install/moveit_core:/home/wz/Desktop/ROS_ROBOT/install/moveit_resources_prbt_support:/home/wz/Desktop/ROS_ROBOT/install/moveit_configs_utils:/home/wz/Desktop/ROS_ROBOT/install/moveit_common:${AMENT_PREFIX_PATH} CMAKE_PREFIX_PATH=/home/wz/Desktop/ROS_ROBOT/install/moveit_resources_prbt_pg70_support:/home/wz/Desktop/ROS_ROBOT/install/moveit_ros_planning_interface:/home/wz/Desktop/ROS_ROBOT/install/moveit_resources_prbt_moveit_config:/home/wz/Desktop/ROS_ROBOT/install/moveit_ros_move_group:/home/wz/Desktop/ROS_ROBOT/install/moveit_ros_warehouse:/home/wz/Desktop/ROS_ROBOT/install/moveit_planners_ompl:/home/wz/Desktop/ROS_ROBOT/install/moveit_kinematics:/home/wz/Desktop/ROS_ROBOT/install/moveit_ros_planning:/home/wz/Desktop/ROS_ROBOT/install/pilz_industrial_motion_planner_testutils:/home/wz/Desktop/ROS_ROBOT/install/moveit_simple_controller_manager:/home/wz/Desktop/ROS_ROBOT/install/moveit_ros_occupancy_map_monitor:/home/wz/Desktop/ROS_ROBOT/install/moveit_resources_prbt_ikfast_manipulator_plugin:/home/wz/Desktop/ROS_ROBOT/install/moveit_core:/home/wz/Desktop/ROS_ROBOT/install/moveit_resources_prbt_support:/home/wz/Desktop/ROS_ROBOT/install/moveit_common:/opt/ros/humble LD_LIBRARY_PATH=/home/wz/Desktop/ROS_ROBOT/install/moveit_ros_planning_interface/lib:/home/wz/Desktop/ROS_ROBOT/install/moveit_ros_move_group/lib:/home/wz/Desktop/ROS_ROBOT/install/moveit_ros_warehouse/lib:/home/wz/Desktop/ROS_ROBOT/install/moveit_planners_ompl/lib:/home/wz/Desktop/ROS_ROBOT/install/moveit_kinematics/lib:/home/wz/Desktop/ROS_ROBOT/install/moveit_ros_planning/lib:/home/wz/Desktop/ROS_ROBOT/install/pilz_industrial_motion_planner_testutils/lib:/home/wz/Desktop/ROS_ROBOT/install/moveit_simple_controller_manager/lib:/home/wz/Desktop/ROS_ROBOT/install/moveit_ros_occupancy_map_monitor/lib:/home/wz/Desktop/ROS_ROBOT/install/moveit_resources_prbt_ikfast_manipulator_plugin/lib:/home/wz/Desktop/ROS_ROBOT/install/moveit_core/lib:${LD_LIBRARY_PATH} PATH=/home/wz/Desktop/ROS_ROBOT/install/moveit_core/bin:${PATH} PYTHONPATH=/home/wz/Desktop/ROS_ROBOT/build/moveit_configs_utils:/home/wz/Desktop/ROS_ROBOT/install/moveit_configs_utils/lib/python3.10/site-packages:${PYTHONPATH} /usr/bin/cmake --install /home/wz/Desktop/ROS_ROBOT/build/pilz_industrial_motion_planner
