[0.041s] Invoking command in '/home/wz/Desktop/ROS_ROBOT/build/moveit_setup_framework': AMENT_PREFIX_PATH=/home/wz/Desktop/ROS_ROBOT/install/moveit_ros_visualization:/home/wz/Desktop/ROS_ROBOT/install/moveit_ros_planning_interface:/home/wz/Desktop/ROS_ROBOT/install/moveit_ros_move_group:/home/wz/Desktop/ROS_ROBOT/install/moveit_ros_warehouse:/home/wz/Desktop/ROS_ROBOT/install/moveit_ros_robot_interaction:/home/wz/Desktop/ROS_ROBOT/install/moveit_planners_ompl:/home/wz/Desktop/ROS_ROBOT/install/moveit_kinematics:/home/wz/Desktop/ROS_ROBOT/install/moveit_ros_planning:/home/wz/Desktop/ROS_ROBOT/install/moveit_simple_controller_manager:/home/wz/Desktop/ROS_ROBOT/install/moveit_ros_occupancy_map_monitor:/home/wz/Desktop/ROS_ROBOT/install/moveit_core:/home/wz/Desktop/ROS_ROBOT/install/moveit_configs_utils:/home/wz/Desktop/ROS_ROBOT/install/moveit_common:${AMENT_PREFIX_PATH} CMAKE_PREFIX_PATH=/home/wz/Desktop/ROS_ROBOT/install/moveit_ros_visualization:/home/wz/Desktop/ROS_ROBOT/install/moveit_ros_planning_interface:/home/wz/Desktop/ROS_ROBOT/install/moveit_ros_move_group:/home/wz/Desktop/ROS_ROBOT/install/moveit_ros_warehouse:/home/wz/Desktop/ROS_ROBOT/install/moveit_ros_robot_interaction:/home/wz/Desktop/ROS_ROBOT/install/moveit_planners_ompl:/home/wz/Desktop/ROS_ROBOT/install/moveit_kinematics:/home/wz/Desktop/ROS_ROBOT/install/moveit_ros_planning:/home/wz/Desktop/ROS_ROBOT/install/moveit_simple_controller_manager:/home/wz/Desktop/ROS_ROBOT/install/moveit_ros_occupancy_map_monitor:/home/wz/Desktop/ROS_ROBOT/install/moveit_core:/home/wz/Desktop/ROS_ROBOT/install/moveit_common:/opt/ros/humble LD_LIBRARY_PATH=/home/wz/Desktop/ROS_ROBOT/install/moveit_ros_visualization/lib:/home/wz/Desktop/ROS_ROBOT/install/moveit_ros_planning_interface/lib:/home/wz/Desktop/ROS_ROBOT/install/moveit_ros_move_group/lib:/home/wz/Desktop/ROS_ROBOT/install/moveit_ros_warehouse/lib:/home/wz/Desktop/ROS_ROBOT/install/moveit_ros_robot_interaction/lib:/home/wz/Desktop/ROS_ROBOT/install/moveit_planners_ompl/lib:/home/wz/Desktop/ROS_ROBOT/install/moveit_kinematics/lib:/home/wz/Desktop/ROS_ROBOT/install/moveit_ros_planning/lib:/home/wz/Desktop/ROS_ROBOT/install/moveit_simple_controller_manager/lib:/home/wz/Desktop/ROS_ROBOT/install/moveit_ros_occupancy_map_monitor/lib:/home/wz/Desktop/ROS_ROBOT/install/moveit_core/lib:${LD_LIBRARY_PATH} PATH=/home/wz/Desktop/ROS_ROBOT/install/moveit_core/bin:${PATH} PYTHONPATH=/home/wz/Desktop/ROS_ROBOT/build/moveit_configs_utils:/home/wz/Desktop/ROS_ROBOT/install/moveit_configs_utils/lib/python3.10/site-packages:${PYTHONPATH} /usr/bin/cmake /home/wz/Desktop/ROS_ROBOT/src/moveit2/moveit_setup_assistant/moveit_setup_framework -DAMENT_CMAKE_SYMLINK_INSTALL=1 -DCMAKE_INSTALL_PREFIX=/home/wz/Desktop/ROS_ROBOT/install/moveit_setup_framework
[0.089s] -- The C compiler identification is GNU 11.4.0
[0.139s] -- The CXX compiler identification is GNU 11.4.0
[0.148s] -- Detecting C compiler ABI info
[0.218s] -- Detecting C compiler ABI info - done
[0.223s] -- Check for working C compiler: /usr/bin/cc - skipped
[0.223s] -- Detecting C compile features
[0.224s] -- Detecting C compile features - done
[0.226s] -- Detecting CXX compiler ABI info
[0.301s] -- Detecting CXX compiler ABI info - done
[0.303s] -- Check for working CXX compiler: /usr/bin/c++ - skipped
[0.304s] -- Detecting CXX compile features
[0.304s] -- Detecting CXX compile features - done
[0.305s] -- Found moveit_common: 2.5.9 (/home/wz/Desktop/ROS_ROBOT/install/moveit_common/share/moveit_common/cmake)
[0.307s] -- Found ament_cmake: 1.3.11 (/opt/ros/humble/share/ament_cmake/cmake)
[0.438s] -- Found Python3: /usr/bin/python3 (found version "3.10.12") found components: Interpreter 
[0.489s] -- Override CMake install command with custom implementation using symlinks instead of copying resources
[0.586s] [0mmoveit_setup_framework: You did not request a specific build type: Choosing 'Release' for maximum performance[0m
[0.591s] -- Found ament_cmake_ros: 0.10.0 (/opt/ros/humble/share/ament_cmake_ros/cmake)
[0.607s] -- Found ament_index_cpp: 1.4.0 (/opt/ros/humble/share/ament_index_cpp/cmake)
[0.610s] -- Found moveit_core: 2.5.9 (/home/wz/Desktop/ROS_ROBOT/install/moveit_core/share/moveit_core/cmake)
[0.882s] -- Found Boost: /usr/lib/x86_64-linux-gnu/cmake/Boost-1.74.0/BoostConfig.cmake (found version "1.74.0") found components: chrono date_time filesystem iostreams program_options regex serialization system thread 
[0.931s] -- Found parameter_traits: 0.5.0 (/opt/ros/humble/share/parameter_traits/cmake)
[0.967s] -- Found rosidl_generator_c: 3.1.6 (/opt/ros/humble/share/rosidl_generator_c/cmake)
[0.972s] -- Found rosidl_adapter: 3.1.6 (/opt/ros/humble/share/rosidl_adapter/cmake)
[0.981s] -- Found rosidl_generator_cpp: 3.1.6 (/opt/ros/humble/share/rosidl_generator_cpp/cmake)
[0.991s] -- Using all available rosidl_typesupport_c: rosidl_typesupport_fastrtps_c;rosidl_typesupport_introspection_c
[1.008s] -- Using all available rosidl_typesupport_cpp: rosidl_typesupport_fastrtps_cpp;rosidl_typesupport_introspection_cpp
[1.051s] -- Found rmw_implementation_cmake: 6.1.2 (/opt/ros/humble/share/rmw_implementation_cmake/cmake)
[1.053s] -- Found rmw_fastrtps_cpp: 6.2.7 (/opt/ros/humble/share/rmw_fastrtps_cpp/cmake)
[1.131s] -- Found OpenSSL: /usr/lib/x86_64-linux-gnu/libcrypto.so (found version "3.0.2")  
[1.150s] -- Found FastRTPS: /opt/ros/humble/include  
[1.190s] -- Using RMW implementation 'rmw_fastrtps_cpp' as default
[1.201s] -- Found Threads: TRUE  
[1.250s] -- Found rclcpp_lifecycle: 16.0.12 (/opt/ros/humble/share/rclcpp_lifecycle/cmake)
[1.270s] -- Found Boost: /usr/lib/x86_64-linux-gnu/cmake/Boost-1.74.0/BoostConfig.cmake (found version "1.74.0") found components: filesystem 
[1.359s] -- library: /usr/lib/x86_64-linux-gnu/libcurl.so
[1.409s] -- Found Eigen3: TRUE (found version "3.4.0") 
[1.409s] -- Ensuring Eigen3 include directory is part of orocos-kdl CMake target
[1.610s] -- Found moveit_ros_planning: 2.5.9 (/home/wz/Desktop/ROS_ROBOT/install/moveit_ros_planning/share/moveit_ros_planning/cmake)
[1.614s] -- Found Boost: /usr/lib/x86_64-linux-gnu/cmake/Boost-1.74.0/BoostConfig.cmake (found version "1.74.0") found components: system filesystem date_time program_options thread chrono 
[1.632s] -- Found moveit_ros_visualization: 2.5.9 (/home/wz/Desktop/ROS_ROBOT/install/moveit_ros_visualization/share/moveit_ros_visualization/cmake)
[1.637s] -- Found Boost: /usr/lib/x86_64-linux-gnu/cmake/Boost-1.74.0/BoostConfig.cmake (found version "1.74.0") found components: thread date_time system filesystem 
[1.648s] -- Found Boost: /usr/lib/x86_64-linux-gnu/cmake/Boost-1.74.0/BoostConfig.cmake (found version "1.74.0") found components: date_time filesystem program_options system thread 
[1.658s] -- Found Boost: /usr/lib/x86_64-linux-gnu/cmake/Boost-1.74.0/BoostConfig.cmake (found version "1.74.0") found components: thread system filesystem regex date_time program_options 
[1.676s] -- Found Boost: /usr/lib/x86_64-linux-gnu/cmake/Boost-1.74.0/BoostConfig.cmake (found version "1.74.0") found components: system filesystem date_time program_options thread 
[1.719s] -- Setting OGRE_DIR to: '/opt/ros/humble/share/rviz_ogre_vendor/cmake/../../../opt/rviz_ogre_vendor/lib/OGRE/cmake'
[1.720s] -- Found OGRE
[1.720s] --   static     : OFF
[1.720s] --   components : HLMS;MeshLodGenerator;Overlay;Paging;Property;RTShaderSystem;Terrain;Volume
[1.720s] --   plugins    : Plugin_BSPSceneManager;Plugin_OctreeSceneManager;Plugin_PCZSceneManager;Plugin_ParticleFX;RenderSystem_GL;RenderSystem_GL3Plus;Codec_STBI
[1.720s] --   media      : /opt/ros/humble/opt/rviz_ogre_vendor/share/OGRE/Media
[1.721s] -- OGRE_LIBRARIES: OgreHLMS;OgreMeshLodGenerator;OgreOverlay;OgrePaging;OgreProperty;OgreRTShaderSystem;OgreTerrain;OgreVolume;OgreMain
[1.721s] -- OGRE_LIBRARY_DIRS: /opt/ros/humble/opt/rviz_ogre_vendor/lib
[1.721s] -- OGRE_PLUGINS: Plugin_BSPSceneManager;Plugin_OctreeSceneManager;Plugin_PCZSceneManager;Plugin_ParticleFX;RenderSystem_GL;RenderSystem_GL3Plus;Codec_STBI
[1.721s] -- OGRE_PLUGIN_DIR: /opt/ros/humble/opt/rviz_ogre_vendor/lib/OGRE
[1.721s] -- rviz_ogre_vendor::OgreOverlay for IMPORTED_LOCATION_RELEASE: /opt/ros/humble/opt/rviz_ogre_vendor/lib/libOgreOverlay.so
[1.722s] -- rviz_ogre_vendor::OgreOverlay for IMPORTED_LOCATION_DEBUG: /opt/ros/humble/opt/rviz_ogre_vendor/lib/libOgreOverlay.so
[1.722s] -- rviz_ogre_vendor::OgreMain for IMPORTED_LOCATION_RELEASE: /opt/ros/humble/opt/rviz_ogre_vendor/lib/libOgreMain.so
[1.722s] -- rviz_ogre_vendor::OgreMain for IMPORTED_LOCATION_DEBUG: /opt/ros/humble/opt/rviz_ogre_vendor/lib/libOgreMain.so
[1.722s] -- Could not find freeimage library
[1.736s] -- Found ZLIB: /usr/lib/x86_64-linux-gnu/libz.so (found version "1.2.11") 
[1.739s] -- Found OpenGL: /usr/lib/x86_64-linux-gnu/libOpenGL.so   
[1.818s] -- Found X11: /usr/include   
[1.818s] -- Looking for XOpenDisplay in /usr/lib/x86_64-linux-gnu/libX11.so;/usr/lib/x86_64-linux-gnu/libXext.so
[1.913s] -- Looking for XOpenDisplay in /usr/lib/x86_64-linux-gnu/libX11.so;/usr/lib/x86_64-linux-gnu/libXext.so - found
[1.913s] -- Looking for gethostbyname
[2.003s] -- Looking for gethostbyname - found
[2.003s] -- Looking for connect
[2.096s] -- Looking for connect - found
[2.097s] -- Looking for remove
[2.186s] -- Looking for remove - found
[2.186s] -- Looking for shmat
[2.271s] -- Looking for shmat - found
[2.271s] -- Looking for IceConnectionNumber in ICE
[2.348s] -- Looking for IceConnectionNumber in ICE - found
[2.366s] -- Setting assimp_DIR to: '/opt/ros/humble/share/rviz_assimp_vendor/cmake/../../../opt/rviz_assimp_vendor/lib/cmake/assimp-4.1'
[2.442s] -- Found ament_lint_auto: 0.12.12 (/opt/ros/humble/share/ament_lint_auto/cmake)
[2.460s] -- Added test 'lint_cmake' to check CMake code style
[2.460s] -- Added test 'xmllint' to check XML markup files
[2.464s] -- Configuring done
[2.493s] -- Generating done
[2.501s] -- Build files have been written to: /home/wz/Desktop/ROS_ROBOT/build/moveit_setup_framework
[2.513s] Invoked command in '/home/wz/Desktop/ROS_ROBOT/build/moveit_setup_framework' returned '0': AMENT_PREFIX_PATH=/home/wz/Desktop/ROS_ROBOT/install/moveit_ros_visualization:/home/wz/Desktop/ROS_ROBOT/install/moveit_ros_planning_interface:/home/wz/Desktop/ROS_ROBOT/install/moveit_ros_move_group:/home/wz/Desktop/ROS_ROBOT/install/moveit_ros_warehouse:/home/wz/Desktop/ROS_ROBOT/install/moveit_ros_robot_interaction:/home/wz/Desktop/ROS_ROBOT/install/moveit_planners_ompl:/home/wz/Desktop/ROS_ROBOT/install/moveit_kinematics:/home/wz/Desktop/ROS_ROBOT/install/moveit_ros_planning:/home/wz/Desktop/ROS_ROBOT/install/moveit_simple_controller_manager:/home/wz/Desktop/ROS_ROBOT/install/moveit_ros_occupancy_map_monitor:/home/wz/Desktop/ROS_ROBOT/install/moveit_core:/home/wz/Desktop/ROS_ROBOT/install/moveit_configs_utils:/home/wz/Desktop/ROS_ROBOT/install/moveit_common:${AMENT_PREFIX_PATH} CMAKE_PREFIX_PATH=/home/wz/Desktop/ROS_ROBOT/install/moveit_ros_visualization:/home/wz/Desktop/ROS_ROBOT/install/moveit_ros_planning_interface:/home/wz/Desktop/ROS_ROBOT/install/moveit_ros_move_group:/home/wz/Desktop/ROS_ROBOT/install/moveit_ros_warehouse:/home/wz/Desktop/ROS_ROBOT/install/moveit_ros_robot_interaction:/home/wz/Desktop/ROS_ROBOT/install/moveit_planners_ompl:/home/wz/Desktop/ROS_ROBOT/install/moveit_kinematics:/home/wz/Desktop/ROS_ROBOT/install/moveit_ros_planning:/home/wz/Desktop/ROS_ROBOT/install/moveit_simple_controller_manager:/home/wz/Desktop/ROS_ROBOT/install/moveit_ros_occupancy_map_monitor:/home/wz/Desktop/ROS_ROBOT/install/moveit_core:/home/wz/Desktop/ROS_ROBOT/install/moveit_common:/opt/ros/humble LD_LIBRARY_PATH=/home/wz/Desktop/ROS_ROBOT/install/moveit_ros_visualization/lib:/home/wz/Desktop/ROS_ROBOT/install/moveit_ros_planning_interface/lib:/home/wz/Desktop/ROS_ROBOT/install/moveit_ros_move_group/lib:/home/wz/Desktop/ROS_ROBOT/install/moveit_ros_warehouse/lib:/home/wz/Desktop/ROS_ROBOT/install/moveit_ros_robot_interaction/lib:/home/wz/Desktop/ROS_ROBOT/install/moveit_planners_ompl/lib:/home/wz/Desktop/ROS_ROBOT/install/moveit_kinematics/lib:/home/wz/Desktop/ROS_ROBOT/install/moveit_ros_planning/lib:/home/wz/Desktop/ROS_ROBOT/install/moveit_simple_controller_manager/lib:/home/wz/Desktop/ROS_ROBOT/install/moveit_ros_occupancy_map_monitor/lib:/home/wz/Desktop/ROS_ROBOT/install/moveit_core/lib:${LD_LIBRARY_PATH} PATH=/home/wz/Desktop/ROS_ROBOT/install/moveit_core/bin:${PATH} PYTHONPATH=/home/wz/Desktop/ROS_ROBOT/build/moveit_configs_utils:/home/wz/Desktop/ROS_ROBOT/install/moveit_configs_utils/lib/python3.10/site-packages:${PYTHONPATH} /usr/bin/cmake /home/wz/Desktop/ROS_ROBOT/src/moveit2/moveit_setup_assistant/moveit_setup_framework -DAMENT_CMAKE_SYMLINK_INSTALL=1 -DCMAKE_INSTALL_PREFIX=/home/wz/Desktop/ROS_ROBOT/install/moveit_setup_framework
[2.516s] Invoking command in '/home/wz/Desktop/ROS_ROBOT/build/moveit_setup_framework': AMENT_PREFIX_PATH=/home/wz/Desktop/ROS_ROBOT/install/moveit_ros_visualization:/home/wz/Desktop/ROS_ROBOT/install/moveit_ros_planning_interface:/home/wz/Desktop/ROS_ROBOT/install/moveit_ros_move_group:/home/wz/Desktop/ROS_ROBOT/install/moveit_ros_warehouse:/home/wz/Desktop/ROS_ROBOT/install/moveit_ros_robot_interaction:/home/wz/Desktop/ROS_ROBOT/install/moveit_planners_ompl:/home/wz/Desktop/ROS_ROBOT/install/moveit_kinematics:/home/wz/Desktop/ROS_ROBOT/install/moveit_ros_planning:/home/wz/Desktop/ROS_ROBOT/install/moveit_simple_controller_manager:/home/wz/Desktop/ROS_ROBOT/install/moveit_ros_occupancy_map_monitor:/home/wz/Desktop/ROS_ROBOT/install/moveit_core:/home/wz/Desktop/ROS_ROBOT/install/moveit_configs_utils:/home/wz/Desktop/ROS_ROBOT/install/moveit_common:${AMENT_PREFIX_PATH} CMAKE_PREFIX_PATH=/home/wz/Desktop/ROS_ROBOT/install/moveit_ros_visualization:/home/wz/Desktop/ROS_ROBOT/install/moveit_ros_planning_interface:/home/wz/Desktop/ROS_ROBOT/install/moveit_ros_move_group:/home/wz/Desktop/ROS_ROBOT/install/moveit_ros_warehouse:/home/wz/Desktop/ROS_ROBOT/install/moveit_ros_robot_interaction:/home/wz/Desktop/ROS_ROBOT/install/moveit_planners_ompl:/home/wz/Desktop/ROS_ROBOT/install/moveit_kinematics:/home/wz/Desktop/ROS_ROBOT/install/moveit_ros_planning:/home/wz/Desktop/ROS_ROBOT/install/moveit_simple_controller_manager:/home/wz/Desktop/ROS_ROBOT/install/moveit_ros_occupancy_map_monitor:/home/wz/Desktop/ROS_ROBOT/install/moveit_core:/home/wz/Desktop/ROS_ROBOT/install/moveit_common:/opt/ros/humble LD_LIBRARY_PATH=/home/wz/Desktop/ROS_ROBOT/install/moveit_ros_visualization/lib:/home/wz/Desktop/ROS_ROBOT/install/moveit_ros_planning_interface/lib:/home/wz/Desktop/ROS_ROBOT/install/moveit_ros_move_group/lib:/home/wz/Desktop/ROS_ROBOT/install/moveit_ros_warehouse/lib:/home/wz/Desktop/ROS_ROBOT/install/moveit_ros_robot_interaction/lib:/home/wz/Desktop/ROS_ROBOT/install/moveit_planners_ompl/lib:/home/wz/Desktop/ROS_ROBOT/install/moveit_kinematics/lib:/home/wz/Desktop/ROS_ROBOT/install/moveit_ros_planning/lib:/home/wz/Desktop/ROS_ROBOT/install/moveit_simple_controller_manager/lib:/home/wz/Desktop/ROS_ROBOT/install/moveit_ros_occupancy_map_monitor/lib:/home/wz/Desktop/ROS_ROBOT/install/moveit_core/lib:${LD_LIBRARY_PATH} PATH=/home/wz/Desktop/ROS_ROBOT/install/moveit_core/bin:${PATH} PYTHONPATH=/home/wz/Desktop/ROS_ROBOT/build/moveit_configs_utils:/home/wz/Desktop/ROS_ROBOT/install/moveit_configs_utils/lib/python3.10/site-packages:${PYTHONPATH} /usr/bin/cmake --build /home/wz/Desktop/ROS_ROBOT/build/moveit_setup_framework -- -j4 -l4
[2.552s] [  5%] [34m[1mGenerating include/moveit_setup_framework/qt/moc_setup_step_widget.cpp[0m
[2.564s] [ 10%] [34m[1mGenerating include/moveit_setup_framework/qt/moc_rviz_panel.cpp[0m
[2.573s] [ 15%] [34m[1mGenerating include/moveit_setup_framework/qt/moc_helper_widgets.cpp[0m
[2.583s] [ 21%] [34m[1mGenerating include/moveit_setup_framework/qt/moc_double_list_widget.cpp[0m
[2.603s] [ 26%] [32mBuilding CXX object CMakeFiles/moveit_setup_framework.dir/src/helper_widgets.cpp.o[0m
[3.653s] [ 31%] [32mBuilding CXX object CMakeFiles/moveit_setup_framework.dir/src/package_settings_config.cpp.o[0m
[8.921s] [ 36%] [32mBuilding CXX object CMakeFiles/moveit_setup_framework.dir/src/srdf_config.cpp.o[0m
[12.938s] [ 42%] [32mBuilding CXX object CMakeFiles/moveit_setup_framework.dir/src/rviz_panel.cpp.o[0m
[13.949s] [ 47%] [32mBuilding CXX object CMakeFiles/moveit_setup_framework.dir/src/urdf_config.cpp.o[0m
[15.964s] [ 52%] [32mBuilding CXX object CMakeFiles/moveit_setup_framework.dir/src/double_list_widget.cpp.o[0m
[17.992s] [ 57%] [32mBuilding CXX object CMakeFiles/moveit_setup_framework.dir/src/data_warehouse.cpp.o[0m
[18.775s] [ 63%] [32mBuilding CXX object CMakeFiles/moveit_setup_framework.dir/src/templates.cpp.o[0m
[20.213s] [ 68%] [32mBuilding CXX object CMakeFiles/moveit_setup_framework.dir/src/utilities.cpp.o[0m
[21.742s] [ 73%] [32mBuilding CXX object CMakeFiles/moveit_setup_framework.dir/src/xml_syntax_highlighter.cpp.o[0m
[28.789s] [ 78%] [32mBuilding CXX object CMakeFiles/moveit_setup_framework.dir/include/moveit_setup_framework/qt/moc_rviz_panel.cpp.o[0m
[29.806s] [ 84%] [32mBuilding CXX object CMakeFiles/moveit_setup_framework.dir/include/moveit_setup_framework/qt/moc_setup_step_widget.cpp.o[0m
[30.820s] [ 89%] [32mBuilding CXX object CMakeFiles/moveit_setup_framework.dir/include/moveit_setup_framework/qt/moc_helper_widgets.cpp.o[0m
[31.034s] [ 94%] [32mBuilding CXX object CMakeFiles/moveit_setup_framework.dir/include/moveit_setup_framework/qt/moc_double_list_widget.cpp.o[0m
[40.155s] [100%] [32m[1mLinking CXX shared library libmoveit_setup_framework.so[0m
[42.057s] [100%] Built target moveit_setup_framework
[42.070s] Invoked command in '/home/wz/Desktop/ROS_ROBOT/build/moveit_setup_framework' returned '0': AMENT_PREFIX_PATH=/home/wz/Desktop/ROS_ROBOT/install/moveit_ros_visualization:/home/wz/Desktop/ROS_ROBOT/install/moveit_ros_planning_interface:/home/wz/Desktop/ROS_ROBOT/install/moveit_ros_move_group:/home/wz/Desktop/ROS_ROBOT/install/moveit_ros_warehouse:/home/wz/Desktop/ROS_ROBOT/install/moveit_ros_robot_interaction:/home/wz/Desktop/ROS_ROBOT/install/moveit_planners_ompl:/home/wz/Desktop/ROS_ROBOT/install/moveit_kinematics:/home/wz/Desktop/ROS_ROBOT/install/moveit_ros_planning:/home/wz/Desktop/ROS_ROBOT/install/moveit_simple_controller_manager:/home/wz/Desktop/ROS_ROBOT/install/moveit_ros_occupancy_map_monitor:/home/wz/Desktop/ROS_ROBOT/install/moveit_core:/home/wz/Desktop/ROS_ROBOT/install/moveit_configs_utils:/home/wz/Desktop/ROS_ROBOT/install/moveit_common:${AMENT_PREFIX_PATH} CMAKE_PREFIX_PATH=/home/wz/Desktop/ROS_ROBOT/install/moveit_ros_visualization:/home/wz/Desktop/ROS_ROBOT/install/moveit_ros_planning_interface:/home/wz/Desktop/ROS_ROBOT/install/moveit_ros_move_group:/home/wz/Desktop/ROS_ROBOT/install/moveit_ros_warehouse:/home/wz/Desktop/ROS_ROBOT/install/moveit_ros_robot_interaction:/home/wz/Desktop/ROS_ROBOT/install/moveit_planners_ompl:/home/wz/Desktop/ROS_ROBOT/install/moveit_kinematics:/home/wz/Desktop/ROS_ROBOT/install/moveit_ros_planning:/home/wz/Desktop/ROS_ROBOT/install/moveit_simple_controller_manager:/home/wz/Desktop/ROS_ROBOT/install/moveit_ros_occupancy_map_monitor:/home/wz/Desktop/ROS_ROBOT/install/moveit_core:/home/wz/Desktop/ROS_ROBOT/install/moveit_common:/opt/ros/humble LD_LIBRARY_PATH=/home/wz/Desktop/ROS_ROBOT/install/moveit_ros_visualization/lib:/home/wz/Desktop/ROS_ROBOT/install/moveit_ros_planning_interface/lib:/home/wz/Desktop/ROS_ROBOT/install/moveit_ros_move_group/lib:/home/wz/Desktop/ROS_ROBOT/install/moveit_ros_warehouse/lib:/home/wz/Desktop/ROS_ROBOT/install/moveit_ros_robot_interaction/lib:/home/wz/Desktop/ROS_ROBOT/install/moveit_planners_ompl/lib:/home/wz/Desktop/ROS_ROBOT/install/moveit_kinematics/lib:/home/wz/Desktop/ROS_ROBOT/install/moveit_ros_planning/lib:/home/wz/Desktop/ROS_ROBOT/install/moveit_simple_controller_manager/lib:/home/wz/Desktop/ROS_ROBOT/install/moveit_ros_occupancy_map_monitor/lib:/home/wz/Desktop/ROS_ROBOT/install/moveit_core/lib:${LD_LIBRARY_PATH} PATH=/home/wz/Desktop/ROS_ROBOT/install/moveit_core/bin:${PATH} PYTHONPATH=/home/wz/Desktop/ROS_ROBOT/build/moveit_configs_utils:/home/wz/Desktop/ROS_ROBOT/install/moveit_configs_utils/lib/python3.10/site-packages:${PYTHONPATH} /usr/bin/cmake --build /home/wz/Desktop/ROS_ROBOT/build/moveit_setup_framework -- -j4 -l4
[42.073s] Invoking command in '/home/wz/Desktop/ROS_ROBOT/build/moveit_setup_framework': AMENT_PREFIX_PATH=/home/wz/Desktop/ROS_ROBOT/install/moveit_ros_visualization:/home/wz/Desktop/ROS_ROBOT/install/moveit_ros_planning_interface:/home/wz/Desktop/ROS_ROBOT/install/moveit_ros_move_group:/home/wz/Desktop/ROS_ROBOT/install/moveit_ros_warehouse:/home/wz/Desktop/ROS_ROBOT/install/moveit_ros_robot_interaction:/home/wz/Desktop/ROS_ROBOT/install/moveit_planners_ompl:/home/wz/Desktop/ROS_ROBOT/install/moveit_kinematics:/home/wz/Desktop/ROS_ROBOT/install/moveit_ros_planning:/home/wz/Desktop/ROS_ROBOT/install/moveit_simple_controller_manager:/home/wz/Desktop/ROS_ROBOT/install/moveit_ros_occupancy_map_monitor:/home/wz/Desktop/ROS_ROBOT/install/moveit_core:/home/wz/Desktop/ROS_ROBOT/install/moveit_configs_utils:/home/wz/Desktop/ROS_ROBOT/install/moveit_common:${AMENT_PREFIX_PATH} CMAKE_PREFIX_PATH=/home/wz/Desktop/ROS_ROBOT/install/moveit_ros_visualization:/home/wz/Desktop/ROS_ROBOT/install/moveit_ros_planning_interface:/home/wz/Desktop/ROS_ROBOT/install/moveit_ros_move_group:/home/wz/Desktop/ROS_ROBOT/install/moveit_ros_warehouse:/home/wz/Desktop/ROS_ROBOT/install/moveit_ros_robot_interaction:/home/wz/Desktop/ROS_ROBOT/install/moveit_planners_ompl:/home/wz/Desktop/ROS_ROBOT/install/moveit_kinematics:/home/wz/Desktop/ROS_ROBOT/install/moveit_ros_planning:/home/wz/Desktop/ROS_ROBOT/install/moveit_simple_controller_manager:/home/wz/Desktop/ROS_ROBOT/install/moveit_ros_occupancy_map_monitor:/home/wz/Desktop/ROS_ROBOT/install/moveit_core:/home/wz/Desktop/ROS_ROBOT/install/moveit_common:/opt/ros/humble LD_LIBRARY_PATH=/home/wz/Desktop/ROS_ROBOT/install/moveit_ros_visualization/lib:/home/wz/Desktop/ROS_ROBOT/install/moveit_ros_planning_interface/lib:/home/wz/Desktop/ROS_ROBOT/install/moveit_ros_move_group/lib:/home/wz/Desktop/ROS_ROBOT/install/moveit_ros_warehouse/lib:/home/wz/Desktop/ROS_ROBOT/install/moveit_ros_robot_interaction/lib:/home/wz/Desktop/ROS_ROBOT/install/moveit_planners_ompl/lib:/home/wz/Desktop/ROS_ROBOT/install/moveit_kinematics/lib:/home/wz/Desktop/ROS_ROBOT/install/moveit_ros_planning/lib:/home/wz/Desktop/ROS_ROBOT/install/moveit_simple_controller_manager/lib:/home/wz/Desktop/ROS_ROBOT/install/moveit_ros_occupancy_map_monitor/lib:/home/wz/Desktop/ROS_ROBOT/install/moveit_core/lib:${LD_LIBRARY_PATH} PATH=/home/wz/Desktop/ROS_ROBOT/install/moveit_core/bin:${PATH} PYTHONPATH=/home/wz/Desktop/ROS_ROBOT/build/moveit_configs_utils:/home/wz/Desktop/ROS_ROBOT/install/moveit_configs_utils/lib/python3.10/site-packages:${PYTHONPATH} /usr/bin/cmake --install /home/wz/Desktop/ROS_ROBOT/build/moveit_setup_framework
[42.079s] -- Install configuration: "Release"
[42.079s] -- Execute custom install script
[42.080s] -- Symlinking: /home/wz/Desktop/ROS_ROBOT/install/moveit_setup_framework/include/moveit_setup_framework/config.hpp
[42.088s] -- Symlinking: /home/wz/Desktop/ROS_ROBOT/install/moveit_setup_framework/include/moveit_setup_framework/data/package_settings_config.hpp
[42.095s] -- Symlinking: /home/wz/Desktop/ROS_ROBOT/install/moveit_setup_framework/include/moveit_setup_framework/data/srdf_config.hpp
[42.102s] -- Symlinking: /home/wz/Desktop/ROS_ROBOT/install/moveit_setup_framework/include/moveit_setup_framework/data/urdf_config.hpp
[42.109s] -- Symlinking: /home/wz/Desktop/ROS_ROBOT/install/moveit_setup_framework/include/moveit_setup_framework/data_warehouse.hpp
[42.116s] -- Symlinking: /home/wz/Desktop/ROS_ROBOT/install/moveit_setup_framework/include/moveit_setup_framework/generated_file.hpp
[42.122s] -- Symlinking: /home/wz/Desktop/ROS_ROBOT/install/moveit_setup_framework/include/moveit_setup_framework/generated_time.hpp
[42.128s] -- Symlinking: /home/wz/Desktop/ROS_ROBOT/install/moveit_setup_framework/include/moveit_setup_framework/qt/double_list_widget.hpp
[42.135s] -- Symlinking: /home/wz/Desktop/ROS_ROBOT/install/moveit_setup_framework/include/moveit_setup_framework/qt/helper_widgets.hpp
[42.142s] -- Symlinking: /home/wz/Desktop/ROS_ROBOT/install/moveit_setup_framework/include/moveit_setup_framework/qt/rviz_panel.hpp
[42.149s] -- Symlinking: /home/wz/Desktop/ROS_ROBOT/install/moveit_setup_framework/include/moveit_setup_framework/qt/setup_step_widget.hpp
[42.156s] -- Symlinking: /home/wz/Desktop/ROS_ROBOT/install/moveit_setup_framework/include/moveit_setup_framework/qt/xml_syntax_highlighter.hpp
[42.164s] -- Symlinking: /home/wz/Desktop/ROS_ROBOT/install/moveit_setup_framework/include/moveit_setup_framework/setup_step.hpp
[42.171s] -- Symlinking: /home/wz/Desktop/ROS_ROBOT/install/moveit_setup_framework/include/moveit_setup_framework/templates.hpp
[42.180s] -- Symlinking: /home/wz/Desktop/ROS_ROBOT/install/moveit_setup_framework/include/moveit_setup_framework/testing_utils.hpp
[42.187s] -- Symlinking: /home/wz/Desktop/ROS_ROBOT/install/moveit_setup_framework/include/moveit_setup_framework/utilities.hpp
[42.195s] -- Symlinking: /home/wz/Desktop/ROS_ROBOT/install/moveit_setup_framework/share/moveit_setup_framework/moveit_setup_framework_plugins.xml
[42.203s] -- Symlinking: /home/wz/Desktop/ROS_ROBOT/install/moveit_setup_framework/share/moveit_setup_framework/templates/CMakeLists.txt
[42.210s] -- Symlinking: /home/wz/Desktop/ROS_ROBOT/install/moveit_setup_framework/share/moveit_setup_framework/templates/config/pilz_cartesian_limits.yaml
[42.218s] -- Symlinking: /home/wz/Desktop/ROS_ROBOT/install/moveit_setup_framework/share/moveit_setup_framework/templates/package.xml.template
[42.225s] -- Symlinking: /home/wz/Desktop/ROS_ROBOT/install/moveit_setup_framework/share/moveit_setup_framework/environment/library_path.sh
[42.231s] -- Symlinking: /home/wz/Desktop/ROS_ROBOT/install/moveit_setup_framework/share/moveit_setup_framework/environment/library_path.dsv
[42.240s] -- Up-to-date symlink: /home/wz/Desktop/ROS_ROBOT/install/moveit_setup_framework/share/moveit_setup_framework//moveit_setup_framework_plugins.xml
[42.244s] -- Symlinking: /home/wz/Desktop/ROS_ROBOT/install/moveit_setup_framework/share/ament_index/resource_index/package_run_dependencies/moveit_setup_framework
[42.253s] -- Symlinking: /home/wz/Desktop/ROS_ROBOT/install/moveit_setup_framework/share/ament_index/resource_index/parent_prefix_path/moveit_setup_framework
[42.262s] -- Symlinking: /home/wz/Desktop/ROS_ROBOT/install/moveit_setup_framework/share/moveit_setup_framework/environment/ament_prefix_path.sh
[42.270s] -- Symlinking: /home/wz/Desktop/ROS_ROBOT/install/moveit_setup_framework/share/moveit_setup_framework/environment/ament_prefix_path.dsv
[42.279s] -- Symlinking: /home/wz/Desktop/ROS_ROBOT/install/moveit_setup_framework/share/moveit_setup_framework/environment/path.sh
[42.289s] -- Symlinking: /home/wz/Desktop/ROS_ROBOT/install/moveit_setup_framework/share/moveit_setup_framework/environment/path.dsv
[42.297s] -- Symlinking: /home/wz/Desktop/ROS_ROBOT/install/moveit_setup_framework/share/moveit_setup_framework/local_setup.bash
[42.306s] -- Symlinking: /home/wz/Desktop/ROS_ROBOT/install/moveit_setup_framework/share/moveit_setup_framework/local_setup.sh
[42.314s] -- Symlinking: /home/wz/Desktop/ROS_ROBOT/install/moveit_setup_framework/share/moveit_setup_framework/local_setup.zsh
[42.322s] -- Symlinking: /home/wz/Desktop/ROS_ROBOT/install/moveit_setup_framework/share/moveit_setup_framework/local_setup.dsv
[42.330s] -- Symlinking: /home/wz/Desktop/ROS_ROBOT/install/moveit_setup_framework/share/moveit_setup_framework/package.dsv
[42.341s] -- Symlinking: /home/wz/Desktop/ROS_ROBOT/install/moveit_setup_framework/share/ament_index/resource_index/packages/moveit_setup_framework
[42.354s] -- Symlinking: /home/wz/Desktop/ROS_ROBOT/install/moveit_setup_framework/share/ament_index/resource_index/moveit_setup_framework__pluginlib__plugin/moveit_setup_framework
[42.363s] -- Symlinking: /home/wz/Desktop/ROS_ROBOT/install/moveit_setup_framework/share/moveit_setup_framework/cmake/ament_cmake_export_targets-extras.cmake
[42.374s] -- Symlinking: /home/wz/Desktop/ROS_ROBOT/install/moveit_setup_framework/share/moveit_setup_framework/cmake/ament_cmake_export_include_directories-extras.cmake
[42.383s] -- Symlinking: /home/wz/Desktop/ROS_ROBOT/install/moveit_setup_framework/share/moveit_setup_framework/cmake/ament_cmake_export_dependencies-extras.cmake
[42.391s] -- Symlinking: /home/wz/Desktop/ROS_ROBOT/install/moveit_setup_framework/share/moveit_setup_framework/cmake/moveit_setup_frameworkConfig.cmake
[42.398s] -- Symlinking: /home/wz/Desktop/ROS_ROBOT/install/moveit_setup_framework/share/moveit_setup_framework/cmake/moveit_setup_frameworkConfig-version.cmake
[42.405s] -- Symlinking: /home/wz/Desktop/ROS_ROBOT/install/moveit_setup_framework/share/moveit_setup_framework/package.xml
[42.411s] -- Installing: /home/wz/Desktop/ROS_ROBOT/install/moveit_setup_framework/lib/libmoveit_setup_framework.so
[42.412s] -- Set runtime path of "/home/wz/Desktop/ROS_ROBOT/install/moveit_setup_framework/lib/libmoveit_setup_framework.so" to ""
[42.412s] -- Installing: /home/wz/Desktop/ROS_ROBOT/install/moveit_setup_framework/share/moveit_setup_framework/cmake/export_moveit_setup_frameworkExport.cmake
[42.412s] -- Installing: /home/wz/Desktop/ROS_ROBOT/install/moveit_setup_framework/share/moveit_setup_framework/cmake/export_moveit_setup_frameworkExport-release.cmake
[42.415s] Invoked command in '/home/wz/Desktop/ROS_ROBOT/build/moveit_setup_framework' returned '0': AMENT_PREFIX_PATH=/home/wz/Desktop/ROS_ROBOT/install/moveit_ros_visualization:/home/wz/Desktop/ROS_ROBOT/install/moveit_ros_planning_interface:/home/wz/Desktop/ROS_ROBOT/install/moveit_ros_move_group:/home/wz/Desktop/ROS_ROBOT/install/moveit_ros_warehouse:/home/wz/Desktop/ROS_ROBOT/install/moveit_ros_robot_interaction:/home/wz/Desktop/ROS_ROBOT/install/moveit_planners_ompl:/home/wz/Desktop/ROS_ROBOT/install/moveit_kinematics:/home/wz/Desktop/ROS_ROBOT/install/moveit_ros_planning:/home/wz/Desktop/ROS_ROBOT/install/moveit_simple_controller_manager:/home/wz/Desktop/ROS_ROBOT/install/moveit_ros_occupancy_map_monitor:/home/wz/Desktop/ROS_ROBOT/install/moveit_core:/home/wz/Desktop/ROS_ROBOT/install/moveit_configs_utils:/home/wz/Desktop/ROS_ROBOT/install/moveit_common:${AMENT_PREFIX_PATH} CMAKE_PREFIX_PATH=/home/wz/Desktop/ROS_ROBOT/install/moveit_ros_visualization:/home/wz/Desktop/ROS_ROBOT/install/moveit_ros_planning_interface:/home/wz/Desktop/ROS_ROBOT/install/moveit_ros_move_group:/home/wz/Desktop/ROS_ROBOT/install/moveit_ros_warehouse:/home/wz/Desktop/ROS_ROBOT/install/moveit_ros_robot_interaction:/home/wz/Desktop/ROS_ROBOT/install/moveit_planners_ompl:/home/wz/Desktop/ROS_ROBOT/install/moveit_kinematics:/home/wz/Desktop/ROS_ROBOT/install/moveit_ros_planning:/home/wz/Desktop/ROS_ROBOT/install/moveit_simple_controller_manager:/home/wz/Desktop/ROS_ROBOT/install/moveit_ros_occupancy_map_monitor:/home/wz/Desktop/ROS_ROBOT/install/moveit_core:/home/wz/Desktop/ROS_ROBOT/install/moveit_common:/opt/ros/humble LD_LIBRARY_PATH=/home/wz/Desktop/ROS_ROBOT/install/moveit_ros_visualization/lib:/home/wz/Desktop/ROS_ROBOT/install/moveit_ros_planning_interface/lib:/home/wz/Desktop/ROS_ROBOT/install/moveit_ros_move_group/lib:/home/wz/Desktop/ROS_ROBOT/install/moveit_ros_warehouse/lib:/home/wz/Desktop/ROS_ROBOT/install/moveit_ros_robot_interaction/lib:/home/wz/Desktop/ROS_ROBOT/install/moveit_planners_ompl/lib:/home/wz/Desktop/ROS_ROBOT/install/moveit_kinematics/lib:/home/wz/Desktop/ROS_ROBOT/install/moveit_ros_planning/lib:/home/wz/Desktop/ROS_ROBOT/install/moveit_simple_controller_manager/lib:/home/wz/Desktop/ROS_ROBOT/install/moveit_ros_occupancy_map_monitor/lib:/home/wz/Desktop/ROS_ROBOT/install/moveit_core/lib:${LD_LIBRARY_PATH} PATH=/home/wz/Desktop/ROS_ROBOT/install/moveit_core/bin:${PATH} PYTHONPATH=/home/wz/Desktop/ROS_ROBOT/build/moveit_configs_utils:/home/wz/Desktop/ROS_ROBOT/install/moveit_configs_utils/lib/python3.10/site-packages:${PYTHONPATH} /usr/bin/cmake --install /home/wz/Desktop/ROS_ROBOT/build/moveit_setup_framework
