/home/wz/Desktop/NanoRobot/install/car_application/lib/python3.10/site-packages/car_application/init_robot_pose.py
/home/wz/Desktop/NanoRobot/install/car_application/lib/python3.10/site-packages/car_application/get_robot_pose.py
/home/wz/Desktop/NanoRobot/install/car_application/lib/python3.10/site-packages/car_application/waypoint_follower.py
/home/wz/Desktop/NanoRobot/install/car_application/lib/python3.10/site-packages/car_application/__init__.py
/home/wz/Desktop/NanoRobot/install/car_application/lib/python3.10/site-packages/car_application/nav_to_pose.py
/home/wz/Desktop/NanoRobot/install/car_application/lib/python3.10/site-packages/car_application/__pycache__/init_robot_pose.cpython-310.pyc
/home/wz/Desktop/NanoRobot/install/car_application/lib/python3.10/site-packages/car_application/__pycache__/get_robot_pose.cpython-310.pyc
/home/wz/Desktop/NanoRobot/install/car_application/lib/python3.10/site-packages/car_application/__pycache__/waypoint_follower.cpython-310.pyc
/home/wz/Desktop/NanoRobot/install/car_application/lib/python3.10/site-packages/car_application/__pycache__/__init__.cpython-310.pyc
/home/wz/Desktop/NanoRobot/install/car_application/lib/python3.10/site-packages/car_application/__pycache__/nav_to_pose.cpython-310.pyc
/home/wz/Desktop/NanoRobot/install/car_application/share/ament_index/resource_index/packages/car_application
/home/wz/Desktop/NanoRobot/install/car_application/share/car_application/package.xml
/home/wz/Desktop/NanoRobot/install/car_application/lib/python3.10/site-packages/car_application-0.0.0-py3.10.egg-info/SOURCES.txt
/home/wz/Desktop/NanoRobot/install/car_application/lib/python3.10/site-packages/car_application-0.0.0-py3.10.egg-info/PKG-INFO
/home/wz/Desktop/NanoRobot/install/car_application/lib/python3.10/site-packages/car_application-0.0.0-py3.10.egg-info/requires.txt
/home/wz/Desktop/NanoRobot/install/car_application/lib/python3.10/site-packages/car_application-0.0.0-py3.10.egg-info/top_level.txt
/home/wz/Desktop/NanoRobot/install/car_application/lib/python3.10/site-packages/car_application-0.0.0-py3.10.egg-info/dependency_links.txt
/home/wz/Desktop/NanoRobot/install/car_application/lib/python3.10/site-packages/car_application-0.0.0-py3.10.egg-info/zip-safe
/home/wz/Desktop/NanoRobot/install/car_application/lib/python3.10/site-packages/car_application-0.0.0-py3.10.egg-info/entry_points.txt
/home/wz/Desktop/NanoRobot/install/car_application/lib/car_application/get_robot_pose
/home/wz/Desktop/NanoRobot/install/car_application/lib/car_application/init_robot_pose
/home/wz/Desktop/NanoRobot/install/car_application/lib/car_application/nav_to_pose
/home/wz/Desktop/NanoRobot/install/car_application/lib/car_application/waypoint_follower
