[0.022s] Invoking command in '/home/wz/Desktop/ROS_ROBOT/build/moveit_planners_chomp': AMENT_PREFIX_PATH=/home/wz/Desktop/ROS_ROBOT/install/chomp_motion_planner:/home/wz/Desktop/ROS_ROBOT/install/moveit_core:/home/wz/Desktop/ROS_ROBOT/install/moveit_common:${AMENT_PREFIX_PATH} CMAKE_PREFIX_PATH=/home/wz/Desktop/ROS_ROBOT/install/chomp_motion_planner:/home/wz/Desktop/ROS_ROBOT/install/moveit_core:/home/wz/Desktop/ROS_ROBOT/install/moveit_common:/opt/ros/humble LD_LIBRARY_PATH=/home/wz/Desktop/ROS_ROBOT/install/chomp_motion_planner/lib:/home/wz/Desktop/ROS_ROBOT/install/moveit_core/lib:${LD_LIBRARY_PATH} PATH=/home/wz/Desktop/ROS_ROBOT/install/moveit_core/bin:${PATH} /usr/bin/cmake /home/wz/Desktop/ROS_ROBOT/src/moveit2/moveit_planners/chomp/chomp_interface -DAMENT_CMAKE_SYMLINK_INSTALL=1 -DCMAKE_INSTALL_PREFIX=/home/wz/Desktop/ROS_ROBOT/install/moveit_planners_chomp
[0.098s] -- The C compiler identification is GNU 11.4.0
[0.185s] -- The CXX compiler identification is GNU 11.4.0
[0.192s] -- Detecting C compiler ABI info
[0.293s] -- Detecting C compiler ABI info - done
[0.301s] -- Check for working C compiler: /usr/bin/cc - skipped
[0.301s] -- Detecting C compile features
[0.301s] -- Detecting C compile features - done
[0.302s] -- Detecting CXX compiler ABI info
[0.390s] -- Detecting CXX compiler ABI info - done
[0.401s] -- Check for working CXX compiler: /usr/bin/c++ - skipped
[0.402s] -- Detecting CXX compile features
[0.402s] -- Detecting CXX compile features - done
[0.402s] -- Found moveit_common: 2.5.9 (/home/wz/Desktop/ROS_ROBOT/install/moveit_common/share/moveit_common/cmake)
[0.402s] -- Found ament_cmake: 1.3.11 (/opt/ros/humble/share/ament_cmake/cmake)
[0.557s] -- Found Python3: /usr/bin/python3 (found version "3.10.12") found components: Interpreter 
[0.625s] -- Override CMake install command with custom implementation using symlinks instead of copying resources
[0.785s] [0mmoveit_planners_chomp: You did not request a specific build type: Choosing 'Release' for maximum performance[0m
[0.785s] -- Found moveit_core: 2.5.9 (/home/wz/Desktop/ROS_ROBOT/install/moveit_core/share/moveit_core/cmake)
[1.212s] -- Found Boost: /usr/lib/x86_64-linux-gnu/cmake/Boost-1.74.0/BoostConfig.cmake (found version "1.74.0") found components: chrono date_time filesystem iostreams program_options regex serialization system thread 
[1.287s] -- Found parameter_traits: 0.5.0 (/opt/ros/humble/share/parameter_traits/cmake)
[1.383s] -- Found rosidl_generator_c: 3.1.6 (/opt/ros/humble/share/rosidl_generator_c/cmake)
[1.387s] -- Found rosidl_adapter: 3.1.6 (/opt/ros/humble/share/rosidl_adapter/cmake)
[1.395s] -- Found rosidl_generator_cpp: 3.1.6 (/opt/ros/humble/share/rosidl_generator_cpp/cmake)
[1.408s] -- Using all available rosidl_typesupport_c: rosidl_typesupport_fastrtps_c;rosidl_typesupport_introspection_c
[1.425s] -- Using all available rosidl_typesupport_cpp: rosidl_typesupport_fastrtps_cpp;rosidl_typesupport_introspection_cpp
[1.490s] -- Found rmw_implementation_cmake: 6.1.2 (/opt/ros/humble/share/rmw_implementation_cmake/cmake)
[1.490s] -- Found rmw_fastrtps_cpp: 6.2.7 (/opt/ros/humble/share/rmw_fastrtps_cpp/cmake)
[1.600s] -- Found OpenSSL: /usr/lib/x86_64-linux-gnu/libcrypto.so (found version "3.0.2")  
[1.627s] -- Found FastRTPS: /opt/ros/humble/include  
[1.699s] -- Using RMW implementation 'rmw_fastrtps_cpp' as default
[1.708s] -- Found Threads: TRUE  
[1.765s] -- Found rclcpp_lifecycle: 16.0.12 (/opt/ros/humble/share/rclcpp_lifecycle/cmake)
[1.809s] -- Found Boost: /usr/lib/x86_64-linux-gnu/cmake/Boost-1.74.0/BoostConfig.cmake (found version "1.74.0") found components: filesystem 
[1.953s] -- library: /usr/lib/x86_64-linux-gnu/libcurl.so
[2.034s] -- Found Eigen3: TRUE (found version "3.4.0") 
[2.035s] -- Ensuring Eigen3 include directory is part of orocos-kdl CMake target
[2.332s] -- Found chomp_motion_planner: 2.5.9 (/home/wz/Desktop/ROS_ROBOT/install/chomp_motion_planner/share/chomp_motion_planner/cmake)
[2.345s] -- Found ament_lint_auto: 0.12.12 (/opt/ros/humble/share/ament_lint_auto/cmake)
[2.378s] -- Added test 'cppcheck' to perform static code analysis on C / C++ code
[2.379s] -- Configured cppcheck include dirs: /home/wz/Desktop/ROS_ROBOT/src/moveit2/moveit_planners/chomp/chomp_interface/include
[2.379s] -- Configured cppcheck exclude dirs and/or files: 
[2.380s] -- Added test 'xmllint' to check XML markup files
[2.383s] -- Configuring done
[2.419s] -- Generating done
[2.427s] -- Build files have been written to: /home/wz/Desktop/ROS_ROBOT/build/moveit_planners_chomp
[2.447s] Invoked command in '/home/wz/Desktop/ROS_ROBOT/build/moveit_planners_chomp' returned '0': AMENT_PREFIX_PATH=/home/wz/Desktop/ROS_ROBOT/install/chomp_motion_planner:/home/wz/Desktop/ROS_ROBOT/install/moveit_core:/home/wz/Desktop/ROS_ROBOT/install/moveit_common:${AMENT_PREFIX_PATH} CMAKE_PREFIX_PATH=/home/wz/Desktop/ROS_ROBOT/install/chomp_motion_planner:/home/wz/Desktop/ROS_ROBOT/install/moveit_core:/home/wz/Desktop/ROS_ROBOT/install/moveit_common:/opt/ros/humble LD_LIBRARY_PATH=/home/wz/Desktop/ROS_ROBOT/install/chomp_motion_planner/lib:/home/wz/Desktop/ROS_ROBOT/install/moveit_core/lib:${LD_LIBRARY_PATH} PATH=/home/wz/Desktop/ROS_ROBOT/install/moveit_core/bin:${PATH} /usr/bin/cmake /home/wz/Desktop/ROS_ROBOT/src/moveit2/moveit_planners/chomp/chomp_interface -DAMENT_CMAKE_SYMLINK_INSTALL=1 -DCMAKE_INSTALL_PREFIX=/home/wz/Desktop/ROS_ROBOT/install/moveit_planners_chomp
[2.454s] Invoking command in '/home/wz/Desktop/ROS_ROBOT/build/moveit_planners_chomp': AMENT_PREFIX_PATH=/home/wz/Desktop/ROS_ROBOT/install/chomp_motion_planner:/home/wz/Desktop/ROS_ROBOT/install/moveit_core:/home/wz/Desktop/ROS_ROBOT/install/moveit_common:${AMENT_PREFIX_PATH} CMAKE_PREFIX_PATH=/home/wz/Desktop/ROS_ROBOT/install/chomp_motion_planner:/home/wz/Desktop/ROS_ROBOT/install/moveit_core:/home/wz/Desktop/ROS_ROBOT/install/moveit_common:/opt/ros/humble LD_LIBRARY_PATH=/home/wz/Desktop/ROS_ROBOT/install/chomp_motion_planner/lib:/home/wz/Desktop/ROS_ROBOT/install/moveit_core/lib:${LD_LIBRARY_PATH} PATH=/home/wz/Desktop/ROS_ROBOT/install/moveit_core/bin:${PATH} /usr/bin/cmake --build /home/wz/Desktop/ROS_ROBOT/build/moveit_planners_chomp -- -j4 -l4
[2.532s] [ 20%] [32mBuilding CXX object CMakeFiles/moveit_chomp_interface.dir/src/chomp_interface.cpp.o[0m
[12.215s] [ 40%] [32mBuilding CXX object CMakeFiles/moveit_chomp_interface.dir/src/chomp_planning_context.cpp.o[0m
[21.348s] [ 60%] [32m[1mLinking CXX shared library libmoveit_chomp_interface.so[0m
[21.549s] [ 60%] Built target moveit_chomp_interface
[21.611s] [ 80%] [32mBuilding CXX object CMakeFiles/moveit_chomp_planner_plugin.dir/src/chomp_plugin.cpp.o[0m
[35.639s] [100%] [32m[1mLinking CXX shared library libmoveit_chomp_planner_plugin.so[0m
[35.804s] [100%] Built target moveit_chomp_planner_plugin
[35.825s] Invoked command in '/home/wz/Desktop/ROS_ROBOT/build/moveit_planners_chomp' returned '0': AMENT_PREFIX_PATH=/home/wz/Desktop/ROS_ROBOT/install/chomp_motion_planner:/home/wz/Desktop/ROS_ROBOT/install/moveit_core:/home/wz/Desktop/ROS_ROBOT/install/moveit_common:${AMENT_PREFIX_PATH} CMAKE_PREFIX_PATH=/home/wz/Desktop/ROS_ROBOT/install/chomp_motion_planner:/home/wz/Desktop/ROS_ROBOT/install/moveit_core:/home/wz/Desktop/ROS_ROBOT/install/moveit_common:/opt/ros/humble LD_LIBRARY_PATH=/home/wz/Desktop/ROS_ROBOT/install/chomp_motion_planner/lib:/home/wz/Desktop/ROS_ROBOT/install/moveit_core/lib:${LD_LIBRARY_PATH} PATH=/home/wz/Desktop/ROS_ROBOT/install/moveit_core/bin:${PATH} /usr/bin/cmake --build /home/wz/Desktop/ROS_ROBOT/build/moveit_planners_chomp -- -j4 -l4
[35.830s] Invoking command in '/home/wz/Desktop/ROS_ROBOT/build/moveit_planners_chomp': AMENT_PREFIX_PATH=/home/wz/Desktop/ROS_ROBOT/install/chomp_motion_planner:/home/wz/Desktop/ROS_ROBOT/install/moveit_core:/home/wz/Desktop/ROS_ROBOT/install/moveit_common:${AMENT_PREFIX_PATH} CMAKE_PREFIX_PATH=/home/wz/Desktop/ROS_ROBOT/install/chomp_motion_planner:/home/wz/Desktop/ROS_ROBOT/install/moveit_core:/home/wz/Desktop/ROS_ROBOT/install/moveit_common:/opt/ros/humble LD_LIBRARY_PATH=/home/wz/Desktop/ROS_ROBOT/install/chomp_motion_planner/lib:/home/wz/Desktop/ROS_ROBOT/install/moveit_core/lib:${LD_LIBRARY_PATH} PATH=/home/wz/Desktop/ROS_ROBOT/install/moveit_core/bin:${PATH} /usr/bin/cmake --install /home/wz/Desktop/ROS_ROBOT/build/moveit_planners_chomp
[35.836s] -- Install configuration: "Release"
[35.836s] -- Execute custom install script
[35.838s] -- Symlinking: /home/wz/Desktop/ROS_ROBOT/install/moveit_planners_chomp/share/moveit_planners_chomp/environment/library_path.sh
[35.848s] -- Symlinking: /home/wz/Desktop/ROS_ROBOT/install/moveit_planners_chomp/share/moveit_planners_chomp/environment/library_path.dsv
[35.857s] -- Symlinking: /home/wz/Desktop/ROS_ROBOT/install/moveit_planners_chomp/share/moveit_planners_chomp//chomp_interface_plugin_description.xml
[35.866s] -- Symlinking: /home/wz/Desktop/ROS_ROBOT/install/moveit_planners_chomp/share/ament_index/resource_index/package_run_dependencies/moveit_planners_chomp
[35.875s] -- Symlinking: /home/wz/Desktop/ROS_ROBOT/install/moveit_planners_chomp/share/ament_index/resource_index/parent_prefix_path/moveit_planners_chomp
[35.888s] -- Symlinking: /home/wz/Desktop/ROS_ROBOT/install/moveit_planners_chomp/share/moveit_planners_chomp/environment/ament_prefix_path.sh
[35.906s] -- Symlinking: /home/wz/Desktop/ROS_ROBOT/install/moveit_planners_chomp/share/moveit_planners_chomp/environment/ament_prefix_path.dsv
[35.938s] -- Symlinking: /home/wz/Desktop/ROS_ROBOT/install/moveit_planners_chomp/share/moveit_planners_chomp/environment/path.sh
[35.949s] -- Symlinking: /home/wz/Desktop/ROS_ROBOT/install/moveit_planners_chomp/share/moveit_planners_chomp/environment/path.dsv
[35.956s] -- Symlinking: /home/wz/Desktop/ROS_ROBOT/install/moveit_planners_chomp/share/moveit_planners_chomp/local_setup.bash
[35.968s] -- Symlinking: /home/wz/Desktop/ROS_ROBOT/install/moveit_planners_chomp/share/moveit_planners_chomp/local_setup.sh
[35.981s] -- Symlinking: /home/wz/Desktop/ROS_ROBOT/install/moveit_planners_chomp/share/moveit_planners_chomp/local_setup.zsh
[35.998s] -- Symlinking: /home/wz/Desktop/ROS_ROBOT/install/moveit_planners_chomp/share/moveit_planners_chomp/local_setup.dsv
[36.028s] -- Symlinking: /home/wz/Desktop/ROS_ROBOT/install/moveit_planners_chomp/share/moveit_planners_chomp/package.dsv
[36.040s] -- Symlinking: /home/wz/Desktop/ROS_ROBOT/install/moveit_planners_chomp/share/ament_index/resource_index/packages/moveit_planners_chomp
[36.052s] -- Symlinking: /home/wz/Desktop/ROS_ROBOT/install/moveit_planners_chomp/share/ament_index/resource_index/moveit_core__pluginlib__plugin/moveit_planners_chomp
[36.063s] -- Symlinking: /home/wz/Desktop/ROS_ROBOT/install/moveit_planners_chomp/share/moveit_planners_chomp/cmake/ament_cmake_export_targets-extras.cmake
[36.078s] -- Symlinking: /home/wz/Desktop/ROS_ROBOT/install/moveit_planners_chomp/share/moveit_planners_chomp/cmake/ament_cmake_export_dependencies-extras.cmake
[36.105s] -- Symlinking: /home/wz/Desktop/ROS_ROBOT/install/moveit_planners_chomp/share/moveit_planners_chomp/cmake/moveit_planners_chompConfig.cmake
[36.119s] -- Symlinking: /home/wz/Desktop/ROS_ROBOT/install/moveit_planners_chomp/share/moveit_planners_chomp/cmake/moveit_planners_chompConfig-version.cmake
[36.142s] -- Symlinking: /home/wz/Desktop/ROS_ROBOT/install/moveit_planners_chomp/share/moveit_planners_chomp/package.xml
[36.169s] -- Installing: /home/wz/Desktop/ROS_ROBOT/install/moveit_planners_chomp/lib/libmoveit_chomp_interface.so.2.5.9
[36.169s] -- Set runtime path of "/home/wz/Desktop/ROS_ROBOT/install/moveit_planners_chomp/lib/libmoveit_chomp_interface.so.2.5.9" to ""
[36.169s] -- Installing: /home/wz/Desktop/ROS_ROBOT/install/moveit_planners_chomp/lib/libmoveit_chomp_interface.so
[36.169s] -- Installing: /home/wz/Desktop/ROS_ROBOT/install/moveit_planners_chomp/lib/libmoveit_chomp_planner_plugin.so
[36.169s] -- Set runtime path of "/home/wz/Desktop/ROS_ROBOT/install/moveit_planners_chomp/lib/libmoveit_chomp_planner_plugin.so" to ""
[36.169s] -- Installing: /home/wz/Desktop/ROS_ROBOT/install/moveit_planners_chomp/share/moveit_planners_chomp/cmake/moveit_planners_chompTargetsExport.cmake
[36.169s] -- Installing: /home/wz/Desktop/ROS_ROBOT/install/moveit_planners_chomp/share/moveit_planners_chomp/cmake/moveit_planners_chompTargetsExport-release.cmake
[36.173s] Invoked command in '/home/wz/Desktop/ROS_ROBOT/build/moveit_planners_chomp' returned '0': AMENT_PREFIX_PATH=/home/wz/Desktop/ROS_ROBOT/install/chomp_motion_planner:/home/wz/Desktop/ROS_ROBOT/install/moveit_core:/home/wz/Desktop/ROS_ROBOT/install/moveit_common:${AMENT_PREFIX_PATH} CMAKE_PREFIX_PATH=/home/wz/Desktop/ROS_ROBOT/install/chomp_motion_planner:/home/wz/Desktop/ROS_ROBOT/install/moveit_core:/home/wz/Desktop/ROS_ROBOT/install/moveit_common:/opt/ros/humble LD_LIBRARY_PATH=/home/wz/Desktop/ROS_ROBOT/install/chomp_motion_planner/lib:/home/wz/Desktop/ROS_ROBOT/install/moveit_core/lib:${LD_LIBRARY_PATH} PATH=/home/wz/Desktop/ROS_ROBOT/install/moveit_core/bin:${PATH} /usr/bin/cmake --install /home/wz/Desktop/ROS_ROBOT/build/moveit_planners_chomp
