[0.084s] Invoking command in '/home/wz/Desktop/ROS_ROBOT/build/moveit2_tutorials': AMENT_PREFIX_PATH=/home/wz/Desktop/ROS_ROBOT/install/moveit:/home/wz/Desktop/ROS_ROBOT/install/moveit_setup_assistant:/home/wz/Desktop/ROS_ROBOT/install/moveit_setup_srdf_plugins:/home/wz/Desktop/ROS_ROBOT/install/moveit_setup_core_plugins:/home/wz/Desktop/ROS_ROBOT/install/moveit_setup_controllers:/home/wz/Desktop/ROS_ROBOT/install/moveit_setup_app_plugins:/home/wz/Desktop/ROS_ROBOT/install/moveit_planners:/home/wz/Desktop/ROS_ROBOT/install/pilz_industrial_motion_planner:/home/wz/Desktop/ROS_ROBOT/install/moveit_setup_framework:/home/wz/Desktop/ROS_ROBOT/install/moveit_ros:/home/wz/Desktop/ROS_ROBOT/install/moveit_servo:/home/wz/Desktop/ROS_ROBOT/install/moveit_ros_visualization:/home/wz/Desktop/ROS_ROBOT/install/moveit_resources_prbt_pg70_support:/home/wz/Desktop/ROS_ROBOT/install/moveit_hybrid_planning:/home/wz/Desktop/ROS_ROBOT/install/moveit_ros_planning_interface:/home/wz/Desktop/ROS_ROBOT/install/moveit_resources_prbt_moveit_config:/home/wz/Desktop/ROS_ROBOT/install/moveit_ros_move_group:/home/wz/Desktop/ROS_ROBOT/install/moveit_ros_benchmarks:/home/wz/Desktop/ROS_ROBOT/install/moveit_ros_warehouse:/home/wz/Desktop/ROS_ROBOT/install/moveit_ros_robot_interaction:/home/wz/Desktop/ROS_ROBOT/install/moveit_ros_perception:/home/wz/Desktop/ROS_ROBOT/install/moveit_planners_ompl:/home/wz/Desktop/ROS_ROBOT/install/moveit_kinematics:/home/wz/Desktop/ROS_ROBOT/install/moveit_ros_planning:/home/wz/Desktop/ROS_ROBOT/install/moveit_plugins:/home/wz/Desktop/ROS_ROBOT/install/moveit_planners_chomp:/home/wz/Desktop/ROS_ROBOT/install/pilz_industrial_motion_planner_testutils:/home/wz/Desktop/ROS_ROBOT/install/moveit_simple_controller_manager:/home/wz/Desktop/ROS_ROBOT/install/moveit_ros_occupancy_map_monitor:/home/wz/Desktop/ROS_ROBOT/install/moveit_resources_prbt_ikfast_manipulator_plugin:/home/wz/Desktop/ROS_ROBOT/install/chomp_motion_planner:/home/wz/Desktop/ROS_ROBOT/install/moveit_core:/home/wz/Desktop/ROS_ROBOT/install/moveit_resources_prbt_support:/home/wz/Desktop/ROS_ROBOT/install/moveit_configs_utils:/home/wz/Desktop/ROS_ROBOT/install/moveit_common:${AMENT_PREFIX_PATH} CMAKE_PREFIX_PATH=/home/wz/Desktop/ROS_ROBOT/install/moveit:/home/wz/Desktop/ROS_ROBOT/install/moveit_setup_assistant:/home/wz/Desktop/ROS_ROBOT/install/moveit_setup_srdf_plugins:/home/wz/Desktop/ROS_ROBOT/install/moveit_setup_core_plugins:/home/wz/Desktop/ROS_ROBOT/install/moveit_setup_controllers:/home/wz/Desktop/ROS_ROBOT/install/moveit_setup_app_plugins:/home/wz/Desktop/ROS_ROBOT/install/moveit_planners:/home/wz/Desktop/ROS_ROBOT/install/pilz_industrial_motion_planner:/home/wz/Desktop/ROS_ROBOT/install/moveit_setup_framework:/home/wz/Desktop/ROS_ROBOT/install/moveit_ros:/home/wz/Desktop/ROS_ROBOT/install/moveit_servo:/home/wz/Desktop/ROS_ROBOT/install/moveit_ros_visualization:/home/wz/Desktop/ROS_ROBOT/install/moveit_resources_prbt_pg70_support:/home/wz/Desktop/ROS_ROBOT/install/moveit_hybrid_planning:/home/wz/Desktop/ROS_ROBOT/install/moveit_ros_planning_interface:/home/wz/Desktop/ROS_ROBOT/install/moveit_resources_prbt_moveit_config:/home/wz/Desktop/ROS_ROBOT/install/moveit_ros_move_group:/home/wz/Desktop/ROS_ROBOT/install/moveit_ros_benchmarks:/home/wz/Desktop/ROS_ROBOT/install/moveit_ros_warehouse:/home/wz/Desktop/ROS_ROBOT/install/moveit_ros_robot_interaction:/home/wz/Desktop/ROS_ROBOT/install/moveit_ros_perception:/home/wz/Desktop/ROS_ROBOT/install/moveit_planners_ompl:/home/wz/Desktop/ROS_ROBOT/install/moveit_kinematics:/home/wz/Desktop/ROS_ROBOT/install/moveit_ros_planning:/home/wz/Desktop/ROS_ROBOT/install/moveit_plugins:/home/wz/Desktop/ROS_ROBOT/install/moveit_planners_chomp:/home/wz/Desktop/ROS_ROBOT/install/pilz_industrial_motion_planner_testutils:/home/wz/Desktop/ROS_ROBOT/install/moveit_simple_controller_manager:/home/wz/Desktop/ROS_ROBOT/install/moveit_ros_occupancy_map_monitor:/home/wz/Desktop/ROS_ROBOT/install/moveit_resources_prbt_ikfast_manipulator_plugin:/home/wz/Desktop/ROS_ROBOT/install/chomp_motion_planner:/home/wz/Desktop/ROS_ROBOT/install/moveit_core:/home/wz/Desktop/ROS_ROBOT/install/moveit_resources_prbt_support:/home/wz/Desktop/ROS_ROBOT/install/moveit_common:/opt/ros/humble LD_LIBRARY_PATH=/home/wz/Desktop/ROS_ROBOT/install/moveit_setup_assistant/lib:/home/wz/Desktop/ROS_ROBOT/install/moveit_setup_srdf_plugins/lib:/home/wz/Desktop/ROS_ROBOT/install/moveit_setup_core_plugins/lib:/home/wz/Desktop/ROS_ROBOT/install/moveit_setup_controllers/lib:/home/wz/Desktop/ROS_ROBOT/install/moveit_setup_app_plugins/lib:/home/wz/Desktop/ROS_ROBOT/install/pilz_industrial_motion_planner/lib:/home/wz/Desktop/ROS_ROBOT/install/moveit_setup_framework/lib:/home/wz/Desktop/ROS_ROBOT/install/moveit_servo/lib:/home/wz/Desktop/ROS_ROBOT/install/moveit_ros_visualization/lib:/home/wz/Desktop/ROS_ROBOT/install/moveit_hybrid_planning/lib:/home/wz/Desktop/ROS_ROBOT/install/moveit_ros_planning_interface/lib:/home/wz/Desktop/ROS_ROBOT/install/moveit_ros_move_group/lib:/home/wz/Desktop/ROS_ROBOT/install/moveit_ros_benchmarks/lib:/home/wz/Desktop/ROS_ROBOT/install/moveit_ros_warehouse/lib:/home/wz/Desktop/ROS_ROBOT/install/moveit_ros_robot_interaction/lib:/home/wz/Desktop/ROS_ROBOT/install/moveit_ros_perception/lib:/home/wz/Desktop/ROS_ROBOT/install/moveit_planners_ompl/lib:/home/wz/Desktop/ROS_ROBOT/install/moveit_kinematics/lib:/home/wz/Desktop/ROS_ROBOT/install/moveit_ros_planning/lib:/home/wz/Desktop/ROS_ROBOT/install/moveit_planners_chomp/lib:/home/wz/Desktop/ROS_ROBOT/install/pilz_industrial_motion_planner_testutils/lib:/home/wz/Desktop/ROS_ROBOT/install/moveit_simple_controller_manager/lib:/home/wz/Desktop/ROS_ROBOT/install/moveit_ros_occupancy_map_monitor/lib:/home/wz/Desktop/ROS_ROBOT/install/moveit_resources_prbt_ikfast_manipulator_plugin/lib:/home/wz/Desktop/ROS_ROBOT/install/chomp_motion_planner/lib:/home/wz/Desktop/ROS_ROBOT/install/moveit_core/lib:${LD_LIBRARY_PATH} PATH=/home/wz/Desktop/ROS_ROBOT/install/moveit_core/bin:${PATH} PYTHONPATH=/home/wz/Desktop/ROS_ROBOT/build/moveit_configs_utils:/home/wz/Desktop/ROS_ROBOT/install/moveit_configs_utils/lib/python3.10/site-packages:${PYTHONPATH} /usr/bin/cmake /home/wz/Desktop/ROS_ROBOT/src/moveit2_tutorials -DAMENT_CMAKE_SYMLINK_INSTALL=1 -DCMAKE_INSTALL_PREFIX=/home/wz/Desktop/ROS_ROBOT/install/moveit2_tutorials
[0.152s] -- The C compiler identification is GNU 11.4.0
[0.223s] -- The CXX compiler identification is GNU 11.4.0
[0.230s] -- Detecting C compiler ABI info
[0.336s] -- Detecting C compiler ABI info - done
[0.342s] -- Check for working C compiler: /usr/bin/cc - skipped
[0.343s] -- Detecting C compile features
[0.343s] -- Detecting C compile features - done
[0.347s] -- Detecting CXX compiler ABI info
[0.452s] -- Detecting CXX compiler ABI info - done
[0.459s] -- Check for working CXX compiler: /usr/bin/c++ - skipped
[0.459s] -- Detecting CXX compile features
[0.462s] -- Detecting CXX compile features - done
[0.466s] -- Found moveit_common: 2.5.9 (/home/wz/Desktop/ROS_ROBOT/install/moveit_common/share/moveit_common/cmake)
[0.471s] -- Found ament_cmake: 1.3.11 (/opt/ros/humble/share/ament_cmake/cmake)
[0.642s] -- Found Python3: /usr/bin/python3 (found version "3.10.12") found components: Interpreter 
[0.708s] -- Override CMake install command with custom implementation using symlinks instead of copying resources
[0.825s] [0mmoveit2_tutorials: You did not request a specific build type: Choosing 'Release' for maximum performance[0m
[1.118s] -- Found Boost: /usr/lib/x86_64-linux-gnu/cmake/Boost-1.74.0/BoostConfig.cmake (found version "1.74.0") found components: system filesystem date_time thread 
[1.126s] -- Found control_msgs: 4.8.0 (/opt/ros/humble/share/control_msgs/cmake)
[1.193s] -- Found rosidl_generator_c: 3.1.6 (/opt/ros/humble/share/rosidl_generator_c/cmake)
[1.200s] -- Found rosidl_adapter: 3.1.6 (/opt/ros/humble/share/rosidl_adapter/cmake)
[1.211s] -- Found rosidl_generator_cpp: 3.1.6 (/opt/ros/humble/share/rosidl_generator_cpp/cmake)
[1.231s] -- Using all available rosidl_typesupport_c: rosidl_typesupport_fastrtps_c;rosidl_typesupport_introspection_c
[1.258s] -- Using all available rosidl_typesupport_cpp: rosidl_typesupport_fastrtps_cpp;rosidl_typesupport_introspection_cpp
[1.384s] -- Found moveit_core: 2.5.9 (/home/wz/Desktop/ROS_ROBOT/install/moveit_core/share/moveit_core/cmake)
[1.412s] -- Found Boost: /usr/lib/x86_64-linux-gnu/cmake/Boost-1.74.0/BoostConfig.cmake (found version "1.74.0") found components: chrono date_time filesystem iostreams program_options regex serialization system thread 
[1.476s] -- Found parameter_traits: 0.5.0 (/opt/ros/humble/share/parameter_traits/cmake)
[1.533s] -- Found rmw_implementation_cmake: 6.1.2 (/opt/ros/humble/share/rmw_implementation_cmake/cmake)
[1.539s] -- Found rmw_fastrtps_cpp: 6.2.7 (/opt/ros/humble/share/rmw_fastrtps_cpp/cmake)
[1.643s] -- Found OpenSSL: /usr/lib/x86_64-linux-gnu/libcrypto.so (found version "3.0.2")  
[1.667s] -- Found FastRTPS: /opt/ros/humble/include  
[1.704s] -- Using RMW implementation 'rmw_fastrtps_cpp' as default
[1.717s] -- Found Threads: TRUE  
[1.762s] -- Found rclcpp_lifecycle: 16.0.12 (/opt/ros/humble/share/rclcpp_lifecycle/cmake)
[1.786s] -- Found Boost: /usr/lib/x86_64-linux-gnu/cmake/Boost-1.74.0/BoostConfig.cmake (found version "1.74.0") found components: filesystem 
[1.885s] -- library: /usr/lib/x86_64-linux-gnu/libcurl.so
[1.931s] -- Found Eigen3: TRUE (found version "3.4.0") 
[1.931s] -- Ensuring Eigen3 include directory is part of orocos-kdl CMake target
[2.138s] [31mCMake Error at CMakeLists.txt:13 (find_package):
[2.138s]   By not providing "Findmoveit_task_constructor_core.cmake" in
[2.138s]   CMAKE_MODULE_PATH this project has asked CMake to find a package
[2.138s]   configuration file provided by "moveit_task_constructor_core", but CMake
[2.138s]   did not find one.
[2.138s] 
[2.138s]   Could not find a package configuration file provided by
[2.138s]   "moveit_task_constructor_core" with any of the following names:
[2.138s] 
[2.138s]     moveit_task_constructor_coreConfig.cmake
[2.139s] -- Configuring incomplete, errors occurred!
[2.139s] See also "/home/wz/Desktop/ROS_ROBOT/build/moveit2_tutorials/CMakeFiles/CMakeOutput.log".
[2.139s]     moveit_task_constructor_core-config.cmake
[2.139s] 
[2.139s]   Add the installation prefix of "moveit_task_constructor_core" to
[2.139s]   CMAKE_PREFIX_PATH or set "moveit_task_constructor_core_DIR" to a directory
[2.139s]   containing one of the above files.  If "moveit_task_constructor_core"
[2.139s]   provides a separate development package or SDK, be sure it has been
[2.139s]   installed.
[2.139s] 
[2.139s] [0m
[2.150s] Invoked command in '/home/wz/Desktop/ROS_ROBOT/build/moveit2_tutorials' returned '1': AMENT_PREFIX_PATH=/home/wz/Desktop/ROS_ROBOT/install/moveit:/home/wz/Desktop/ROS_ROBOT/install/moveit_setup_assistant:/home/wz/Desktop/ROS_ROBOT/install/moveit_setup_srdf_plugins:/home/wz/Desktop/ROS_ROBOT/install/moveit_setup_core_plugins:/home/wz/Desktop/ROS_ROBOT/install/moveit_setup_controllers:/home/wz/Desktop/ROS_ROBOT/install/moveit_setup_app_plugins:/home/wz/Desktop/ROS_ROBOT/install/moveit_planners:/home/wz/Desktop/ROS_ROBOT/install/pilz_industrial_motion_planner:/home/wz/Desktop/ROS_ROBOT/install/moveit_setup_framework:/home/wz/Desktop/ROS_ROBOT/install/moveit_ros:/home/wz/Desktop/ROS_ROBOT/install/moveit_servo:/home/wz/Desktop/ROS_ROBOT/install/moveit_ros_visualization:/home/wz/Desktop/ROS_ROBOT/install/moveit_resources_prbt_pg70_support:/home/wz/Desktop/ROS_ROBOT/install/moveit_hybrid_planning:/home/wz/Desktop/ROS_ROBOT/install/moveit_ros_planning_interface:/home/wz/Desktop/ROS_ROBOT/install/moveit_resources_prbt_moveit_config:/home/wz/Desktop/ROS_ROBOT/install/moveit_ros_move_group:/home/wz/Desktop/ROS_ROBOT/install/moveit_ros_benchmarks:/home/wz/Desktop/ROS_ROBOT/install/moveit_ros_warehouse:/home/wz/Desktop/ROS_ROBOT/install/moveit_ros_robot_interaction:/home/wz/Desktop/ROS_ROBOT/install/moveit_ros_perception:/home/wz/Desktop/ROS_ROBOT/install/moveit_planners_ompl:/home/wz/Desktop/ROS_ROBOT/install/moveit_kinematics:/home/wz/Desktop/ROS_ROBOT/install/moveit_ros_planning:/home/wz/Desktop/ROS_ROBOT/install/moveit_plugins:/home/wz/Desktop/ROS_ROBOT/install/moveit_planners_chomp:/home/wz/Desktop/ROS_ROBOT/install/pilz_industrial_motion_planner_testutils:/home/wz/Desktop/ROS_ROBOT/install/moveit_simple_controller_manager:/home/wz/Desktop/ROS_ROBOT/install/moveit_ros_occupancy_map_monitor:/home/wz/Desktop/ROS_ROBOT/install/moveit_resources_prbt_ikfast_manipulator_plugin:/home/wz/Desktop/ROS_ROBOT/install/chomp_motion_planner:/home/wz/Desktop/ROS_ROBOT/install/moveit_core:/home/wz/Desktop/ROS_ROBOT/install/moveit_resources_prbt_support:/home/wz/Desktop/ROS_ROBOT/install/moveit_configs_utils:/home/wz/Desktop/ROS_ROBOT/install/moveit_common:${AMENT_PREFIX_PATH} CMAKE_PREFIX_PATH=/home/wz/Desktop/ROS_ROBOT/install/moveit:/home/wz/Desktop/ROS_ROBOT/install/moveit_setup_assistant:/home/wz/Desktop/ROS_ROBOT/install/moveit_setup_srdf_plugins:/home/wz/Desktop/ROS_ROBOT/install/moveit_setup_core_plugins:/home/wz/Desktop/ROS_ROBOT/install/moveit_setup_controllers:/home/wz/Desktop/ROS_ROBOT/install/moveit_setup_app_plugins:/home/wz/Desktop/ROS_ROBOT/install/moveit_planners:/home/wz/Desktop/ROS_ROBOT/install/pilz_industrial_motion_planner:/home/wz/Desktop/ROS_ROBOT/install/moveit_setup_framework:/home/wz/Desktop/ROS_ROBOT/install/moveit_ros:/home/wz/Desktop/ROS_ROBOT/install/moveit_servo:/home/wz/Desktop/ROS_ROBOT/install/moveit_ros_visualization:/home/wz/Desktop/ROS_ROBOT/install/moveit_resources_prbt_pg70_support:/home/wz/Desktop/ROS_ROBOT/install/moveit_hybrid_planning:/home/wz/Desktop/ROS_ROBOT/install/moveit_ros_planning_interface:/home/wz/Desktop/ROS_ROBOT/install/moveit_resources_prbt_moveit_config:/home/wz/Desktop/ROS_ROBOT/install/moveit_ros_move_group:/home/wz/Desktop/ROS_ROBOT/install/moveit_ros_benchmarks:/home/wz/Desktop/ROS_ROBOT/install/moveit_ros_warehouse:/home/wz/Desktop/ROS_ROBOT/install/moveit_ros_robot_interaction:/home/wz/Desktop/ROS_ROBOT/install/moveit_ros_perception:/home/wz/Desktop/ROS_ROBOT/install/moveit_planners_ompl:/home/wz/Desktop/ROS_ROBOT/install/moveit_kinematics:/home/wz/Desktop/ROS_ROBOT/install/moveit_ros_planning:/home/wz/Desktop/ROS_ROBOT/install/moveit_plugins:/home/wz/Desktop/ROS_ROBOT/install/moveit_planners_chomp:/home/wz/Desktop/ROS_ROBOT/install/pilz_industrial_motion_planner_testutils:/home/wz/Desktop/ROS_ROBOT/install/moveit_simple_controller_manager:/home/wz/Desktop/ROS_ROBOT/install/moveit_ros_occupancy_map_monitor:/home/wz/Desktop/ROS_ROBOT/install/moveit_resources_prbt_ikfast_manipulator_plugin:/home/wz/Desktop/ROS_ROBOT/install/chomp_motion_planner:/home/wz/Desktop/ROS_ROBOT/install/moveit_core:/home/wz/Desktop/ROS_ROBOT/install/moveit_resources_prbt_support:/home/wz/Desktop/ROS_ROBOT/install/moveit_common:/opt/ros/humble LD_LIBRARY_PATH=/home/wz/Desktop/ROS_ROBOT/install/moveit_setup_assistant/lib:/home/wz/Desktop/ROS_ROBOT/install/moveit_setup_srdf_plugins/lib:/home/wz/Desktop/ROS_ROBOT/install/moveit_setup_core_plugins/lib:/home/wz/Desktop/ROS_ROBOT/install/moveit_setup_controllers/lib:/home/wz/Desktop/ROS_ROBOT/install/moveit_setup_app_plugins/lib:/home/wz/Desktop/ROS_ROBOT/install/pilz_industrial_motion_planner/lib:/home/wz/Desktop/ROS_ROBOT/install/moveit_setup_framework/lib:/home/wz/Desktop/ROS_ROBOT/install/moveit_servo/lib:/home/wz/Desktop/ROS_ROBOT/install/moveit_ros_visualization/lib:/home/wz/Desktop/ROS_ROBOT/install/moveit_hybrid_planning/lib:/home/wz/Desktop/ROS_ROBOT/install/moveit_ros_planning_interface/lib:/home/wz/Desktop/ROS_ROBOT/install/moveit_ros_move_group/lib:/home/wz/Desktop/ROS_ROBOT/install/moveit_ros_benchmarks/lib:/home/wz/Desktop/ROS_ROBOT/install/moveit_ros_warehouse/lib:/home/wz/Desktop/ROS_ROBOT/install/moveit_ros_robot_interaction/lib:/home/wz/Desktop/ROS_ROBOT/install/moveit_ros_perception/lib:/home/wz/Desktop/ROS_ROBOT/install/moveit_planners_ompl/lib:/home/wz/Desktop/ROS_ROBOT/install/moveit_kinematics/lib:/home/wz/Desktop/ROS_ROBOT/install/moveit_ros_planning/lib:/home/wz/Desktop/ROS_ROBOT/install/moveit_planners_chomp/lib:/home/wz/Desktop/ROS_ROBOT/install/pilz_industrial_motion_planner_testutils/lib:/home/wz/Desktop/ROS_ROBOT/install/moveit_simple_controller_manager/lib:/home/wz/Desktop/ROS_ROBOT/install/moveit_ros_occupancy_map_monitor/lib:/home/wz/Desktop/ROS_ROBOT/install/moveit_resources_prbt_ikfast_manipulator_plugin/lib:/home/wz/Desktop/ROS_ROBOT/install/chomp_motion_planner/lib:/home/wz/Desktop/ROS_ROBOT/install/moveit_core/lib:${LD_LIBRARY_PATH} PATH=/home/wz/Desktop/ROS_ROBOT/install/moveit_core/bin:${PATH} PYTHONPATH=/home/wz/Desktop/ROS_ROBOT/build/moveit_configs_utils:/home/wz/Desktop/ROS_ROBOT/install/moveit_configs_utils/lib/python3.10/site-packages:${PYTHONPATH} /usr/bin/cmake /home/wz/Desktop/ROS_ROBOT/src/moveit2_tutorials -DAMENT_CMAKE_SYMLINK_INSTALL=1 -DCMAKE_INSTALL_PREFIX=/home/wz/Desktop/ROS_ROBOT/install/moveit2_tutorials
