[0.040s] Invoking command in '/home/wz/Desktop/ROS_ROBOT/build/moveit_setup_assistant': AMENT_PREFIX_PATH=/home/wz/Desktop/ROS_ROBOT/install/moveit_setup_srdf_plugins:/home/wz/Desktop/ROS_ROBOT/install/moveit_setup_core_plugins:/home/wz/Desktop/ROS_ROBOT/install/moveit_setup_controllers:/home/wz/Desktop/ROS_ROBOT/install/moveit_setup_app_plugins:/home/wz/Desktop/ROS_ROBOT/install/moveit_setup_framework:/home/wz/Desktop/ROS_ROBOT/install/moveit_ros_visualization:/home/wz/Desktop/ROS_ROBOT/install/moveit_ros_planning_interface:/home/wz/Desktop/ROS_ROBOT/install/moveit_ros_move_group:/home/wz/Desktop/ROS_ROBOT/install/moveit_ros_warehouse:/home/wz/Desktop/ROS_ROBOT/install/moveit_ros_robot_interaction:/home/wz/Desktop/ROS_ROBOT/install/moveit_planners_ompl:/home/wz/Desktop/ROS_ROBOT/install/moveit_kinematics:/home/wz/Desktop/ROS_ROBOT/install/moveit_ros_planning:/home/wz/Desktop/ROS_ROBOT/install/moveit_simple_controller_manager:/home/wz/Desktop/ROS_ROBOT/install/moveit_ros_occupancy_map_monitor:/home/wz/Desktop/ROS_ROBOT/install/moveit_core:/home/wz/Desktop/ROS_ROBOT/install/moveit_configs_utils:/home/wz/Desktop/ROS_ROBOT/install/moveit_common:${AMENT_PREFIX_PATH} CMAKE_PREFIX_PATH=/home/wz/Desktop/ROS_ROBOT/install/moveit_setup_srdf_plugins:/home/wz/Desktop/ROS_ROBOT/install/moveit_setup_core_plugins:/home/wz/Desktop/ROS_ROBOT/install/moveit_setup_controllers:/home/wz/Desktop/ROS_ROBOT/install/moveit_setup_app_plugins:/home/wz/Desktop/ROS_ROBOT/install/moveit_setup_framework:/home/wz/Desktop/ROS_ROBOT/install/moveit_ros_visualization:/home/wz/Desktop/ROS_ROBOT/install/moveit_ros_planning_interface:/home/wz/Desktop/ROS_ROBOT/install/moveit_ros_move_group:/home/wz/Desktop/ROS_ROBOT/install/moveit_ros_warehouse:/home/wz/Desktop/ROS_ROBOT/install/moveit_ros_robot_interaction:/home/wz/Desktop/ROS_ROBOT/install/moveit_planners_ompl:/home/wz/Desktop/ROS_ROBOT/install/moveit_kinematics:/home/wz/Desktop/ROS_ROBOT/install/moveit_ros_planning:/home/wz/Desktop/ROS_ROBOT/install/moveit_simple_controller_manager:/home/wz/Desktop/ROS_ROBOT/install/moveit_ros_occupancy_map_monitor:/home/wz/Desktop/ROS_ROBOT/install/moveit_core:/home/wz/Desktop/ROS_ROBOT/install/moveit_common:/opt/ros/humble LD_LIBRARY_PATH=/home/wz/Desktop/ROS_ROBOT/install/moveit_setup_srdf_plugins/lib:/home/wz/Desktop/ROS_ROBOT/install/moveit_setup_core_plugins/lib:/home/wz/Desktop/ROS_ROBOT/install/moveit_setup_controllers/lib:/home/wz/Desktop/ROS_ROBOT/install/moveit_setup_app_plugins/lib:/home/wz/Desktop/ROS_ROBOT/install/moveit_setup_framework/lib:/home/wz/Desktop/ROS_ROBOT/install/moveit_ros_visualization/lib:/home/wz/Desktop/ROS_ROBOT/install/moveit_ros_planning_interface/lib:/home/wz/Desktop/ROS_ROBOT/install/moveit_ros_move_group/lib:/home/wz/Desktop/ROS_ROBOT/install/moveit_ros_warehouse/lib:/home/wz/Desktop/ROS_ROBOT/install/moveit_ros_robot_interaction/lib:/home/wz/Desktop/ROS_ROBOT/install/moveit_planners_ompl/lib:/home/wz/Desktop/ROS_ROBOT/install/moveit_kinematics/lib:/home/wz/Desktop/ROS_ROBOT/install/moveit_ros_planning/lib:/home/wz/Desktop/ROS_ROBOT/install/moveit_simple_controller_manager/lib:/home/wz/Desktop/ROS_ROBOT/install/moveit_ros_occupancy_map_monitor/lib:/home/wz/Desktop/ROS_ROBOT/install/moveit_core/lib:${LD_LIBRARY_PATH} PATH=/home/wz/Desktop/ROS_ROBOT/install/moveit_core/bin:${PATH} PYTHONPATH=/home/wz/Desktop/ROS_ROBOT/build/moveit_configs_utils:/home/wz/Desktop/ROS_ROBOT/install/moveit_configs_utils/lib/python3.10/site-packages:${PYTHONPATH} /usr/bin/cmake /home/wz/Desktop/ROS_ROBOT/src/moveit2/moveit_setup_assistant/moveit_setup_assistant -DAMENT_CMAKE_SYMLINK_INSTALL=1 -DCMAKE_INSTALL_PREFIX=/home/wz/Desktop/ROS_ROBOT/install/moveit_setup_assistant
[0.089s] -- The C compiler identification is GNU 11.4.0
[0.139s] -- The CXX compiler identification is GNU 11.4.0
[0.145s] -- Detecting C compiler ABI info
[0.212s] -- Detecting C compiler ABI info - done
[0.216s] -- Check for working C compiler: /usr/bin/cc - skipped
[0.216s] -- Detecting C compile features
[0.216s] -- Detecting C compile features - done
[0.218s] -- Detecting CXX compiler ABI info
[0.295s] -- Detecting CXX compiler ABI info - done
[0.301s] -- Check for working CXX compiler: /usr/bin/c++ - skipped
[0.301s] -- Detecting CXX compile features
[0.301s] -- Detecting CXX compile features - done
[0.303s] -- Found moveit_common: 2.5.9 (/home/wz/Desktop/ROS_ROBOT/install/moveit_common/share/moveit_common/cmake)
[0.305s] -- Found ament_cmake: 1.3.11 (/opt/ros/humble/share/ament_cmake/cmake)
[0.427s] -- Found Python3: /usr/bin/python3 (found version "3.10.12") found components: Interpreter 
[0.473s] -- Override CMake install command with custom implementation using symlinks instead of copying resources
[0.557s] [0mmoveit_setup_assistant: You did not request a specific build type: Choosing 'Release' for maximum performance[0m
[0.561s] -- Found ament_index_cpp: 1.4.0 (/opt/ros/humble/share/ament_index_cpp/cmake)
[0.571s] -- Found Boost: /usr/lib/x86_64-linux-gnu/cmake/Boost-1.74.0/BoostConfig.cmake (found version "1.74.0") found components: program_options 
[0.571s] -- Found moveit_setup_framework: 2.5.9 (/home/wz/Desktop/ROS_ROBOT/install/moveit_setup_framework/share/moveit_setup_framework/cmake)
[0.620s] -- Found rosidl_generator_c: 3.1.6 (/opt/ros/humble/share/rosidl_generator_c/cmake)
[0.626s] -- Found rosidl_adapter: 3.1.6 (/opt/ros/humble/share/rosidl_adapter/cmake)
[0.636s] -- Found rosidl_generator_cpp: 3.1.6 (/opt/ros/humble/share/rosidl_generator_cpp/cmake)
[0.648s] -- Using all available rosidl_typesupport_c: rosidl_typesupport_fastrtps_c;rosidl_typesupport_introspection_c
[0.665s] -- Using all available rosidl_typesupport_cpp: rosidl_typesupport_fastrtps_cpp;rosidl_typesupport_introspection_cpp
[0.720s] -- Found rmw_implementation_cmake: 6.1.2 (/opt/ros/humble/share/rmw_implementation_cmake/cmake)
[0.724s] -- Found rmw_fastrtps_cpp: 6.2.7 (/opt/ros/humble/share/rmw_fastrtps_cpp/cmake)
[0.813s] -- Found OpenSSL: /usr/lib/x86_64-linux-gnu/libcrypto.so (found version "3.0.2")  
[0.835s] -- Found FastRTPS: /opt/ros/humble/include  
[0.874s] -- Using RMW implementation 'rmw_fastrtps_cpp' as default
[0.885s] -- Looking for pthread.h
[0.974s] -- Looking for pthread.h - found
[0.974s] -- Performing Test CMAKE_HAVE_LIBC_PTHREAD
[1.062s] -- Performing Test CMAKE_HAVE_LIBC_PTHREAD - Success
[1.063s] -- Found Threads: TRUE  
[1.152s] -- Found Boost: /usr/lib/x86_64-linux-gnu/cmake/Boost-1.74.0/BoostConfig.cmake (found version "1.74.0") found components: chrono date_time filesystem iostreams program_options regex serialization system thread 
[1.195s] -- Found parameter_traits: 0.5.0 (/opt/ros/humble/share/parameter_traits/cmake)
[1.208s] -- Found rclcpp_lifecycle: 16.0.12 (/opt/ros/humble/share/rclcpp_lifecycle/cmake)
[1.231s] -- Found Boost: /usr/lib/x86_64-linux-gnu/cmake/Boost-1.74.0/BoostConfig.cmake (found version "1.74.0") found components: filesystem 
[1.326s] -- library: /usr/lib/x86_64-linux-gnu/libcurl.so
[1.395s] -- Found Eigen3: TRUE (found version "3.4.0") 
[1.396s] -- Ensuring Eigen3 include directory is part of orocos-kdl CMake target
[1.631s] -- Found Boost: /usr/lib/x86_64-linux-gnu/cmake/Boost-1.74.0/BoostConfig.cmake (found version "1.74.0") found components: system filesystem date_time program_options thread chrono 
[1.656s] -- Found Boost: /usr/lib/x86_64-linux-gnu/cmake/Boost-1.74.0/BoostConfig.cmake (found version "1.74.0") found components: thread date_time system filesystem 
[1.669s] -- Found Boost: /usr/lib/x86_64-linux-gnu/cmake/Boost-1.74.0/BoostConfig.cmake (found version "1.74.0") found components: date_time filesystem program_options system thread 
[1.680s] -- Found Boost: /usr/lib/x86_64-linux-gnu/cmake/Boost-1.74.0/BoostConfig.cmake (found version "1.74.0") found components: thread system filesystem regex date_time program_options 
[1.698s] -- Found Boost: /usr/lib/x86_64-linux-gnu/cmake/Boost-1.74.0/BoostConfig.cmake (found version "1.74.0") found components: system filesystem date_time program_options thread 
[1.750s] -- Setting OGRE_DIR to: '/opt/ros/humble/share/rviz_ogre_vendor/cmake/../../../opt/rviz_ogre_vendor/lib/OGRE/cmake'
[1.751s] -- Found OGRE
[1.751s] --   static     : OFF
[1.751s] --   components : HLMS;MeshLodGenerator;Overlay;Paging;Property;RTShaderSystem;Terrain;Volume
[1.751s] --   plugins    : Plugin_BSPSceneManager;Plugin_OctreeSceneManager;Plugin_PCZSceneManager;Plugin_ParticleFX;RenderSystem_GL;RenderSystem_GL3Plus;Codec_STBI
[1.751s] --   media      : /opt/ros/humble/opt/rviz_ogre_vendor/share/OGRE/Media
[1.751s] -- OGRE_LIBRARIES: OgreHLMS;OgreMeshLodGenerator;OgreOverlay;OgrePaging;OgreProperty;OgreRTShaderSystem;OgreTerrain;OgreVolume;OgreMain
[1.751s] -- OGRE_LIBRARY_DIRS: /opt/ros/humble/opt/rviz_ogre_vendor/lib
[1.751s] -- OGRE_PLUGINS: Plugin_BSPSceneManager;Plugin_OctreeSceneManager;Plugin_PCZSceneManager;Plugin_ParticleFX;RenderSystem_GL;RenderSystem_GL3Plus;Codec_STBI
[1.751s] -- OGRE_PLUGIN_DIR: /opt/ros/humble/opt/rviz_ogre_vendor/lib/OGRE
[1.751s] -- rviz_ogre_vendor::OgreOverlay for IMPORTED_LOCATION_RELEASE: /opt/ros/humble/opt/rviz_ogre_vendor/lib/libOgreOverlay.so
[1.751s] -- rviz_ogre_vendor::OgreOverlay for IMPORTED_LOCATION_DEBUG: /opt/ros/humble/opt/rviz_ogre_vendor/lib/libOgreOverlay.so
[1.751s] -- rviz_ogre_vendor::OgreMain for IMPORTED_LOCATION_RELEASE: /opt/ros/humble/opt/rviz_ogre_vendor/lib/libOgreMain.so
[1.751s] -- rviz_ogre_vendor::OgreMain for IMPORTED_LOCATION_DEBUG: /opt/ros/humble/opt/rviz_ogre_vendor/lib/libOgreMain.so
[1.754s] -- Could not find freeimage library
[1.773s] -- Found ZLIB: /usr/lib/x86_64-linux-gnu/libz.so (found version "1.2.11") 
[1.779s] -- Found OpenGL: /usr/lib/x86_64-linux-gnu/libOpenGL.so   
[1.873s] -- Found X11: /usr/include   
[1.874s] -- Looking for XOpenDisplay in /usr/lib/x86_64-linux-gnu/libX11.so;/usr/lib/x86_64-linux-gnu/libXext.so
[1.967s] -- Looking for XOpenDisplay in /usr/lib/x86_64-linux-gnu/libX11.so;/usr/lib/x86_64-linux-gnu/libXext.so - found
[1.967s] -- Looking for gethostbyname
[2.052s] -- Looking for gethostbyname - found
[2.052s] -- Looking for connect
[2.143s] -- Looking for connect - found
[2.143s] -- Looking for remove
[2.230s] -- Looking for remove - found
[2.230s] -- Looking for shmat
[2.335s] -- Looking for shmat - found
[2.335s] -- Looking for IceConnectionNumber in ICE
[2.436s] -- Looking for IceConnectionNumber in ICE - found
[2.451s] -- Setting assimp_DIR to: '/opt/ros/humble/share/rviz_assimp_vendor/cmake/../../../opt/rviz_assimp_vendor/lib/cmake/assimp-4.1'
[2.530s] -- Found moveit_setup_srdf_plugins: 2.5.9 (/home/wz/Desktop/ROS_ROBOT/install/moveit_setup_srdf_plugins/share/moveit_setup_srdf_plugins/cmake)
[2.547s] -- Found ament_lint_auto: 0.12.12 (/opt/ros/humble/share/ament_lint_auto/cmake)
[2.570s] -- Added test 'lint_cmake' to check CMake code style
[2.571s] -- Added test 'xmllint' to check XML markup files
[2.574s] -- Configuring done
[2.650s] -- Generating done
[2.665s] -- Build files have been written to: /home/wz/Desktop/ROS_ROBOT/build/moveit_setup_assistant
[2.685s] Invoked command in '/home/wz/Desktop/ROS_ROBOT/build/moveit_setup_assistant' returned '0': AMENT_PREFIX_PATH=/home/wz/Desktop/ROS_ROBOT/install/moveit_setup_srdf_plugins:/home/wz/Desktop/ROS_ROBOT/install/moveit_setup_core_plugins:/home/wz/Desktop/ROS_ROBOT/install/moveit_setup_controllers:/home/wz/Desktop/ROS_ROBOT/install/moveit_setup_app_plugins:/home/wz/Desktop/ROS_ROBOT/install/moveit_setup_framework:/home/wz/Desktop/ROS_ROBOT/install/moveit_ros_visualization:/home/wz/Desktop/ROS_ROBOT/install/moveit_ros_planning_interface:/home/wz/Desktop/ROS_ROBOT/install/moveit_ros_move_group:/home/wz/Desktop/ROS_ROBOT/install/moveit_ros_warehouse:/home/wz/Desktop/ROS_ROBOT/install/moveit_ros_robot_interaction:/home/wz/Desktop/ROS_ROBOT/install/moveit_planners_ompl:/home/wz/Desktop/ROS_ROBOT/install/moveit_kinematics:/home/wz/Desktop/ROS_ROBOT/install/moveit_ros_planning:/home/wz/Desktop/ROS_ROBOT/install/moveit_simple_controller_manager:/home/wz/Desktop/ROS_ROBOT/install/moveit_ros_occupancy_map_monitor:/home/wz/Desktop/ROS_ROBOT/install/moveit_core:/home/wz/Desktop/ROS_ROBOT/install/moveit_configs_utils:/home/wz/Desktop/ROS_ROBOT/install/moveit_common:${AMENT_PREFIX_PATH} CMAKE_PREFIX_PATH=/home/wz/Desktop/ROS_ROBOT/install/moveit_setup_srdf_plugins:/home/wz/Desktop/ROS_ROBOT/install/moveit_setup_core_plugins:/home/wz/Desktop/ROS_ROBOT/install/moveit_setup_controllers:/home/wz/Desktop/ROS_ROBOT/install/moveit_setup_app_plugins:/home/wz/Desktop/ROS_ROBOT/install/moveit_setup_framework:/home/wz/Desktop/ROS_ROBOT/install/moveit_ros_visualization:/home/wz/Desktop/ROS_ROBOT/install/moveit_ros_planning_interface:/home/wz/Desktop/ROS_ROBOT/install/moveit_ros_move_group:/home/wz/Desktop/ROS_ROBOT/install/moveit_ros_warehouse:/home/wz/Desktop/ROS_ROBOT/install/moveit_ros_robot_interaction:/home/wz/Desktop/ROS_ROBOT/install/moveit_planners_ompl:/home/wz/Desktop/ROS_ROBOT/install/moveit_kinematics:/home/wz/Desktop/ROS_ROBOT/install/moveit_ros_planning:/home/wz/Desktop/ROS_ROBOT/install/moveit_simple_controller_manager:/home/wz/Desktop/ROS_ROBOT/install/moveit_ros_occupancy_map_monitor:/home/wz/Desktop/ROS_ROBOT/install/moveit_core:/home/wz/Desktop/ROS_ROBOT/install/moveit_common:/opt/ros/humble LD_LIBRARY_PATH=/home/wz/Desktop/ROS_ROBOT/install/moveit_setup_srdf_plugins/lib:/home/wz/Desktop/ROS_ROBOT/install/moveit_setup_core_plugins/lib:/home/wz/Desktop/ROS_ROBOT/install/moveit_setup_controllers/lib:/home/wz/Desktop/ROS_ROBOT/install/moveit_setup_app_plugins/lib:/home/wz/Desktop/ROS_ROBOT/install/moveit_setup_framework/lib:/home/wz/Desktop/ROS_ROBOT/install/moveit_ros_visualization/lib:/home/wz/Desktop/ROS_ROBOT/install/moveit_ros_planning_interface/lib:/home/wz/Desktop/ROS_ROBOT/install/moveit_ros_move_group/lib:/home/wz/Desktop/ROS_ROBOT/install/moveit_ros_warehouse/lib:/home/wz/Desktop/ROS_ROBOT/install/moveit_ros_robot_interaction/lib:/home/wz/Desktop/ROS_ROBOT/install/moveit_planners_ompl/lib:/home/wz/Desktop/ROS_ROBOT/install/moveit_kinematics/lib:/home/wz/Desktop/ROS_ROBOT/install/moveit_ros_planning/lib:/home/wz/Desktop/ROS_ROBOT/install/moveit_simple_controller_manager/lib:/home/wz/Desktop/ROS_ROBOT/install/moveit_ros_occupancy_map_monitor/lib:/home/wz/Desktop/ROS_ROBOT/install/moveit_core/lib:${LD_LIBRARY_PATH} PATH=/home/wz/Desktop/ROS_ROBOT/install/moveit_core/bin:${PATH} PYTHONPATH=/home/wz/Desktop/ROS_ROBOT/build/moveit_configs_utils:/home/wz/Desktop/ROS_ROBOT/install/moveit_configs_utils/lib/python3.10/site-packages:${PYTHONPATH} /usr/bin/cmake /home/wz/Desktop/ROS_ROBOT/src/moveit2/moveit_setup_assistant/moveit_setup_assistant -DAMENT_CMAKE_SYMLINK_INSTALL=1 -DCMAKE_INSTALL_PREFIX=/home/wz/Desktop/ROS_ROBOT/install/moveit_setup_assistant
[2.685s] Invoking command in '/home/wz/Desktop/ROS_ROBOT/build/moveit_setup_assistant': AMENT_PREFIX_PATH=/home/wz/Desktop/ROS_ROBOT/install/moveit_setup_srdf_plugins:/home/wz/Desktop/ROS_ROBOT/install/moveit_setup_core_plugins:/home/wz/Desktop/ROS_ROBOT/install/moveit_setup_controllers:/home/wz/Desktop/ROS_ROBOT/install/moveit_setup_app_plugins:/home/wz/Desktop/ROS_ROBOT/install/moveit_setup_framework:/home/wz/Desktop/ROS_ROBOT/install/moveit_ros_visualization:/home/wz/Desktop/ROS_ROBOT/install/moveit_ros_planning_interface:/home/wz/Desktop/ROS_ROBOT/install/moveit_ros_move_group:/home/wz/Desktop/ROS_ROBOT/install/moveit_ros_warehouse:/home/wz/Desktop/ROS_ROBOT/install/moveit_ros_robot_interaction:/home/wz/Desktop/ROS_ROBOT/install/moveit_planners_ompl:/home/wz/Desktop/ROS_ROBOT/install/moveit_kinematics:/home/wz/Desktop/ROS_ROBOT/install/moveit_ros_planning:/home/wz/Desktop/ROS_ROBOT/install/moveit_simple_controller_manager:/home/wz/Desktop/ROS_ROBOT/install/moveit_ros_occupancy_map_monitor:/home/wz/Desktop/ROS_ROBOT/install/moveit_core:/home/wz/Desktop/ROS_ROBOT/install/moveit_configs_utils:/home/wz/Desktop/ROS_ROBOT/install/moveit_common:${AMENT_PREFIX_PATH} CMAKE_PREFIX_PATH=/home/wz/Desktop/ROS_ROBOT/install/moveit_setup_srdf_plugins:/home/wz/Desktop/ROS_ROBOT/install/moveit_setup_core_plugins:/home/wz/Desktop/ROS_ROBOT/install/moveit_setup_controllers:/home/wz/Desktop/ROS_ROBOT/install/moveit_setup_app_plugins:/home/wz/Desktop/ROS_ROBOT/install/moveit_setup_framework:/home/wz/Desktop/ROS_ROBOT/install/moveit_ros_visualization:/home/wz/Desktop/ROS_ROBOT/install/moveit_ros_planning_interface:/home/wz/Desktop/ROS_ROBOT/install/moveit_ros_move_group:/home/wz/Desktop/ROS_ROBOT/install/moveit_ros_warehouse:/home/wz/Desktop/ROS_ROBOT/install/moveit_ros_robot_interaction:/home/wz/Desktop/ROS_ROBOT/install/moveit_planners_ompl:/home/wz/Desktop/ROS_ROBOT/install/moveit_kinematics:/home/wz/Desktop/ROS_ROBOT/install/moveit_ros_planning:/home/wz/Desktop/ROS_ROBOT/install/moveit_simple_controller_manager:/home/wz/Desktop/ROS_ROBOT/install/moveit_ros_occupancy_map_monitor:/home/wz/Desktop/ROS_ROBOT/install/moveit_core:/home/wz/Desktop/ROS_ROBOT/install/moveit_common:/opt/ros/humble LD_LIBRARY_PATH=/home/wz/Desktop/ROS_ROBOT/install/moveit_setup_srdf_plugins/lib:/home/wz/Desktop/ROS_ROBOT/install/moveit_setup_core_plugins/lib:/home/wz/Desktop/ROS_ROBOT/install/moveit_setup_controllers/lib:/home/wz/Desktop/ROS_ROBOT/install/moveit_setup_app_plugins/lib:/home/wz/Desktop/ROS_ROBOT/install/moveit_setup_framework/lib:/home/wz/Desktop/ROS_ROBOT/install/moveit_ros_visualization/lib:/home/wz/Desktop/ROS_ROBOT/install/moveit_ros_planning_interface/lib:/home/wz/Desktop/ROS_ROBOT/install/moveit_ros_move_group/lib:/home/wz/Desktop/ROS_ROBOT/install/moveit_ros_warehouse/lib:/home/wz/Desktop/ROS_ROBOT/install/moveit_ros_robot_interaction/lib:/home/wz/Desktop/ROS_ROBOT/install/moveit_planners_ompl/lib:/home/wz/Desktop/ROS_ROBOT/install/moveit_kinematics/lib:/home/wz/Desktop/ROS_ROBOT/install/moveit_ros_planning/lib:/home/wz/Desktop/ROS_ROBOT/install/moveit_simple_controller_manager/lib:/home/wz/Desktop/ROS_ROBOT/install/moveit_ros_occupancy_map_monitor/lib:/home/wz/Desktop/ROS_ROBOT/install/moveit_core/lib:${LD_LIBRARY_PATH} PATH=/home/wz/Desktop/ROS_ROBOT/install/moveit_core/bin:${PATH} PYTHONPATH=/home/wz/Desktop/ROS_ROBOT/build/moveit_configs_utils:/home/wz/Desktop/ROS_ROBOT/install/moveit_configs_utils/lib/python3.10/site-packages:${PYTHONPATH} /usr/bin/cmake --build /home/wz/Desktop/ROS_ROBOT/build/moveit_setup_assistant -- -j4 -l4
[2.746s] [  7%] [34m[1mAutomatic MOC for target moveit_setup_assistant_updater[0m
[2.746s] [ 14%] [34m[1mAutomatic MOC for target moveit_setup_assistant[0m
[2.783s] [ 14%] Built target moveit_setup_assistant_updater_autogen
[2.783s] [ 14%] Built target moveit_setup_assistant_autogen
[2.796s] [ 28%] [34m[1mGenerating include/moveit_setup_assistant/moc_navigation_widget.cpp[0m
[2.796s] [ 28%] [34m[1mGenerating include/moveit_setup_assistant/moc_setup_assistant_widget.cpp[0m
[2.807s] [ 42%] [32mBuilding CXX object CMakeFiles/moveit_setup_assistant_updater.dir/moveit_setup_assistant_updater_autogen/mocs_compilation.cpp.o[0m
[2.808s] [ 42%] [32mBuilding CXX object CMakeFiles/moveit_setup_assistant_updater.dir/src/collisions_updater.cpp.o[0m
[2.821s] [ 50%] [32mBuilding CXX object CMakeFiles/moveit_setup_assistant.dir/moveit_setup_assistant_autogen/mocs_compilation.cpp.o[0m
[2.824s] [ 57%] [32mBuilding CXX object CMakeFiles/moveit_setup_assistant.dir/src/main.cpp.o[0m
[2.833s] [ 64%] [32mBuilding CXX object CMakeFiles/moveit_setup_assistant.dir/src/setup_assistant_widget.cpp.o[0m
[2.851s] [ 71%] [32mBuilding CXX object CMakeFiles/moveit_setup_assistant.dir/src/navigation_widget.cpp.o[0m
[4.381s] [ 78%] [32mBuilding CXX object CMakeFiles/moveit_setup_assistant.dir/include/moveit_setup_assistant/moc_navigation_widget.cpp.o[0m
[5.636s] [ 85%] [32mBuilding CXX object CMakeFiles/moveit_setup_assistant.dir/include/moveit_setup_assistant/moc_setup_assistant_widget.cpp.o[0m
[19.199s] [ 92%] [32m[1mLinking CXX executable collisions_updater[0m
[20.020s] [ 92%] Built target moveit_setup_assistant_updater
[22.355s] [100%] [32m[1mLinking CXX executable moveit_setup_assistant[0m
[23.265s] [100%] Built target moveit_setup_assistant
[23.278s] Invoked command in '/home/wz/Desktop/ROS_ROBOT/build/moveit_setup_assistant' returned '0': AMENT_PREFIX_PATH=/home/wz/Desktop/ROS_ROBOT/install/moveit_setup_srdf_plugins:/home/wz/Desktop/ROS_ROBOT/install/moveit_setup_core_plugins:/home/wz/Desktop/ROS_ROBOT/install/moveit_setup_controllers:/home/wz/Desktop/ROS_ROBOT/install/moveit_setup_app_plugins:/home/wz/Desktop/ROS_ROBOT/install/moveit_setup_framework:/home/wz/Desktop/ROS_ROBOT/install/moveit_ros_visualization:/home/wz/Desktop/ROS_ROBOT/install/moveit_ros_planning_interface:/home/wz/Desktop/ROS_ROBOT/install/moveit_ros_move_group:/home/wz/Desktop/ROS_ROBOT/install/moveit_ros_warehouse:/home/wz/Desktop/ROS_ROBOT/install/moveit_ros_robot_interaction:/home/wz/Desktop/ROS_ROBOT/install/moveit_planners_ompl:/home/wz/Desktop/ROS_ROBOT/install/moveit_kinematics:/home/wz/Desktop/ROS_ROBOT/install/moveit_ros_planning:/home/wz/Desktop/ROS_ROBOT/install/moveit_simple_controller_manager:/home/wz/Desktop/ROS_ROBOT/install/moveit_ros_occupancy_map_monitor:/home/wz/Desktop/ROS_ROBOT/install/moveit_core:/home/wz/Desktop/ROS_ROBOT/install/moveit_configs_utils:/home/wz/Desktop/ROS_ROBOT/install/moveit_common:${AMENT_PREFIX_PATH} CMAKE_PREFIX_PATH=/home/wz/Desktop/ROS_ROBOT/install/moveit_setup_srdf_plugins:/home/wz/Desktop/ROS_ROBOT/install/moveit_setup_core_plugins:/home/wz/Desktop/ROS_ROBOT/install/moveit_setup_controllers:/home/wz/Desktop/ROS_ROBOT/install/moveit_setup_app_plugins:/home/wz/Desktop/ROS_ROBOT/install/moveit_setup_framework:/home/wz/Desktop/ROS_ROBOT/install/moveit_ros_visualization:/home/wz/Desktop/ROS_ROBOT/install/moveit_ros_planning_interface:/home/wz/Desktop/ROS_ROBOT/install/moveit_ros_move_group:/home/wz/Desktop/ROS_ROBOT/install/moveit_ros_warehouse:/home/wz/Desktop/ROS_ROBOT/install/moveit_ros_robot_interaction:/home/wz/Desktop/ROS_ROBOT/install/moveit_planners_ompl:/home/wz/Desktop/ROS_ROBOT/install/moveit_kinematics:/home/wz/Desktop/ROS_ROBOT/install/moveit_ros_planning:/home/wz/Desktop/ROS_ROBOT/install/moveit_simple_controller_manager:/home/wz/Desktop/ROS_ROBOT/install/moveit_ros_occupancy_map_monitor:/home/wz/Desktop/ROS_ROBOT/install/moveit_core:/home/wz/Desktop/ROS_ROBOT/install/moveit_common:/opt/ros/humble LD_LIBRARY_PATH=/home/wz/Desktop/ROS_ROBOT/install/moveit_setup_srdf_plugins/lib:/home/wz/Desktop/ROS_ROBOT/install/moveit_setup_core_plugins/lib:/home/wz/Desktop/ROS_ROBOT/install/moveit_setup_controllers/lib:/home/wz/Desktop/ROS_ROBOT/install/moveit_setup_app_plugins/lib:/home/wz/Desktop/ROS_ROBOT/install/moveit_setup_framework/lib:/home/wz/Desktop/ROS_ROBOT/install/moveit_ros_visualization/lib:/home/wz/Desktop/ROS_ROBOT/install/moveit_ros_planning_interface/lib:/home/wz/Desktop/ROS_ROBOT/install/moveit_ros_move_group/lib:/home/wz/Desktop/ROS_ROBOT/install/moveit_ros_warehouse/lib:/home/wz/Desktop/ROS_ROBOT/install/moveit_ros_robot_interaction/lib:/home/wz/Desktop/ROS_ROBOT/install/moveit_planners_ompl/lib:/home/wz/Desktop/ROS_ROBOT/install/moveit_kinematics/lib:/home/wz/Desktop/ROS_ROBOT/install/moveit_ros_planning/lib:/home/wz/Desktop/ROS_ROBOT/install/moveit_simple_controller_manager/lib:/home/wz/Desktop/ROS_ROBOT/install/moveit_ros_occupancy_map_monitor/lib:/home/wz/Desktop/ROS_ROBOT/install/moveit_core/lib:${LD_LIBRARY_PATH} PATH=/home/wz/Desktop/ROS_ROBOT/install/moveit_core/bin:${PATH} PYTHONPATH=/home/wz/Desktop/ROS_ROBOT/build/moveit_configs_utils:/home/wz/Desktop/ROS_ROBOT/install/moveit_configs_utils/lib/python3.10/site-packages:${PYTHONPATH} /usr/bin/cmake --build /home/wz/Desktop/ROS_ROBOT/build/moveit_setup_assistant -- -j4 -l4
[23.281s] Invoking command in '/home/wz/Desktop/ROS_ROBOT/build/moveit_setup_assistant': AMENT_PREFIX_PATH=/home/wz/Desktop/ROS_ROBOT/install/moveit_setup_srdf_plugins:/home/wz/Desktop/ROS_ROBOT/install/moveit_setup_core_plugins:/home/wz/Desktop/ROS_ROBOT/install/moveit_setup_controllers:/home/wz/Desktop/ROS_ROBOT/install/moveit_setup_app_plugins:/home/wz/Desktop/ROS_ROBOT/install/moveit_setup_framework:/home/wz/Desktop/ROS_ROBOT/install/moveit_ros_visualization:/home/wz/Desktop/ROS_ROBOT/install/moveit_ros_planning_interface:/home/wz/Desktop/ROS_ROBOT/install/moveit_ros_move_group:/home/wz/Desktop/ROS_ROBOT/install/moveit_ros_warehouse:/home/wz/Desktop/ROS_ROBOT/install/moveit_ros_robot_interaction:/home/wz/Desktop/ROS_ROBOT/install/moveit_planners_ompl:/home/wz/Desktop/ROS_ROBOT/install/moveit_kinematics:/home/wz/Desktop/ROS_ROBOT/install/moveit_ros_planning:/home/wz/Desktop/ROS_ROBOT/install/moveit_simple_controller_manager:/home/wz/Desktop/ROS_ROBOT/install/moveit_ros_occupancy_map_monitor:/home/wz/Desktop/ROS_ROBOT/install/moveit_core:/home/wz/Desktop/ROS_ROBOT/install/moveit_configs_utils:/home/wz/Desktop/ROS_ROBOT/install/moveit_common:${AMENT_PREFIX_PATH} CMAKE_PREFIX_PATH=/home/wz/Desktop/ROS_ROBOT/install/moveit_setup_srdf_plugins:/home/wz/Desktop/ROS_ROBOT/install/moveit_setup_core_plugins:/home/wz/Desktop/ROS_ROBOT/install/moveit_setup_controllers:/home/wz/Desktop/ROS_ROBOT/install/moveit_setup_app_plugins:/home/wz/Desktop/ROS_ROBOT/install/moveit_setup_framework:/home/wz/Desktop/ROS_ROBOT/install/moveit_ros_visualization:/home/wz/Desktop/ROS_ROBOT/install/moveit_ros_planning_interface:/home/wz/Desktop/ROS_ROBOT/install/moveit_ros_move_group:/home/wz/Desktop/ROS_ROBOT/install/moveit_ros_warehouse:/home/wz/Desktop/ROS_ROBOT/install/moveit_ros_robot_interaction:/home/wz/Desktop/ROS_ROBOT/install/moveit_planners_ompl:/home/wz/Desktop/ROS_ROBOT/install/moveit_kinematics:/home/wz/Desktop/ROS_ROBOT/install/moveit_ros_planning:/home/wz/Desktop/ROS_ROBOT/install/moveit_simple_controller_manager:/home/wz/Desktop/ROS_ROBOT/install/moveit_ros_occupancy_map_monitor:/home/wz/Desktop/ROS_ROBOT/install/moveit_core:/home/wz/Desktop/ROS_ROBOT/install/moveit_common:/opt/ros/humble LD_LIBRARY_PATH=/home/wz/Desktop/ROS_ROBOT/install/moveit_setup_srdf_plugins/lib:/home/wz/Desktop/ROS_ROBOT/install/moveit_setup_core_plugins/lib:/home/wz/Desktop/ROS_ROBOT/install/moveit_setup_controllers/lib:/home/wz/Desktop/ROS_ROBOT/install/moveit_setup_app_plugins/lib:/home/wz/Desktop/ROS_ROBOT/install/moveit_setup_framework/lib:/home/wz/Desktop/ROS_ROBOT/install/moveit_ros_visualization/lib:/home/wz/Desktop/ROS_ROBOT/install/moveit_ros_planning_interface/lib:/home/wz/Desktop/ROS_ROBOT/install/moveit_ros_move_group/lib:/home/wz/Desktop/ROS_ROBOT/install/moveit_ros_warehouse/lib:/home/wz/Desktop/ROS_ROBOT/install/moveit_ros_robot_interaction/lib:/home/wz/Desktop/ROS_ROBOT/install/moveit_planners_ompl/lib:/home/wz/Desktop/ROS_ROBOT/install/moveit_kinematics/lib:/home/wz/Desktop/ROS_ROBOT/install/moveit_ros_planning/lib:/home/wz/Desktop/ROS_ROBOT/install/moveit_simple_controller_manager/lib:/home/wz/Desktop/ROS_ROBOT/install/moveit_ros_occupancy_map_monitor/lib:/home/wz/Desktop/ROS_ROBOT/install/moveit_core/lib:${LD_LIBRARY_PATH} PATH=/home/wz/Desktop/ROS_ROBOT/install/moveit_core/bin:${PATH} PYTHONPATH=/home/wz/Desktop/ROS_ROBOT/build/moveit_configs_utils:/home/wz/Desktop/ROS_ROBOT/install/moveit_configs_utils/lib/python3.10/site-packages:${PYTHONPATH} /usr/bin/cmake --install /home/wz/Desktop/ROS_ROBOT/build/moveit_setup_assistant
[23.288s] -- Install configuration: "Release"
[23.288s] -- Execute custom install script
[23.289s] -- Symlinking: /home/wz/Desktop/ROS_ROBOT/install/moveit_setup_assistant/include/moveit_setup_assistant/navigation_widget.hpp
[23.298s] -- Symlinking: /home/wz/Desktop/ROS_ROBOT/install/moveit_setup_assistant/include/moveit_setup_assistant/setup_assistant_widget.hpp
[23.306s] -- Symlinking: /home/wz/Desktop/ROS_ROBOT/install/moveit_setup_assistant/share/moveit_setup_assistant/launch/setup_assistant.launch.py
[23.314s] -- Symlinking: /home/wz/Desktop/ROS_ROBOT/install/moveit_setup_assistant/share/moveit_setup_assistant/resources/MoveIt_Setup_Assistant2.png
[23.322s] -- Symlinking: /home/wz/Desktop/ROS_ROBOT/install/moveit_setup_assistant/share/moveit_setup_assistant/environment/library_path.sh
[23.330s] -- Symlinking: /home/wz/Desktop/ROS_ROBOT/install/moveit_setup_assistant/share/moveit_setup_assistant/environment/library_path.dsv
[23.338s] -- Symlinking: /home/wz/Desktop/ROS_ROBOT/install/moveit_setup_assistant/share/ament_index/resource_index/package_run_dependencies/moveit_setup_assistant
[23.346s] -- Symlinking: /home/wz/Desktop/ROS_ROBOT/install/moveit_setup_assistant/share/ament_index/resource_index/parent_prefix_path/moveit_setup_assistant
[23.355s] -- Symlinking: /home/wz/Desktop/ROS_ROBOT/install/moveit_setup_assistant/share/moveit_setup_assistant/environment/ament_prefix_path.sh
[23.362s] -- Symlinking: /home/wz/Desktop/ROS_ROBOT/install/moveit_setup_assistant/share/moveit_setup_assistant/environment/ament_prefix_path.dsv
[23.369s] -- Symlinking: /home/wz/Desktop/ROS_ROBOT/install/moveit_setup_assistant/share/moveit_setup_assistant/environment/path.sh
[23.377s] -- Symlinking: /home/wz/Desktop/ROS_ROBOT/install/moveit_setup_assistant/share/moveit_setup_assistant/environment/path.dsv
[23.384s] -- Symlinking: /home/wz/Desktop/ROS_ROBOT/install/moveit_setup_assistant/share/moveit_setup_assistant/local_setup.bash
[23.391s] -- Symlinking: /home/wz/Desktop/ROS_ROBOT/install/moveit_setup_assistant/share/moveit_setup_assistant/local_setup.sh
[23.398s] -- Symlinking: /home/wz/Desktop/ROS_ROBOT/install/moveit_setup_assistant/share/moveit_setup_assistant/local_setup.zsh
[23.405s] -- Symlinking: /home/wz/Desktop/ROS_ROBOT/install/moveit_setup_assistant/share/moveit_setup_assistant/local_setup.dsv
[23.412s] -- Symlinking: /home/wz/Desktop/ROS_ROBOT/install/moveit_setup_assistant/share/moveit_setup_assistant/package.dsv
[23.418s] -- Symlinking: /home/wz/Desktop/ROS_ROBOT/install/moveit_setup_assistant/share/ament_index/resource_index/packages/moveit_setup_assistant
[23.425s] -- Symlinking: /home/wz/Desktop/ROS_ROBOT/install/moveit_setup_assistant/share/moveit_setup_assistant/cmake/ament_cmake_export_include_directories-extras.cmake
[23.432s] -- Symlinking: /home/wz/Desktop/ROS_ROBOT/install/moveit_setup_assistant/share/moveit_setup_assistant/cmake/ament_cmake_export_targets-extras.cmake
[23.439s] -- Symlinking: /home/wz/Desktop/ROS_ROBOT/install/moveit_setup_assistant/share/moveit_setup_assistant/cmake/ament_cmake_export_dependencies-extras.cmake
[23.446s] -- Symlinking: /home/wz/Desktop/ROS_ROBOT/install/moveit_setup_assistant/share/moveit_setup_assistant/cmake/moveit_setup_assistantConfig.cmake
[23.453s] -- Symlinking: /home/wz/Desktop/ROS_ROBOT/install/moveit_setup_assistant/share/moveit_setup_assistant/cmake/moveit_setup_assistantConfig-version.cmake
[23.460s] -- Symlinking: /home/wz/Desktop/ROS_ROBOT/install/moveit_setup_assistant/share/moveit_setup_assistant/package.xml
[23.468s] -- Installing: /home/wz/Desktop/ROS_ROBOT/install/moveit_setup_assistant/lib/moveit_setup_assistant/moveit_setup_assistant
[23.468s] -- Set runtime path of "/home/wz/Desktop/ROS_ROBOT/install/moveit_setup_assistant/lib/moveit_setup_assistant/moveit_setup_assistant" to ""
[23.468s] -- Installing: /home/wz/Desktop/ROS_ROBOT/install/moveit_setup_assistant/lib/moveit_setup_assistant/collisions_updater
[23.469s] -- Set runtime path of "/home/wz/Desktop/ROS_ROBOT/install/moveit_setup_assistant/lib/moveit_setup_assistant/collisions_updater" to ""
[23.469s] -- Installing: /home/wz/Desktop/ROS_ROBOT/install/moveit_setup_assistant/share/moveit_setup_assistant/cmake/moveit_setup_assistantTargetsExport.cmake
[23.469s] -- Installing: /home/wz/Desktop/ROS_ROBOT/install/moveit_setup_assistant/share/moveit_setup_assistant/cmake/moveit_setup_assistantTargetsExport-release.cmake
[23.471s] Invoked command in '/home/wz/Desktop/ROS_ROBOT/build/moveit_setup_assistant' returned '0': AMENT_PREFIX_PATH=/home/wz/Desktop/ROS_ROBOT/install/moveit_setup_srdf_plugins:/home/wz/Desktop/ROS_ROBOT/install/moveit_setup_core_plugins:/home/wz/Desktop/ROS_ROBOT/install/moveit_setup_controllers:/home/wz/Desktop/ROS_ROBOT/install/moveit_setup_app_plugins:/home/wz/Desktop/ROS_ROBOT/install/moveit_setup_framework:/home/wz/Desktop/ROS_ROBOT/install/moveit_ros_visualization:/home/wz/Desktop/ROS_ROBOT/install/moveit_ros_planning_interface:/home/wz/Desktop/ROS_ROBOT/install/moveit_ros_move_group:/home/wz/Desktop/ROS_ROBOT/install/moveit_ros_warehouse:/home/wz/Desktop/ROS_ROBOT/install/moveit_ros_robot_interaction:/home/wz/Desktop/ROS_ROBOT/install/moveit_planners_ompl:/home/wz/Desktop/ROS_ROBOT/install/moveit_kinematics:/home/wz/Desktop/ROS_ROBOT/install/moveit_ros_planning:/home/wz/Desktop/ROS_ROBOT/install/moveit_simple_controller_manager:/home/wz/Desktop/ROS_ROBOT/install/moveit_ros_occupancy_map_monitor:/home/wz/Desktop/ROS_ROBOT/install/moveit_core:/home/wz/Desktop/ROS_ROBOT/install/moveit_configs_utils:/home/wz/Desktop/ROS_ROBOT/install/moveit_common:${AMENT_PREFIX_PATH} CMAKE_PREFIX_PATH=/home/wz/Desktop/ROS_ROBOT/install/moveit_setup_srdf_plugins:/home/wz/Desktop/ROS_ROBOT/install/moveit_setup_core_plugins:/home/wz/Desktop/ROS_ROBOT/install/moveit_setup_controllers:/home/wz/Desktop/ROS_ROBOT/install/moveit_setup_app_plugins:/home/wz/Desktop/ROS_ROBOT/install/moveit_setup_framework:/home/wz/Desktop/ROS_ROBOT/install/moveit_ros_visualization:/home/wz/Desktop/ROS_ROBOT/install/moveit_ros_planning_interface:/home/wz/Desktop/ROS_ROBOT/install/moveit_ros_move_group:/home/wz/Desktop/ROS_ROBOT/install/moveit_ros_warehouse:/home/wz/Desktop/ROS_ROBOT/install/moveit_ros_robot_interaction:/home/wz/Desktop/ROS_ROBOT/install/moveit_planners_ompl:/home/wz/Desktop/ROS_ROBOT/install/moveit_kinematics:/home/wz/Desktop/ROS_ROBOT/install/moveit_ros_planning:/home/wz/Desktop/ROS_ROBOT/install/moveit_simple_controller_manager:/home/wz/Desktop/ROS_ROBOT/install/moveit_ros_occupancy_map_monitor:/home/wz/Desktop/ROS_ROBOT/install/moveit_core:/home/wz/Desktop/ROS_ROBOT/install/moveit_common:/opt/ros/humble LD_LIBRARY_PATH=/home/wz/Desktop/ROS_ROBOT/install/moveit_setup_srdf_plugins/lib:/home/wz/Desktop/ROS_ROBOT/install/moveit_setup_core_plugins/lib:/home/wz/Desktop/ROS_ROBOT/install/moveit_setup_controllers/lib:/home/wz/Desktop/ROS_ROBOT/install/moveit_setup_app_plugins/lib:/home/wz/Desktop/ROS_ROBOT/install/moveit_setup_framework/lib:/home/wz/Desktop/ROS_ROBOT/install/moveit_ros_visualization/lib:/home/wz/Desktop/ROS_ROBOT/install/moveit_ros_planning_interface/lib:/home/wz/Desktop/ROS_ROBOT/install/moveit_ros_move_group/lib:/home/wz/Desktop/ROS_ROBOT/install/moveit_ros_warehouse/lib:/home/wz/Desktop/ROS_ROBOT/install/moveit_ros_robot_interaction/lib:/home/wz/Desktop/ROS_ROBOT/install/moveit_planners_ompl/lib:/home/wz/Desktop/ROS_ROBOT/install/moveit_kinematics/lib:/home/wz/Desktop/ROS_ROBOT/install/moveit_ros_planning/lib:/home/wz/Desktop/ROS_ROBOT/install/moveit_simple_controller_manager/lib:/home/wz/Desktop/ROS_ROBOT/install/moveit_ros_occupancy_map_monitor/lib:/home/wz/Desktop/ROS_ROBOT/install/moveit_core/lib:${LD_LIBRARY_PATH} PATH=/home/wz/Desktop/ROS_ROBOT/install/moveit_core/bin:${PATH} PYTHONPATH=/home/wz/Desktop/ROS_ROBOT/build/moveit_configs_utils:/home/wz/Desktop/ROS_ROBOT/install/moveit_configs_utils/lib/python3.10/site-packages:${PYTHONPATH} /usr/bin/cmake --install /home/wz/Desktop/ROS_ROBOT/build/moveit_setup_assistant
