-- The C compiler identification is GNU 11.4.0
-- The CXX compiler identification is GNU 11.4.0
-- Detecting C compiler ABI info
-- Detecting C compiler ABI info - done
-- Check for working C compiler: /usr/bin/cc - skipped
-- Detecting C compile features
-- Detecting C compile features - done
-- Detecting CXX compiler ABI info
-- Detecting CXX compiler ABI info - done
-- Check for working CXX compiler: /usr/bin/c++ - skipped
-- Detecting CXX compile features
-- Detecting CXX compile features - done
-- Found ament_cmake: 1.3.11 (/opt/ros/humble/share/ament_cmake/cmake)
-- Found Python3: /usr/bin/python3 (found version "3.10.12") found components: Interpreter 
-- Override CMake install command with custom implementation using symlinks instead of copying resources
-- Found rclcpp_action: 16.0.12 (/opt/ros/humble/share/rclcpp_action/cmake)
-- Found rosidl_generator_c: 3.1.6 (/opt/ros/humble/share/rosidl_generator_c/cmake)
-- Found rosidl_adapter: 3.1.6 (/opt/ros/humble/share/rosidl_adapter/cmake)
-- Found rosidl_generator_cpp: 3.1.6 (/opt/ros/humble/share/rosidl_generator_cpp/cmake)
-- Using all available rosidl_typesupport_c: rosidl_typesupport_fastrtps_c;rosidl_typesupport_introspection_c
-- Using all available rosidl_typesupport_cpp: rosidl_typesupport_fastrtps_cpp;rosidl_typesupport_introspection_cpp
-- Found rmw_implementation_cmake: 6.1.2 (/opt/ros/humble/share/rmw_implementation_cmake/cmake)
-- Found rmw_fastrtps_cpp: 6.2.7 (/opt/ros/humble/share/rmw_fastrtps_cpp/cmake)
-- Found OpenSSL: /usr/lib/x86_64-linux-gnu/libcrypto.so (found version "3.0.2")  
-- Found FastRTPS: /opt/ros/humble/include  
-- Using RMW implementation 'rmw_fastrtps_cpp' as default
-- Looking for pthread.h
-- Looking for pthread.h - found
-- Performing Test CMAKE_HAVE_LIBC_PTHREAD
-- Performing Test CMAKE_HAVE_LIBC_PTHREAD - Success
-- Found Threads: TRUE  
-- Found controller_manager_msgs: 2.51.0 (/opt/ros/humble/share/controller_manager_msgs/cmake)
-- Found moveit_core: 2.5.9 (/home/wz/Desktop/ROS_ROBOT/install/moveit_core/share/moveit_core/cmake)
-- Found Boost: /usr/lib/x86_64-linux-gnu/cmake/Boost-1.74.0/BoostConfig.cmake (found version "1.74.0") found components: chrono date_time filesystem iostreams program_options regex serialization system thread 
-- Found parameter_traits: 0.5.0 (/opt/ros/humble/share/parameter_traits/cmake)
-- Found rclcpp_lifecycle: 16.0.12 (/opt/ros/humble/share/rclcpp_lifecycle/cmake)
-- Found Boost: /usr/lib/x86_64-linux-gnu/cmake/Boost-1.74.0/BoostConfig.cmake (found version "1.74.0") found components: filesystem 
-- library: /usr/lib/x86_64-linux-gnu/libcurl.so
-- Found Eigen3: TRUE (found version "3.4.0") 
-- Ensuring Eigen3 include directory is part of orocos-kdl CMake target
-- Found moveit_simple_controller_manager: 2.5.9 (/home/wz/Desktop/ROS_ROBOT/install/moveit_simple_controller_manager/share/moveit_simple_controller_manager/cmake)
-- Found Boost: /usr/lib/x86_64-linux-gnu/cmake/Boost-1.74.0/BoostConfig.cmake (found version "1.74.0") found components: thread 
-- Found moveit_common: 2.5.9 (/home/wz/Desktop/ROS_ROBOT/install/moveit_common/share/moveit_common/cmake)
[0mmoveit_ros_control_interface: You did not request a specific build type: Choosing 'Release' for maximum performance[0m
-- Found Boost: /usr/lib/x86_64-linux-gnu/cmake/Boost-1.74.0/BoostConfig.cmake (found version "1.74.0") found components: system thread 
-- Found ament_cmake_gtest: 1.3.11 (/opt/ros/humble/share/ament_cmake_gtest/cmake)
-- Found gtest sources under '/opt/ros/humble/src/gtest_vendor': C++ tests using 'Google Test' will be built
-- Configuring done
-- Generating done
-- Build files have been written to: /home/wz/Desktop/ROS_ROBOT/build/moveit_ros_control_interface
[  7%] [32mBuilding CXX object CMakeFiles/moveit_ros_control_interface_plugin.dir/src/controller_manager_plugin.cpp.o[0m
[ 14%] [32m[1mLinking CXX shared library libmoveit_ros_control_interface_plugin.so[0m
[ 14%] Built target moveit_ros_control_interface_plugin
[ 21%] [32mBuilding CXX object CMakeFiles/moveit_ros_control_interface_empty_plugin.dir/src/empty_controller_plugin.cpp.o[0m
[ 28%] [32m[1mLinking CXX shared library libmoveit_ros_control_interface_empty_plugin.so[0m
[ 28%] Built target moveit_ros_control_interface_empty_plugin
[ 35%] [32mBuilding CXX object gtest/CMakeFiles/gtest_main.dir/src/gtest_main.cc.o[0m
[ 42%] [32m[1mLinking CXX static library libgtest_main.a[0m
[ 42%] Built target gtest_main
[ 50%] [32mBuilding CXX object gtest/CMakeFiles/gtest.dir/src/gtest-all.cc.o[0m
[ 57%] [32m[1mLinking CXX static library libgtest.a[0m
[ 57%] Built target gtest
[ 64%] [32mBuilding CXX object CMakeFiles/moveit_ros_control_interface_gripper_plugin.dir/src/gripper_controller_plugin.cpp.o[0m
[ 71%] [32m[1mLinking CXX shared library libmoveit_ros_control_interface_gripper_plugin.so[0m
[ 71%] Built target moveit_ros_control_interface_gripper_plugin
[ 78%] [32mBuilding CXX object test/CMakeFiles/test_controller_manager_plugin.dir/test_controller_manager_plugin.cpp.o[0m
[ 85%] [32m[1mLinking CXX executable test_controller_manager_plugin[0m
[ 85%] Built target test_controller_manager_plugin
[ 92%] [32mBuilding CXX object CMakeFiles/moveit_ros_control_interface_trajectory_plugin.dir/src/joint_trajectory_controller_plugin.cpp.o[0m
[100%] [32m[1mLinking CXX shared library libmoveit_ros_control_interface_trajectory_plugin.so[0m
[100%] Built target moveit_ros_control_interface_trajectory_plugin
-- Install configuration: "Release"
-- Execute custom install script
-- Symlinking: /home/wz/Desktop/ROS_ROBOT/install/moveit_ros_control_interface/include/moveit_ros_control_interface/ControllerHandle.h
-- Symlinking: /home/wz/Desktop/ROS_ROBOT/install/moveit_ros_control_interface/share/moveit_ros_control_interface//moveit_core_plugins.xml
-- Symlinking: /home/wz/Desktop/ROS_ROBOT/install/moveit_ros_control_interface/share/moveit_ros_control_interface//moveit_ros_control_interface_plugins.xml
-- Symlinking: /home/wz/Desktop/ROS_ROBOT/install/moveit_ros_control_interface/share/moveit_ros_control_interface/environment/library_path.sh
-- Symlinking: /home/wz/Desktop/ROS_ROBOT/install/moveit_ros_control_interface/share/moveit_ros_control_interface/environment/library_path.dsv
-- Symlinking: /home/wz/Desktop/ROS_ROBOT/install/moveit_ros_control_interface/share/ament_index/resource_index/package_run_dependencies/moveit_ros_control_interface
-- Symlinking: /home/wz/Desktop/ROS_ROBOT/install/moveit_ros_control_interface/share/ament_index/resource_index/parent_prefix_path/moveit_ros_control_interface
-- Symlinking: /home/wz/Desktop/ROS_ROBOT/install/moveit_ros_control_interface/share/moveit_ros_control_interface/environment/ament_prefix_path.sh
-- Symlinking: /home/wz/Desktop/ROS_ROBOT/install/moveit_ros_control_interface/share/moveit_ros_control_interface/environment/ament_prefix_path.dsv
-- Symlinking: /home/wz/Desktop/ROS_ROBOT/install/moveit_ros_control_interface/share/moveit_ros_control_interface/environment/path.sh
-- Symlinking: /home/wz/Desktop/ROS_ROBOT/install/moveit_ros_control_interface/share/moveit_ros_control_interface/environment/path.dsv
-- Symlinking: /home/wz/Desktop/ROS_ROBOT/install/moveit_ros_control_interface/share/moveit_ros_control_interface/local_setup.bash
-- Symlinking: /home/wz/Desktop/ROS_ROBOT/install/moveit_ros_control_interface/share/moveit_ros_control_interface/local_setup.sh
-- Symlinking: /home/wz/Desktop/ROS_ROBOT/install/moveit_ros_control_interface/share/moveit_ros_control_interface/local_setup.zsh
-- Symlinking: /home/wz/Desktop/ROS_ROBOT/install/moveit_ros_control_interface/share/moveit_ros_control_interface/local_setup.dsv
-- Symlinking: /home/wz/Desktop/ROS_ROBOT/install/moveit_ros_control_interface/share/moveit_ros_control_interface/package.dsv
-- Symlinking: /home/wz/Desktop/ROS_ROBOT/install/moveit_ros_control_interface/share/ament_index/resource_index/packages/moveit_ros_control_interface
-- Symlinking: /home/wz/Desktop/ROS_ROBOT/install/moveit_ros_control_interface/share/ament_index/resource_index/moveit_core__pluginlib__plugin/moveit_ros_control_interface
-- Symlinking: /home/wz/Desktop/ROS_ROBOT/install/moveit_ros_control_interface/share/ament_index/resource_index/moveit_ros_control_interface__pluginlib__plugin/moveit_ros_control_interface
-- Symlinking: /home/wz/Desktop/ROS_ROBOT/install/moveit_ros_control_interface/share/moveit_ros_control_interface/cmake/ConfigExtras.cmake
-- Symlinking: /home/wz/Desktop/ROS_ROBOT/install/moveit_ros_control_interface/share/moveit_ros_control_interface/cmake/ament_cmake_export_targets-extras.cmake
-- Symlinking: /home/wz/Desktop/ROS_ROBOT/install/moveit_ros_control_interface/share/moveit_ros_control_interface/cmake/ament_cmake_export_dependencies-extras.cmake
-- Symlinking: /home/wz/Desktop/ROS_ROBOT/install/moveit_ros_control_interface/share/moveit_ros_control_interface/cmake/moveit_ros_control_interfaceConfig.cmake
-- Symlinking: /home/wz/Desktop/ROS_ROBOT/install/moveit_ros_control_interface/share/moveit_ros_control_interface/cmake/moveit_ros_control_interfaceConfig-version.cmake
-- Symlinking: /home/wz/Desktop/ROS_ROBOT/install/moveit_ros_control_interface/share/moveit_ros_control_interface/package.xml
-- Installing: /home/wz/Desktop/ROS_ROBOT/install/moveit_ros_control_interface/lib/libmoveit_ros_control_interface_plugin.so.2.5.9
-- Set runtime path of "/home/wz/Desktop/ROS_ROBOT/install/moveit_ros_control_interface/lib/libmoveit_ros_control_interface_plugin.so.2.5.9" to ""
-- Installing: /home/wz/Desktop/ROS_ROBOT/install/moveit_ros_control_interface/lib/libmoveit_ros_control_interface_plugin.so
-- Installing: /home/wz/Desktop/ROS_ROBOT/install/moveit_ros_control_interface/lib/libmoveit_ros_control_interface_trajectory_plugin.so.2.5.9
-- Set runtime path of "/home/wz/Desktop/ROS_ROBOT/install/moveit_ros_control_interface/lib/libmoveit_ros_control_interface_trajectory_plugin.so.2.5.9" to ""
-- Installing: /home/wz/Desktop/ROS_ROBOT/install/moveit_ros_control_interface/lib/libmoveit_ros_control_interface_trajectory_plugin.so
-- Installing: /home/wz/Desktop/ROS_ROBOT/install/moveit_ros_control_interface/lib/libmoveit_ros_control_interface_gripper_plugin.so.2.5.9
-- Set runtime path of "/home/wz/Desktop/ROS_ROBOT/install/moveit_ros_control_interface/lib/libmoveit_ros_control_interface_gripper_plugin.so.2.5.9" to ""
-- Installing: /home/wz/Desktop/ROS_ROBOT/install/moveit_ros_control_interface/lib/libmoveit_ros_control_interface_gripper_plugin.so
-- Installing: /home/wz/Desktop/ROS_ROBOT/install/moveit_ros_control_interface/lib/libmoveit_ros_control_interface_empty_plugin.so.2.5.9
-- Set runtime path of "/home/wz/Desktop/ROS_ROBOT/install/moveit_ros_control_interface/lib/libmoveit_ros_control_interface_empty_plugin.so.2.5.9" to ""
-- Installing: /home/wz/Desktop/ROS_ROBOT/install/moveit_ros_control_interface/lib/libmoveit_ros_control_interface_empty_plugin.so
-- Installing: /home/wz/Desktop/ROS_ROBOT/install/moveit_ros_control_interface/share/moveit_ros_control_interface/cmake/export_moveit_ros_control_interfaceExport.cmake
-- Installing: /home/wz/Desktop/ROS_ROBOT/install/moveit_ros_control_interface/share/moveit_ros_control_interface/cmake/export_moveit_ros_control_interfaceExport-release.cmake
