[0.027s] Invoking command in '/home/wz/Desktop/ROS_ROBOT/build/moveit_ros_control_interface': AMENT_PREFIX_PATH=/home/wz/Desktop/ROS_ROBOT/install/moveit_simple_controller_manager:/home/wz/Desktop/ROS_ROBOT/install/moveit_core:/home/wz/Desktop/ROS_ROBOT/install/moveit_common:${AMENT_PREFIX_PATH} CMAKE_PREFIX_PATH=/home/wz/Desktop/ROS_ROBOT/install/moveit_simple_controller_manager:/home/wz/Desktop/ROS_ROBOT/install/moveit_core:/home/wz/Desktop/ROS_ROBOT/install/moveit_common:/opt/ros/humble LD_LIBRARY_PATH=/home/wz/Desktop/ROS_ROBOT/install/moveit_simple_controller_manager/lib:/home/wz/Desktop/ROS_ROBOT/install/moveit_core/lib:${LD_LIBRARY_PATH} PATH=/home/wz/Desktop/ROS_ROBOT/install/moveit_core/bin:${PATH} /usr/bin/cmake /home/wz/Desktop/ROS_ROBOT/src/moveit2/moveit_plugins/moveit_ros_control_interface -DAMENT_CMAKE_SYMLINK_INSTALL=1 -DCMAKE_INSTALL_PREFIX=/home/wz/Desktop/ROS_ROBOT/install/moveit_ros_control_interface
[0.139s] -- The C compiler identification is GNU 11.4.0
[0.229s] -- The CXX compiler identification is GNU 11.4.0
[0.242s] -- Detecting C compiler ABI info
[0.353s] -- Detecting C compiler ABI info - done
[0.365s] -- Check for working C compiler: /usr/bin/cc - skipped
[0.365s] -- Detecting C compile features
[0.369s] -- Detecting C compile features - done
[0.374s] -- Detecting CXX compiler ABI info
[0.524s] -- Detecting CXX compiler ABI info - done
[0.541s] -- Check for working CXX compiler: /usr/bin/c++ - skipped
[0.541s] -- Detecting CXX compile features
[0.541s] -- Detecting CXX compile features - done
[0.549s] -- Found ament_cmake: 1.3.11 (/opt/ros/humble/share/ament_cmake/cmake)
[0.802s] -- Found Python3: /usr/bin/python3 (found version "3.10.12") found components: Interpreter 
[0.871s] -- Override CMake install command with custom implementation using symlinks instead of copying resources
[0.912s] -- Found rclcpp_action: 16.0.12 (/opt/ros/humble/share/rclcpp_action/cmake)
[0.950s] -- Found rosidl_generator_c: 3.1.6 (/opt/ros/humble/share/rosidl_generator_c/cmake)
[0.957s] -- Found rosidl_adapter: 3.1.6 (/opt/ros/humble/share/rosidl_adapter/cmake)
[0.972s] -- Found rosidl_generator_cpp: 3.1.6 (/opt/ros/humble/share/rosidl_generator_cpp/cmake)
[0.983s] -- Using all available rosidl_typesupport_c: rosidl_typesupport_fastrtps_c;rosidl_typesupport_introspection_c
[1.002s] -- Using all available rosidl_typesupport_cpp: rosidl_typesupport_fastrtps_cpp;rosidl_typesupport_introspection_cpp
[1.076s] -- Found rmw_implementation_cmake: 6.1.2 (/opt/ros/humble/share/rmw_implementation_cmake/cmake)
[1.080s] -- Found rmw_fastrtps_cpp: 6.2.7 (/opt/ros/humble/share/rmw_fastrtps_cpp/cmake)
[1.164s] -- Found OpenSSL: /usr/lib/x86_64-linux-gnu/libcrypto.so (found version "3.0.2")  
[1.196s] -- Found FastRTPS: /opt/ros/humble/include  
[1.284s] -- Using RMW implementation 'rmw_fastrtps_cpp' as default
[1.295s] -- Looking for pthread.h
[1.383s] -- Looking for pthread.h - found
[1.384s] -- Performing Test CMAKE_HAVE_LIBC_PTHREAD
[1.470s] -- Performing Test CMAKE_HAVE_LIBC_PTHREAD - Success
[1.475s] -- Found Threads: TRUE  
[1.550s] -- Found controller_manager_msgs: 2.51.0 (/opt/ros/humble/share/controller_manager_msgs/cmake)
[1.589s] -- Found moveit_core: 2.5.9 (/home/wz/Desktop/ROS_ROBOT/install/moveit_core/share/moveit_core/cmake)
[1.636s] -- Found Boost: /usr/lib/x86_64-linux-gnu/cmake/Boost-1.74.0/BoostConfig.cmake (found version "1.74.0") found components: chrono date_time filesystem iostreams program_options regex serialization system thread 
[1.697s] -- Found parameter_traits: 0.5.0 (/opt/ros/humble/share/parameter_traits/cmake)
[1.709s] -- Found rclcpp_lifecycle: 16.0.12 (/opt/ros/humble/share/rclcpp_lifecycle/cmake)
[1.722s] -- Found Boost: /usr/lib/x86_64-linux-gnu/cmake/Boost-1.74.0/BoostConfig.cmake (found version "1.74.0") found components: filesystem 
[1.835s] -- library: /usr/lib/x86_64-linux-gnu/libcurl.so
[1.905s] -- Found Eigen3: TRUE (found version "3.4.0") 
[1.905s] -- Ensuring Eigen3 include directory is part of orocos-kdl CMake target
[2.153s] -- Found moveit_simple_controller_manager: 2.5.9 (/home/wz/Desktop/ROS_ROBOT/install/moveit_simple_controller_manager/share/moveit_simple_controller_manager/cmake)
[2.160s] -- Found Boost: /usr/lib/x86_64-linux-gnu/cmake/Boost-1.74.0/BoostConfig.cmake (found version "1.74.0") found components: thread 
[2.217s] -- Found moveit_common: 2.5.9 (/home/wz/Desktop/ROS_ROBOT/install/moveit_common/share/moveit_common/cmake)
[2.301s] [0mmoveit_ros_control_interface: You did not request a specific build type: Choosing 'Release' for maximum performance[0m
[2.308s] -- Found Boost: /usr/lib/x86_64-linux-gnu/cmake/Boost-1.74.0/BoostConfig.cmake (found version "1.74.0") found components: system thread 
[2.330s] -- Found ament_cmake_gtest: 1.3.11 (/opt/ros/humble/share/ament_cmake_gtest/cmake)
[2.335s] -- Found gtest sources under '/opt/ros/humble/src/gtest_vendor': C++ tests using 'Google Test' will be built
[2.374s] -- Configuring done
[2.497s] -- Generating done
[2.522s] -- Build files have been written to: /home/wz/Desktop/ROS_ROBOT/build/moveit_ros_control_interface
[2.538s] Invoked command in '/home/wz/Desktop/ROS_ROBOT/build/moveit_ros_control_interface' returned '0': AMENT_PREFIX_PATH=/home/wz/Desktop/ROS_ROBOT/install/moveit_simple_controller_manager:/home/wz/Desktop/ROS_ROBOT/install/moveit_core:/home/wz/Desktop/ROS_ROBOT/install/moveit_common:${AMENT_PREFIX_PATH} CMAKE_PREFIX_PATH=/home/wz/Desktop/ROS_ROBOT/install/moveit_simple_controller_manager:/home/wz/Desktop/ROS_ROBOT/install/moveit_core:/home/wz/Desktop/ROS_ROBOT/install/moveit_common:/opt/ros/humble LD_LIBRARY_PATH=/home/wz/Desktop/ROS_ROBOT/install/moveit_simple_controller_manager/lib:/home/wz/Desktop/ROS_ROBOT/install/moveit_core/lib:${LD_LIBRARY_PATH} PATH=/home/wz/Desktop/ROS_ROBOT/install/moveit_core/bin:${PATH} /usr/bin/cmake /home/wz/Desktop/ROS_ROBOT/src/moveit2/moveit_plugins/moveit_ros_control_interface -DAMENT_CMAKE_SYMLINK_INSTALL=1 -DCMAKE_INSTALL_PREFIX=/home/wz/Desktop/ROS_ROBOT/install/moveit_ros_control_interface
[2.542s] Invoking command in '/home/wz/Desktop/ROS_ROBOT/build/moveit_ros_control_interface': AMENT_PREFIX_PATH=/home/wz/Desktop/ROS_ROBOT/install/moveit_simple_controller_manager:/home/wz/Desktop/ROS_ROBOT/install/moveit_core:/home/wz/Desktop/ROS_ROBOT/install/moveit_common:${AMENT_PREFIX_PATH} CMAKE_PREFIX_PATH=/home/wz/Desktop/ROS_ROBOT/install/moveit_simple_controller_manager:/home/wz/Desktop/ROS_ROBOT/install/moveit_core:/home/wz/Desktop/ROS_ROBOT/install/moveit_common:/opt/ros/humble LD_LIBRARY_PATH=/home/wz/Desktop/ROS_ROBOT/install/moveit_simple_controller_manager/lib:/home/wz/Desktop/ROS_ROBOT/install/moveit_core/lib:${LD_LIBRARY_PATH} PATH=/home/wz/Desktop/ROS_ROBOT/install/moveit_core/bin:${PATH} /usr/bin/cmake --build /home/wz/Desktop/ROS_ROBOT/build/moveit_ros_control_interface -- -j4 -l4
[2.613s] [  7%] [32mBuilding CXX object CMakeFiles/moveit_ros_control_interface_plugin.dir/src/controller_manager_plugin.cpp.o[0m
[20.310s] [ 14%] [32m[1mLinking CXX shared library libmoveit_ros_control_interface_plugin.so[0m
[20.581s] [ 14%] Built target moveit_ros_control_interface_plugin
[20.597s] [ 21%] [32mBuilding CXX object CMakeFiles/moveit_ros_control_interface_empty_plugin.dir/src/empty_controller_plugin.cpp.o[0m
[24.637s] [ 28%] [32m[1mLinking CXX shared library libmoveit_ros_control_interface_empty_plugin.so[0m
[24.894s] [ 28%] Built target moveit_ros_control_interface_empty_plugin
[24.919s] [ 35%] [32mBuilding CXX object gtest/CMakeFiles/gtest_main.dir/src/gtest_main.cc.o[0m
[26.013s] [ 42%] [32m[1mLinking CXX static library libgtest_main.a[0m
[26.049s] [ 42%] Built target gtest_main
[26.070s] [ 50%] [32mBuilding CXX object gtest/CMakeFiles/gtest.dir/src/gtest-all.cc.o[0m
[35.639s] [ 57%] [32m[1mLinking CXX static library libgtest.a[0m
[35.692s] [ 57%] Built target gtest
[35.738s] [ 64%] [32mBuilding CXX object CMakeFiles/moveit_ros_control_interface_gripper_plugin.dir/src/gripper_controller_plugin.cpp.o[0m
[43.432s] [ 71%] [32m[1mLinking CXX shared library libmoveit_ros_control_interface_gripper_plugin.so[0m
[43.679s] [ 71%] Built target moveit_ros_control_interface_gripper_plugin
[43.712s] [ 78%] [32mBuilding CXX object test/CMakeFiles/test_controller_manager_plugin.dir/test_controller_manager_plugin.cpp.o[0m
[58.534s] [ 85%] [32m[1mLinking CXX executable test_controller_manager_plugin[0m
[58.726s] [ 85%] Built target test_controller_manager_plugin
[58.746s] [ 92%] [32mBuilding CXX object CMakeFiles/moveit_ros_control_interface_trajectory_plugin.dir/src/joint_trajectory_controller_plugin.cpp.o[0m
[64.006s] [100%] [32m[1mLinking CXX shared library libmoveit_ros_control_interface_trajectory_plugin.so[0m
[64.195s] [100%] Built target moveit_ros_control_interface_trajectory_plugin
[64.208s] Invoked command in '/home/wz/Desktop/ROS_ROBOT/build/moveit_ros_control_interface' returned '0': AMENT_PREFIX_PATH=/home/wz/Desktop/ROS_ROBOT/install/moveit_simple_controller_manager:/home/wz/Desktop/ROS_ROBOT/install/moveit_core:/home/wz/Desktop/ROS_ROBOT/install/moveit_common:${AMENT_PREFIX_PATH} CMAKE_PREFIX_PATH=/home/wz/Desktop/ROS_ROBOT/install/moveit_simple_controller_manager:/home/wz/Desktop/ROS_ROBOT/install/moveit_core:/home/wz/Desktop/ROS_ROBOT/install/moveit_common:/opt/ros/humble LD_LIBRARY_PATH=/home/wz/Desktop/ROS_ROBOT/install/moveit_simple_controller_manager/lib:/home/wz/Desktop/ROS_ROBOT/install/moveit_core/lib:${LD_LIBRARY_PATH} PATH=/home/wz/Desktop/ROS_ROBOT/install/moveit_core/bin:${PATH} /usr/bin/cmake --build /home/wz/Desktop/ROS_ROBOT/build/moveit_ros_control_interface -- -j4 -l4
[64.210s] Invoking command in '/home/wz/Desktop/ROS_ROBOT/build/moveit_ros_control_interface': AMENT_PREFIX_PATH=/home/wz/Desktop/ROS_ROBOT/install/moveit_simple_controller_manager:/home/wz/Desktop/ROS_ROBOT/install/moveit_core:/home/wz/Desktop/ROS_ROBOT/install/moveit_common:${AMENT_PREFIX_PATH} CMAKE_PREFIX_PATH=/home/wz/Desktop/ROS_ROBOT/install/moveit_simple_controller_manager:/home/wz/Desktop/ROS_ROBOT/install/moveit_core:/home/wz/Desktop/ROS_ROBOT/install/moveit_common:/opt/ros/humble LD_LIBRARY_PATH=/home/wz/Desktop/ROS_ROBOT/install/moveit_simple_controller_manager/lib:/home/wz/Desktop/ROS_ROBOT/install/moveit_core/lib:${LD_LIBRARY_PATH} PATH=/home/wz/Desktop/ROS_ROBOT/install/moveit_core/bin:${PATH} /usr/bin/cmake --install /home/wz/Desktop/ROS_ROBOT/build/moveit_ros_control_interface
[64.216s] -- Install configuration: "Release"
[64.216s] -- Execute custom install script
[64.217s] -- Symlinking: /home/wz/Desktop/ROS_ROBOT/install/moveit_ros_control_interface/include/moveit_ros_control_interface/ControllerHandle.h
[64.225s] -- Symlinking: /home/wz/Desktop/ROS_ROBOT/install/moveit_ros_control_interface/share/moveit_ros_control_interface//moveit_core_plugins.xml
[64.235s] -- Symlinking: /home/wz/Desktop/ROS_ROBOT/install/moveit_ros_control_interface/share/moveit_ros_control_interface//moveit_ros_control_interface_plugins.xml
[64.243s] -- Symlinking: /home/wz/Desktop/ROS_ROBOT/install/moveit_ros_control_interface/share/moveit_ros_control_interface/environment/library_path.sh
[64.251s] -- Symlinking: /home/wz/Desktop/ROS_ROBOT/install/moveit_ros_control_interface/share/moveit_ros_control_interface/environment/library_path.dsv
[64.262s] -- Symlinking: /home/wz/Desktop/ROS_ROBOT/install/moveit_ros_control_interface/share/ament_index/resource_index/package_run_dependencies/moveit_ros_control_interface
[64.275s] -- Symlinking: /home/wz/Desktop/ROS_ROBOT/install/moveit_ros_control_interface/share/ament_index/resource_index/parent_prefix_path/moveit_ros_control_interface
[64.285s] -- Symlinking: /home/wz/Desktop/ROS_ROBOT/install/moveit_ros_control_interface/share/moveit_ros_control_interface/environment/ament_prefix_path.sh
[64.294s] -- Symlinking: /home/wz/Desktop/ROS_ROBOT/install/moveit_ros_control_interface/share/moveit_ros_control_interface/environment/ament_prefix_path.dsv
[64.309s] -- Symlinking: /home/wz/Desktop/ROS_ROBOT/install/moveit_ros_control_interface/share/moveit_ros_control_interface/environment/path.sh
[64.315s] -- Symlinking: /home/wz/Desktop/ROS_ROBOT/install/moveit_ros_control_interface/share/moveit_ros_control_interface/environment/path.dsv
[64.321s] -- Symlinking: /home/wz/Desktop/ROS_ROBOT/install/moveit_ros_control_interface/share/moveit_ros_control_interface/local_setup.bash
[64.343s] -- Symlinking: /home/wz/Desktop/ROS_ROBOT/install/moveit_ros_control_interface/share/moveit_ros_control_interface/local_setup.sh
[64.345s] -- Symlinking: /home/wz/Desktop/ROS_ROBOT/install/moveit_ros_control_interface/share/moveit_ros_control_interface/local_setup.zsh
[64.358s] -- Symlinking: /home/wz/Desktop/ROS_ROBOT/install/moveit_ros_control_interface/share/moveit_ros_control_interface/local_setup.dsv
[64.367s] -- Symlinking: /home/wz/Desktop/ROS_ROBOT/install/moveit_ros_control_interface/share/moveit_ros_control_interface/package.dsv
[64.377s] -- Symlinking: /home/wz/Desktop/ROS_ROBOT/install/moveit_ros_control_interface/share/ament_index/resource_index/packages/moveit_ros_control_interface
[64.385s] -- Symlinking: /home/wz/Desktop/ROS_ROBOT/install/moveit_ros_control_interface/share/ament_index/resource_index/moveit_core__pluginlib__plugin/moveit_ros_control_interface
[64.393s] -- Symlinking: /home/wz/Desktop/ROS_ROBOT/install/moveit_ros_control_interface/share/ament_index/resource_index/moveit_ros_control_interface__pluginlib__plugin/moveit_ros_control_interface
[64.399s] -- Symlinking: /home/wz/Desktop/ROS_ROBOT/install/moveit_ros_control_interface/share/moveit_ros_control_interface/cmake/ConfigExtras.cmake
[64.406s] -- Symlinking: /home/wz/Desktop/ROS_ROBOT/install/moveit_ros_control_interface/share/moveit_ros_control_interface/cmake/ament_cmake_export_targets-extras.cmake
[64.413s] -- Symlinking: /home/wz/Desktop/ROS_ROBOT/install/moveit_ros_control_interface/share/moveit_ros_control_interface/cmake/ament_cmake_export_dependencies-extras.cmake
[64.421s] -- Symlinking: /home/wz/Desktop/ROS_ROBOT/install/moveit_ros_control_interface/share/moveit_ros_control_interface/cmake/moveit_ros_control_interfaceConfig.cmake
[64.429s] -- Symlinking: /home/wz/Desktop/ROS_ROBOT/install/moveit_ros_control_interface/share/moveit_ros_control_interface/cmake/moveit_ros_control_interfaceConfig-version.cmake
[64.447s] -- Symlinking: /home/wz/Desktop/ROS_ROBOT/install/moveit_ros_control_interface/share/moveit_ros_control_interface/package.xml
[64.463s] -- Installing: /home/wz/Desktop/ROS_ROBOT/install/moveit_ros_control_interface/lib/libmoveit_ros_control_interface_plugin.so.2.5.9
[64.463s] -- Set runtime path of "/home/wz/Desktop/ROS_ROBOT/install/moveit_ros_control_interface/lib/libmoveit_ros_control_interface_plugin.so.2.5.9" to ""
[64.463s] -- Installing: /home/wz/Desktop/ROS_ROBOT/install/moveit_ros_control_interface/lib/libmoveit_ros_control_interface_plugin.so
[64.463s] -- Installing: /home/wz/Desktop/ROS_ROBOT/install/moveit_ros_control_interface/lib/libmoveit_ros_control_interface_trajectory_plugin.so.2.5.9
[64.464s] -- Set runtime path of "/home/wz/Desktop/ROS_ROBOT/install/moveit_ros_control_interface/lib/libmoveit_ros_control_interface_trajectory_plugin.so.2.5.9" to ""
[64.464s] -- Installing: /home/wz/Desktop/ROS_ROBOT/install/moveit_ros_control_interface/lib/libmoveit_ros_control_interface_trajectory_plugin.so
[64.464s] -- Installing: /home/wz/Desktop/ROS_ROBOT/install/moveit_ros_control_interface/lib/libmoveit_ros_control_interface_gripper_plugin.so.2.5.9
[64.466s] -- Set runtime path of "/home/wz/Desktop/ROS_ROBOT/install/moveit_ros_control_interface/lib/libmoveit_ros_control_interface_gripper_plugin.so.2.5.9" to ""
[64.466s] -- Installing: /home/wz/Desktop/ROS_ROBOT/install/moveit_ros_control_interface/lib/libmoveit_ros_control_interface_gripper_plugin.so
[64.466s] -- Installing: /home/wz/Desktop/ROS_ROBOT/install/moveit_ros_control_interface/lib/libmoveit_ros_control_interface_empty_plugin.so.2.5.9
[64.466s] -- Set runtime path of "/home/wz/Desktop/ROS_ROBOT/install/moveit_ros_control_interface/lib/libmoveit_ros_control_interface_empty_plugin.so.2.5.9" to ""
[64.466s] -- Installing: /home/wz/Desktop/ROS_ROBOT/install/moveit_ros_control_interface/lib/libmoveit_ros_control_interface_empty_plugin.so
[64.466s] -- Installing: /home/wz/Desktop/ROS_ROBOT/install/moveit_ros_control_interface/share/moveit_ros_control_interface/cmake/export_moveit_ros_control_interfaceExport.cmake
[64.466s] -- Installing: /home/wz/Desktop/ROS_ROBOT/install/moveit_ros_control_interface/share/moveit_ros_control_interface/cmake/export_moveit_ros_control_interfaceExport-release.cmake
[64.467s] Invoked command in '/home/wz/Desktop/ROS_ROBOT/build/moveit_ros_control_interface' returned '0': AMENT_PREFIX_PATH=/home/wz/Desktop/ROS_ROBOT/install/moveit_simple_controller_manager:/home/wz/Desktop/ROS_ROBOT/install/moveit_core:/home/wz/Desktop/ROS_ROBOT/install/moveit_common:${AMENT_PREFIX_PATH} CMAKE_PREFIX_PATH=/home/wz/Desktop/ROS_ROBOT/install/moveit_simple_controller_manager:/home/wz/Desktop/ROS_ROBOT/install/moveit_core:/home/wz/Desktop/ROS_ROBOT/install/moveit_common:/opt/ros/humble LD_LIBRARY_PATH=/home/wz/Desktop/ROS_ROBOT/install/moveit_simple_controller_manager/lib:/home/wz/Desktop/ROS_ROBOT/install/moveit_core/lib:${LD_LIBRARY_PATH} PATH=/home/wz/Desktop/ROS_ROBOT/install/moveit_core/bin:${PATH} /usr/bin/cmake --install /home/wz/Desktop/ROS_ROBOT/build/moveit_ros_control_interface
